[0.481s] Invoking command in '/home/aalonso/Personal/ros2_ws/src/sim_pkg': PYTHONPATH=/home/aalonso/Personal/ros2_ws/src/build/sim_pkg/prefix_override:/home/aalonso/ros2_py310_env/lib/python3.10/site-packages/colcon_core/task/python/colcon_distutils_commands:/home/aalonso/Personal/ros2_ws/src/install/sim_pkg/lib/python3.10/site-packages:${PYTHONPATH} VIRTUAL_ENV_PROMPT=(ros2_py310_env) /home/aalonso/ros2_py310_env/bin/python3.10 -W ignore:setup.py install is deprecated -W ignore:easy_install command is deprecated setup.py egg_info --egg-base ../build/sim_pkg build --build-base /home/aalonso/Personal/ros2_ws/src/build/sim_pkg/build install --record /home/aalonso/Personal/ros2_ws/src/build/sim_pkg/install.log --single-version-externally-managed install_data
[0.578s] /home/aalonso/ros2_py310_env/lib/python3.10/site-packages/setuptools/_distutils/dist.py:270: UserWarning: Unknown distribution option: 'tests_require'
[0.578s]   warnings.warn(msg)
[0.621s] running egg_info
[0.627s] creating ../build/sim_pkg/sim_pkg.egg-info
[0.627s] writing ../build/sim_pkg/sim_pkg.egg-info/PKG-INFO
[0.628s] writing dependency_links to ../build/sim_pkg/sim_pkg.egg-info/dependency_links.txt
[0.628s] writing entry points to ../build/sim_pkg/sim_pkg.egg-info/entry_points.txt
[0.628s] writing requirements to ../build/sim_pkg/sim_pkg.egg-info/requires.txt
[0.628s] writing top-level names to ../build/sim_pkg/sim_pkg.egg-info/top_level.txt
[0.628s] writing manifest file '../build/sim_pkg/sim_pkg.egg-info/SOURCES.txt'
[0.661s] writing manifest file '../build/sim_pkg/sim_pkg.egg-info/SOURCES.txt'
[0.661s] running build
[0.662s] running build_py
[0.662s] creating /home/aalonso/Personal/ros2_ws/src/build/sim_pkg/build/lib/sim_pkg
[0.662s] copying sim_pkg/sim_manual.py -> /home/aalonso/Personal/ros2_ws/src/build/sim_pkg/build/lib/sim_pkg
[0.662s] copying sim_pkg/sim_node.py -> /home/aalonso/Personal/ros2_ws/src/build/sim_pkg/build/lib/sim_pkg
[0.662s] copying sim_pkg/__init__.py -> /home/aalonso/Personal/ros2_ws/src/build/sim_pkg/build/lib/sim_pkg
[0.662s] creating /home/aalonso/Personal/ros2_ws/src/build/sim_pkg/build/lib/sim_pkg/utils
[0.663s] copying sim_pkg/utils/DC_motor_sim.py -> /home/aalonso/Personal/ros2_ws/src/build/sim_pkg/build/lib/sim_pkg/utils
[0.663s] copying sim_pkg/utils/Performance.py -> /home/aalonso/Personal/ros2_ws/src/build/sim_pkg/build/lib/sim_pkg/utils
[0.663s] copying sim_pkg/utils/__init__.py -> /home/aalonso/Personal/ros2_ws/src/build/sim_pkg/build/lib/sim_pkg/utils
[0.663s] copying sim_pkg/utils/Controller.py -> /home/aalonso/Personal/ros2_ws/src/build/sim_pkg/build/lib/sim_pkg/utils
[0.663s] running install
[0.667s] running install_lib
[0.673s] creating /home/aalonso/Personal/ros2_ws/src/install/sim_pkg/lib/python3.10/site-packages/sim_pkg
[0.674s] copying /home/aalonso/Personal/ros2_ws/src/build/sim_pkg/build/lib/sim_pkg/sim_manual.py -> /home/aalonso/Personal/ros2_ws/src/install/sim_pkg/lib/python3.10/site-packages/sim_pkg
[0.674s] creating /home/aalonso/Personal/ros2_ws/src/install/sim_pkg/lib/python3.10/site-packages/sim_pkg/utils
[0.674s] copying /home/aalonso/Personal/ros2_ws/src/build/sim_pkg/build/lib/sim_pkg/utils/DC_motor_sim.py -> /home/aalonso/Personal/ros2_ws/src/install/sim_pkg/lib/python3.10/site-packages/sim_pkg/utils
[0.674s] copying /home/aalonso/Personal/ros2_ws/src/build/sim_pkg/build/lib/sim_pkg/utils/Performance.py -> /home/aalonso/Personal/ros2_ws/src/install/sim_pkg/lib/python3.10/site-packages/sim_pkg/utils
[0.675s] copying /home/aalonso/Personal/ros2_ws/src/build/sim_pkg/build/lib/sim_pkg/utils/__init__.py -> /home/aalonso/Personal/ros2_ws/src/install/sim_pkg/lib/python3.10/site-packages/sim_pkg/utils
[0.675s] copying /home/aalonso/Personal/ros2_ws/src/build/sim_pkg/build/lib/sim_pkg/utils/Controller.py -> /home/aalonso/Personal/ros2_ws/src/install/sim_pkg/lib/python3.10/site-packages/sim_pkg/utils
[0.675s] copying /home/aalonso/Personal/ros2_ws/src/build/sim_pkg/build/lib/sim_pkg/sim_node.py -> /home/aalonso/Personal/ros2_ws/src/install/sim_pkg/lib/python3.10/site-packages/sim_pkg
[0.675s] copying /home/aalonso/Personal/ros2_ws/src/build/sim_pkg/build/lib/sim_pkg/__init__.py -> /home/aalonso/Personal/ros2_ws/src/install/sim_pkg/lib/python3.10/site-packages/sim_pkg
[0.675s] byte-compiling /home/aalonso/Personal/ros2_ws/src/install/sim_pkg/lib/python3.10/site-packages/sim_pkg/sim_manual.py to sim_manual.cpython-310.pyc
[0.676s] byte-compiling /home/aalonso/Personal/ros2_ws/src/install/sim_pkg/lib/python3.10/site-packages/sim_pkg/utils/DC_motor_sim.py to DC_motor_sim.cpython-310.pyc
[0.676s] byte-compiling /home/aalonso/Personal/ros2_ws/src/install/sim_pkg/lib/python3.10/site-packages/sim_pkg/utils/Performance.py to Performance.cpython-310.pyc
[0.677s] byte-compiling /home/aalonso/Personal/ros2_ws/src/install/sim_pkg/lib/python3.10/site-packages/sim_pkg/utils/__init__.py to __init__.cpython-310.pyc
[0.677s] byte-compiling /home/aalonso/Personal/ros2_ws/src/install/sim_pkg/lib/python3.10/site-packages/sim_pkg/utils/Controller.py to Controller.cpython-310.pyc
[0.677s] byte-compiling /home/aalonso/Personal/ros2_ws/src/install/sim_pkg/lib/python3.10/site-packages/sim_pkg/sim_node.py to sim_node.cpython-310.pyc
[0.678s] byte-compiling /home/aalonso/Personal/ros2_ws/src/install/sim_pkg/lib/python3.10/site-packages/sim_pkg/__init__.py to __init__.cpython-310.pyc
[0.678s] running install_data
[0.678s] creating /home/aalonso/Personal/ros2_ws/src/install/sim_pkg/share/ament_index/resource_index/packages
[0.678s] copying resource/sim_pkg -> /home/aalonso/Personal/ros2_ws/src/install/sim_pkg/share/ament_index/resource_index/packages
[0.678s] copying package.xml -> /home/aalonso/Personal/ros2_ws/src/install/sim_pkg/share/sim_pkg
[0.679s] copying launch/sim_srv.launch.py -> /home/aalonso/Personal/ros2_ws/src/install/sim_pkg/share/sim_pkg
[0.679s] running install_egg_info
[0.685s] Copying ../build/sim_pkg/sim_pkg.egg-info to /home/aalonso/Personal/ros2_ws/src/install/sim_pkg/lib/python3.10/site-packages/sim_pkg-0.0.0-py3.10.egg-info
[0.686s] running install_scripts
[0.759s] Installing simulator script to /home/aalonso/Personal/ros2_ws/src/install/sim_pkg/lib/sim_pkg
[0.760s] writing list of installed files to '/home/aalonso/Personal/ros2_ws/src/build/sim_pkg/install.log'
[0.776s] Invoked command in '/home/aalonso/Personal/ros2_ws/src/sim_pkg' returned '0': PYTHONPATH=/home/aalonso/Personal/ros2_ws/src/build/sim_pkg/prefix_override:/home/aalonso/ros2_py310_env/lib/python3.10/site-packages/colcon_core/task/python/colcon_distutils_commands:/home/aalonso/Personal/ros2_ws/src/install/sim_pkg/lib/python3.10/site-packages:${PYTHONPATH} VIRTUAL_ENV_PROMPT=(ros2_py310_env) /home/aalonso/ros2_py310_env/bin/python3.10 -W ignore:setup.py install is deprecated -W ignore:easy_install command is deprecated setup.py egg_info --egg-base ../build/sim_pkg build --build-base /home/aalonso/Personal/ros2_ws/src/build/sim_pkg/build install --record /home/aalonso/Personal/ros2_ws/src/build/sim_pkg/install.log --single-version-externally-managed install_data
