[0.000000] (-) TimerEvent: {}
[0.000203] (msgs_control) JobQueued: {'identifier': 'msgs_control', 'dependencies': OrderedDict()}
[0.000274] (pid_genetic_tuner) JobQueued: {'identifier': 'pid_genetic_tuner', 'dependencies': OrderedDict()}
[0.000314] (sim_pkg) JobQueued: {'identifier': 'sim_pkg', 'dependencies': OrderedDict()}
[0.000386] (msgs_control) JobStarted: {'identifier': 'msgs_control'}
[0.005375] (pid_genetic_tuner) JobStarted: {'identifier': 'pid_genetic_tuner'}
[0.010081] (sim_pkg) JobStarted: {'identifier': 'sim_pkg'}
[0.016162] (msgs_control) JobProgress: {'identifier': 'msgs_control', 'progress': 'cmake'}
[0.016939] (msgs_control) Command: {'cmd': ['/usr/bin/cmake', '/home/aalonso/Personal/ros2_ws/src/msgs_control', '-DCMAKE_INSTALL_PREFIX=/home/aalonso/Personal/ros2_ws/src/install/msgs_control'], 'cwd': '/home/aalonso/Personal/ros2_ws/src/build/msgs_control', 'env': OrderedDict([('CONDA_PROMPT_MODIFIER', 'false'), ('USER', 'aalonso'), ('GZ_CONFIG_PATH', '/opt/ros/jazzy/opt/gz_sim_vendor/share/gz:/opt/ros/jazzy/opt/sdformat_vendor/share/gz:/opt/ros/jazzy/opt/gz_gui_vendor/share/gz:/opt/ros/jazzy/opt/gz_transport_vendor/share/gz:/opt/ros/jazzy/opt/gz_rendering_vendor/share/gz:/opt/ros/jazzy/opt/gz_plugin_vendor/share/gz:/opt/ros/jazzy/opt/gz_fuel_tools_vendor/share/gz:/opt/ros/jazzy/opt/gz_msgs_vendor/share/gz:/opt/ros/jazzy/opt/gz_common_vendor/share/gz'), ('WT_PROFILE_ID', '{51855cb2-8cce-5362-8f54-464b92b32386}'), ('SHLVL', '1'), ('POWERLINE_COMMAND', 'oh-my-posh'), ('LD_LIBRARY_PATH', '/home/aalonso/Personal/ros2_ws/install/msgs_control/lib:/home/aalonso/Personal/ros2_ws/src/install/msgs_control/lib:/opt/ros/jazzy/opt/gz_sim_vendor/lib:/opt/ros/jazzy/opt/gz_sensors_vendor/lib:/opt/ros/jazzy/opt/gz_physics_vendor/lib:/opt/ros/jazzy/opt/sdformat_vendor/lib:/opt/ros/jazzy/opt/rviz_ogre_vendor/lib:/opt/ros/jazzy/lib/x86_64-linux-gnu:/opt/ros/jazzy/opt/gz_gui_vendor/lib:/opt/ros/jazzy/opt/gz_transport_vendor/lib:/opt/ros/jazzy/opt/gz_rendering_vendor/lib:/opt/ros/jazzy/opt/gz_plugin_vendor/lib:/opt/ros/jazzy/opt/gz_fuel_tools_vendor/lib:/opt/ros/jazzy/opt/gz_msgs_vendor/lib:/opt/ros/jazzy/opt/gz_common_vendor/lib:/opt/ros/jazzy/opt/gz_math_vendor/lib:/opt/ros/jazzy/opt/gz_utils_vendor/lib:/opt/ros/jazzy/opt/gz_tools_vendor/lib:/opt/ros/jazzy/opt/gz_ogre_next_vendor/lib:/opt/ros/jazzy/opt/gz_dartsim_vendor/lib:/opt/ros/jazzy/opt/gz_cmake_vendor/lib:/opt/ros/jazzy/lib'), ('HOME', '/home/aalonso'), ('OLDPWD', '/home/aalonso/Personal/ros2_ws/src'), ('NVM_BIN', '/home/aalonso/.nvm/versions/node/v20.17.0/bin'), ('PYENV_SHELL', 'zsh'), ('NVM_INC', '/home/aalonso/.nvm/versions/node/v20.17.0/include/node'), ('ROS_PYTHON_VERSION', '3'), ('PS1', '%{\x1b[38;2;69;241;194m%}\ueb99 aalonso on%{\x1b[0m%}%{\x1b[38;2;12;160;216m%} \uf07b ~/Personal/ros2_ws/src %{\x1b[0m%}\n%{\x1b[38;2;205;66;119m%}# %{\x1b[0m%}'), ('DBUS_SESSION_BUS_ADDRESS', 'unix:path=/tmp/dbus-xfqVO3MS33,guid=5682dc09fcac622c12d400d267a6485d'), ('WSL_DISTRO_NAME', 'Ubuntu'), ('NVM_DIR', '/home/aalonso/.nvm'), ('WAYLAND_DISPLAY', 'wayland-0'), ('ROS_DISTRO', 'jazzy'), ('COLCON_PREFIX_PATH', '/home/aalonso/Personal/ros2_ws/install:/home/aalonso/Personal/ros2_ws/src/install'), ('LOGNAME', 'aalonso'), ('PULSE_SERVER', 'unix:/mnt/wslg/PulseServer'), ('WSL_INTEROP', '/run/WSL/95464_interop'), ('NAME', 'DESKTOP-H1883T9'), ('POSH_SESSION_ID', 'eddc9fe6-1a26-4ec6-89f2-fc073fc96cca'), ('_', '/home/aalonso/ros2_py310_env/bin/colcon'), ('ROS_VERSION', '2'), ('TERM', 'xterm-256color'), ('POSH_SHELL_VERSION', '5.9'), ('PATH', '/home/aalonso/ros2_py310_env/bin:/opt/ros/jazzy/opt/gz_msgs_vendor/bin:/opt/ros/jazzy/opt/gz_tools_vendor/bin:/opt/ros/jazzy/opt/gz_ogre_next_vendor/bin:/opt/ros/jazzy/bin:/home/aalonso/.pyenv/shims:/home/aalonso/.pyenv/bin:/home/aalonso/.local/bin/libwebp-1.4.0-linux-x86-64/bin:/home/aalonso/.pyenv/bin:/home/aalonso/.local/bin/libwebp-1.4.0-linux-x86-64/bin:/home/aalonso/.nvm/versions/node/v20.17.0/bin:/home/aalonso/.pyenv/bin:/home/aalonso/.local/bin/libwebp-1.4.0-linux-x86-64/bin:/home/aalonso/.cargo/bin:/usr/local/sbin:/usr/local/bin:/usr/sbin:/usr/bin:/sbin:/bin:/usr/games:/usr/local/games:/usr/lib/wsl/lib:/mnt/c/Windows/system32:/mnt/c/Windows:/mnt/c/Windows/System32/Wbem:/mnt/c/Windows/System32/WindowsPowerShell/v1.0/:/mnt/c/Windows/System32/OpenSSH/:/mnt/c/Program Files/dotnet/:/mnt/c/Program Files/AutoFirma/AutoFirma:/mnt/c/Program Files/Git/cmd:/mnt/c/Program Files (x86)/NVIDIA Corporation/PhysX/Common:/mnt/c/Program Files/NVIDIA Corporation/NVIDIA app/NvDLISR:/mnt/c/Program Files/Docker/Docker/resources/bin:/mnt/c/Windows/system32/config/systemprofile/AppData/Local/Microsoft/WindowsApps:/mnt/c/Users/aalon/AppData/Local/Programs/Microsoft VS Code/bin:/mnt/c/Program Files/Lens/resources/cli/bin:/mnt/c/Users/aalon/AppData/Local/Microsoft/WindowsApps:/mnt/c/Users/aalon/AppData/Local/Microsoft/WinGet/Packages/Gyan.FFmpeg_Microsoft.Winget.Source_8wekyb3d8bbwe/ffmpeg-7.0.1-full_build/bin:/mnt/c/Users/aalon/AppData/Local/JetBrains/Toolbox/scripts:/home/aalonso/.local/bin:/home/aalonso/.local/bin:/home/aalonso/.local/bin:/home/aalonso/.local/bin'), ('PYTHON_EXECUTABLE', '/home/aalonso/ros2_py310_env/bin/python3.10'), ('XDG_RUNTIME_DIR', '/run/user/1000/'), ('WT_SESSION', '99f21b99-5195-4092-b2b8-9f49356e98e3'), ('KUBECONFIG', '/home/aalonso/.kube/gh-devserver-context.yaml:/home/aalonso/.kube/kubeconfig-GH.yaml'), ('DISPLAY', ':0'), ('LANG', 'C.UTF-8'), ('VIRTUAL_ENV_PROMPT', '(ros2_py310_env)'), ('DBUS_SESSION_BUS_PID', '205104'), ('AMENT_PREFIX_PATH', '/home/aalonso/Personal/ros2_ws/install/sim_pkg:/home/aalonso/Personal/ros2_ws/install/pid_genetic_tuner:/home/aalonso/Personal/ros2_ws/install/msgs_control:/home/aalonso/Personal/ros2_ws/src/install/sim_pkg:/home/aalonso/Personal/ros2_ws/src/install/pid_genetic_tuner:/home/aalonso/Personal/ros2_ws/src/install/msgs_control:/opt/ros/jazzy'), ('SHELL', '/usr/bin/zsh'), ('DBUS_SESSION_BUS_WINDOWID', '6291457'), ('PYTHON_VERSION', '3.10'), ('POSH_THEME', '/home/aalonso/.cache/oh-my-posh/config.608d06b9f3403ab777a834ab095294457460e7f3b5b1220c6f69fb0a772759d1.omp.json'), ('ZLE_RPROMPT_INDENT', '0'), ('OSTYPE', 'linux-gnu'), ('ROS_AUTOMATIC_DISCOVERY_RANGE', 'SUBNET'), ('VIRTUAL_ENV', '/home/aalonso/ros2_py310_env'), ('PWD', '/home/aalonso/Personal/ros2_ws/src/build/msgs_control'), ('PYENV_ROOT', '/home/aalonso/.pyenv'), ('NVM_CD_FLAGS', '-q'), ('PYTHONPATH', '/home/aalonso/Personal/ros2_ws/install/sim_pkg/lib/python3.12/site-packages:/home/aalonso/Personal/ros2_ws/install/pid_genetic_tuner/lib/python3.12/site-packages:/home/aalonso/Personal/ros2_ws/install/msgs_control/lib/python3.10/site-packages:/home/aalonso/Personal/ros2_ws/src/install/sim_pkg/lib/python3.12/site-packages:/home/aalonso/Personal/ros2_ws/src/install/pid_genetic_tuner/lib/python3.12/site-packages:/home/aalonso/Personal/ros2_ws/src/install/msgs_control/lib/python3.10/site-packages:/opt/ros/jazzy/lib/python3.12/site-packages'), ('COLCON', '1'), ('HOSTTYPE', 'x86_64'), ('WSL2_GUI_APPS_ENABLED', '1'), ('WSLENV', 'WT_SESSION:WT_PROFILE_ID:'), ('CMAKE_PREFIX_PATH', '/home/aalonso/Personal/ros2_ws/install/msgs_control:/home/aalonso/Personal/ros2_ws/src/install/msgs_control:/opt/ros/jazzy/opt/gz_sim_vendor:/opt/ros/jazzy/opt/gz_sensors_vendor:/opt/ros/jazzy/opt/gz_physics_vendor:/opt/ros/jazzy/opt/sdformat_vendor:/opt/ros/jazzy/opt/gz_gui_vendor:/opt/ros/jazzy/opt/gz_transport_vendor:/opt/ros/jazzy/opt/gz_rendering_vendor:/opt/ros/jazzy/opt/gz_plugin_vendor:/opt/ros/jazzy/opt/gz_fuel_tools_vendor:/opt/ros/jazzy/opt/gz_msgs_vendor:/opt/ros/jazzy/opt/gz_common_vendor:/opt/ros/jazzy/opt/gz_math_vendor:/opt/ros/jazzy/opt/gz_utils_vendor:/opt/ros/jazzy/opt/gz_tools_vendor:/opt/ros/jazzy/opt/gz_ogre_next_vendor:/opt/ros/jazzy/opt/gz_dartsim_vendor:/opt/ros/jazzy/opt/gz_cmake_vendor:/home/aalonso/Personal/ros2_ws/install/sim_pkg:/home/aalonso/Personal/ros2_ws/install/pid_genetic_tuner:/home/aalonso/Personal/ros2_ws/src/install/sim_pkg:/home/aalonso/Personal/ros2_ws/src/install/pid_genetic_tuner:/opt/ros/jazzy')]), 'shell': False}
[0.099062] (-) TimerEvent: {}
[0.132167] (msgs_control) StdoutLine: {'line': b'-- The C compiler identification is GNU 13.3.0\n'}
[0.199132] (-) TimerEvent: {}
[0.299400] (-) TimerEvent: {}
[0.339552] (msgs_control) StdoutLine: {'line': b'-- The CXX compiler identification is GNU 13.3.0\n'}
[0.399475] (-) TimerEvent: {}
[0.482030] (pid_genetic_tuner) Command: {'cmd': ['/home/aalonso/ros2_py310_env/bin/python3.10', '-W', 'ignore:setup.py install is deprecated', '-W', 'ignore:easy_install command is deprecated', 'setup.py', 'egg_info', '--egg-base', '../build/pid_genetic_tuner', 'build', '--build-base', '/home/aalonso/Personal/ros2_ws/src/build/pid_genetic_tuner/build', 'install', '--record', '/home/aalonso/Personal/ros2_ws/src/build/pid_genetic_tuner/install.log', '--single-version-externally-managed', 'install_data'], 'cwd': '/home/aalonso/Personal/ros2_ws/src/pid_genetic_tuner', 'env': {'CONDA_PROMPT_MODIFIER': 'false', 'USER': 'aalonso', 'GZ_CONFIG_PATH': '/opt/ros/jazzy/opt/gz_sim_vendor/share/gz:/opt/ros/jazzy/opt/sdformat_vendor/share/gz:/opt/ros/jazzy/opt/gz_gui_vendor/share/gz:/opt/ros/jazzy/opt/gz_transport_vendor/share/gz:/opt/ros/jazzy/opt/gz_rendering_vendor/share/gz:/opt/ros/jazzy/opt/gz_plugin_vendor/share/gz:/opt/ros/jazzy/opt/gz_fuel_tools_vendor/share/gz:/opt/ros/jazzy/opt/gz_msgs_vendor/share/gz:/opt/ros/jazzy/opt/gz_common_vendor/share/gz', 'WT_PROFILE_ID': '{51855cb2-8cce-5362-8f54-464b92b32386}', 'SHLVL': '1', 'POWERLINE_COMMAND': 'oh-my-posh', 'LD_LIBRARY_PATH': '/home/aalonso/Personal/ros2_ws/install/msgs_control/lib:/home/aalonso/Personal/ros2_ws/src/install/msgs_control/lib:/opt/ros/jazzy/opt/gz_sim_vendor/lib:/opt/ros/jazzy/opt/gz_sensors_vendor/lib:/opt/ros/jazzy/opt/gz_physics_vendor/lib:/opt/ros/jazzy/opt/sdformat_vendor/lib:/opt/ros/jazzy/opt/rviz_ogre_vendor/lib:/opt/ros/jazzy/lib/x86_64-linux-gnu:/opt/ros/jazzy/opt/gz_gui_vendor/lib:/opt/ros/jazzy/opt/gz_transport_vendor/lib:/opt/ros/jazzy/opt/gz_rendering_vendor/lib:/opt/ros/jazzy/opt/gz_plugin_vendor/lib:/opt/ros/jazzy/opt/gz_fuel_tools_vendor/lib:/opt/ros/jazzy/opt/gz_msgs_vendor/lib:/opt/ros/jazzy/opt/gz_common_vendor/lib:/opt/ros/jazzy/opt/gz_math_vendor/lib:/opt/ros/jazzy/opt/gz_utils_vendor/lib:/opt/ros/jazzy/opt/gz_tools_vendor/lib:/opt/ros/jazzy/opt/gz_ogre_next_vendor/lib:/opt/ros/jazzy/opt/gz_dartsim_vendor/lib:/opt/ros/jazzy/opt/gz_cmake_vendor/lib:/opt/ros/jazzy/lib', 'HOME': '/home/aalonso', 'OLDPWD': '/home/aalonso/Personal/ros2_ws/src', 'NVM_BIN': '/home/aalonso/.nvm/versions/node/v20.17.0/bin', 'PYENV_SHELL': 'zsh', 'NVM_INC': '/home/aalonso/.nvm/versions/node/v20.17.0/include/node', 'ROS_PYTHON_VERSION': '3', 'PS1': '%{\x1b[38;2;69;241;194m%}\ueb99 aalonso on%{\x1b[0m%}%{\x1b[38;2;12;160;216m%} \uf07b ~/Personal/ros2_ws/src %{\x1b[0m%}\n%{\x1b[38;2;205;66;119m%}# %{\x1b[0m%}', 'DBUS_SESSION_BUS_ADDRESS': 'unix:path=/tmp/dbus-xfqVO3MS33,guid=5682dc09fcac622c12d400d267a6485d', 'WSL_DISTRO_NAME': 'Ubuntu', 'NVM_DIR': '/home/aalonso/.nvm', 'WAYLAND_DISPLAY': 'wayland-0', 'ROS_DISTRO': 'jazzy', 'COLCON_PREFIX_PATH': '/home/aalonso/Personal/ros2_ws/install:/home/aalonso/Personal/ros2_ws/src/install', 'LOGNAME': 'aalonso', 'PULSE_SERVER': 'unix:/mnt/wslg/PulseServer', 'WSL_INTEROP': '/run/WSL/95464_interop', 'NAME': 'DESKTOP-H1883T9', 'POSH_SESSION_ID': 'eddc9fe6-1a26-4ec6-89f2-fc073fc96cca', '_': '/home/aalonso/ros2_py310_env/bin/colcon', 'ROS_VERSION': '2', 'TERM': 'xterm-256color', 'POSH_SHELL_VERSION': '5.9', 'PATH': '/home/aalonso/ros2_py310_env/bin:/opt/ros/jazzy/opt/gz_msgs_vendor/bin:/opt/ros/jazzy/opt/gz_tools_vendor/bin:/opt/ros/jazzy/opt/gz_ogre_next_vendor/bin:/opt/ros/jazzy/bin:/home/aalonso/.pyenv/shims:/home/aalonso/.pyenv/bin:/home/aalonso/.local/bin/libwebp-1.4.0-linux-x86-64/bin:/home/aalonso/.pyenv/bin:/home/aalonso/.local/bin/libwebp-1.4.0-linux-x86-64/bin:/home/aalonso/.nvm/versions/node/v20.17.0/bin:/home/aalonso/.pyenv/bin:/home/aalonso/.local/bin/libwebp-1.4.0-linux-x86-64/bin:/home/aalonso/.cargo/bin:/usr/local/sbin:/usr/local/bin:/usr/sbin:/usr/bin:/sbin:/bin:/usr/games:/usr/local/games:/usr/lib/wsl/lib:/mnt/c/Windows/system32:/mnt/c/Windows:/mnt/c/Windows/System32/Wbem:/mnt/c/Windows/System32/WindowsPowerShell/v1.0/:/mnt/c/Windows/System32/OpenSSH/:/mnt/c/Program Files/dotnet/:/mnt/c/Program Files/AutoFirma/AutoFirma:/mnt/c/Program Files/Git/cmd:/mnt/c/Program Files (x86)/NVIDIA Corporation/PhysX/Common:/mnt/c/Program Files/NVIDIA Corporation/NVIDIA app/NvDLISR:/mnt/c/Program Files/Docker/Docker/resources/bin:/mnt/c/Windows/system32/config/systemprofile/AppData/Local/Microsoft/WindowsApps:/mnt/c/Users/aalon/AppData/Local/Programs/Microsoft VS Code/bin:/mnt/c/Program Files/Lens/resources/cli/bin:/mnt/c/Users/aalon/AppData/Local/Microsoft/WindowsApps:/mnt/c/Users/aalon/AppData/Local/Microsoft/WinGet/Packages/Gyan.FFmpeg_Microsoft.Winget.Source_8wekyb3d8bbwe/ffmpeg-7.0.1-full_build/bin:/mnt/c/Users/aalon/AppData/Local/JetBrains/Toolbox/scripts:/home/aalonso/.local/bin:/home/aalonso/.local/bin:/home/aalonso/.local/bin:/home/aalonso/.local/bin', 'PYTHON_EXECUTABLE': '/home/aalonso/ros2_py310_env/bin/python3.10', 'XDG_RUNTIME_DIR': '/run/user/1000/', 'WT_SESSION': '99f21b99-5195-4092-b2b8-9f49356e98e3', 'KUBECONFIG': '/home/aalonso/.kube/gh-devserver-context.yaml:/home/aalonso/.kube/kubeconfig-GH.yaml', 'DISPLAY': ':0', 'LANG': 'C.UTF-8', 'VIRTUAL_ENV_PROMPT': '(ros2_py310_env)', 'DBUS_SESSION_BUS_PID': '205104', 'AMENT_PREFIX_PATH': '/home/aalonso/Personal/ros2_ws/install/sim_pkg:/home/aalonso/Personal/ros2_ws/install/pid_genetic_tuner:/home/aalonso/Personal/ros2_ws/install/msgs_control:/home/aalonso/Personal/ros2_ws/src/install/sim_pkg:/home/aalonso/Personal/ros2_ws/src/install/pid_genetic_tuner:/home/aalonso/Personal/ros2_ws/src/install/msgs_control:/opt/ros/jazzy', 'SHELL': '/usr/bin/zsh', 'DBUS_SESSION_BUS_WINDOWID': '6291457', 'PYTHON_VERSION': '3.10', 'POSH_THEME': '/home/aalonso/.cache/oh-my-posh/config.608d06b9f3403ab777a834ab095294457460e7f3b5b1220c6f69fb0a772759d1.omp.json', 'ZLE_RPROMPT_INDENT': '0', 'OSTYPE': 'linux-gnu', 'ROS_AUTOMATIC_DISCOVERY_RANGE': 'SUBNET', 'VIRTUAL_ENV': '/home/aalonso/ros2_py310_env', 'PWD': '/home/aalonso/Personal/ros2_ws/src/build/pid_genetic_tuner', 'PYENV_ROOT': '/home/aalonso/.pyenv', 'NVM_CD_FLAGS': '-q', 'PYTHONPATH': '/home/aalonso/Personal/ros2_ws/src/build/pid_genetic_tuner/prefix_override:/home/aalonso/ros2_py310_env/lib/python3.10/site-packages/colcon_core/task/python/colcon_distutils_commands:/home/aalonso/Personal/ros2_ws/src/install/pid_genetic_tuner/lib/python3.10/site-packages:/home/aalonso/Personal/ros2_ws/install/sim_pkg/lib/python3.12/site-packages:/home/aalonso/Personal/ros2_ws/install/pid_genetic_tuner/lib/python3.12/site-packages:/home/aalonso/Personal/ros2_ws/install/msgs_control/lib/python3.10/site-packages:/home/aalonso/Personal/ros2_ws/src/install/sim_pkg/lib/python3.12/site-packages:/home/aalonso/Personal/ros2_ws/src/install/pid_genetic_tuner/lib/python3.12/site-packages:/home/aalonso/Personal/ros2_ws/src/install/msgs_control/lib/python3.10/site-packages:/opt/ros/jazzy/lib/python3.12/site-packages', 'COLCON': '1', 'HOSTTYPE': 'x86_64', 'WSL2_GUI_APPS_ENABLED': '1', 'WSLENV': 'WT_SESSION:WT_PROFILE_ID:', 'CMAKE_PREFIX_PATH': '/home/aalonso/Personal/ros2_ws/install/msgs_control:/home/aalonso/Personal/ros2_ws/src/install/msgs_control:/opt/ros/jazzy/opt/gz_sim_vendor:/opt/ros/jazzy/opt/gz_sensors_vendor:/opt/ros/jazzy/opt/gz_physics_vendor:/opt/ros/jazzy/opt/sdformat_vendor:/opt/ros/jazzy/opt/gz_gui_vendor:/opt/ros/jazzy/opt/gz_transport_vendor:/opt/ros/jazzy/opt/gz_rendering_vendor:/opt/ros/jazzy/opt/gz_plugin_vendor:/opt/ros/jazzy/opt/gz_fuel_tools_vendor:/opt/ros/jazzy/opt/gz_msgs_vendor:/opt/ros/jazzy/opt/gz_common_vendor:/opt/ros/jazzy/opt/gz_math_vendor:/opt/ros/jazzy/opt/gz_utils_vendor:/opt/ros/jazzy/opt/gz_tools_vendor:/opt/ros/jazzy/opt/gz_ogre_next_vendor:/opt/ros/jazzy/opt/gz_dartsim_vendor:/opt/ros/jazzy/opt/gz_cmake_vendor'}, 'shell': False}
[0.489059] (sim_pkg) Command: {'cmd': ['/home/aalonso/ros2_py310_env/bin/python3.10', '-W', 'ignore:setup.py install is deprecated', '-W', 'ignore:easy_install command is deprecated', 'setup.py', 'egg_info', '--egg-base', '../build/sim_pkg', 'build', '--build-base', '/home/aalonso/Personal/ros2_ws/src/build/sim_pkg/build', 'install', '--record', '/home/aalonso/Personal/ros2_ws/src/build/sim_pkg/install.log', '--single-version-externally-managed', 'install_data'], 'cwd': '/home/aalonso/Personal/ros2_ws/src/sim_pkg', 'env': {'CONDA_PROMPT_MODIFIER': 'false', 'USER': 'aalonso', 'GZ_CONFIG_PATH': '/opt/ros/jazzy/opt/gz_sim_vendor/share/gz:/opt/ros/jazzy/opt/sdformat_vendor/share/gz:/opt/ros/jazzy/opt/gz_gui_vendor/share/gz:/opt/ros/jazzy/opt/gz_transport_vendor/share/gz:/opt/ros/jazzy/opt/gz_rendering_vendor/share/gz:/opt/ros/jazzy/opt/gz_plugin_vendor/share/gz:/opt/ros/jazzy/opt/gz_fuel_tools_vendor/share/gz:/opt/ros/jazzy/opt/gz_msgs_vendor/share/gz:/opt/ros/jazzy/opt/gz_common_vendor/share/gz', 'WT_PROFILE_ID': '{51855cb2-8cce-5362-8f54-464b92b32386}', 'SHLVL': '1', 'POWERLINE_COMMAND': 'oh-my-posh', 'LD_LIBRARY_PATH': '/home/aalonso/Personal/ros2_ws/install/msgs_control/lib:/home/aalonso/Personal/ros2_ws/src/install/msgs_control/lib:/opt/ros/jazzy/opt/gz_sim_vendor/lib:/opt/ros/jazzy/opt/gz_sensors_vendor/lib:/opt/ros/jazzy/opt/gz_physics_vendor/lib:/opt/ros/jazzy/opt/sdformat_vendor/lib:/opt/ros/jazzy/opt/rviz_ogre_vendor/lib:/opt/ros/jazzy/lib/x86_64-linux-gnu:/opt/ros/jazzy/opt/gz_gui_vendor/lib:/opt/ros/jazzy/opt/gz_transport_vendor/lib:/opt/ros/jazzy/opt/gz_rendering_vendor/lib:/opt/ros/jazzy/opt/gz_plugin_vendor/lib:/opt/ros/jazzy/opt/gz_fuel_tools_vendor/lib:/opt/ros/jazzy/opt/gz_msgs_vendor/lib:/opt/ros/jazzy/opt/gz_common_vendor/lib:/opt/ros/jazzy/opt/gz_math_vendor/lib:/opt/ros/jazzy/opt/gz_utils_vendor/lib:/opt/ros/jazzy/opt/gz_tools_vendor/lib:/opt/ros/jazzy/opt/gz_ogre_next_vendor/lib:/opt/ros/jazzy/opt/gz_dartsim_vendor/lib:/opt/ros/jazzy/opt/gz_cmake_vendor/lib:/opt/ros/jazzy/lib', 'HOME': '/home/aalonso', 'OLDPWD': '/home/aalonso/Personal/ros2_ws/src', 'NVM_BIN': '/home/aalonso/.nvm/versions/node/v20.17.0/bin', 'PYENV_SHELL': 'zsh', 'NVM_INC': '/home/aalonso/.nvm/versions/node/v20.17.0/include/node', 'ROS_PYTHON_VERSION': '3', 'PS1': '%{\x1b[38;2;69;241;194m%}\ueb99 aalonso on%{\x1b[0m%}%{\x1b[38;2;12;160;216m%} \uf07b ~/Personal/ros2_ws/src %{\x1b[0m%}\n%{\x1b[38;2;205;66;119m%}# %{\x1b[0m%}', 'DBUS_SESSION_BUS_ADDRESS': 'unix:path=/tmp/dbus-xfqVO3MS33,guid=5682dc09fcac622c12d400d267a6485d', 'WSL_DISTRO_NAME': 'Ubuntu', 'NVM_DIR': '/home/aalonso/.nvm', 'WAYLAND_DISPLAY': 'wayland-0', 'ROS_DISTRO': 'jazzy', 'COLCON_PREFIX_PATH': '/home/aalonso/Personal/ros2_ws/install:/home/aalonso/Personal/ros2_ws/src/install', 'LOGNAME': 'aalonso', 'PULSE_SERVER': 'unix:/mnt/wslg/PulseServer', 'WSL_INTEROP': '/run/WSL/95464_interop', 'NAME': 'DESKTOP-H1883T9', 'POSH_SESSION_ID': 'eddc9fe6-1a26-4ec6-89f2-fc073fc96cca', '_': '/home/aalonso/ros2_py310_env/bin/colcon', 'ROS_VERSION': '2', 'TERM': 'xterm-256color', 'POSH_SHELL_VERSION': '5.9', 'PATH': '/home/aalonso/ros2_py310_env/bin:/opt/ros/jazzy/opt/gz_msgs_vendor/bin:/opt/ros/jazzy/opt/gz_tools_vendor/bin:/opt/ros/jazzy/opt/gz_ogre_next_vendor/bin:/opt/ros/jazzy/bin:/home/aalonso/.pyenv/shims:/home/aalonso/.pyenv/bin:/home/aalonso/.local/bin/libwebp-1.4.0-linux-x86-64/bin:/home/aalonso/.pyenv/bin:/home/aalonso/.local/bin/libwebp-1.4.0-linux-x86-64/bin:/home/aalonso/.nvm/versions/node/v20.17.0/bin:/home/aalonso/.pyenv/bin:/home/aalonso/.local/bin/libwebp-1.4.0-linux-x86-64/bin:/home/aalonso/.cargo/bin:/usr/local/sbin:/usr/local/bin:/usr/sbin:/usr/bin:/sbin:/bin:/usr/games:/usr/local/games:/usr/lib/wsl/lib:/mnt/c/Windows/system32:/mnt/c/Windows:/mnt/c/Windows/System32/Wbem:/mnt/c/Windows/System32/WindowsPowerShell/v1.0/:/mnt/c/Windows/System32/OpenSSH/:/mnt/c/Program Files/dotnet/:/mnt/c/Program Files/AutoFirma/AutoFirma:/mnt/c/Program Files/Git/cmd:/mnt/c/Program Files (x86)/NVIDIA Corporation/PhysX/Common:/mnt/c/Program Files/NVIDIA Corporation/NVIDIA app/NvDLISR:/mnt/c/Program Files/Docker/Docker/resources/bin:/mnt/c/Windows/system32/config/systemprofile/AppData/Local/Microsoft/WindowsApps:/mnt/c/Users/aalon/AppData/Local/Programs/Microsoft VS Code/bin:/mnt/c/Program Files/Lens/resources/cli/bin:/mnt/c/Users/aalon/AppData/Local/Microsoft/WindowsApps:/mnt/c/Users/aalon/AppData/Local/Microsoft/WinGet/Packages/Gyan.FFmpeg_Microsoft.Winget.Source_8wekyb3d8bbwe/ffmpeg-7.0.1-full_build/bin:/mnt/c/Users/aalon/AppData/Local/JetBrains/Toolbox/scripts:/home/aalonso/.local/bin:/home/aalonso/.local/bin:/home/aalonso/.local/bin:/home/aalonso/.local/bin', 'PYTHON_EXECUTABLE': '/home/aalonso/ros2_py310_env/bin/python3.10', 'XDG_RUNTIME_DIR': '/run/user/1000/', 'WT_SESSION': '99f21b99-5195-4092-b2b8-9f49356e98e3', 'KUBECONFIG': '/home/aalonso/.kube/gh-devserver-context.yaml:/home/aalonso/.kube/kubeconfig-GH.yaml', 'DISPLAY': ':0', 'LANG': 'C.UTF-8', 'VIRTUAL_ENV_PROMPT': '(ros2_py310_env)', 'DBUS_SESSION_BUS_PID': '205104', 'AMENT_PREFIX_PATH': '/home/aalonso/Personal/ros2_ws/install/sim_pkg:/home/aalonso/Personal/ros2_ws/install/pid_genetic_tuner:/home/aalonso/Personal/ros2_ws/install/msgs_control:/home/aalonso/Personal/ros2_ws/src/install/sim_pkg:/home/aalonso/Personal/ros2_ws/src/install/pid_genetic_tuner:/home/aalonso/Personal/ros2_ws/src/install/msgs_control:/opt/ros/jazzy', 'SHELL': '/usr/bin/zsh', 'DBUS_SESSION_BUS_WINDOWID': '6291457', 'PYTHON_VERSION': '3.10', 'POSH_THEME': '/home/aalonso/.cache/oh-my-posh/config.608d06b9f3403ab777a834ab095294457460e7f3b5b1220c6f69fb0a772759d1.omp.json', 'ZLE_RPROMPT_INDENT': '0', 'OSTYPE': 'linux-gnu', 'ROS_AUTOMATIC_DISCOVERY_RANGE': 'SUBNET', 'VIRTUAL_ENV': '/home/aalonso/ros2_py310_env', 'PWD': '/home/aalonso/Personal/ros2_ws/src/build/sim_pkg', 'PYENV_ROOT': '/home/aalonso/.pyenv', 'NVM_CD_FLAGS': '-q', 'PYTHONPATH': '/home/aalonso/Personal/ros2_ws/src/build/sim_pkg/prefix_override:/home/aalonso/ros2_py310_env/lib/python3.10/site-packages/colcon_core/task/python/colcon_distutils_commands:/home/aalonso/Personal/ros2_ws/src/install/sim_pkg/lib/python3.10/site-packages:/home/aalonso/Personal/ros2_ws/install/sim_pkg/lib/python3.12/site-packages:/home/aalonso/Personal/ros2_ws/install/pid_genetic_tuner/lib/python3.12/site-packages:/home/aalonso/Personal/ros2_ws/install/msgs_control/lib/python3.10/site-packages:/home/aalonso/Personal/ros2_ws/src/install/sim_pkg/lib/python3.12/site-packages:/home/aalonso/Personal/ros2_ws/src/install/pid_genetic_tuner/lib/python3.12/site-packages:/home/aalonso/Personal/ros2_ws/src/install/msgs_control/lib/python3.10/site-packages:/opt/ros/jazzy/lib/python3.12/site-packages', 'COLCON': '1', 'HOSTTYPE': 'x86_64', 'WSL2_GUI_APPS_ENABLED': '1', 'WSLENV': 'WT_SESSION:WT_PROFILE_ID:', 'CMAKE_PREFIX_PATH': '/home/aalonso/Personal/ros2_ws/install/msgs_control:/home/aalonso/Personal/ros2_ws/src/install/msgs_control:/opt/ros/jazzy/opt/gz_sim_vendor:/opt/ros/jazzy/opt/gz_sensors_vendor:/opt/ros/jazzy/opt/gz_physics_vendor:/opt/ros/jazzy/opt/sdformat_vendor:/opt/ros/jazzy/opt/gz_gui_vendor:/opt/ros/jazzy/opt/gz_transport_vendor:/opt/ros/jazzy/opt/gz_rendering_vendor:/opt/ros/jazzy/opt/gz_plugin_vendor:/opt/ros/jazzy/opt/gz_fuel_tools_vendor:/opt/ros/jazzy/opt/gz_msgs_vendor:/opt/ros/jazzy/opt/gz_common_vendor:/opt/ros/jazzy/opt/gz_math_vendor:/opt/ros/jazzy/opt/gz_utils_vendor:/opt/ros/jazzy/opt/gz_tools_vendor:/opt/ros/jazzy/opt/gz_ogre_next_vendor:/opt/ros/jazzy/opt/gz_dartsim_vendor:/opt/ros/jazzy/opt/gz_cmake_vendor'}, 'shell': False}
[0.499558] (-) TimerEvent: {}
[0.569134] (pid_genetic_tuner) StderrLine: {'line': b"/home/aalonso/ros2_py310_env/lib/python3.10/site-packages/setuptools/_distutils/dist.py:270: UserWarning: Unknown distribution option: 'tests_require'\n"}
[0.569269] (pid_genetic_tuner) StderrLine: {'line': b'  warnings.warn(msg)\n'}
[0.575837] (msgs_control) StdoutLine: {'line': b'-- Detecting C compiler ABI info\n'}
[0.588345] (sim_pkg) StderrLine: {'line': b"/home/aalonso/ros2_py310_env/lib/python3.10/site-packages/setuptools/_distutils/dist.py:270: UserWarning: Unknown distribution option: 'tests_require'\n"}
[0.588511] (sim_pkg) StderrLine: {'line': b'  warnings.warn(msg)\n'}
[0.599636] (-) TimerEvent: {}
[0.616124] (pid_genetic_tuner) StdoutLine: {'line': b'running egg_info\n'}
[0.622074] (pid_genetic_tuner) StdoutLine: {'line': b'creating ../build/pid_genetic_tuner/pid_genetic_tuner.egg-info\n'}
[0.622347] (pid_genetic_tuner) StdoutLine: {'line': b'writing ../build/pid_genetic_tuner/pid_genetic_tuner.egg-info/PKG-INFO\n'}
[0.622700] (pid_genetic_tuner) StdoutLine: {'line': b'writing dependency_links to ../build/pid_genetic_tuner/pid_genetic_tuner.egg-info/dependency_links.txt\n'}
[0.622844] (pid_genetic_tuner) StdoutLine: {'line': b'writing entry points to ../build/pid_genetic_tuner/pid_genetic_tuner.egg-info/entry_points.txt\n'}
[0.623007] (pid_genetic_tuner) StdoutLine: {'line': b'writing requirements to ../build/pid_genetic_tuner/pid_genetic_tuner.egg-info/requires.txt\n'}
[0.623138] (pid_genetic_tuner) StdoutLine: {'line': b'writing top-level names to ../build/pid_genetic_tuner/pid_genetic_tuner.egg-info/top_level.txt\n'}
[0.623261] (pid_genetic_tuner) StdoutLine: {'line': b"writing manifest file '../build/pid_genetic_tuner/pid_genetic_tuner.egg-info/SOURCES.txt'\n"}
[0.631166] (sim_pkg) StdoutLine: {'line': b'running egg_info\n'}
[0.637088] (sim_pkg) StdoutLine: {'line': b'creating ../build/sim_pkg/sim_pkg.egg-info\n'}
[0.637376] (sim_pkg) StdoutLine: {'line': b'writing ../build/sim_pkg/sim_pkg.egg-info/PKG-INFO\n'}
[0.637851] (sim_pkg) StdoutLine: {'line': b'writing dependency_links to ../build/sim_pkg/sim_pkg.egg-info/dependency_links.txt\n'}
[0.637986] (sim_pkg) StdoutLine: {'line': b'writing entry points to ../build/sim_pkg/sim_pkg.egg-info/entry_points.txt\n'}
[0.638138] (sim_pkg) StdoutLine: {'line': b'writing requirements to ../build/sim_pkg/sim_pkg.egg-info/requires.txt\n'}
[0.638238] (sim_pkg) StdoutLine: {'line': b'writing top-level names to ../build/sim_pkg/sim_pkg.egg-info/top_level.txt\n'}
[0.638354] (sim_pkg) StdoutLine: {'line': b"writing manifest file '../build/sim_pkg/sim_pkg.egg-info/SOURCES.txt'\n"}
[0.650837] (pid_genetic_tuner) StderrLine: {'line': b"ERROR setuptools_scm._file_finders.git listing git files failed - pretending there aren't any\n"}
[0.671230] (sim_pkg) StdoutLine: {'line': b"writing manifest file '../build/sim_pkg/sim_pkg.egg-info/SOURCES.txt'\n"}
[0.671433] (sim_pkg) StdoutLine: {'line': b'running build\n'}
[0.671477] (sim_pkg) StdoutLine: {'line': b'running build_py\n'}
[0.671630] (sim_pkg) StdoutLine: {'line': b'creating /home/aalonso/Personal/ros2_ws/src/build/sim_pkg/build/lib/sim_pkg\n'}
[0.672039] (sim_pkg) StdoutLine: {'line': b'copying sim_pkg/sim_manual.py -> /home/aalonso/Personal/ros2_ws/src/build/sim_pkg/build/lib/sim_pkg\n'}
[0.672193] (sim_pkg) StdoutLine: {'line': b'copying sim_pkg/sim_node.py -> /home/aalonso/Personal/ros2_ws/src/build/sim_pkg/build/lib/sim_pkg\n'}
[0.672336] (sim_pkg) StdoutLine: {'line': b'copying sim_pkg/__init__.py -> /home/aalonso/Personal/ros2_ws/src/build/sim_pkg/build/lib/sim_pkg\n'}
[0.672527] (sim_pkg) StdoutLine: {'line': b'creating /home/aalonso/Personal/ros2_ws/src/build/sim_pkg/build/lib/sim_pkg/utils\n'}
[0.672733] (sim_pkg) StdoutLine: {'line': b'copying sim_pkg/utils/DC_motor_sim.py -> /home/aalonso/Personal/ros2_ws/src/build/sim_pkg/build/lib/sim_pkg/utils\n'}
[0.672857] (sim_pkg) StdoutLine: {'line': b'copying sim_pkg/utils/Performance.py -> /home/aalonso/Personal/ros2_ws/src/build/sim_pkg/build/lib/sim_pkg/utils\n'}
[0.673063] (sim_pkg) StdoutLine: {'line': b'copying sim_pkg/utils/__init__.py -> /home/aalonso/Personal/ros2_ws/src/build/sim_pkg/build/lib/sim_pkg/utils\n'}
[0.673206] (sim_pkg) StdoutLine: {'line': b'copying sim_pkg/utils/Controller.py -> /home/aalonso/Personal/ros2_ws/src/build/sim_pkg/build/lib/sim_pkg/utils\n'}
[0.673534] (sim_pkg) StdoutLine: {'line': b'running install\n'}
[0.676840] (sim_pkg) StdoutLine: {'line': b'running install_lib\n'}
[0.683517] (sim_pkg) StdoutLine: {'line': b'creating /home/aalonso/Personal/ros2_ws/src/install/sim_pkg/lib/python3.10/site-packages/sim_pkg\n'}
[0.683738] (sim_pkg) StdoutLine: {'line': b'copying /home/aalonso/Personal/ros2_ws/src/build/sim_pkg/build/lib/sim_pkg/sim_manual.py -> /home/aalonso/Personal/ros2_ws/src/install/sim_pkg/lib/python3.10/site-packages/sim_pkg\n'}
[0.683891] (sim_pkg) StdoutLine: {'line': b'creating /home/aalonso/Personal/ros2_ws/src/install/sim_pkg/lib/python3.10/site-packages/sim_pkg/utils\n'}
[0.684128] (sim_pkg) StdoutLine: {'line': b'copying /home/aalonso/Personal/ros2_ws/src/build/sim_pkg/build/lib/sim_pkg/utils/DC_motor_sim.py -> /home/aalonso/Personal/ros2_ws/src/install/sim_pkg/lib/python3.10/site-packages/sim_pkg/utils\n'}
[0.684275] (sim_pkg) StdoutLine: {'line': b'copying /home/aalonso/Personal/ros2_ws/src/build/sim_pkg/build/lib/sim_pkg/utils/Performance.py -> /home/aalonso/Personal/ros2_ws/src/install/sim_pkg/lib/python3.10/site-packages/sim_pkg/utils\n'}
[0.684680] (sim_pkg) StdoutLine: {'line': b'copying /home/aalonso/Personal/ros2_ws/src/build/sim_pkg/build/lib/sim_pkg/utils/__init__.py -> /home/aalonso/Personal/ros2_ws/src/install/sim_pkg/lib/python3.10/site-packages/sim_pkg/utils\n'}
[0.684902] (sim_pkg) StdoutLine: {'line': b'copying /home/aalonso/Personal/ros2_ws/src/build/sim_pkg/build/lib/sim_pkg/utils/Controller.py -> /home/aalonso/Personal/ros2_ws/src/install/sim_pkg/lib/python3.10/site-packages/sim_pkg/utils\n'}
[0.684959] (sim_pkg) StdoutLine: {'line': b'copying /home/aalonso/Personal/ros2_ws/src/build/sim_pkg/build/lib/sim_pkg/sim_node.py -> /home/aalonso/Personal/ros2_ws/src/install/sim_pkg/lib/python3.10/site-packages/sim_pkg\n'}
[0.685138] (sim_pkg) StdoutLine: {'line': b'copying /home/aalonso/Personal/ros2_ws/src/build/sim_pkg/build/lib/sim_pkg/__init__.py -> /home/aalonso/Personal/ros2_ws/src/install/sim_pkg/lib/python3.10/site-packages/sim_pkg\n'}
[0.685432] (sim_pkg) StdoutLine: {'line': b'byte-compiling /home/aalonso/Personal/ros2_ws/src/install/sim_pkg/lib/python3.10/site-packages/sim_pkg/sim_manual.py to sim_manual.cpython-310.pyc\n'}
[0.685915] (sim_pkg) StdoutLine: {'line': b'byte-compiling /home/aalonso/Personal/ros2_ws/src/install/sim_pkg/lib/python3.10/site-packages/sim_pkg/utils/DC_motor_sim.py to DC_motor_sim.cpython-310.pyc\n'}
[0.686358] (sim_pkg) StdoutLine: {'line': b'byte-compiling /home/aalonso/Personal/ros2_ws/src/install/sim_pkg/lib/python3.10/site-packages/sim_pkg/utils/Performance.py to Performance.cpython-310.pyc\n'}
[0.686685] (sim_pkg) StdoutLine: {'line': b'byte-compiling /home/aalonso/Personal/ros2_ws/src/install/sim_pkg/lib/python3.10/site-packages/sim_pkg/utils/__init__.py to __init__.cpython-310.pyc\n'}
[0.686823] (sim_pkg) StdoutLine: {'line': b'byte-compiling /home/aalonso/Personal/ros2_ws/src/install/sim_pkg/lib/python3.10/site-packages/sim_pkg/utils/Controller.py to Controller.cpython-310.pyc\n'}
[0.687197] (sim_pkg) StdoutLine: {'line': b'byte-compiling /home/aalonso/Personal/ros2_ws/src/install/sim_pkg/lib/python3.10/site-packages/sim_pkg/sim_node.py to sim_node.cpython-310.pyc\n'}
[0.687584] (sim_pkg) StdoutLine: {'line': b'byte-compiling /home/aalonso/Personal/ros2_ws/src/install/sim_pkg/lib/python3.10/site-packages/sim_pkg/__init__.py to __init__.cpython-310.pyc\n'}
[0.687717] (sim_pkg) StdoutLine: {'line': b'running install_data\n'}
[0.687938] (sim_pkg) StdoutLine: {'line': b'creating /home/aalonso/Personal/ros2_ws/src/install/sim_pkg/share/ament_index/resource_index/packages\n'}
[0.688390] (sim_pkg) StdoutLine: {'line': b'copying resource/sim_pkg -> /home/aalonso/Personal/ros2_ws/src/install/sim_pkg/share/ament_index/resource_index/packages\n'}
[0.688547] (sim_pkg) StdoutLine: {'line': b'copying package.xml -> /home/aalonso/Personal/ros2_ws/src/install/sim_pkg/share/sim_pkg\n'}
[0.688683] (sim_pkg) StdoutLine: {'line': b'copying launch/sim_srv.launch.py -> /home/aalonso/Personal/ros2_ws/src/install/sim_pkg/share/sim_pkg\n'}
[0.688795] (sim_pkg) StdoutLine: {'line': b'running install_egg_info\n'}
[0.692116] (msgs_control) StdoutLine: {'line': b'-- Detecting C compiler ABI info - done\n'}
[0.694972] (sim_pkg) StdoutLine: {'line': b'Copying ../build/sim_pkg/sim_pkg.egg-info to /home/aalonso/Personal/ros2_ws/src/install/sim_pkg/lib/python3.10/site-packages/sim_pkg-0.0.0-py3.10.egg-info\n'}
[0.695636] (sim_pkg) StdoutLine: {'line': b'running install_scripts\n'}
[0.696992] (msgs_control) StdoutLine: {'line': b'-- Check for working C compiler: /usr/bin/cc - skipped\n'}
[0.697147] (msgs_control) StdoutLine: {'line': b'-- Detecting C compile features\n'}
[0.697366] (msgs_control) StdoutLine: {'line': b'-- Detecting C compile features - done\n'}
[0.699668] (-) TimerEvent: {}
[0.724408] (pid_genetic_tuner) StdoutLine: {'line': b"reading manifest file '../build/pid_genetic_tuner/pid_genetic_tuner.egg-info/SOURCES.txt'\n"}
[0.725141] (pid_genetic_tuner) StdoutLine: {'line': b"writing manifest file '../build/pid_genetic_tuner/pid_genetic_tuner.egg-info/SOURCES.txt'\n"}
[0.725286] (pid_genetic_tuner) StdoutLine: {'line': b'running build\n'}
[0.725460] (pid_genetic_tuner) StdoutLine: {'line': b'running build_py\n'}
[0.725645] (pid_genetic_tuner) StdoutLine: {'line': b'creating /home/aalonso/Personal/ros2_ws/src/build/pid_genetic_tuner/build/lib/pid_genetic_tuner\n'}
[0.725942] (pid_genetic_tuner) StdoutLine: {'line': b'copying pid_genetic_tuner/genetic_pid_node.py -> /home/aalonso/Personal/ros2_ws/src/build/pid_genetic_tuner/build/lib/pid_genetic_tuner\n'}
[0.726164] (pid_genetic_tuner) StdoutLine: {'line': b'running install\n'}
[0.729149] (pid_genetic_tuner) StdoutLine: {'line': b'running install_lib\n'}
[0.732037] (msgs_control) StdoutLine: {'line': b'-- Detecting CXX compiler ABI info\n'}
[0.735887] (pid_genetic_tuner) StdoutLine: {'line': b'creating /home/aalonso/Personal/ros2_ws/src/install/pid_genetic_tuner/lib/python3.10/site-packages/pid_genetic_tuner\n'}
[0.736104] (pid_genetic_tuner) StdoutLine: {'line': b'copying /home/aalonso/Personal/ros2_ws/src/build/pid_genetic_tuner/build/lib/pid_genetic_tuner/genetic_pid_node.py -> /home/aalonso/Personal/ros2_ws/src/install/pid_genetic_tuner/lib/python3.10/site-packages/pid_genetic_tuner\n'}
[0.736498] (pid_genetic_tuner) StdoutLine: {'line': b'byte-compiling /home/aalonso/Personal/ros2_ws/src/install/pid_genetic_tuner/lib/python3.10/site-packages/pid_genetic_tuner/genetic_pid_node.py to genetic_pid_node.cpython-310.pyc\n'}
[0.737221] (pid_genetic_tuner) StdoutLine: {'line': b'running install_data\n'}
[0.737370] (pid_genetic_tuner) StdoutLine: {'line': b'creating /home/aalonso/Personal/ros2_ws/src/install/pid_genetic_tuner/share/ament_index/resource_index/packages\n'}
[0.737804] (pid_genetic_tuner) StdoutLine: {'line': b'copying resource/pid_genetic_tuner -> /home/aalonso/Personal/ros2_ws/src/install/pid_genetic_tuner/share/ament_index/resource_index/packages\n'}
[0.737960] (pid_genetic_tuner) StdoutLine: {'line': b'copying package.xml -> /home/aalonso/Personal/ros2_ws/src/install/pid_genetic_tuner/share/pid_genetic_tuner\n'}
[0.738077] (pid_genetic_tuner) StdoutLine: {'line': b'running install_egg_info\n'}
[0.744484] (pid_genetic_tuner) StdoutLine: {'line': b'Copying ../build/pid_genetic_tuner/pid_genetic_tuner.egg-info to /home/aalonso/Personal/ros2_ws/src/install/pid_genetic_tuner/lib/python3.10/site-packages/pid_genetic_tuner-0.0.1-py3.10.egg-info\n'}
[0.745111] (pid_genetic_tuner) StdoutLine: {'line': b'running install_scripts\n'}
[0.769430] (sim_pkg) StdoutLine: {'line': b'Installing simulator script to /home/aalonso/Personal/ros2_ws/src/install/sim_pkg/lib/sim_pkg\n'}
[0.769783] (sim_pkg) StdoutLine: {'line': b"writing list of installed files to '/home/aalonso/Personal/ros2_ws/src/build/sim_pkg/install.log'\n"}
[0.785613] (sim_pkg) CommandEnded: {'returncode': 0}
[0.791991] (pid_genetic_tuner) StdoutLine: {'line': b'Installing genetic_pid_node script to /home/aalonso/Personal/ros2_ws/src/install/pid_genetic_tuner/lib/pid_genetic_tuner\n'}
[0.792305] (pid_genetic_tuner) StdoutLine: {'line': b"writing list of installed files to '/home/aalonso/Personal/ros2_ws/src/build/pid_genetic_tuner/install.log'\n"}
[0.795225] (sim_pkg) JobEnded: {'identifier': 'sim_pkg', 'rc': 0}
[0.799728] (-) TimerEvent: {}
[0.808731] (pid_genetic_tuner) CommandEnded: {'returncode': 0}
[0.813853] (pid_genetic_tuner) JobEnded: {'identifier': 'pid_genetic_tuner', 'rc': 0}
[0.851992] (msgs_control) StdoutLine: {'line': b'-- Detecting CXX compiler ABI info - done\n'}
[0.857020] (msgs_control) StdoutLine: {'line': b'-- Check for working CXX compiler: /usr/bin/c++ - skipped\n'}
[0.857199] (msgs_control) StdoutLine: {'line': b'-- Detecting CXX compile features\n'}
[0.857430] (msgs_control) StdoutLine: {'line': b'-- Detecting CXX compile features - done\n'}
[0.860262] (msgs_control) StdoutLine: {'line': b'-- Found ament_cmake: 2.5.3 (/opt/ros/jazzy/share/ament_cmake/cmake)\n'}
[0.899794] (-) TimerEvent: {}
[0.922627] (msgs_control) StdoutLine: {'line': b'-- Found Python3: /home/aalonso/ros2_py310_env/bin/python3 (found version "3.10.12") found components: Interpreter \n'}
[0.992126] (msgs_control) StdoutLine: {'line': b'-- Found ament_lint_auto: 0.17.1 (/opt/ros/jazzy/share/ament_lint_auto/cmake)\n'}
[0.999878] (-) TimerEvent: {}
[1.053723] (msgs_control) StdoutLine: {'line': b'-- Found rosidl_default_generators: 1.6.0 (/opt/ros/jazzy/share/rosidl_default_generators/cmake)\n'}
[1.058897] (msgs_control) StdoutLine: {'line': b'-- Using all available rosidl_typesupport_c: rosidl_typesupport_fastrtps_c;rosidl_typesupport_introspection_c\n'}
[1.099984] (-) TimerEvent: {}
[1.159894] (msgs_control) StdoutLine: {'line': b'-- Using all available rosidl_typesupport_cpp: rosidl_typesupport_fastrtps_cpp;rosidl_typesupport_introspection_cpp\n'}
[1.192359] (msgs_control) StdoutLine: {'line': b'-- Found rosidl_adapter: 4.6.5 (/opt/ros/jazzy/share/rosidl_adapter/cmake)\n'}
[1.199999] (-) TimerEvent: {}
[1.300194] (-) TimerEvent: {}
[1.400524] (-) TimerEvent: {}
[1.441500] (msgs_control) StdoutLine: {'line': b'-- Found ament_cmake_ros: 0.12.0 (/opt/ros/jazzy/share/ament_cmake_ros/cmake)\n'}
[1.500574] (-) TimerEvent: {}
[1.600810] (-) TimerEvent: {}
[1.639589] (msgs_control) StdoutLine: {'line': b'-- Using all available rosidl_typesupport_c: rosidl_typesupport_fastrtps_c;rosidl_typesupport_introspection_c\n'}
[1.700907] (-) TimerEvent: {}
[1.801098] (-) TimerEvent: {}
[1.890488] (msgs_control) StdoutLine: {'line': b'-- Using all available rosidl_typesupport_cpp: rosidl_typesupport_fastrtps_cpp;rosidl_typesupport_introspection_cpp\n'}
[1.893267] (msgs_control) StdoutLine: {'line': b'-- Found python_cmake_module: 0.11.1 (/opt/ros/jazzy/share/python_cmake_module/cmake)\n'}
[1.901195] (-) TimerEvent: {}
[1.953629] (msgs_control) StdoutLine: {'line': b'-- Found PythonExtra: /home/aalonso/ros2_py310_env/bin/python3  \n'}
[2.001295] (-) TimerEvent: {}
[2.101550] (-) TimerEvent: {}
[2.176630] (msgs_control) StdoutLine: {'line': b'-- Found Python3: /home/aalonso/ros2_py310_env/bin/python3 (found version "3.10.12") found components: Interpreter Development NumPy Development.Module Development.Embed \n'}
[2.198923] (msgs_control) StdoutLine: {'line': b"-- Added test 'lint_cmake' to check CMake code style\n"}
[2.199977] (msgs_control) StdoutLine: {'line': b"-- Added test 'xmllint' to check XML markup files\n"}
[2.201606] (-) TimerEvent: {}
[2.204924] (msgs_control) StdoutLine: {'line': b'-- Configuring done (2.2s)\n'}
[2.237208] (msgs_control) StdoutLine: {'line': b'-- Generating done (0.0s)\n'}
[2.245504] (msgs_control) StdoutLine: {'line': b'-- Build files have been written to: /home/aalonso/Personal/ros2_ws/src/build/msgs_control\n'}
[2.253808] (msgs_control) CommandEnded: {'returncode': 0}
[2.255165] (msgs_control) JobProgress: {'identifier': 'msgs_control', 'progress': 'build'}
[2.255296] (msgs_control) Command: {'cmd': ['/usr/bin/cmake', '--build', '/home/aalonso/Personal/ros2_ws/src/build/msgs_control', '--', '-j16', '-l16'], 'cwd': '/home/aalonso/Personal/ros2_ws/src/build/msgs_control', 'env': OrderedDict([('CONDA_PROMPT_MODIFIER', 'false'), ('USER', 'aalonso'), ('GZ_CONFIG_PATH', '/opt/ros/jazzy/opt/gz_sim_vendor/share/gz:/opt/ros/jazzy/opt/sdformat_vendor/share/gz:/opt/ros/jazzy/opt/gz_gui_vendor/share/gz:/opt/ros/jazzy/opt/gz_transport_vendor/share/gz:/opt/ros/jazzy/opt/gz_rendering_vendor/share/gz:/opt/ros/jazzy/opt/gz_plugin_vendor/share/gz:/opt/ros/jazzy/opt/gz_fuel_tools_vendor/share/gz:/opt/ros/jazzy/opt/gz_msgs_vendor/share/gz:/opt/ros/jazzy/opt/gz_common_vendor/share/gz'), ('WT_PROFILE_ID', '{51855cb2-8cce-5362-8f54-464b92b32386}'), ('SHLVL', '1'), ('POWERLINE_COMMAND', 'oh-my-posh'), ('LD_LIBRARY_PATH', '/home/aalonso/Personal/ros2_ws/install/msgs_control/lib:/home/aalonso/Personal/ros2_ws/src/install/msgs_control/lib:/opt/ros/jazzy/opt/gz_sim_vendor/lib:/opt/ros/jazzy/opt/gz_sensors_vendor/lib:/opt/ros/jazzy/opt/gz_physics_vendor/lib:/opt/ros/jazzy/opt/sdformat_vendor/lib:/opt/ros/jazzy/opt/rviz_ogre_vendor/lib:/opt/ros/jazzy/lib/x86_64-linux-gnu:/opt/ros/jazzy/opt/gz_gui_vendor/lib:/opt/ros/jazzy/opt/gz_transport_vendor/lib:/opt/ros/jazzy/opt/gz_rendering_vendor/lib:/opt/ros/jazzy/opt/gz_plugin_vendor/lib:/opt/ros/jazzy/opt/gz_fuel_tools_vendor/lib:/opt/ros/jazzy/opt/gz_msgs_vendor/lib:/opt/ros/jazzy/opt/gz_common_vendor/lib:/opt/ros/jazzy/opt/gz_math_vendor/lib:/opt/ros/jazzy/opt/gz_utils_vendor/lib:/opt/ros/jazzy/opt/gz_tools_vendor/lib:/opt/ros/jazzy/opt/gz_ogre_next_vendor/lib:/opt/ros/jazzy/opt/gz_dartsim_vendor/lib:/opt/ros/jazzy/opt/gz_cmake_vendor/lib:/opt/ros/jazzy/lib'), ('HOME', '/home/aalonso'), ('OLDPWD', '/home/aalonso/Personal/ros2_ws/src'), ('NVM_BIN', '/home/aalonso/.nvm/versions/node/v20.17.0/bin'), ('PYENV_SHELL', 'zsh'), ('NVM_INC', '/home/aalonso/.nvm/versions/node/v20.17.0/include/node'), ('ROS_PYTHON_VERSION', '3'), ('PS1', '%{\x1b[38;2;69;241;194m%}\ueb99 aalonso on%{\x1b[0m%}%{\x1b[38;2;12;160;216m%} \uf07b ~/Personal/ros2_ws/src %{\x1b[0m%}\n%{\x1b[38;2;205;66;119m%}# %{\x1b[0m%}'), ('DBUS_SESSION_BUS_ADDRESS', 'unix:path=/tmp/dbus-xfqVO3MS33,guid=5682dc09fcac622c12d400d267a6485d'), ('WSL_DISTRO_NAME', 'Ubuntu'), ('NVM_DIR', '/home/aalonso/.nvm'), ('WAYLAND_DISPLAY', 'wayland-0'), ('ROS_DISTRO', 'jazzy'), ('COLCON_PREFIX_PATH', '/home/aalonso/Personal/ros2_ws/install:/home/aalonso/Personal/ros2_ws/src/install'), ('LOGNAME', 'aalonso'), ('PULSE_SERVER', 'unix:/mnt/wslg/PulseServer'), ('WSL_INTEROP', '/run/WSL/95464_interop'), ('NAME', 'DESKTOP-H1883T9'), ('POSH_SESSION_ID', 'eddc9fe6-1a26-4ec6-89f2-fc073fc96cca'), ('_', '/home/aalonso/ros2_py310_env/bin/colcon'), ('ROS_VERSION', '2'), ('TERM', 'xterm-256color'), ('POSH_SHELL_VERSION', '5.9'), ('PATH', '/home/aalonso/ros2_py310_env/bin:/opt/ros/jazzy/opt/gz_msgs_vendor/bin:/opt/ros/jazzy/opt/gz_tools_vendor/bin:/opt/ros/jazzy/opt/gz_ogre_next_vendor/bin:/opt/ros/jazzy/bin:/home/aalonso/.pyenv/shims:/home/aalonso/.pyenv/bin:/home/aalonso/.local/bin/libwebp-1.4.0-linux-x86-64/bin:/home/aalonso/.pyenv/bin:/home/aalonso/.local/bin/libwebp-1.4.0-linux-x86-64/bin:/home/aalonso/.nvm/versions/node/v20.17.0/bin:/home/aalonso/.pyenv/bin:/home/aalonso/.local/bin/libwebp-1.4.0-linux-x86-64/bin:/home/aalonso/.cargo/bin:/usr/local/sbin:/usr/local/bin:/usr/sbin:/usr/bin:/sbin:/bin:/usr/games:/usr/local/games:/usr/lib/wsl/lib:/mnt/c/Windows/system32:/mnt/c/Windows:/mnt/c/Windows/System32/Wbem:/mnt/c/Windows/System32/WindowsPowerShell/v1.0/:/mnt/c/Windows/System32/OpenSSH/:/mnt/c/Program Files/dotnet/:/mnt/c/Program Files/AutoFirma/AutoFirma:/mnt/c/Program Files/Git/cmd:/mnt/c/Program Files (x86)/NVIDIA Corporation/PhysX/Common:/mnt/c/Program Files/NVIDIA Corporation/NVIDIA app/NvDLISR:/mnt/c/Program Files/Docker/Docker/resources/bin:/mnt/c/Windows/system32/config/systemprofile/AppData/Local/Microsoft/WindowsApps:/mnt/c/Users/aalon/AppData/Local/Programs/Microsoft VS Code/bin:/mnt/c/Program Files/Lens/resources/cli/bin:/mnt/c/Users/aalon/AppData/Local/Microsoft/WindowsApps:/mnt/c/Users/aalon/AppData/Local/Microsoft/WinGet/Packages/Gyan.FFmpeg_Microsoft.Winget.Source_8wekyb3d8bbwe/ffmpeg-7.0.1-full_build/bin:/mnt/c/Users/aalon/AppData/Local/JetBrains/Toolbox/scripts:/home/aalonso/.local/bin:/home/aalonso/.local/bin:/home/aalonso/.local/bin:/home/aalonso/.local/bin'), ('PYTHON_EXECUTABLE', '/home/aalonso/ros2_py310_env/bin/python3.10'), ('XDG_RUNTIME_DIR', '/run/user/1000/'), ('WT_SESSION', '99f21b99-5195-4092-b2b8-9f49356e98e3'), ('KUBECONFIG', '/home/aalonso/.kube/gh-devserver-context.yaml:/home/aalonso/.kube/kubeconfig-GH.yaml'), ('DISPLAY', ':0'), ('LANG', 'C.UTF-8'), ('VIRTUAL_ENV_PROMPT', '(ros2_py310_env)'), ('DBUS_SESSION_BUS_PID', '205104'), ('AMENT_PREFIX_PATH', '/home/aalonso/Personal/ros2_ws/install/sim_pkg:/home/aalonso/Personal/ros2_ws/install/pid_genetic_tuner:/home/aalonso/Personal/ros2_ws/install/msgs_control:/home/aalonso/Personal/ros2_ws/src/install/sim_pkg:/home/aalonso/Personal/ros2_ws/src/install/pid_genetic_tuner:/home/aalonso/Personal/ros2_ws/src/install/msgs_control:/opt/ros/jazzy'), ('SHELL', '/usr/bin/zsh'), ('DBUS_SESSION_BUS_WINDOWID', '6291457'), ('PYTHON_VERSION', '3.10'), ('POSH_THEME', '/home/aalonso/.cache/oh-my-posh/config.608d06b9f3403ab777a834ab095294457460e7f3b5b1220c6f69fb0a772759d1.omp.json'), ('ZLE_RPROMPT_INDENT', '0'), ('OSTYPE', 'linux-gnu'), ('ROS_AUTOMATIC_DISCOVERY_RANGE', 'SUBNET'), ('VIRTUAL_ENV', '/home/aalonso/ros2_py310_env'), ('PWD', '/home/aalonso/Personal/ros2_ws/src/build/msgs_control'), ('PYENV_ROOT', '/home/aalonso/.pyenv'), ('NVM_CD_FLAGS', '-q'), ('PYTHONPATH', '/home/aalonso/Personal/ros2_ws/install/sim_pkg/lib/python3.12/site-packages:/home/aalonso/Personal/ros2_ws/install/pid_genetic_tuner/lib/python3.12/site-packages:/home/aalonso/Personal/ros2_ws/install/msgs_control/lib/python3.10/site-packages:/home/aalonso/Personal/ros2_ws/src/install/sim_pkg/lib/python3.12/site-packages:/home/aalonso/Personal/ros2_ws/src/install/pid_genetic_tuner/lib/python3.12/site-packages:/home/aalonso/Personal/ros2_ws/src/install/msgs_control/lib/python3.10/site-packages:/opt/ros/jazzy/lib/python3.12/site-packages'), ('COLCON', '1'), ('HOSTTYPE', 'x86_64'), ('WSL2_GUI_APPS_ENABLED', '1'), ('WSLENV', 'WT_SESSION:WT_PROFILE_ID:'), ('CMAKE_PREFIX_PATH', '/home/aalonso/Personal/ros2_ws/install/msgs_control:/home/aalonso/Personal/ros2_ws/src/install/msgs_control:/opt/ros/jazzy/opt/gz_sim_vendor:/opt/ros/jazzy/opt/gz_sensors_vendor:/opt/ros/jazzy/opt/gz_physics_vendor:/opt/ros/jazzy/opt/sdformat_vendor:/opt/ros/jazzy/opt/gz_gui_vendor:/opt/ros/jazzy/opt/gz_transport_vendor:/opt/ros/jazzy/opt/gz_rendering_vendor:/opt/ros/jazzy/opt/gz_plugin_vendor:/opt/ros/jazzy/opt/gz_fuel_tools_vendor:/opt/ros/jazzy/opt/gz_msgs_vendor:/opt/ros/jazzy/opt/gz_common_vendor:/opt/ros/jazzy/opt/gz_math_vendor:/opt/ros/jazzy/opt/gz_utils_vendor:/opt/ros/jazzy/opt/gz_tools_vendor:/opt/ros/jazzy/opt/gz_ogre_next_vendor:/opt/ros/jazzy/opt/gz_dartsim_vendor:/opt/ros/jazzy/opt/gz_cmake_vendor:/home/aalonso/Personal/ros2_ws/install/sim_pkg:/home/aalonso/Personal/ros2_ws/install/pid_genetic_tuner:/home/aalonso/Personal/ros2_ws/src/install/sim_pkg:/home/aalonso/Personal/ros2_ws/src/install/pid_genetic_tuner:/opt/ros/jazzy')]), 'shell': False}
[2.293202] (msgs_control) StdoutLine: {'line': b'[  2%] \x1b[34m\x1b[1mGenerating type hashes for ROS interfaces\x1b[0m\n'}
[2.299429] (msgs_control) StdoutLine: {'line': b'[  2%] Built target ament_cmake_python_copy_msgs_control\n'}
[2.304081] (-) TimerEvent: {}
[2.404388] (-) TimerEvent: {}
[2.441996] (msgs_control) StdoutLine: {'line': b'running egg_info\n'}
[2.448465] (msgs_control) StdoutLine: {'line': b'creating msgs_control.egg-info\n'}
[2.448647] (msgs_control) StdoutLine: {'line': b'writing msgs_control.egg-info/PKG-INFO\n'}
[2.448952] (msgs_control) StdoutLine: {'line': b'writing dependency_links to msgs_control.egg-info/dependency_links.txt\n'}
[2.449149] (msgs_control) StdoutLine: {'line': b'writing top-level names to msgs_control.egg-info/top_level.txt\n'}
[2.449260] (msgs_control) StdoutLine: {'line': b"writing manifest file 'msgs_control.egg-info/SOURCES.txt'\n"}
[2.461952] (msgs_control) StdoutLine: {'line': b'[  2%] Built target msgs_control__rosidl_generator_type_description\n'}
[2.467724] (msgs_control) StdoutLine: {'line': b'[  5%] \x1b[34m\x1b[1mGenerating C code for ROS interfaces\x1b[0m\n'}
[2.474629] (msgs_control) StdoutLine: {'line': b'[  8%] \x1b[34m\x1b[1mGenerating C++ code for ROS interfaces\x1b[0m\n'}
[2.486817] (msgs_control) StderrLine: {'line': b"ERROR setuptools_scm._file_finders.git listing git files failed - pretending there aren't any\n"}
[2.504485] (-) TimerEvent: {}
[2.563905] (msgs_control) StdoutLine: {'line': b"reading manifest file 'msgs_control.egg-info/SOURCES.txt'\n"}
[2.564638] (msgs_control) StdoutLine: {'line': b"writing manifest file 'msgs_control.egg-info/SOURCES.txt'\n"}
[2.582257] (msgs_control) StdoutLine: {'line': b'[  8%] Built target ament_cmake_python_build_msgs_control_egg\n'}
[2.604576] (-) TimerEvent: {}
[2.704817] (-) TimerEvent: {}
[2.706783] (msgs_control) StdoutLine: {'line': b'[  8%] Built target msgs_control__cpp\n'}
[2.740001] (msgs_control) StdoutLine: {'line': b'[ 11%] \x1b[32mBuilding C object CMakeFiles/msgs_control__rosidl_generator_c.dir/rosidl_generator_c/msgs_control/srv/detail/sim_pid__description.c.o\x1b[0m\n'}
[2.741563] (msgs_control) StdoutLine: {'line': b'[ 14%] \x1b[32mBuilding C object CMakeFiles/msgs_control__rosidl_generator_c.dir/rosidl_generator_c/msgs_control/srv/detail/sim_pid__type_support.c.o\x1b[0m\n'}
[2.741754] (msgs_control) StdoutLine: {'line': b'[ 17%] \x1b[32mBuilding C object CMakeFiles/msgs_control__rosidl_generator_c.dir/rosidl_generator_c/msgs_control/srv/detail/sim_pid__functions.c.o\x1b[0m\n'}
[2.779853] (msgs_control) StdoutLine: {'line': b'[ 20%] \x1b[32m\x1b[1mLinking C shared library libmsgs_control__rosidl_generator_c.so\x1b[0m\n'}
[2.804867] (-) TimerEvent: {}
[2.831712] (msgs_control) StdoutLine: {'line': b'[ 20%] Built target msgs_control__rosidl_generator_c\n'}
[2.838329] (msgs_control) StdoutLine: {'line': b'[ 38%] \x1b[34m\x1b[1mGenerating C type support for eProsima Fast-RTPS\x1b[0m\n'}
[2.838501] (msgs_control) StdoutLine: {'line': b'[ 38%] \x1b[34m\x1b[1mGenerating C type support dispatch for ROS interfaces\x1b[0m\n'}
[2.838549] (msgs_control) StdoutLine: {'line': b'[ 38%] \x1b[34m\x1b[1mGenerating C++ type support dispatch for ROS interfaces\x1b[0m\n'}
[2.838585] (msgs_control) StdoutLine: {'line': b'[ 38%] \x1b[34m\x1b[1mGenerating C++ introspection for ROS interfaces\x1b[0m\n'}
[2.838621] (msgs_control) StdoutLine: {'line': b'[ 38%] \x1b[34m\x1b[1mGenerating C++ type support for eProsima Fast-RTPS\x1b[0m\n'}
[2.838675] (msgs_control) StdoutLine: {'line': b'[ 38%] \x1b[34m\x1b[1mGenerating C introspection for ROS interfaces\x1b[0m\n'}
[2.904933] (-) TimerEvent: {}
[3.005219] (-) TimerEvent: {}
[3.039011] (msgs_control) StdoutLine: {'line': b'[ 41%] \x1b[32mBuilding CXX object CMakeFiles/msgs_control__rosidl_typesupport_c.dir/rosidl_typesupport_c/msgs_control/srv/sim_pid__type_support.cpp.o\x1b[0m\n'}
[3.046962] (msgs_control) StdoutLine: {'line': b'[ 44%] \x1b[32mBuilding CXX object CMakeFiles/msgs_control__rosidl_typesupport_cpp.dir/rosidl_typesupport_cpp/msgs_control/srv/sim_pid__type_support.cpp.o\x1b[0m\n'}
[3.073009] (msgs_control) StdoutLine: {'line': b'[ 47%] \x1b[32m\x1b[1mLinking CXX shared library libmsgs_control__rosidl_typesupport_c.so\x1b[0m\n'}
[3.105345] (-) TimerEvent: {}
[3.114541] (msgs_control) StdoutLine: {'line': b'[ 50%] \x1b[32mBuilding C object CMakeFiles/msgs_control__rosidl_typesupport_introspection_c.dir/rosidl_typesupport_introspection_c/msgs_control/srv/detail/sim_pid__type_support.c.o\x1b[0m\n'}
[3.118980] (msgs_control) StdoutLine: {'line': b'[ 52%] \x1b[32mBuilding CXX object CMakeFiles/msgs_control__rosidl_typesupport_introspection_cpp.dir/rosidl_typesupport_introspection_cpp/msgs_control/srv/detail/sim_pid__type_support.cpp.o\x1b[0m\n'}
[3.136005] (msgs_control) StdoutLine: {'line': b'[ 52%] Built target msgs_control__rosidl_typesupport_c\n'}
[3.140031] (msgs_control) StdoutLine: {'line': b'[ 55%] \x1b[32m\x1b[1mLinking C shared library libmsgs_control__rosidl_typesupport_introspection_c.so\x1b[0m\n'}
[3.141658] (msgs_control) StdoutLine: {'line': b'[ 58%] \x1b[32mBuilding CXX object CMakeFiles/msgs_control__rosidl_typesupport_fastrtps_cpp.dir/rosidl_typesupport_fastrtps_cpp/msgs_control/srv/detail/dds_fastrtps/sim_pid__type_support.cpp.o\x1b[0m\n'}
[3.182484] (msgs_control) StdoutLine: {'line': b'[ 61%] \x1b[32mBuilding CXX object CMakeFiles/msgs_control__rosidl_typesupport_fastrtps_c.dir/rosidl_typesupport_fastrtps_c/msgs_control/srv/detail/sim_pid__type_support_c.cpp.o\x1b[0m\n'}
[3.188310] (msgs_control) StdoutLine: {'line': b'[ 61%] Built target msgs_control__rosidl_typesupport_introspection_c\n'}
[3.205459] (-) TimerEvent: {}
[3.256567] (msgs_control) StdoutLine: {'line': b'[ 64%] \x1b[32m\x1b[1mLinking CXX shared library libmsgs_control__rosidl_typesupport_cpp.so\x1b[0m\n'}
[3.305572] (-) TimerEvent: {}
[3.325424] (msgs_control) StdoutLine: {'line': b'[ 67%] \x1b[32m\x1b[1mLinking CXX shared library libmsgs_control__rosidl_typesupport_introspection_cpp.so\x1b[0m\n'}
[3.327985] (msgs_control) StdoutLine: {'line': b'[ 67%] Built target msgs_control__rosidl_typesupport_cpp\n'}
[3.396195] (msgs_control) StdoutLine: {'line': b'[ 67%] Built target msgs_control__rosidl_typesupport_introspection_cpp\n'}
[3.405665] (-) TimerEvent: {}
[3.435616] (msgs_control) StdoutLine: {'line': b'[ 70%] \x1b[32m\x1b[1mLinking CXX shared library libmsgs_control__rosidl_typesupport_fastrtps_c.so\x1b[0m\n'}
[3.455870] (msgs_control) StdoutLine: {'line': b'[ 73%] \x1b[32m\x1b[1mLinking CXX shared library libmsgs_control__rosidl_typesupport_fastrtps_cpp.so\x1b[0m\n'}
[3.495922] (msgs_control) StdoutLine: {'line': b'[ 73%] Built target msgs_control__rosidl_typesupport_fastrtps_c\n'}
[3.505756] (-) TimerEvent: {}
[3.527303] (msgs_control) StdoutLine: {'line': b'[ 73%] Built target msgs_control__rosidl_typesupport_fastrtps_cpp\n'}
[3.538980] (msgs_control) StdoutLine: {'line': b'[ 73%] Built target msgs_control\n'}
[3.550412] (msgs_control) StdoutLine: {'line': b'[ 76%] \x1b[34m\x1b[1mGenerating Python code for ROS interfaces\x1b[0m\n'}
[3.605843] (-) TimerEvent: {}
[3.706046] (-) TimerEvent: {}
[3.806293] (-) TimerEvent: {}
[3.892291] (msgs_control) StdoutLine: {'line': b'[ 76%] Built target msgs_control__py\n'}
[3.906425] (-) TimerEvent: {}
[3.906944] (msgs_control) StdoutLine: {'line': b'[ 79%] \x1b[32mBuilding C object CMakeFiles/msgs_control__rosidl_generator_py.dir/rosidl_generator_py/msgs_control/srv/_sim_pid_s.c.o\x1b[0m\n'}
[3.975788] (msgs_control) StdoutLine: {'line': b'[ 82%] \x1b[32m\x1b[1mLinking C shared library libmsgs_control__rosidl_generator_py.so\x1b[0m\n'}
[4.006504] (-) TimerEvent: {}
[4.031904] (msgs_control) StdoutLine: {'line': b'[ 82%] Built target msgs_control__rosidl_generator_py\n'}
[4.043867] (msgs_control) StdoutLine: {'line': b'[ 91%] \x1b[32mBuilding C object CMakeFiles/msgs_control_s__rosidl_typesupport_fastrtps_c.dir/rosidl_generator_py/msgs_control/_msgs_control_s.ep.rosidl_typesupport_fastrtps_c.c.o\x1b[0m\n'}
[4.044002] (msgs_control) StdoutLine: {'line': b'[ 91%] \x1b[32mBuilding C object CMakeFiles/msgs_control_s__rosidl_typesupport_introspection_c.dir/rosidl_generator_py/msgs_control/_msgs_control_s.ep.rosidl_typesupport_introspection_c.c.o\x1b[0m\n'}
[4.044043] (msgs_control) StdoutLine: {'line': b'[ 91%] \x1b[32mBuilding C object CMakeFiles/msgs_control_s__rosidl_typesupport_c.dir/rosidl_generator_py/msgs_control/_msgs_control_s.ep.rosidl_typesupport_c.c.o\x1b[0m\n'}
[4.095015] (msgs_control) StdoutLine: {'line': b'[ 97%] \x1b[32m\x1b[1mLinking C shared module rosidl_generator_py/msgs_control/msgs_control_s__rosidl_typesupport_c.so\x1b[0m\n'}
[4.095238] (msgs_control) StdoutLine: {'line': b'[ 97%] \x1b[32m\x1b[1mLinking C shared module rosidl_generator_py/msgs_control/msgs_control_s__rosidl_typesupport_introspection_c.so\x1b[0m\n'}
[4.097033] (msgs_control) StdoutLine: {'line': b'[100%] \x1b[32m\x1b[1mLinking C shared module rosidl_generator_py/msgs_control/msgs_control_s__rosidl_typesupport_fastrtps_c.so\x1b[0m\n'}
[4.106582] (-) TimerEvent: {}
[4.135924] (msgs_control) StdoutLine: {'line': b'[100%] Built target msgs_control_s__rosidl_typesupport_c\n'}
[4.136066] (msgs_control) StdoutLine: {'line': b'[100%] Built target msgs_control_s__rosidl_typesupport_introspection_c\n'}
[4.144461] (msgs_control) StdoutLine: {'line': b'[100%] Built target msgs_control_s__rosidl_typesupport_fastrtps_c\n'}
[4.151594] (msgs_control) CommandEnded: {'returncode': 0}
[4.152195] (msgs_control) JobProgress: {'identifier': 'msgs_control', 'progress': 'install'}
[4.157803] (msgs_control) Command: {'cmd': ['/usr/bin/cmake', '--install', '/home/aalonso/Personal/ros2_ws/src/build/msgs_control'], 'cwd': '/home/aalonso/Personal/ros2_ws/src/build/msgs_control', 'env': OrderedDict([('CONDA_PROMPT_MODIFIER', 'false'), ('USER', 'aalonso'), ('GZ_CONFIG_PATH', '/opt/ros/jazzy/opt/gz_sim_vendor/share/gz:/opt/ros/jazzy/opt/sdformat_vendor/share/gz:/opt/ros/jazzy/opt/gz_gui_vendor/share/gz:/opt/ros/jazzy/opt/gz_transport_vendor/share/gz:/opt/ros/jazzy/opt/gz_rendering_vendor/share/gz:/opt/ros/jazzy/opt/gz_plugin_vendor/share/gz:/opt/ros/jazzy/opt/gz_fuel_tools_vendor/share/gz:/opt/ros/jazzy/opt/gz_msgs_vendor/share/gz:/opt/ros/jazzy/opt/gz_common_vendor/share/gz'), ('WT_PROFILE_ID', '{51855cb2-8cce-5362-8f54-464b92b32386}'), ('SHLVL', '1'), ('POWERLINE_COMMAND', 'oh-my-posh'), ('LD_LIBRARY_PATH', '/home/aalonso/Personal/ros2_ws/install/msgs_control/lib:/home/aalonso/Personal/ros2_ws/src/install/msgs_control/lib:/opt/ros/jazzy/opt/gz_sim_vendor/lib:/opt/ros/jazzy/opt/gz_sensors_vendor/lib:/opt/ros/jazzy/opt/gz_physics_vendor/lib:/opt/ros/jazzy/opt/sdformat_vendor/lib:/opt/ros/jazzy/opt/rviz_ogre_vendor/lib:/opt/ros/jazzy/lib/x86_64-linux-gnu:/opt/ros/jazzy/opt/gz_gui_vendor/lib:/opt/ros/jazzy/opt/gz_transport_vendor/lib:/opt/ros/jazzy/opt/gz_rendering_vendor/lib:/opt/ros/jazzy/opt/gz_plugin_vendor/lib:/opt/ros/jazzy/opt/gz_fuel_tools_vendor/lib:/opt/ros/jazzy/opt/gz_msgs_vendor/lib:/opt/ros/jazzy/opt/gz_common_vendor/lib:/opt/ros/jazzy/opt/gz_math_vendor/lib:/opt/ros/jazzy/opt/gz_utils_vendor/lib:/opt/ros/jazzy/opt/gz_tools_vendor/lib:/opt/ros/jazzy/opt/gz_ogre_next_vendor/lib:/opt/ros/jazzy/opt/gz_dartsim_vendor/lib:/opt/ros/jazzy/opt/gz_cmake_vendor/lib:/opt/ros/jazzy/lib'), ('HOME', '/home/aalonso'), ('OLDPWD', '/home/aalonso/Personal/ros2_ws/src'), ('NVM_BIN', '/home/aalonso/.nvm/versions/node/v20.17.0/bin'), ('PYENV_SHELL', 'zsh'), ('NVM_INC', '/home/aalonso/.nvm/versions/node/v20.17.0/include/node'), ('ROS_PYTHON_VERSION', '3'), ('PS1', '%{\x1b[38;2;69;241;194m%}\ueb99 aalonso on%{\x1b[0m%}%{\x1b[38;2;12;160;216m%} \uf07b ~/Personal/ros2_ws/src %{\x1b[0m%}\n%{\x1b[38;2;205;66;119m%}# %{\x1b[0m%}'), ('DBUS_SESSION_BUS_ADDRESS', 'unix:path=/tmp/dbus-xfqVO3MS33,guid=5682dc09fcac622c12d400d267a6485d'), ('WSL_DISTRO_NAME', 'Ubuntu'), ('NVM_DIR', '/home/aalonso/.nvm'), ('WAYLAND_DISPLAY', 'wayland-0'), ('ROS_DISTRO', 'jazzy'), ('COLCON_PREFIX_PATH', '/home/aalonso/Personal/ros2_ws/install:/home/aalonso/Personal/ros2_ws/src/install'), ('LOGNAME', 'aalonso'), ('PULSE_SERVER', 'unix:/mnt/wslg/PulseServer'), ('WSL_INTEROP', '/run/WSL/95464_interop'), ('NAME', 'DESKTOP-H1883T9'), ('POSH_SESSION_ID', 'eddc9fe6-1a26-4ec6-89f2-fc073fc96cca'), ('_', '/home/aalonso/ros2_py310_env/bin/colcon'), ('ROS_VERSION', '2'), ('TERM', 'xterm-256color'), ('POSH_SHELL_VERSION', '5.9'), ('PATH', '/home/aalonso/ros2_py310_env/bin:/opt/ros/jazzy/opt/gz_msgs_vendor/bin:/opt/ros/jazzy/opt/gz_tools_vendor/bin:/opt/ros/jazzy/opt/gz_ogre_next_vendor/bin:/opt/ros/jazzy/bin:/home/aalonso/.pyenv/shims:/home/aalonso/.pyenv/bin:/home/aalonso/.local/bin/libwebp-1.4.0-linux-x86-64/bin:/home/aalonso/.pyenv/bin:/home/aalonso/.local/bin/libwebp-1.4.0-linux-x86-64/bin:/home/aalonso/.nvm/versions/node/v20.17.0/bin:/home/aalonso/.pyenv/bin:/home/aalonso/.local/bin/libwebp-1.4.0-linux-x86-64/bin:/home/aalonso/.cargo/bin:/usr/local/sbin:/usr/local/bin:/usr/sbin:/usr/bin:/sbin:/bin:/usr/games:/usr/local/games:/usr/lib/wsl/lib:/mnt/c/Windows/system32:/mnt/c/Windows:/mnt/c/Windows/System32/Wbem:/mnt/c/Windows/System32/WindowsPowerShell/v1.0/:/mnt/c/Windows/System32/OpenSSH/:/mnt/c/Program Files/dotnet/:/mnt/c/Program Files/AutoFirma/AutoFirma:/mnt/c/Program Files/Git/cmd:/mnt/c/Program Files (x86)/NVIDIA Corporation/PhysX/Common:/mnt/c/Program Files/NVIDIA Corporation/NVIDIA app/NvDLISR:/mnt/c/Program Files/Docker/Docker/resources/bin:/mnt/c/Windows/system32/config/systemprofile/AppData/Local/Microsoft/WindowsApps:/mnt/c/Users/aalon/AppData/Local/Programs/Microsoft VS Code/bin:/mnt/c/Program Files/Lens/resources/cli/bin:/mnt/c/Users/aalon/AppData/Local/Microsoft/WindowsApps:/mnt/c/Users/aalon/AppData/Local/Microsoft/WinGet/Packages/Gyan.FFmpeg_Microsoft.Winget.Source_8wekyb3d8bbwe/ffmpeg-7.0.1-full_build/bin:/mnt/c/Users/aalon/AppData/Local/JetBrains/Toolbox/scripts:/home/aalonso/.local/bin:/home/aalonso/.local/bin:/home/aalonso/.local/bin:/home/aalonso/.local/bin'), ('PYTHON_EXECUTABLE', '/home/aalonso/ros2_py310_env/bin/python3.10'), ('XDG_RUNTIME_DIR', '/run/user/1000/'), ('WT_SESSION', '99f21b99-5195-4092-b2b8-9f49356e98e3'), ('KUBECONFIG', '/home/aalonso/.kube/gh-devserver-context.yaml:/home/aalonso/.kube/kubeconfig-GH.yaml'), ('DISPLAY', ':0'), ('LANG', 'C.UTF-8'), ('VIRTUAL_ENV_PROMPT', '(ros2_py310_env)'), ('DBUS_SESSION_BUS_PID', '205104'), ('AMENT_PREFIX_PATH', '/home/aalonso/Personal/ros2_ws/install/sim_pkg:/home/aalonso/Personal/ros2_ws/install/pid_genetic_tuner:/home/aalonso/Personal/ros2_ws/install/msgs_control:/home/aalonso/Personal/ros2_ws/src/install/sim_pkg:/home/aalonso/Personal/ros2_ws/src/install/pid_genetic_tuner:/home/aalonso/Personal/ros2_ws/src/install/msgs_control:/opt/ros/jazzy'), ('SHELL', '/usr/bin/zsh'), ('DBUS_SESSION_BUS_WINDOWID', '6291457'), ('PYTHON_VERSION', '3.10'), ('POSH_THEME', '/home/aalonso/.cache/oh-my-posh/config.608d06b9f3403ab777a834ab095294457460e7f3b5b1220c6f69fb0a772759d1.omp.json'), ('ZLE_RPROMPT_INDENT', '0'), ('OSTYPE', 'linux-gnu'), ('ROS_AUTOMATIC_DISCOVERY_RANGE', 'SUBNET'), ('VIRTUAL_ENV', '/home/aalonso/ros2_py310_env'), ('PWD', '/home/aalonso/Personal/ros2_ws/src/build/msgs_control'), ('PYENV_ROOT', '/home/aalonso/.pyenv'), ('NVM_CD_FLAGS', '-q'), ('PYTHONPATH', '/home/aalonso/Personal/ros2_ws/install/sim_pkg/lib/python3.12/site-packages:/home/aalonso/Personal/ros2_ws/install/pid_genetic_tuner/lib/python3.12/site-packages:/home/aalonso/Personal/ros2_ws/install/msgs_control/lib/python3.10/site-packages:/home/aalonso/Personal/ros2_ws/src/install/sim_pkg/lib/python3.12/site-packages:/home/aalonso/Personal/ros2_ws/src/install/pid_genetic_tuner/lib/python3.12/site-packages:/home/aalonso/Personal/ros2_ws/src/install/msgs_control/lib/python3.10/site-packages:/opt/ros/jazzy/lib/python3.12/site-packages'), ('COLCON', '1'), ('HOSTTYPE', 'x86_64'), ('WSL2_GUI_APPS_ENABLED', '1'), ('WSLENV', 'WT_SESSION:WT_PROFILE_ID:'), ('CMAKE_PREFIX_PATH', '/home/aalonso/Personal/ros2_ws/install/msgs_control:/home/aalonso/Personal/ros2_ws/src/install/msgs_control:/opt/ros/jazzy/opt/gz_sim_vendor:/opt/ros/jazzy/opt/gz_sensors_vendor:/opt/ros/jazzy/opt/gz_physics_vendor:/opt/ros/jazzy/opt/sdformat_vendor:/opt/ros/jazzy/opt/gz_gui_vendor:/opt/ros/jazzy/opt/gz_transport_vendor:/opt/ros/jazzy/opt/gz_rendering_vendor:/opt/ros/jazzy/opt/gz_plugin_vendor:/opt/ros/jazzy/opt/gz_fuel_tools_vendor:/opt/ros/jazzy/opt/gz_msgs_vendor:/opt/ros/jazzy/opt/gz_common_vendor:/opt/ros/jazzy/opt/gz_math_vendor:/opt/ros/jazzy/opt/gz_utils_vendor:/opt/ros/jazzy/opt/gz_tools_vendor:/opt/ros/jazzy/opt/gz_ogre_next_vendor:/opt/ros/jazzy/opt/gz_dartsim_vendor:/opt/ros/jazzy/opt/gz_cmake_vendor:/home/aalonso/Personal/ros2_ws/install/sim_pkg:/home/aalonso/Personal/ros2_ws/install/pid_genetic_tuner:/home/aalonso/Personal/ros2_ws/src/install/sim_pkg:/home/aalonso/Personal/ros2_ws/src/install/pid_genetic_tuner:/opt/ros/jazzy')]), 'shell': False}
[4.162187] (msgs_control) StdoutLine: {'line': b'-- Install configuration: ""\n'}
[4.162865] (msgs_control) StdoutLine: {'line': b'-- Installing: /home/aalonso/Personal/ros2_ws/src/install/msgs_control/share/ament_index/resource_index/rosidl_interfaces/msgs_control\n'}
[4.163211] (msgs_control) StdoutLine: {'line': b'-- Installing: /home/aalonso/Personal/ros2_ws/src/install/msgs_control/share/msgs_control/srv/SimPID.json\n'}
[4.163367] (msgs_control) StdoutLine: {'line': b'-- Installing: /home/aalonso/Personal/ros2_ws/src/install/msgs_control/include/msgs_control/msgs_control\n'}
[4.163704] (msgs_control) StdoutLine: {'line': b'-- Installing: /home/aalonso/Personal/ros2_ws/src/install/msgs_control/include/msgs_control/msgs_control/srv\n'}
[4.163863] (msgs_control) StdoutLine: {'line': b'-- Installing: /home/aalonso/Personal/ros2_ws/src/install/msgs_control/include/msgs_control/msgs_control/srv/sim_pid.h\n'}
[4.164040] (msgs_control) StdoutLine: {'line': b'-- Installing: /home/aalonso/Personal/ros2_ws/src/install/msgs_control/include/msgs_control/msgs_control/srv/detail\n'}
[4.164289] (msgs_control) StdoutLine: {'line': b'-- Installing: /home/aalonso/Personal/ros2_ws/src/install/msgs_control/include/msgs_control/msgs_control/srv/detail/sim_pid__type_support.h\n'}
[4.164435] (msgs_control) StdoutLine: {'line': b'-- Installing: /home/aalonso/Personal/ros2_ws/src/install/msgs_control/include/msgs_control/msgs_control/srv/detail/sim_pid__type_support.c\n'}
[4.164476] (msgs_control) StdoutLine: {'line': b'-- Installing: /home/aalonso/Personal/ros2_ws/src/install/msgs_control/include/msgs_control/msgs_control/srv/detail/sim_pid__functions.h\n'}
[4.164579] (msgs_control) StdoutLine: {'line': b'-- Installing: /home/aalonso/Personal/ros2_ws/src/install/msgs_control/include/msgs_control/msgs_control/srv/detail/sim_pid__functions.c\n'}
[4.164759] (msgs_control) StdoutLine: {'line': b'-- Installing: /home/aalonso/Personal/ros2_ws/src/install/msgs_control/include/msgs_control/msgs_control/srv/detail/sim_pid__struct.h\n'}
[4.164978] (msgs_control) StdoutLine: {'line': b'-- Installing: /home/aalonso/Personal/ros2_ws/src/install/msgs_control/include/msgs_control/msgs_control/srv/detail/sim_pid__description.c\n'}
[4.165029] (msgs_control) StdoutLine: {'line': b'-- Installing: /home/aalonso/Personal/ros2_ws/src/install/msgs_control/include/msgs_control/msgs_control/msg\n'}
[4.165128] (msgs_control) StdoutLine: {'line': b'-- Installing: /home/aalonso/Personal/ros2_ws/src/install/msgs_control/include/msgs_control/msgs_control/msg/rosidl_generator_c__visibility_control.h\n'}
[4.165323] (msgs_control) StdoutLine: {'line': b'-- Installing: /home/aalonso/Personal/ros2_ws/src/install/msgs_control/share/msgs_control/environment/library_path.sh\n'}
[4.165395] (msgs_control) StdoutLine: {'line': b'-- Installing: /home/aalonso/Personal/ros2_ws/src/install/msgs_control/share/msgs_control/environment/library_path.dsv\n'}
[4.165562] (msgs_control) StdoutLine: {'line': b'-- Installing: /home/aalonso/Personal/ros2_ws/src/install/msgs_control/lib/libmsgs_control__rosidl_generator_c.so\n'}
[4.165648] (msgs_control) StdoutLine: {'line': b'-- Set non-toolchain portion of runtime path of "/home/aalonso/Personal/ros2_ws/src/install/msgs_control/lib/libmsgs_control__rosidl_generator_c.so" to ""\n'}
[4.165802] (msgs_control) StdoutLine: {'line': b'-- Up-to-date: /home/aalonso/Personal/ros2_ws/src/install/msgs_control/include/msgs_control/msgs_control\n'}
[4.165985] (msgs_control) StdoutLine: {'line': b'-- Up-to-date: /home/aalonso/Personal/ros2_ws/src/install/msgs_control/include/msgs_control/msgs_control/srv\n'}
[4.166105] (msgs_control) StdoutLine: {'line': b'-- Up-to-date: /home/aalonso/Personal/ros2_ws/src/install/msgs_control/include/msgs_control/msgs_control/srv/detail\n'}
[4.166227] (msgs_control) StdoutLine: {'line': b'-- Installing: /home/aalonso/Personal/ros2_ws/src/install/msgs_control/include/msgs_control/msgs_control/srv/detail/sim_pid__rosidl_typesupport_fastrtps_c.h\n'}
[4.166466] (msgs_control) StdoutLine: {'line': b'-- Up-to-date: /home/aalonso/Personal/ros2_ws/src/install/msgs_control/include/msgs_control/msgs_control/msg\n'}
[4.166581] (msgs_control) StdoutLine: {'line': b'-- Installing: /home/aalonso/Personal/ros2_ws/src/install/msgs_control/include/msgs_control/msgs_control/msg/rosidl_typesupport_fastrtps_c__visibility_control.h\n'}
[4.166702] (msgs_control) StdoutLine: {'line': b'-- Installing: /home/aalonso/Personal/ros2_ws/src/install/msgs_control/lib/libmsgs_control__rosidl_typesupport_fastrtps_c.so\n'}
[4.166820] (msgs_control) StdoutLine: {'line': b'-- Set non-toolchain portion of runtime path of "/home/aalonso/Personal/ros2_ws/src/install/msgs_control/lib/libmsgs_control__rosidl_typesupport_fastrtps_c.so" to ""\n'}
[4.166938] (msgs_control) StdoutLine: {'line': b'-- Up-to-date: /home/aalonso/Personal/ros2_ws/src/install/msgs_control/include/msgs_control/msgs_control\n'}
[4.167073] (msgs_control) StdoutLine: {'line': b'-- Up-to-date: /home/aalonso/Personal/ros2_ws/src/install/msgs_control/include/msgs_control/msgs_control/srv\n'}
[4.167200] (msgs_control) StdoutLine: {'line': b'-- Up-to-date: /home/aalonso/Personal/ros2_ws/src/install/msgs_control/include/msgs_control/msgs_control/srv/detail\n'}
[4.167348] (msgs_control) StdoutLine: {'line': b'-- Installing: /home/aalonso/Personal/ros2_ws/src/install/msgs_control/include/msgs_control/msgs_control/srv/detail/sim_pid__rosidl_typesupport_introspection_c.h\n'}
[4.167466] (msgs_control) StdoutLine: {'line': b'-- Up-to-date: /home/aalonso/Personal/ros2_ws/src/install/msgs_control/include/msgs_control/msgs_control/srv/detail/sim_pid__type_support.c\n'}
[4.167584] (msgs_control) StdoutLine: {'line': b'-- Up-to-date: /home/aalonso/Personal/ros2_ws/src/install/msgs_control/include/msgs_control/msgs_control/msg\n'}
[4.167706] (msgs_control) StdoutLine: {'line': b'-- Installing: /home/aalonso/Personal/ros2_ws/src/install/msgs_control/include/msgs_control/msgs_control/msg/rosidl_typesupport_introspection_c__visibility_control.h\n'}
[4.167826] (msgs_control) StdoutLine: {'line': b'-- Installing: /home/aalonso/Personal/ros2_ws/src/install/msgs_control/lib/libmsgs_control__rosidl_typesupport_introspection_c.so\n'}
[4.167946] (msgs_control) StdoutLine: {'line': b'-- Set non-toolchain portion of runtime path of "/home/aalonso/Personal/ros2_ws/src/install/msgs_control/lib/libmsgs_control__rosidl_typesupport_introspection_c.so" to ""\n'}
[4.168092] (msgs_control) StdoutLine: {'line': b'-- Installing: /home/aalonso/Personal/ros2_ws/src/install/msgs_control/lib/libmsgs_control__rosidl_typesupport_c.so\n'}
[4.168213] (msgs_control) StdoutLine: {'line': b'-- Set non-toolchain portion of runtime path of "/home/aalonso/Personal/ros2_ws/src/install/msgs_control/lib/libmsgs_control__rosidl_typesupport_c.so" to ""\n'}
[4.168412] (msgs_control) StdoutLine: {'line': b'-- Up-to-date: /home/aalonso/Personal/ros2_ws/src/install/msgs_control/include/msgs_control/msgs_control\n'}
[4.168462] (msgs_control) StdoutLine: {'line': b'-- Up-to-date: /home/aalonso/Personal/ros2_ws/src/install/msgs_control/include/msgs_control/msgs_control/srv\n'}
[4.168495] (msgs_control) StdoutLine: {'line': b'-- Up-to-date: /home/aalonso/Personal/ros2_ws/src/install/msgs_control/include/msgs_control/msgs_control/srv/detail\n'}
[4.168525] (msgs_control) StdoutLine: {'line': b'-- Installing: /home/aalonso/Personal/ros2_ws/src/install/msgs_control/include/msgs_control/msgs_control/srv/detail/sim_pid__builder.hpp\n'}
[4.168560] (msgs_control) StdoutLine: {'line': b'-- Installing: /home/aalonso/Personal/ros2_ws/src/install/msgs_control/include/msgs_control/msgs_control/srv/detail/sim_pid__traits.hpp\n'}
[4.168590] (msgs_control) StdoutLine: {'line': b'-- Installing: /home/aalonso/Personal/ros2_ws/src/install/msgs_control/include/msgs_control/msgs_control/srv/detail/sim_pid__struct.hpp\n'}
[4.168619] (msgs_control) StdoutLine: {'line': b'-- Installing: /home/aalonso/Personal/ros2_ws/src/install/msgs_control/include/msgs_control/msgs_control/srv/detail/sim_pid__type_support.hpp\n'}
[4.168748] (msgs_control) StdoutLine: {'line': b'-- Installing: /home/aalonso/Personal/ros2_ws/src/install/msgs_control/include/msgs_control/msgs_control/srv/sim_pid.hpp\n'}
[4.168875] (msgs_control) StdoutLine: {'line': b'-- Up-to-date: /home/aalonso/Personal/ros2_ws/src/install/msgs_control/include/msgs_control/msgs_control/msg\n'}
[4.168998] (msgs_control) StdoutLine: {'line': b'-- Installing: /home/aalonso/Personal/ros2_ws/src/install/msgs_control/include/msgs_control/msgs_control/msg/rosidl_generator_cpp__visibility_control.hpp\n'}
[4.169120] (msgs_control) StdoutLine: {'line': b'-- Up-to-date: /home/aalonso/Personal/ros2_ws/src/install/msgs_control/include/msgs_control/msgs_control\n'}
[4.169243] (msgs_control) StdoutLine: {'line': b'-- Up-to-date: /home/aalonso/Personal/ros2_ws/src/install/msgs_control/include/msgs_control/msgs_control/srv\n'}
[4.169365] (msgs_control) StdoutLine: {'line': b'-- Up-to-date: /home/aalonso/Personal/ros2_ws/src/install/msgs_control/include/msgs_control/msgs_control/srv/detail\n'}
[4.169490] (msgs_control) StdoutLine: {'line': b'-- Installing: /home/aalonso/Personal/ros2_ws/src/install/msgs_control/include/msgs_control/msgs_control/srv/detail/dds_fastrtps\n'}
[4.169612] (msgs_control) StdoutLine: {'line': b'-- Installing: /home/aalonso/Personal/ros2_ws/src/install/msgs_control/include/msgs_control/msgs_control/srv/detail/sim_pid__rosidl_typesupport_fastrtps_cpp.hpp\n'}
[4.169791] (msgs_control) StdoutLine: {'line': b'-- Up-to-date: /home/aalonso/Personal/ros2_ws/src/install/msgs_control/include/msgs_control/msgs_control/msg\n'}
[4.169913] (msgs_control) StdoutLine: {'line': b'-- Installing: /home/aalonso/Personal/ros2_ws/src/install/msgs_control/include/msgs_control/msgs_control/msg/rosidl_typesupport_fastrtps_cpp__visibility_control.h\n'}
[4.170033] (msgs_control) StdoutLine: {'line': b'-- Installing: /home/aalonso/Personal/ros2_ws/src/install/msgs_control/lib/libmsgs_control__rosidl_typesupport_fastrtps_cpp.so\n'}
[4.170154] (msgs_control) StdoutLine: {'line': b'-- Set non-toolchain portion of runtime path of "/home/aalonso/Personal/ros2_ws/src/install/msgs_control/lib/libmsgs_control__rosidl_typesupport_fastrtps_cpp.so" to ""\n'}
[4.170275] (msgs_control) StdoutLine: {'line': b'-- Up-to-date: /home/aalonso/Personal/ros2_ws/src/install/msgs_control/include/msgs_control/msgs_control\n'}
[4.170399] (msgs_control) StdoutLine: {'line': b'-- Up-to-date: /home/aalonso/Personal/ros2_ws/src/install/msgs_control/include/msgs_control/msgs_control/srv\n'}
[4.170574] (msgs_control) StdoutLine: {'line': b'-- Up-to-date: /home/aalonso/Personal/ros2_ws/src/install/msgs_control/include/msgs_control/msgs_control/srv/detail\n'}
[4.170616] (msgs_control) StdoutLine: {'line': b'-- Installing: /home/aalonso/Personal/ros2_ws/src/install/msgs_control/include/msgs_control/msgs_control/srv/detail/sim_pid__type_support.cpp\n'}
[4.170659] (msgs_control) StdoutLine: {'line': b'-- Installing: /home/aalonso/Personal/ros2_ws/src/install/msgs_control/include/msgs_control/msgs_control/srv/detail/sim_pid__rosidl_typesupport_introspection_cpp.hpp\n'}
[4.170779] (msgs_control) StdoutLine: {'line': b'-- Installing: /home/aalonso/Personal/ros2_ws/src/install/msgs_control/lib/libmsgs_control__rosidl_typesupport_introspection_cpp.so\n'}
[4.170898] (msgs_control) StdoutLine: {'line': b'-- Set non-toolchain portion of runtime path of "/home/aalonso/Personal/ros2_ws/src/install/msgs_control/lib/libmsgs_control__rosidl_typesupport_introspection_cpp.so" to ""\n'}
[4.171017] (msgs_control) StdoutLine: {'line': b'-- Installing: /home/aalonso/Personal/ros2_ws/src/install/msgs_control/lib/libmsgs_control__rosidl_typesupport_cpp.so\n'}
[4.171135] (msgs_control) StdoutLine: {'line': b'-- Set non-toolchain portion of runtime path of "/home/aalonso/Personal/ros2_ws/src/install/msgs_control/lib/libmsgs_control__rosidl_typesupport_cpp.so" to ""\n'}
[4.171253] (msgs_control) StdoutLine: {'line': b'-- Installing: /home/aalonso/Personal/ros2_ws/src/install/msgs_control/share/msgs_control/environment/pythonpath.sh\n'}
[4.171374] (msgs_control) StdoutLine: {'line': b'-- Installing: /home/aalonso/Personal/ros2_ws/src/install/msgs_control/share/msgs_control/environment/pythonpath.dsv\n'}
[4.171491] (msgs_control) StdoutLine: {'line': b'-- Installing: /home/aalonso/Personal/ros2_ws/src/install/msgs_control/lib/python3.10/site-packages/msgs_control-0.0.0-py3.10.egg-info\n'}
[4.171617] (msgs_control) StdoutLine: {'line': b'-- Installing: /home/aalonso/Personal/ros2_ws/src/install/msgs_control/lib/python3.10/site-packages/msgs_control-0.0.0-py3.10.egg-info/SOURCES.txt\n'}
[4.171774] (msgs_control) StdoutLine: {'line': b'-- Installing: /home/aalonso/Personal/ros2_ws/src/install/msgs_control/lib/python3.10/site-packages/msgs_control-0.0.0-py3.10.egg-info/PKG-INFO\n'}
[4.171816] (msgs_control) StdoutLine: {'line': b'-- Installing: /home/aalonso/Personal/ros2_ws/src/install/msgs_control/lib/python3.10/site-packages/msgs_control-0.0.0-py3.10.egg-info/top_level.txt\n'}
[4.171848] (msgs_control) StdoutLine: {'line': b'-- Installing: /home/aalonso/Personal/ros2_ws/src/install/msgs_control/lib/python3.10/site-packages/msgs_control-0.0.0-py3.10.egg-info/dependency_links.txt\n'}
[4.171878] (msgs_control) StdoutLine: {'line': b'-- Installing: /home/aalonso/Personal/ros2_ws/src/install/msgs_control/lib/python3.10/site-packages/msgs_control\n'}
[4.171908] (msgs_control) StdoutLine: {'line': b'-- Installing: /home/aalonso/Personal/ros2_ws/src/install/msgs_control/lib/python3.10/site-packages/msgs_control/msgs_control_s__rosidl_typesupport_fastrtps_c.so\n'}
[4.171935] (msgs_control) StdoutLine: {'line': b'-- Installing: /home/aalonso/Personal/ros2_ws/src/install/msgs_control/lib/python3.10/site-packages/msgs_control/srv\n'}
[4.171962] (msgs_control) StdoutLine: {'line': b'-- Installing: /home/aalonso/Personal/ros2_ws/src/install/msgs_control/lib/python3.10/site-packages/msgs_control/srv/_sim_pid_s.c\n'}
[4.171988] (msgs_control) StdoutLine: {'line': b'-- Installing: /home/aalonso/Personal/ros2_ws/src/install/msgs_control/lib/python3.10/site-packages/msgs_control/srv/__init__.py\n'}
[4.172015] (msgs_control) StdoutLine: {'line': b'-- Installing: /home/aalonso/Personal/ros2_ws/src/install/msgs_control/lib/python3.10/site-packages/msgs_control/srv/_sim_pid.py\n'}
[4.172042] (msgs_control) StdoutLine: {'line': b'-- Installing: /home/aalonso/Personal/ros2_ws/src/install/msgs_control/lib/python3.10/site-packages/msgs_control/_msgs_control_s.ep.rosidl_typesupport_c.c\n'}
[4.172068] (msgs_control) StdoutLine: {'line': b'-- Installing: /home/aalonso/Personal/ros2_ws/src/install/msgs_control/lib/python3.10/site-packages/msgs_control/__init__.py\n'}
[4.172095] (msgs_control) StdoutLine: {'line': b'-- Installing: /home/aalonso/Personal/ros2_ws/src/install/msgs_control/lib/python3.10/site-packages/msgs_control/_msgs_control_s.ep.rosidl_typesupport_fastrtps_c.c\n'}
[4.172122] (msgs_control) StdoutLine: {'line': b'-- Installing: /home/aalonso/Personal/ros2_ws/src/install/msgs_control/lib/python3.10/site-packages/msgs_control/_msgs_control_s.ep.rosidl_typesupport_introspection_c.c\n'}
[4.172148] (msgs_control) StdoutLine: {'line': b'-- Installing: /home/aalonso/Personal/ros2_ws/src/install/msgs_control/lib/python3.10/site-packages/msgs_control/msgs_control_s__rosidl_typesupport_c.so\n'}
[4.172178] (msgs_control) StdoutLine: {'line': b'-- Installing: /home/aalonso/Personal/ros2_ws/src/install/msgs_control/lib/python3.10/site-packages/msgs_control/msgs_control_s__rosidl_typesupport_introspection_c.so\n'}
[4.196282] (msgs_control) StdoutLine: {'line': b"Listing '/home/aalonso/Personal/ros2_ws/src/install/msgs_control/lib/python3.10/site-packages/msgs_control'...\n"}
[4.196451] (msgs_control) StdoutLine: {'line': b"Compiling '/home/aalonso/Personal/ros2_ws/src/install/msgs_control/lib/python3.10/site-packages/msgs_control/__init__.py'...\n"}
[4.196504] (msgs_control) StdoutLine: {'line': b"Listing '/home/aalonso/Personal/ros2_ws/src/install/msgs_control/lib/python3.10/site-packages/msgs_control/srv'...\n"}
[4.196544] (msgs_control) StdoutLine: {'line': b"Compiling '/home/aalonso/Personal/ros2_ws/src/install/msgs_control/lib/python3.10/site-packages/msgs_control/srv/__init__.py'...\n"}
[4.196580] (msgs_control) StdoutLine: {'line': b"Compiling '/home/aalonso/Personal/ros2_ws/src/install/msgs_control/lib/python3.10/site-packages/msgs_control/srv/_sim_pid.py'...\n"}
[4.198788] (msgs_control) StdoutLine: {'line': b'-- Installing: /home/aalonso/Personal/ros2_ws/src/install/msgs_control/lib/python3.10/site-packages/msgs_control/msgs_control_s__rosidl_typesupport_fastrtps_c.so\n'}
[4.199026] (msgs_control) StdoutLine: {'line': b'-- Set non-toolchain portion of runtime path of "/home/aalonso/Personal/ros2_ws/src/install/msgs_control/lib/python3.10/site-packages/msgs_control/msgs_control_s__rosidl_typesupport_fastrtps_c.so" to ""\n'}
[4.199205] (msgs_control) StdoutLine: {'line': b'-- Installing: /home/aalonso/Personal/ros2_ws/src/install/msgs_control/lib/python3.10/site-packages/msgs_control/msgs_control_s__rosidl_typesupport_introspection_c.so\n'}
[4.199412] (msgs_control) StdoutLine: {'line': b'-- Set non-toolchain portion of runtime path of "/home/aalonso/Personal/ros2_ws/src/install/msgs_control/lib/python3.10/site-packages/msgs_control/msgs_control_s__rosidl_typesupport_introspection_c.so" to ""\n'}
[4.199574] (msgs_control) StdoutLine: {'line': b'-- Installing: /home/aalonso/Personal/ros2_ws/src/install/msgs_control/lib/python3.10/site-packages/msgs_control/msgs_control_s__rosidl_typesupport_c.so\n'}
[4.199791] (msgs_control) StdoutLine: {'line': b'-- Set non-toolchain portion of runtime path of "/home/aalonso/Personal/ros2_ws/src/install/msgs_control/lib/python3.10/site-packages/msgs_control/msgs_control_s__rosidl_typesupport_c.so" to ""\n'}
[4.199945] (msgs_control) StdoutLine: {'line': b'-- Installing: /home/aalonso/Personal/ros2_ws/src/install/msgs_control/lib/libmsgs_control__rosidl_generator_py.so\n'}
[4.200238] (msgs_control) StdoutLine: {'line': b'-- Set non-toolchain portion of runtime path of "/home/aalonso/Personal/ros2_ws/src/install/msgs_control/lib/libmsgs_control__rosidl_generator_py.so" to ""\n'}
[4.200381] (msgs_control) StdoutLine: {'line': b'-- Installing: /home/aalonso/Personal/ros2_ws/src/install/msgs_control/share/msgs_control/srv/SimPID.idl\n'}
[4.200432] (msgs_control) StdoutLine: {'line': b'-- Installing: /home/aalonso/Personal/ros2_ws/src/install/msgs_control/share/msgs_control/srv/SimPID.srv\n'}
[4.200550] (msgs_control) StdoutLine: {'line': b'-- Installing: /home/aalonso/Personal/ros2_ws/src/install/msgs_control/share/ament_index/resource_index/package_run_dependencies/msgs_control\n'}
[4.200806] (msgs_control) StdoutLine: {'line': b'-- Installing: /home/aalonso/Personal/ros2_ws/src/install/msgs_control/share/ament_index/resource_index/parent_prefix_path/msgs_control\n'}
[4.201049] (msgs_control) StdoutLine: {'line': b'-- Installing: /home/aalonso/Personal/ros2_ws/src/install/msgs_control/share/msgs_control/environment/ament_prefix_path.sh\n'}
[4.201144] (msgs_control) StdoutLine: {'line': b'-- Installing: /home/aalonso/Personal/ros2_ws/src/install/msgs_control/share/msgs_control/environment/ament_prefix_path.dsv\n'}
[4.201383] (msgs_control) StdoutLine: {'line': b'-- Installing: /home/aalonso/Personal/ros2_ws/src/install/msgs_control/share/msgs_control/environment/path.sh\n'}
[4.201577] (msgs_control) StdoutLine: {'line': b'-- Installing: /home/aalonso/Personal/ros2_ws/src/install/msgs_control/share/msgs_control/environment/path.dsv\n'}
[4.201628] (msgs_control) StdoutLine: {'line': b'-- Installing: /home/aalonso/Personal/ros2_ws/src/install/msgs_control/share/msgs_control/local_setup.bash\n'}
[4.201754] (msgs_control) StdoutLine: {'line': b'-- Installing: /home/aalonso/Personal/ros2_ws/src/install/msgs_control/share/msgs_control/local_setup.sh\n'}
[4.201875] (msgs_control) StdoutLine: {'line': b'-- Installing: /home/aalonso/Personal/ros2_ws/src/install/msgs_control/share/msgs_control/local_setup.zsh\n'}
[4.202038] (msgs_control) StdoutLine: {'line': b'-- Installing: /home/aalonso/Personal/ros2_ws/src/install/msgs_control/share/msgs_control/local_setup.dsv\n'}
[4.202253] (msgs_control) StdoutLine: {'line': b'-- Installing: /home/aalonso/Personal/ros2_ws/src/install/msgs_control/share/msgs_control/package.dsv\n'}
[4.202302] (msgs_control) StdoutLine: {'line': b'-- Installing: /home/aalonso/Personal/ros2_ws/src/install/msgs_control/share/ament_index/resource_index/packages/msgs_control\n'}
[4.202336] (msgs_control) StdoutLine: {'line': b'-- Installing: /home/aalonso/Personal/ros2_ws/src/install/msgs_control/share/msgs_control/cmake/export_msgs_control__rosidl_generator_cExport.cmake\n'}
[4.202429] (msgs_control) StdoutLine: {'line': b'-- Installing: /home/aalonso/Personal/ros2_ws/src/install/msgs_control/share/msgs_control/cmake/export_msgs_control__rosidl_generator_cExport-noconfig.cmake\n'}
[4.202659] (msgs_control) StdoutLine: {'line': b'-- Installing: /home/aalonso/Personal/ros2_ws/src/install/msgs_control/share/msgs_control/cmake/export_msgs_control__rosidl_typesupport_fastrtps_cExport.cmake\n'}
[4.202810] (msgs_control) StdoutLine: {'line': b'-- Installing: /home/aalonso/Personal/ros2_ws/src/install/msgs_control/share/msgs_control/cmake/export_msgs_control__rosidl_typesupport_fastrtps_cExport-noconfig.cmake\n'}
[4.203042] (msgs_control) StdoutLine: {'line': b'-- Installing: /home/aalonso/Personal/ros2_ws/src/install/msgs_control/share/msgs_control/cmake/msgs_control__rosidl_typesupport_introspection_cExport.cmake\n'}
[4.203098] (msgs_control) StdoutLine: {'line': b'-- Installing: /home/aalonso/Personal/ros2_ws/src/install/msgs_control/share/msgs_control/cmake/msgs_control__rosidl_typesupport_introspection_cExport-noconfig.cmake\n'}
[4.203198] (msgs_control) StdoutLine: {'line': b'-- Installing: /home/aalonso/Personal/ros2_ws/src/install/msgs_control/share/msgs_control/cmake/msgs_control__rosidl_typesupport_cExport.cmake\n'}
[4.203342] (msgs_control) StdoutLine: {'line': b'-- Installing: /home/aalonso/Personal/ros2_ws/src/install/msgs_control/share/msgs_control/cmake/msgs_control__rosidl_typesupport_cExport-noconfig.cmake\n'}
[4.203462] (msgs_control) StdoutLine: {'line': b'-- Installing: /home/aalonso/Personal/ros2_ws/src/install/msgs_control/share/msgs_control/cmake/export_msgs_control__rosidl_generator_cppExport.cmake\n'}
[4.203628] (msgs_control) StdoutLine: {'line': b'-- Installing: /home/aalonso/Personal/ros2_ws/src/install/msgs_control/share/msgs_control/cmake/export_msgs_control__rosidl_typesupport_fastrtps_cppExport.cmake\n'}
[4.203673] (msgs_control) StdoutLine: {'line': b'-- Installing: /home/aalonso/Personal/ros2_ws/src/install/msgs_control/share/msgs_control/cmake/export_msgs_control__rosidl_typesupport_fastrtps_cppExport-noconfig.cmake\n'}
[4.203789] (msgs_control) StdoutLine: {'line': b'-- Installing: /home/aalonso/Personal/ros2_ws/src/install/msgs_control/share/msgs_control/cmake/msgs_control__rosidl_typesupport_introspection_cppExport.cmake\n'}
[4.203907] (msgs_control) StdoutLine: {'line': b'-- Installing: /home/aalonso/Personal/ros2_ws/src/install/msgs_control/share/msgs_control/cmake/msgs_control__rosidl_typesupport_introspection_cppExport-noconfig.cmake\n'}
[4.204077] (msgs_control) StdoutLine: {'line': b'-- Installing: /home/aalonso/Personal/ros2_ws/src/install/msgs_control/share/msgs_control/cmake/msgs_control__rosidl_typesupport_cppExport.cmake\n'}
[4.204196] (msgs_control) StdoutLine: {'line': b'-- Installing: /home/aalonso/Personal/ros2_ws/src/install/msgs_control/share/msgs_control/cmake/msgs_control__rosidl_typesupport_cppExport-noconfig.cmake\n'}
[4.204406] (msgs_control) StdoutLine: {'line': b'-- Installing: /home/aalonso/Personal/ros2_ws/src/install/msgs_control/share/msgs_control/cmake/export_msgs_control__rosidl_generator_pyExport.cmake\n'}
[4.204474] (msgs_control) StdoutLine: {'line': b'-- Installing: /home/aalonso/Personal/ros2_ws/src/install/msgs_control/share/msgs_control/cmake/export_msgs_control__rosidl_generator_pyExport-noconfig.cmake\n'}
[4.204510] (msgs_control) StdoutLine: {'line': b'-- Installing: /home/aalonso/Personal/ros2_ws/src/install/msgs_control/share/msgs_control/cmake/rosidl_cmake-extras.cmake\n'}
[4.204541] (msgs_control) StdoutLine: {'line': b'-- Installing: /home/aalonso/Personal/ros2_ws/src/install/msgs_control/share/msgs_control/cmake/ament_cmake_export_dependencies-extras.cmake\n'}
[4.204639] (msgs_control) StdoutLine: {'line': b'-- Installing: /home/aalonso/Personal/ros2_ws/src/install/msgs_control/share/msgs_control/cmake/ament_cmake_export_include_directories-extras.cmake\n'}
[4.204759] (msgs_control) StdoutLine: {'line': b'-- Installing: /home/aalonso/Personal/ros2_ws/src/install/msgs_control/share/msgs_control/cmake/ament_cmake_export_libraries-extras.cmake\n'}
[4.204977] (msgs_control) StdoutLine: {'line': b'-- Installing: /home/aalonso/Personal/ros2_ws/src/install/msgs_control/share/msgs_control/cmake/ament_cmake_export_targets-extras.cmake\n'}
[4.205031] (msgs_control) StdoutLine: {'line': b'-- Installing: /home/aalonso/Personal/ros2_ws/src/install/msgs_control/share/msgs_control/cmake/rosidl_cmake_export_typesupport_targets-extras.cmake\n'}
[4.205066] (msgs_control) StdoutLine: {'line': b'-- Installing: /home/aalonso/Personal/ros2_ws/src/install/msgs_control/share/msgs_control/cmake/rosidl_cmake_export_typesupport_libraries-extras.cmake\n'}
[4.205096] (msgs_control) StdoutLine: {'line': b'-- Installing: /home/aalonso/Personal/ros2_ws/src/install/msgs_control/share/msgs_control/cmake/msgs_controlConfig.cmake\n'}
[4.205128] (msgs_control) StdoutLine: {'line': b'-- Installing: /home/aalonso/Personal/ros2_ws/src/install/msgs_control/share/msgs_control/cmake/msgs_controlConfig-version.cmake\n'}
[4.205156] (msgs_control) StdoutLine: {'line': b'-- Installing: /home/aalonso/Personal/ros2_ws/src/install/msgs_control/share/msgs_control/package.xml\n'}
[4.206636] (msgs_control) CommandEnded: {'returncode': 0}
[4.207135] (-) TimerEvent: {}
[4.221588] (msgs_control) JobEnded: {'identifier': 'msgs_control', 'rc': 0}
[4.222389] (-) EventReactorShutdown: {}
