[0.106s] DEBUG:colcon:Command line arguments: ['/home/aalonso/ros2_py310_env/bin/colcon', 'build']
[0.106s] DEBUG:colcon:Parsed command line arguments: Namespace(log_base=None, log_level=None, verb_name='build', build_base='build', install_base='install', merge_install=False, symlink_install=False, test_result_base=None, continue_on_error=False, executor='parallel', parallel_workers=16, event_handlers=None, ignore_user_meta=False, metas=['./colcon.meta'], base_paths=['.'], packages_ignore=None, packages_ignore_regex=None, paths=None, packages_up_to=None, packages_up_to_regex=None, packages_above=None, packages_above_and_dependencies=None, packages_above_depth=None, packages_select_by_dep=None, packages_skip_by_dep=None, packages_skip_up_to=None, packages_select_build_failed=False, packages_skip_build_finished=False, packages_select_test_failures=False, packages_skip_test_passed=False, packages_select=None, packages_skip=None, packages_select_regex=None, packages_skip_regex=None, packages_start=None, packages_end=None, cmake_args=None, cmake_target=None, cmake_target_skip_unavailable=False, cmake_clean_cache=False, cmake_clean_first=False, cmake_force_configure=False, ament_cmake_args=None, catkin_cmake_args=None, catkin_skip_building_tests=False, verb_parser=<colcon_defaults.argument_parser.defaults.DefaultArgumentsDecorator object at 0x7fcc8fa58640>, verb_extension=<colcon_core.verb.build.BuildVerb object at 0x7fcc8fd15ba0>, main=<bound method BuildVerb.main of <colcon_core.verb.build.BuildVerb object at 0x7fcc8fd15ba0>>)
[0.129s] Level 1:colcon.colcon_core.package_discovery:discover_packages(colcon_meta) check parameters
[0.129s] Level 1:colcon.colcon_core.package_discovery:discover_packages(recursive) check parameters
[0.129s] Level 1:colcon.colcon_core.package_discovery:discover_packages(ignore) check parameters
[0.129s] Level 1:colcon.colcon_core.package_discovery:discover_packages(path) check parameters
[0.129s] Level 1:colcon.colcon_core.package_discovery:discover_packages(colcon_meta) discover
[0.129s] Level 1:colcon.colcon_core.package_discovery:discover_packages(recursive) discover
[0.129s] INFO:colcon.colcon_core.package_discovery:Crawling recursively for packages in '/home/aalonso/Personal/ros2_ws/src'
[0.129s] Level 1:colcon.colcon_core.package_identification:_identify(.) by extensions ['ignore', 'ignore_ament_install']
[0.129s] Level 1:colcon.colcon_core.package_identification:_identify(.) by extension 'ignore'
[0.129s] Level 1:colcon.colcon_core.package_identification:_identify(.) by extension 'ignore_ament_install'
[0.129s] Level 1:colcon.colcon_core.package_identification:_identify(.) by extensions ['colcon_pkg']
[0.129s] Level 1:colcon.colcon_core.package_identification:_identify(.) by extension 'colcon_pkg'
[0.129s] Level 1:colcon.colcon_core.package_identification:_identify(.) by extensions ['colcon_meta']
[0.129s] Level 1:colcon.colcon_core.package_identification:_identify(.) by extension 'colcon_meta'
[0.129s] Level 1:colcon.colcon_core.package_identification:_identify(.) by extensions ['ros']
[0.129s] Level 1:colcon.colcon_core.package_identification:_identify(.) by extension 'ros'
[0.143s] Level 1:colcon.colcon_core.package_identification:_identify(.) by extensions ['cmake', 'python']
[0.143s] Level 1:colcon.colcon_core.package_identification:_identify(.) by extension 'cmake'
[0.143s] Level 1:colcon.colcon_core.package_identification:_identify(.) by extension 'python'
[0.143s] Level 1:colcon.colcon_core.package_identification:_identify(.) by extensions ['python_setup_py']
[0.143s] Level 1:colcon.colcon_core.package_identification:_identify(.) by extension 'python_setup_py'
[0.143s] Level 1:colcon.colcon_core.package_identification:_identify(build) by extensions ['ignore', 'ignore_ament_install']
[0.143s] Level 1:colcon.colcon_core.package_identification:_identify(build) by extension 'ignore'
[0.143s] Level 1:colcon.colcon_core.package_identification:_identify(build) ignored
[0.143s] Level 1:colcon.colcon_core.package_identification:_identify(install) by extensions ['ignore', 'ignore_ament_install']
[0.143s] Level 1:colcon.colcon_core.package_identification:_identify(install) by extension 'ignore'
[0.143s] Level 1:colcon.colcon_core.package_identification:_identify(install) ignored
[0.143s] Level 1:colcon.colcon_core.package_identification:_identify(log) by extensions ['ignore', 'ignore_ament_install']
[0.143s] Level 1:colcon.colcon_core.package_identification:_identify(log) by extension 'ignore'
[0.143s] Level 1:colcon.colcon_core.package_identification:_identify(log) ignored
[0.143s] Level 1:colcon.colcon_core.package_identification:_identify(msgs_control) by extensions ['ignore', 'ignore_ament_install']
[0.143s] Level 1:colcon.colcon_core.package_identification:_identify(msgs_control) by extension 'ignore'
[0.143s] Level 1:colcon.colcon_core.package_identification:_identify(msgs_control) by extension 'ignore_ament_install'
[0.143s] Level 1:colcon.colcon_core.package_identification:_identify(msgs_control) by extensions ['colcon_pkg']
[0.143s] Level 1:colcon.colcon_core.package_identification:_identify(msgs_control) by extension 'colcon_pkg'
[0.143s] Level 1:colcon.colcon_core.package_identification:_identify(msgs_control) by extensions ['colcon_meta']
[0.143s] Level 1:colcon.colcon_core.package_identification:_identify(msgs_control) by extension 'colcon_meta'
[0.143s] Level 1:colcon.colcon_core.package_identification:_identify(msgs_control) by extensions ['ros']
[0.143s] Level 1:colcon.colcon_core.package_identification:_identify(msgs_control) by extension 'ros'
[0.145s] DEBUG:colcon.colcon_core.package_identification:Package 'msgs_control' with type 'ros.ament_cmake' and name 'msgs_control'
[0.145s] Level 1:colcon.colcon_core.package_identification:_identify(pid_genetic_tuner) by extensions ['ignore', 'ignore_ament_install']
[0.145s] Level 1:colcon.colcon_core.package_identification:_identify(pid_genetic_tuner) by extension 'ignore'
[0.145s] Level 1:colcon.colcon_core.package_identification:_identify(pid_genetic_tuner) by extension 'ignore_ament_install'
[0.145s] Level 1:colcon.colcon_core.package_identification:_identify(pid_genetic_tuner) by extensions ['colcon_pkg']
[0.145s] Level 1:colcon.colcon_core.package_identification:_identify(pid_genetic_tuner) by extension 'colcon_pkg'
[0.145s] Level 1:colcon.colcon_core.package_identification:_identify(pid_genetic_tuner) by extensions ['colcon_meta']
[0.145s] Level 1:colcon.colcon_core.package_identification:_identify(pid_genetic_tuner) by extension 'colcon_meta'
[0.145s] Level 1:colcon.colcon_core.package_identification:_identify(pid_genetic_tuner) by extensions ['ros']
[0.145s] Level 1:colcon.colcon_core.package_identification:_identify(pid_genetic_tuner) by extension 'ros'
[0.145s] DEBUG:colcon.colcon_core.package_identification:Package 'pid_genetic_tuner' with type 'ros.ament_python' and name 'pid_genetic_tuner'
[0.145s] Level 1:colcon.colcon_core.package_identification:_identify(sim_pkg) by extensions ['ignore', 'ignore_ament_install']
[0.145s] Level 1:colcon.colcon_core.package_identification:_identify(sim_pkg) by extension 'ignore'
[0.146s] Level 1:colcon.colcon_core.package_identification:_identify(sim_pkg) by extension 'ignore_ament_install'
[0.146s] Level 1:colcon.colcon_core.package_identification:_identify(sim_pkg) by extensions ['colcon_pkg']
[0.146s] Level 1:colcon.colcon_core.package_identification:_identify(sim_pkg) by extension 'colcon_pkg'
[0.146s] Level 1:colcon.colcon_core.package_identification:_identify(sim_pkg) by extensions ['colcon_meta']
[0.146s] Level 1:colcon.colcon_core.package_identification:_identify(sim_pkg) by extension 'colcon_meta'
[0.146s] Level 1:colcon.colcon_core.package_identification:_identify(sim_pkg) by extensions ['ros']
[0.146s] Level 1:colcon.colcon_core.package_identification:_identify(sim_pkg) by extension 'ros'
[0.146s] DEBUG:colcon.colcon_core.package_identification:Package 'sim_pkg' with type 'ros.ament_python' and name 'sim_pkg'
[0.146s] Level 1:colcon.colcon_core.package_discovery:discover_packages(recursive) using defaults
[0.146s] Level 1:colcon.colcon_core.package_discovery:discover_packages(ignore) discover
[0.146s] Level 1:colcon.colcon_core.package_discovery:discover_packages(ignore) using defaults
[0.146s] Level 1:colcon.colcon_core.package_discovery:discover_packages(path) discover
[0.146s] Level 1:colcon.colcon_core.package_discovery:discover_packages(path) using defaults
[0.157s] Level 5:colcon.colcon_core.verb:set package 'msgs_control' build argument 'cmake_args' from command line to 'None'
[0.157s] Level 5:colcon.colcon_core.verb:set package 'msgs_control' build argument 'cmake_target' from command line to 'None'
[0.157s] Level 5:colcon.colcon_core.verb:set package 'msgs_control' build argument 'cmake_target_skip_unavailable' from command line to 'False'
[0.157s] Level 5:colcon.colcon_core.verb:set package 'msgs_control' build argument 'cmake_clean_cache' from command line to 'False'
[0.157s] Level 5:colcon.colcon_core.verb:set package 'msgs_control' build argument 'cmake_clean_first' from command line to 'False'
[0.157s] Level 5:colcon.colcon_core.verb:set package 'msgs_control' build argument 'cmake_force_configure' from command line to 'False'
[0.157s] Level 5:colcon.colcon_core.verb:set package 'msgs_control' build argument 'ament_cmake_args' from command line to 'None'
[0.157s] Level 5:colcon.colcon_core.verb:set package 'msgs_control' build argument 'catkin_cmake_args' from command line to 'None'
[0.157s] Level 5:colcon.colcon_core.verb:set package 'msgs_control' build argument 'catkin_skip_building_tests' from command line to 'False'
[0.157s] DEBUG:colcon.colcon_core.verb:Building package 'msgs_control' with the following arguments: {'ament_cmake_args': None, 'build_base': '/home/aalonso/Personal/ros2_ws/src/build/msgs_control', 'catkin_cmake_args': None, 'catkin_skip_building_tests': False, 'cmake_args': None, 'cmake_clean_cache': False, 'cmake_clean_first': False, 'cmake_force_configure': False, 'cmake_target': None, 'cmake_target_skip_unavailable': False, 'install_base': '/home/aalonso/Personal/ros2_ws/src/install/msgs_control', 'merge_install': False, 'path': '/home/aalonso/Personal/ros2_ws/src/msgs_control', 'symlink_install': False, 'test_result_base': None}
[0.157s] Level 5:colcon.colcon_core.verb:set package 'pid_genetic_tuner' build argument 'cmake_args' from command line to 'None'
[0.157s] Level 5:colcon.colcon_core.verb:set package 'pid_genetic_tuner' build argument 'cmake_target' from command line to 'None'
[0.157s] Level 5:colcon.colcon_core.verb:set package 'pid_genetic_tuner' build argument 'cmake_target_skip_unavailable' from command line to 'False'
[0.157s] Level 5:colcon.colcon_core.verb:set package 'pid_genetic_tuner' build argument 'cmake_clean_cache' from command line to 'False'
[0.157s] Level 5:colcon.colcon_core.verb:set package 'pid_genetic_tuner' build argument 'cmake_clean_first' from command line to 'False'
[0.157s] Level 5:colcon.colcon_core.verb:set package 'pid_genetic_tuner' build argument 'cmake_force_configure' from command line to 'False'
[0.157s] Level 5:colcon.colcon_core.verb:set package 'pid_genetic_tuner' build argument 'ament_cmake_args' from command line to 'None'
[0.157s] Level 5:colcon.colcon_core.verb:set package 'pid_genetic_tuner' build argument 'catkin_cmake_args' from command line to 'None'
[0.157s] Level 5:colcon.colcon_core.verb:set package 'pid_genetic_tuner' build argument 'catkin_skip_building_tests' from command line to 'False'
[0.157s] DEBUG:colcon.colcon_core.verb:Building package 'pid_genetic_tuner' with the following arguments: {'ament_cmake_args': None, 'build_base': '/home/aalonso/Personal/ros2_ws/src/build/pid_genetic_tuner', 'catkin_cmake_args': None, 'catkin_skip_building_tests': False, 'cmake_args': None, 'cmake_clean_cache': False, 'cmake_clean_first': False, 'cmake_force_configure': False, 'cmake_target': None, 'cmake_target_skip_unavailable': False, 'install_base': '/home/aalonso/Personal/ros2_ws/src/install/pid_genetic_tuner', 'merge_install': False, 'path': '/home/aalonso/Personal/ros2_ws/src/pid_genetic_tuner', 'symlink_install': False, 'test_result_base': None}
[0.157s] Level 5:colcon.colcon_core.verb:set package 'sim_pkg' build argument 'cmake_args' from command line to 'None'
[0.157s] Level 5:colcon.colcon_core.verb:set package 'sim_pkg' build argument 'cmake_target' from command line to 'None'
[0.157s] Level 5:colcon.colcon_core.verb:set package 'sim_pkg' build argument 'cmake_target_skip_unavailable' from command line to 'False'
[0.157s] Level 5:colcon.colcon_core.verb:set package 'sim_pkg' build argument 'cmake_clean_cache' from command line to 'False'
[0.157s] Level 5:colcon.colcon_core.verb:set package 'sim_pkg' build argument 'cmake_clean_first' from command line to 'False'
[0.157s] Level 5:colcon.colcon_core.verb:set package 'sim_pkg' build argument 'cmake_force_configure' from command line to 'False'
[0.157s] Level 5:colcon.colcon_core.verb:set package 'sim_pkg' build argument 'ament_cmake_args' from command line to 'None'
[0.157s] Level 5:colcon.colcon_core.verb:set package 'sim_pkg' build argument 'catkin_cmake_args' from command line to 'None'
[0.157s] Level 5:colcon.colcon_core.verb:set package 'sim_pkg' build argument 'catkin_skip_building_tests' from command line to 'False'
[0.157s] DEBUG:colcon.colcon_core.verb:Building package 'sim_pkg' with the following arguments: {'ament_cmake_args': None, 'build_base': '/home/aalonso/Personal/ros2_ws/src/build/sim_pkg', 'catkin_cmake_args': None, 'catkin_skip_building_tests': False, 'cmake_args': None, 'cmake_clean_cache': False, 'cmake_clean_first': False, 'cmake_force_configure': False, 'cmake_target': None, 'cmake_target_skip_unavailable': False, 'install_base': '/home/aalonso/Personal/ros2_ws/src/install/sim_pkg', 'merge_install': False, 'path': '/home/aalonso/Personal/ros2_ws/src/sim_pkg', 'symlink_install': False, 'test_result_base': None}
[0.158s] INFO:colcon.colcon_core.executor:Executing jobs using 'parallel' executor
[0.158s] DEBUG:colcon.colcon_parallel_executor.executor.parallel:run_until_complete
[0.158s] INFO:colcon.colcon_ros.task.ament_cmake.build:Building ROS package in '/home/aalonso/Personal/ros2_ws/src/msgs_control' with build type 'ament_cmake'
[0.159s] INFO:colcon.colcon_cmake.task.cmake.build:Building CMake package in '/home/aalonso/Personal/ros2_ws/src/msgs_control'
[0.160s] INFO:colcon.colcon_core.plugin_system:Skipping extension 'colcon_core.shell.bat': Not used on non-Windows systems
[0.161s] INFO:colcon.colcon_core.shell:Skip shell extension 'powershell' for command environment: Not usable outside of PowerShell
[0.161s] DEBUG:colcon.colcon_core.shell:Skip shell extension 'dsv' for command environment
[0.161s] WARNING:colcon.colcon_ros.prefix_path.ament:The path '/home/aalonso/Personal/ros2_ws/src/install/sim_pkg' in the environment variable AMENT_PREFIX_PATH doesn't exist
[0.161s] WARNING:colcon.colcon_ros.prefix_path.ament:The path '/home/aalonso/Personal/ros2_ws/src/install/pid_genetic_tuner' in the environment variable AMENT_PREFIX_PATH doesn't exist
[0.161s] WARNING:colcon.colcon_ros.prefix_path.ament:The path '/home/aalonso/Personal/ros2_ws/src/install/msgs_control' in the environment variable AMENT_PREFIX_PATH doesn't exist
[0.161s] WARNING:colcon.colcon_ros.prefix_path.catkin:The path '/home/aalonso/Personal/ros2_ws/src/install/msgs_control' in the environment variable CMAKE_PREFIX_PATH doesn't exist
[0.164s] INFO:colcon.colcon_ros.task.ament_python.build:Building ROS package in '/home/aalonso/Personal/ros2_ws/src/pid_genetic_tuner' with build type 'ament_python'
[0.164s] Level 1:colcon.colcon_core.shell:create_environment_hook('pid_genetic_tuner', 'ament_prefix_path')
[0.164s] INFO:colcon.colcon_core.shell:Creating environment hook '/home/aalonso/Personal/ros2_ws/src/install/pid_genetic_tuner/share/pid_genetic_tuner/hook/ament_prefix_path.ps1'
[0.165s] INFO:colcon.colcon_core.shell:Creating environment descriptor '/home/aalonso/Personal/ros2_ws/src/install/pid_genetic_tuner/share/pid_genetic_tuner/hook/ament_prefix_path.dsv'
[0.166s] INFO:colcon.colcon_core.shell:Creating environment hook '/home/aalonso/Personal/ros2_ws/src/install/pid_genetic_tuner/share/pid_genetic_tuner/hook/ament_prefix_path.sh'
[0.167s] INFO:colcon.colcon_core.shell:Skip shell extension 'powershell' for command environment: Not usable outside of PowerShell
[0.167s] DEBUG:colcon.colcon_core.shell:Skip shell extension 'dsv' for command environment
[0.169s] INFO:colcon.colcon_ros.task.ament_python.build:Building ROS package in '/home/aalonso/Personal/ros2_ws/src/sim_pkg' with build type 'ament_python'
[0.169s] Level 1:colcon.colcon_core.shell:create_environment_hook('sim_pkg', 'ament_prefix_path')
[0.169s] INFO:colcon.colcon_core.shell:Creating environment hook '/home/aalonso/Personal/ros2_ws/src/install/sim_pkg/share/sim_pkg/hook/ament_prefix_path.ps1'
[0.170s] INFO:colcon.colcon_core.shell:Creating environment descriptor '/home/aalonso/Personal/ros2_ws/src/install/sim_pkg/share/sim_pkg/hook/ament_prefix_path.dsv'
[0.171s] INFO:colcon.colcon_core.shell:Creating environment hook '/home/aalonso/Personal/ros2_ws/src/install/sim_pkg/share/sim_pkg/hook/ament_prefix_path.sh'
[0.171s] INFO:colcon.colcon_core.shell:Skip shell extension 'powershell' for command environment: Not usable outside of PowerShell
[0.171s] DEBUG:colcon.colcon_core.shell:Skip shell extension 'dsv' for command environment
[0.179s] DEBUG:colcon.colcon_core.event_handler.log_command:Invoking command in '/home/aalonso/Personal/ros2_ws/src/build/msgs_control': CMAKE_PREFIX_PATH=${CMAKE_PREFIX_PATH}:/home/aalonso/Personal/ros2_ws/install/sim_pkg:/home/aalonso/Personal/ros2_ws/install/pid_genetic_tuner:/home/aalonso/Personal/ros2_ws/src/install/sim_pkg:/home/aalonso/Personal/ros2_ws/src/install/pid_genetic_tuner:/opt/ros/jazzy VIRTUAL_ENV_PROMPT=(ros2_py310_env) /usr/bin/cmake /home/aalonso/Personal/ros2_ws/src/msgs_control -DCMAKE_INSTALL_PREFIX=/home/aalonso/Personal/ros2_ws/src/install/msgs_control
[0.287s] INFO:colcon.colcon_core.task.python.build:Building Python package in '/home/aalonso/Personal/ros2_ws/src/pid_genetic_tuner'
[0.287s] INFO:colcon.colcon_core.shell:Skip shell extension 'powershell' for command environment: Not usable outside of PowerShell
[0.287s] DEBUG:colcon.colcon_core.shell:Skip shell extension 'dsv' for command environment
[0.400s] INFO:colcon.colcon_core.task.python.build:Building Python package in '/home/aalonso/Personal/ros2_ws/src/sim_pkg'
[0.400s] INFO:colcon.colcon_core.shell:Skip shell extension 'powershell' for command environment: Not usable outside of PowerShell
[0.400s] DEBUG:colcon.colcon_core.shell:Skip shell extension 'dsv' for command environment
[0.643s] DEBUG:colcon.colcon_core.event_handler.log_command:Invoking command in '/home/aalonso/Personal/ros2_ws/src/pid_genetic_tuner': PYTHONPATH=/home/aalonso/Personal/ros2_ws/src/build/pid_genetic_tuner/prefix_override:/home/aalonso/ros2_py310_env/lib/python3.10/site-packages/colcon_core/task/python/colcon_distutils_commands:/home/aalonso/Personal/ros2_ws/src/install/pid_genetic_tuner/lib/python3.10/site-packages:${PYTHONPATH} VIRTUAL_ENV_PROMPT=(ros2_py310_env) /home/aalonso/ros2_py310_env/bin/python3.10 -W ignore:setup.py install is deprecated -W ignore:easy_install command is deprecated setup.py egg_info --egg-base ../build/pid_genetic_tuner build --build-base /home/aalonso/Personal/ros2_ws/src/build/pid_genetic_tuner/build install --record /home/aalonso/Personal/ros2_ws/src/build/pid_genetic_tuner/install.log --single-version-externally-managed install_data
[0.650s] DEBUG:colcon.colcon_core.event_handler.log_command:Invoking command in '/home/aalonso/Personal/ros2_ws/src/sim_pkg': PYTHONPATH=/home/aalonso/Personal/ros2_ws/src/build/sim_pkg/prefix_override:/home/aalonso/ros2_py310_env/lib/python3.10/site-packages/colcon_core/task/python/colcon_distutils_commands:/home/aalonso/Personal/ros2_ws/src/install/sim_pkg/lib/python3.10/site-packages:${PYTHONPATH} VIRTUAL_ENV_PROMPT=(ros2_py310_env) /home/aalonso/ros2_py310_env/bin/python3.10 -W ignore:setup.py install is deprecated -W ignore:easy_install command is deprecated setup.py egg_info --egg-base ../build/sim_pkg build --build-base /home/aalonso/Personal/ros2_ws/src/build/sim_pkg/build install --record /home/aalonso/Personal/ros2_ws/src/build/sim_pkg/install.log --single-version-externally-managed install_data
[0.945s] DEBUG:colcon.colcon_core.event_handler.log_command:Invoked command in '/home/aalonso/Personal/ros2_ws/src/sim_pkg' returned '0': PYTHONPATH=/home/aalonso/Personal/ros2_ws/src/build/sim_pkg/prefix_override:/home/aalonso/ros2_py310_env/lib/python3.10/site-packages/colcon_core/task/python/colcon_distutils_commands:/home/aalonso/Personal/ros2_ws/src/install/sim_pkg/lib/python3.10/site-packages:${PYTHONPATH} VIRTUAL_ENV_PROMPT=(ros2_py310_env) /home/aalonso/ros2_py310_env/bin/python3.10 -W ignore:setup.py install is deprecated -W ignore:easy_install command is deprecated setup.py egg_info --egg-base ../build/sim_pkg build --build-base /home/aalonso/Personal/ros2_ws/src/build/sim_pkg/build install --record /home/aalonso/Personal/ros2_ws/src/build/sim_pkg/install.log --single-version-externally-managed install_data
[0.946s] Level 1:colcon.colcon_core.environment:checking '/home/aalonso/Personal/ros2_ws/src/install/sim_pkg' for CMake module files
[0.946s] Level 1:colcon.colcon_core.environment:checking '/home/aalonso/Personal/ros2_ws/src/install/sim_pkg' for CMake config files
[0.947s] Level 1:colcon.colcon_core.environment:checking '/home/aalonso/Personal/ros2_ws/src/install/sim_pkg/lib'
[0.947s] Level 1:colcon.colcon_core.environment:checking '/home/aalonso/Personal/ros2_ws/src/install/sim_pkg/bin'
[0.947s] Level 1:colcon.colcon_core.environment:checking '/home/aalonso/Personal/ros2_ws/src/install/sim_pkg/lib/pkgconfig/sim_pkg.pc'
[0.947s] Level 1:colcon.colcon_core.environment:checking '/home/aalonso/Personal/ros2_ws/src/install/sim_pkg/lib/python3.10/site-packages'
[0.947s] Level 1:colcon.colcon_core.shell:create_environment_hook('sim_pkg', 'pythonpath')
[0.947s] INFO:colcon.colcon_core.shell:Creating environment hook '/home/aalonso/Personal/ros2_ws/src/install/sim_pkg/share/sim_pkg/hook/pythonpath.ps1'
[0.948s] INFO:colcon.colcon_core.shell:Creating environment descriptor '/home/aalonso/Personal/ros2_ws/src/install/sim_pkg/share/sim_pkg/hook/pythonpath.dsv'
[0.948s] INFO:colcon.colcon_core.shell:Creating environment hook '/home/aalonso/Personal/ros2_ws/src/install/sim_pkg/share/sim_pkg/hook/pythonpath.sh'
[0.949s] Level 1:colcon.colcon_core.environment:checking '/home/aalonso/Personal/ros2_ws/src/install/sim_pkg/bin'
[0.949s] Level 1:colcon.colcon_core.environment:create_environment_scripts_only(sim_pkg)
[0.949s] INFO:colcon.colcon_core.shell:Creating package script '/home/aalonso/Personal/ros2_ws/src/install/sim_pkg/share/sim_pkg/package.ps1'
[0.950s] INFO:colcon.colcon_core.shell:Creating package descriptor '/home/aalonso/Personal/ros2_ws/src/install/sim_pkg/share/sim_pkg/package.dsv'
[0.951s] INFO:colcon.colcon_core.shell:Creating package script '/home/aalonso/Personal/ros2_ws/src/install/sim_pkg/share/sim_pkg/package.sh'
[0.952s] INFO:colcon.colcon_core.shell:Creating package script '/home/aalonso/Personal/ros2_ws/src/install/sim_pkg/share/sim_pkg/package.bash'
[0.953s] INFO:colcon.colcon_core.shell:Creating package script '/home/aalonso/Personal/ros2_ws/src/install/sim_pkg/share/sim_pkg/package.zsh'
[0.954s] Level 1:colcon.colcon_core.environment:create_file_with_runtime_dependencies(/home/aalonso/Personal/ros2_ws/src/install/sim_pkg/share/colcon-core/packages/sim_pkg)
[0.968s] Level 1:colcon.colcon_core.environment:checking '/home/aalonso/Personal/ros2_ws/src/install/pid_genetic_tuner' for CMake module files
[0.968s] DEBUG:colcon.colcon_core.event_handler.log_command:Invoked command in '/home/aalonso/Personal/ros2_ws/src/pid_genetic_tuner' returned '0': PYTHONPATH=/home/aalonso/Personal/ros2_ws/src/build/pid_genetic_tuner/prefix_override:/home/aalonso/ros2_py310_env/lib/python3.10/site-packages/colcon_core/task/python/colcon_distutils_commands:/home/aalonso/Personal/ros2_ws/src/install/pid_genetic_tuner/lib/python3.10/site-packages:${PYTHONPATH} VIRTUAL_ENV_PROMPT=(ros2_py310_env) /home/aalonso/ros2_py310_env/bin/python3.10 -W ignore:setup.py install is deprecated -W ignore:easy_install command is deprecated setup.py egg_info --egg-base ../build/pid_genetic_tuner build --build-base /home/aalonso/Personal/ros2_ws/src/build/pid_genetic_tuner/build install --record /home/aalonso/Personal/ros2_ws/src/build/pid_genetic_tuner/install.log --single-version-externally-managed install_data
[0.968s] Level 1:colcon.colcon_core.environment:checking '/home/aalonso/Personal/ros2_ws/src/install/pid_genetic_tuner' for CMake config files
[0.969s] Level 1:colcon.colcon_core.environment:checking '/home/aalonso/Personal/ros2_ws/src/install/pid_genetic_tuner/lib'
[0.969s] Level 1:colcon.colcon_core.environment:checking '/home/aalonso/Personal/ros2_ws/src/install/pid_genetic_tuner/bin'
[0.969s] Level 1:colcon.colcon_core.environment:checking '/home/aalonso/Personal/ros2_ws/src/install/pid_genetic_tuner/lib/pkgconfig/pid_genetic_tuner.pc'
[0.969s] Level 1:colcon.colcon_core.environment:checking '/home/aalonso/Personal/ros2_ws/src/install/pid_genetic_tuner/lib/python3.10/site-packages'
[0.969s] Level 1:colcon.colcon_core.shell:create_environment_hook('pid_genetic_tuner', 'pythonpath')
[0.969s] INFO:colcon.colcon_core.shell:Creating environment hook '/home/aalonso/Personal/ros2_ws/src/install/pid_genetic_tuner/share/pid_genetic_tuner/hook/pythonpath.ps1'
[0.970s] INFO:colcon.colcon_core.shell:Creating environment descriptor '/home/aalonso/Personal/ros2_ws/src/install/pid_genetic_tuner/share/pid_genetic_tuner/hook/pythonpath.dsv'
[0.970s] INFO:colcon.colcon_core.shell:Creating environment hook '/home/aalonso/Personal/ros2_ws/src/install/pid_genetic_tuner/share/pid_genetic_tuner/hook/pythonpath.sh'
[0.970s] Level 1:colcon.colcon_core.environment:checking '/home/aalonso/Personal/ros2_ws/src/install/pid_genetic_tuner/bin'
[0.970s] Level 1:colcon.colcon_core.environment:create_environment_scripts_only(pid_genetic_tuner)
[0.971s] INFO:colcon.colcon_core.shell:Creating package script '/home/aalonso/Personal/ros2_ws/src/install/pid_genetic_tuner/share/pid_genetic_tuner/package.ps1'
[0.971s] INFO:colcon.colcon_core.shell:Creating package descriptor '/home/aalonso/Personal/ros2_ws/src/install/pid_genetic_tuner/share/pid_genetic_tuner/package.dsv'
[0.971s] INFO:colcon.colcon_core.shell:Creating package script '/home/aalonso/Personal/ros2_ws/src/install/pid_genetic_tuner/share/pid_genetic_tuner/package.sh'
[0.972s] INFO:colcon.colcon_core.shell:Creating package script '/home/aalonso/Personal/ros2_ws/src/install/pid_genetic_tuner/share/pid_genetic_tuner/package.bash'
[0.972s] INFO:colcon.colcon_core.shell:Creating package script '/home/aalonso/Personal/ros2_ws/src/install/pid_genetic_tuner/share/pid_genetic_tuner/package.zsh'
[0.972s] Level 1:colcon.colcon_core.environment:create_file_with_runtime_dependencies(/home/aalonso/Personal/ros2_ws/src/install/pid_genetic_tuner/share/colcon-core/packages/pid_genetic_tuner)
[2.413s] DEBUG:colcon.colcon_core.event_handler.log_command:Invoked command in '/home/aalonso/Personal/ros2_ws/src/build/msgs_control' returned '0': CMAKE_PREFIX_PATH=${CMAKE_PREFIX_PATH}:/home/aalonso/Personal/ros2_ws/install/sim_pkg:/home/aalonso/Personal/ros2_ws/install/pid_genetic_tuner:/home/aalonso/Personal/ros2_ws/src/install/sim_pkg:/home/aalonso/Personal/ros2_ws/src/install/pid_genetic_tuner:/opt/ros/jazzy VIRTUAL_ENV_PROMPT=(ros2_py310_env) /usr/bin/cmake /home/aalonso/Personal/ros2_ws/src/msgs_control -DCMAKE_INSTALL_PREFIX=/home/aalonso/Personal/ros2_ws/src/install/msgs_control
[2.415s] DEBUG:colcon.colcon_core.event_handler.log_command:Invoking command in '/home/aalonso/Personal/ros2_ws/src/build/msgs_control': CMAKE_PREFIX_PATH=${CMAKE_PREFIX_PATH}:/home/aalonso/Personal/ros2_ws/install/sim_pkg:/home/aalonso/Personal/ros2_ws/install/pid_genetic_tuner:/home/aalonso/Personal/ros2_ws/src/install/sim_pkg:/home/aalonso/Personal/ros2_ws/src/install/pid_genetic_tuner:/opt/ros/jazzy VIRTUAL_ENV_PROMPT=(ros2_py310_env) /usr/bin/cmake --build /home/aalonso/Personal/ros2_ws/src/build/msgs_control -- -j16 -l16
[4.311s] DEBUG:colcon.colcon_core.event_handler.log_command:Invoked command in '/home/aalonso/Personal/ros2_ws/src/build/msgs_control' returned '0': CMAKE_PREFIX_PATH=${CMAKE_PREFIX_PATH}:/home/aalonso/Personal/ros2_ws/install/sim_pkg:/home/aalonso/Personal/ros2_ws/install/pid_genetic_tuner:/home/aalonso/Personal/ros2_ws/src/install/sim_pkg:/home/aalonso/Personal/ros2_ws/src/install/pid_genetic_tuner:/opt/ros/jazzy VIRTUAL_ENV_PROMPT=(ros2_py310_env) /usr/bin/cmake --build /home/aalonso/Personal/ros2_ws/src/build/msgs_control -- -j16 -l16
[4.317s] DEBUG:colcon.colcon_core.event_handler.log_command:Invoking command in '/home/aalonso/Personal/ros2_ws/src/build/msgs_control': CMAKE_PREFIX_PATH=${CMAKE_PREFIX_PATH}:/home/aalonso/Personal/ros2_ws/install/sim_pkg:/home/aalonso/Personal/ros2_ws/install/pid_genetic_tuner:/home/aalonso/Personal/ros2_ws/src/install/sim_pkg:/home/aalonso/Personal/ros2_ws/src/install/pid_genetic_tuner:/opt/ros/jazzy VIRTUAL_ENV_PROMPT=(ros2_py310_env) /usr/bin/cmake --install /home/aalonso/Personal/ros2_ws/src/build/msgs_control
[4.365s] Level 1:colcon.colcon_core.environment:create_environment_scripts_only(msgs_control)
[4.366s] DEBUG:colcon.colcon_core.event_handler.log_command:Invoked command in '/home/aalonso/Personal/ros2_ws/src/build/msgs_control' returned '0': CMAKE_PREFIX_PATH=${CMAKE_PREFIX_PATH}:/home/aalonso/Personal/ros2_ws/install/sim_pkg:/home/aalonso/Personal/ros2_ws/install/pid_genetic_tuner:/home/aalonso/Personal/ros2_ws/src/install/sim_pkg:/home/aalonso/Personal/ros2_ws/src/install/pid_genetic_tuner:/opt/ros/jazzy VIRTUAL_ENV_PROMPT=(ros2_py310_env) /usr/bin/cmake --install /home/aalonso/Personal/ros2_ws/src/build/msgs_control
[4.366s] Level 1:colcon.colcon_core.environment:checking '/home/aalonso/Personal/ros2_ws/src/install/msgs_control' for CMake module files
[4.367s] Level 1:colcon.colcon_core.environment:checking '/home/aalonso/Personal/ros2_ws/src/install/msgs_control' for CMake config files
[4.367s] Level 1:colcon.colcon_core.shell:create_environment_hook('msgs_control', 'cmake_prefix_path')
[4.367s] INFO:colcon.colcon_core.shell:Creating environment hook '/home/aalonso/Personal/ros2_ws/src/install/msgs_control/share/msgs_control/hook/cmake_prefix_path.ps1'
[4.367s] INFO:colcon.colcon_core.shell:Creating environment descriptor '/home/aalonso/Personal/ros2_ws/src/install/msgs_control/share/msgs_control/hook/cmake_prefix_path.dsv'
[4.368s] INFO:colcon.colcon_core.shell:Creating environment hook '/home/aalonso/Personal/ros2_ws/src/install/msgs_control/share/msgs_control/hook/cmake_prefix_path.sh'
[4.368s] Level 1:colcon.colcon_core.environment:checking '/home/aalonso/Personal/ros2_ws/src/install/msgs_control/lib'
[4.368s] Level 1:colcon.colcon_core.shell:create_environment_hook('msgs_control', 'ld_library_path_lib')
[4.368s] INFO:colcon.colcon_core.shell:Creating environment hook '/home/aalonso/Personal/ros2_ws/src/install/msgs_control/share/msgs_control/hook/ld_library_path_lib.ps1'
[4.369s] INFO:colcon.colcon_core.shell:Creating environment descriptor '/home/aalonso/Personal/ros2_ws/src/install/msgs_control/share/msgs_control/hook/ld_library_path_lib.dsv'
[4.369s] INFO:colcon.colcon_core.shell:Creating environment hook '/home/aalonso/Personal/ros2_ws/src/install/msgs_control/share/msgs_control/hook/ld_library_path_lib.sh'
[4.369s] Level 1:colcon.colcon_core.environment:checking '/home/aalonso/Personal/ros2_ws/src/install/msgs_control/bin'
[4.369s] Level 1:colcon.colcon_core.environment:checking '/home/aalonso/Personal/ros2_ws/src/install/msgs_control/lib/pkgconfig/msgs_control.pc'
[4.370s] Level 1:colcon.colcon_core.environment:checking '/home/aalonso/Personal/ros2_ws/src/install/msgs_control/lib/python3.10/site-packages'
[4.370s] Level 1:colcon.colcon_core.shell:create_environment_hook('msgs_control', 'pythonpath')
[4.370s] INFO:colcon.colcon_core.shell:Creating environment hook '/home/aalonso/Personal/ros2_ws/src/install/msgs_control/share/msgs_control/hook/pythonpath.ps1'
[4.370s] INFO:colcon.colcon_core.shell:Creating environment descriptor '/home/aalonso/Personal/ros2_ws/src/install/msgs_control/share/msgs_control/hook/pythonpath.dsv'
[4.371s] INFO:colcon.colcon_core.shell:Creating environment hook '/home/aalonso/Personal/ros2_ws/src/install/msgs_control/share/msgs_control/hook/pythonpath.sh'
[4.371s] Level 1:colcon.colcon_core.environment:checking '/home/aalonso/Personal/ros2_ws/src/install/msgs_control/bin'
[4.371s] INFO:colcon.colcon_core.shell:Creating package script '/home/aalonso/Personal/ros2_ws/src/install/msgs_control/share/msgs_control/package.ps1'
[4.372s] INFO:colcon.colcon_core.shell:Creating package descriptor '/home/aalonso/Personal/ros2_ws/src/install/msgs_control/share/msgs_control/package.dsv'
[4.372s] INFO:colcon.colcon_core.shell:Creating package script '/home/aalonso/Personal/ros2_ws/src/install/msgs_control/share/msgs_control/package.sh'
[4.372s] INFO:colcon.colcon_core.shell:Creating package script '/home/aalonso/Personal/ros2_ws/src/install/msgs_control/share/msgs_control/package.bash'
[4.373s] INFO:colcon.colcon_core.shell:Creating package script '/home/aalonso/Personal/ros2_ws/src/install/msgs_control/share/msgs_control/package.zsh'
[4.373s] Level 1:colcon.colcon_core.environment:create_file_with_runtime_dependencies(/home/aalonso/Personal/ros2_ws/src/install/msgs_control/share/colcon-core/packages/msgs_control)
[4.374s] Level 1:colcon.colcon_core.environment:create_environment_scripts_only(msgs_control)
[4.374s] Level 1:colcon.colcon_core.environment:checking '/home/aalonso/Personal/ros2_ws/src/install/msgs_control' for CMake module files
[4.374s] Level 1:colcon.colcon_core.environment:checking '/home/aalonso/Personal/ros2_ws/src/install/msgs_control' for CMake config files
[4.374s] Level 1:colcon.colcon_core.shell:create_environment_hook('msgs_control', 'cmake_prefix_path')
[4.374s] INFO:colcon.colcon_core.shell:Creating environment hook '/home/aalonso/Personal/ros2_ws/src/install/msgs_control/share/msgs_control/hook/cmake_prefix_path.ps1'
[4.375s] INFO:colcon.colcon_core.shell:Creating environment descriptor '/home/aalonso/Personal/ros2_ws/src/install/msgs_control/share/msgs_control/hook/cmake_prefix_path.dsv'
[4.375s] INFO:colcon.colcon_core.shell:Creating environment hook '/home/aalonso/Personal/ros2_ws/src/install/msgs_control/share/msgs_control/hook/cmake_prefix_path.sh'
[4.375s] Level 1:colcon.colcon_core.environment:checking '/home/aalonso/Personal/ros2_ws/src/install/msgs_control/lib'
[4.375s] Level 1:colcon.colcon_core.shell:create_environment_hook('msgs_control', 'ld_library_path_lib')
[4.376s] INFO:colcon.colcon_core.shell:Creating environment hook '/home/aalonso/Personal/ros2_ws/src/install/msgs_control/share/msgs_control/hook/ld_library_path_lib.ps1'
[4.376s] INFO:colcon.colcon_core.shell:Creating environment descriptor '/home/aalonso/Personal/ros2_ws/src/install/msgs_control/share/msgs_control/hook/ld_library_path_lib.dsv'
[4.376s] INFO:colcon.colcon_core.shell:Creating environment hook '/home/aalonso/Personal/ros2_ws/src/install/msgs_control/share/msgs_control/hook/ld_library_path_lib.sh'
[4.377s] Level 1:colcon.colcon_core.environment:checking '/home/aalonso/Personal/ros2_ws/src/install/msgs_control/bin'
[4.377s] Level 1:colcon.colcon_core.environment:checking '/home/aalonso/Personal/ros2_ws/src/install/msgs_control/lib/pkgconfig/msgs_control.pc'
[4.377s] Level 1:colcon.colcon_core.environment:checking '/home/aalonso/Personal/ros2_ws/src/install/msgs_control/lib/python3.10/site-packages'
[4.377s] Level 1:colcon.colcon_core.shell:create_environment_hook('msgs_control', 'pythonpath')
[4.377s] INFO:colcon.colcon_core.shell:Creating environment hook '/home/aalonso/Personal/ros2_ws/src/install/msgs_control/share/msgs_control/hook/pythonpath.ps1'
[4.377s] INFO:colcon.colcon_core.shell:Creating environment descriptor '/home/aalonso/Personal/ros2_ws/src/install/msgs_control/share/msgs_control/hook/pythonpath.dsv'
[4.377s] INFO:colcon.colcon_core.shell:Creating environment hook '/home/aalonso/Personal/ros2_ws/src/install/msgs_control/share/msgs_control/hook/pythonpath.sh'
[4.378s] Level 1:colcon.colcon_core.environment:checking '/home/aalonso/Personal/ros2_ws/src/install/msgs_control/bin'
[4.378s] INFO:colcon.colcon_core.shell:Creating package script '/home/aalonso/Personal/ros2_ws/src/install/msgs_control/share/msgs_control/package.ps1'
[4.378s] INFO:colcon.colcon_core.shell:Creating package descriptor '/home/aalonso/Personal/ros2_ws/src/install/msgs_control/share/msgs_control/package.dsv'
[4.379s] INFO:colcon.colcon_core.shell:Creating package script '/home/aalonso/Personal/ros2_ws/src/install/msgs_control/share/msgs_control/package.sh'
[4.379s] INFO:colcon.colcon_core.shell:Creating package script '/home/aalonso/Personal/ros2_ws/src/install/msgs_control/share/msgs_control/package.bash'
[4.380s] INFO:colcon.colcon_core.shell:Creating package script '/home/aalonso/Personal/ros2_ws/src/install/msgs_control/share/msgs_control/package.zsh'
[4.380s] Level 1:colcon.colcon_core.environment:create_file_with_runtime_dependencies(/home/aalonso/Personal/ros2_ws/src/install/msgs_control/share/colcon-core/packages/msgs_control)
[4.380s] DEBUG:colcon.colcon_parallel_executor.executor.parallel:closing loop
[4.381s] DEBUG:colcon.colcon_parallel_executor.executor.parallel:loop closed
[4.381s] DEBUG:colcon.colcon_parallel_executor.executor.parallel:run_until_complete finished with '0'
[4.381s] DEBUG:colcon.colcon_core.event_reactor:joining thread
[4.382s] INFO:colcon.colcon_core.plugin_system:Skipping extension 'colcon_notification.desktop_notification.notify2': 'notify2' not found
[4.399s] INFO:colcon.colcon_core.plugin_system:Skipping extension 'colcon_notification.desktop_notification.notify_send': Could not find 'notify-send'
[4.399s] INFO:colcon.colcon_core.plugin_system:Skipping extension 'colcon_notification.desktop_notification.terminal_notifier': Not used on non-Darwin systems
[4.399s] INFO:colcon.colcon_core.plugin_system:Skipping extension 'colcon_notification.desktop_notification.win32': Not used on non-Windows systems
[4.399s] DEBUG:colcon.colcon_core.event_reactor:joined thread
[4.400s] INFO:colcon.colcon_core.shell:Creating prefix script '/home/aalonso/Personal/ros2_ws/src/install/local_setup.ps1'
[4.400s] INFO:colcon.colcon_core.shell:Creating prefix util module '/home/aalonso/Personal/ros2_ws/src/install/_local_setup_util_ps1.py'
[4.402s] INFO:colcon.colcon_core.shell:Creating prefix chain script '/home/aalonso/Personal/ros2_ws/src/install/setup.ps1'
[4.403s] INFO:colcon.colcon_core.shell:Creating prefix script '/home/aalonso/Personal/ros2_ws/src/install/local_setup.sh'
[4.403s] INFO:colcon.colcon_core.shell:Creating prefix util module '/home/aalonso/Personal/ros2_ws/src/install/_local_setup_util_sh.py'
[4.404s] INFO:colcon.colcon_core.shell:Creating prefix chain script '/home/aalonso/Personal/ros2_ws/src/install/setup.sh'
[4.405s] INFO:colcon.colcon_core.shell:Creating prefix script '/home/aalonso/Personal/ros2_ws/src/install/local_setup.bash'
[4.405s] INFO:colcon.colcon_core.shell:Creating prefix chain script '/home/aalonso/Personal/ros2_ws/src/install/setup.bash'
[4.406s] INFO:colcon.colcon_core.shell:Creating prefix script '/home/aalonso/Personal/ros2_ws/src/install/local_setup.zsh'
[4.407s] INFO:colcon.colcon_core.shell:Creating prefix chain script '/home/aalonso/Personal/ros2_ws/src/install/setup.zsh'
