[0.112s] DEBUG:colcon:Command line arguments: ['/usr/bin/colcon', 'build']
[0.112s] DEBUG:colcon:Parsed command line arguments: Namespace(log_base=None, log_level=None, verb_name='build', build_base='build', install_base='install', merge_install=False, symlink_install=False, test_result_base=None, continue_on_error=False, executor='parallel', parallel_workers=6, event_handlers=None, ignore_user_meta=False, metas=['./colcon.meta'], base_paths=['.'], packages_ignore=None, packages_ignore_regex=None, paths=None, packages_up_to=None, packages_up_to_regex=None, packages_above=None, packages_above_and_dependencies=None, packages_above_depth=None, packages_select_by_dep=None, packages_skip_by_dep=None, packages_skip_up_to=None, packages_select_build_failed=False, packages_skip_build_finished=False, packages_select_test_failures=False, packages_skip_test_passed=False, packages_select=None, packages_skip=None, packages_select_regex=None, packages_skip_regex=None, packages_start=None, packages_end=None, allow_overriding=[], cmake_args=None, cmake_target=None, cmake_target_skip_unavailable=False, cmake_clean_cache=False, cmake_clean_first=False, cmake_force_configure=False, ament_cmake_args=None, catkin_cmake_args=None, catkin_skip_building_tests=False, mixin_files=None, mixin=None, verb_parser=<colcon_mixin.mixin.mixin_argument.MixinArgumentDecorator object at 0x798dcc93ddb0>, verb_extension=<colcon_core.verb.build.BuildVerb object at 0x798dccaab700>, main=<bound method BuildVerb.main of <colcon_core.verb.build.BuildVerb object at 0x798dccaab700>>, mixin_verb=('build',))
[0.289s] Level 1:colcon.colcon_core.package_discovery:discover_packages(colcon_meta) check parameters
[0.290s] WARNING:colcon.colcon_metadata.package_discovery.colcon_meta:Skipping metadata file '/home/upm/Escritorio/ros/colcon.meta' since it failed to parse: module 'collections' has no attribute 'Hashable'
[0.291s] Level 1:colcon.colcon_core.package_discovery:discover_packages(recursive) check parameters
[0.291s] Level 1:colcon.colcon_core.package_discovery:discover_packages(ignore) check parameters
[0.291s] Level 1:colcon.colcon_core.package_discovery:discover_packages(path) check parameters
[0.291s] Level 1:colcon.colcon_core.package_discovery:discover_packages(colcon_meta) discover
[0.291s] Level 1:colcon.colcon_core.package_discovery:discover_packages(recursive) discover
[0.291s] INFO:colcon.colcon_core.package_discovery:Crawling recursively for packages in '/home/upm/Escritorio/ros'
[0.291s] Level 1:colcon.colcon_core.package_identification:_identify(.) by extensions ['ignore', 'ignore_ament_install']
[0.291s] Level 1:colcon.colcon_core.package_identification:_identify(.) by extension 'ignore'
[0.291s] Level 1:colcon.colcon_core.package_identification:_identify(.) by extension 'ignore_ament_install'
[0.291s] Level 1:colcon.colcon_core.package_identification:_identify(.) by extensions ['colcon_pkg']
[0.291s] Level 1:colcon.colcon_core.package_identification:_identify(.) by extension 'colcon_pkg'
[0.291s] Level 1:colcon.colcon_core.package_identification:_identify(.) by extensions ['colcon_meta']
[0.291s] Level 1:colcon.colcon_core.package_identification:_identify(.) by extension 'colcon_meta'
[0.291s] Level 1:colcon.colcon_core.package_identification:_identify(.) by extensions ['ros']
[0.291s] Level 1:colcon.colcon_core.package_identification:_identify(.) by extension 'ros'
[0.313s] Level 1:colcon.colcon_core.package_identification:_identify(.) by extensions ['cmake', 'python']
[0.313s] Level 1:colcon.colcon_core.package_identification:_identify(.) by extension 'cmake'
[0.313s] Level 1:colcon.colcon_core.package_identification:_identify(.) by extension 'python'
[0.313s] Level 1:colcon.colcon_core.package_identification:_identify(.) by extensions ['python_setup_py']
[0.313s] Level 1:colcon.colcon_core.package_identification:_identify(.) by extension 'python_setup_py'
[0.313s] Level 1:colcon.colcon_core.package_identification:_identify(build) by extensions ['ignore', 'ignore_ament_install']
[0.313s] Level 1:colcon.colcon_core.package_identification:_identify(build) by extension 'ignore'
[0.313s] Level 1:colcon.colcon_core.package_identification:_identify(build) ignored
[0.313s] Level 1:colcon.colcon_core.package_identification:_identify(install) by extensions ['ignore', 'ignore_ament_install']
[0.313s] Level 1:colcon.colcon_core.package_identification:_identify(install) by extension 'ignore'
[0.313s] Level 1:colcon.colcon_core.package_identification:_identify(install) ignored
[0.313s] Level 1:colcon.colcon_core.package_identification:_identify(log) by extensions ['ignore', 'ignore_ament_install']
[0.313s] Level 1:colcon.colcon_core.package_identification:_identify(log) by extension 'ignore'
[0.313s] Level 1:colcon.colcon_core.package_identification:_identify(log) ignored
[0.314s] Level 1:colcon.colcon_core.package_identification:_identify(src) by extensions ['ignore', 'ignore_ament_install']
[0.314s] Level 1:colcon.colcon_core.package_identification:_identify(src) by extension 'ignore'
[0.314s] Level 1:colcon.colcon_core.package_identification:_identify(src) by extension 'ignore_ament_install'
[0.314s] Level 1:colcon.colcon_core.package_identification:_identify(src) by extensions ['colcon_pkg']
[0.314s] Level 1:colcon.colcon_core.package_identification:_identify(src) by extension 'colcon_pkg'
[0.314s] Level 1:colcon.colcon_core.package_identification:_identify(src) by extensions ['colcon_meta']
[0.314s] Level 1:colcon.colcon_core.package_identification:_identify(src) by extension 'colcon_meta'
[0.314s] Level 1:colcon.colcon_core.package_identification:_identify(src) by extensions ['ros']
[0.314s] Level 1:colcon.colcon_core.package_identification:_identify(src) by extension 'ros'
[0.314s] Level 1:colcon.colcon_core.package_identification:_identify(src) by extensions ['cmake', 'python']
[0.314s] Level 1:colcon.colcon_core.package_identification:_identify(src) by extension 'cmake'
[0.314s] Level 1:colcon.colcon_core.package_identification:_identify(src) by extension 'python'
[0.314s] Level 1:colcon.colcon_core.package_identification:_identify(src) by extensions ['python_setup_py']
[0.314s] Level 1:colcon.colcon_core.package_identification:_identify(src) by extension 'python_setup_py'
[0.314s] Level 1:colcon.colcon_core.package_identification:_identify(src/build) by extensions ['ignore', 'ignore_ament_install']
[0.314s] Level 1:colcon.colcon_core.package_identification:_identify(src/build) by extension 'ignore'
[0.314s] Level 1:colcon.colcon_core.package_identification:_identify(src/build) ignored
[0.314s] Level 1:colcon.colcon_core.package_identification:_identify(src/install) by extensions ['ignore', 'ignore_ament_install']
[0.314s] Level 1:colcon.colcon_core.package_identification:_identify(src/install) by extension 'ignore'
[0.314s] Level 1:colcon.colcon_core.package_identification:_identify(src/install) ignored
[0.314s] Level 1:colcon.colcon_core.package_identification:_identify(src/log) by extensions ['ignore', 'ignore_ament_install']
[0.315s] Level 1:colcon.colcon_core.package_identification:_identify(src/log) by extension 'ignore'
[0.315s] Level 1:colcon.colcon_core.package_identification:_identify(src/log) ignored
[0.315s] Level 1:colcon.colcon_core.package_identification:_identify(src/msgs_control) by extensions ['ignore', 'ignore_ament_install']
[0.315s] Level 1:colcon.colcon_core.package_identification:_identify(src/msgs_control) by extension 'ignore'
[0.315s] Level 1:colcon.colcon_core.package_identification:_identify(src/msgs_control) by extension 'ignore_ament_install'
[0.315s] Level 1:colcon.colcon_core.package_identification:_identify(src/msgs_control) by extensions ['colcon_pkg']
[0.315s] Level 1:colcon.colcon_core.package_identification:_identify(src/msgs_control) by extension 'colcon_pkg'
[0.315s] Level 1:colcon.colcon_core.package_identification:_identify(src/msgs_control) by extensions ['colcon_meta']
[0.315s] Level 1:colcon.colcon_core.package_identification:_identify(src/msgs_control) by extension 'colcon_meta'
[0.315s] Level 1:colcon.colcon_core.package_identification:_identify(src/msgs_control) by extensions ['ros']
[0.315s] Level 1:colcon.colcon_core.package_identification:_identify(src/msgs_control) by extension 'ros'
[0.317s] DEBUG:colcon.colcon_core.package_identification:Package 'src/msgs_control' with type 'ros.ament_cmake' and name 'msgs_control'
[0.317s] Level 1:colcon.colcon_core.package_identification:_identify(src/pid_genetic_tuner) by extensions ['ignore', 'ignore_ament_install']
[0.318s] Level 1:colcon.colcon_core.package_identification:_identify(src/pid_genetic_tuner) by extension 'ignore'
[0.318s] Level 1:colcon.colcon_core.package_identification:_identify(src/pid_genetic_tuner) by extension 'ignore_ament_install'
[0.318s] Level 1:colcon.colcon_core.package_identification:_identify(src/pid_genetic_tuner) by extensions ['colcon_pkg']
[0.318s] Level 1:colcon.colcon_core.package_identification:_identify(src/pid_genetic_tuner) by extension 'colcon_pkg'
[0.318s] Level 1:colcon.colcon_core.package_identification:_identify(src/pid_genetic_tuner) by extensions ['colcon_meta']
[0.318s] Level 1:colcon.colcon_core.package_identification:_identify(src/pid_genetic_tuner) by extension 'colcon_meta'
[0.318s] Level 1:colcon.colcon_core.package_identification:_identify(src/pid_genetic_tuner) by extensions ['ros']
[0.318s] Level 1:colcon.colcon_core.package_identification:_identify(src/pid_genetic_tuner) by extension 'ros'
[0.318s] DEBUG:colcon.colcon_core.package_identification:Package 'src/pid_genetic_tuner' with type 'ros.ament_python' and name 'pid_genetic_tuner'
[0.318s] Level 1:colcon.colcon_core.package_identification:_identify(src/sim_pkg) by extensions ['ignore', 'ignore_ament_install']
[0.319s] Level 1:colcon.colcon_core.package_identification:_identify(src/sim_pkg) by extension 'ignore'
[0.319s] Level 1:colcon.colcon_core.package_identification:_identify(src/sim_pkg) by extension 'ignore_ament_install'
[0.319s] Level 1:colcon.colcon_core.package_identification:_identify(src/sim_pkg) by extensions ['colcon_pkg']
[0.319s] Level 1:colcon.colcon_core.package_identification:_identify(src/sim_pkg) by extension 'colcon_pkg'
[0.319s] Level 1:colcon.colcon_core.package_identification:_identify(src/sim_pkg) by extensions ['colcon_meta']
[0.319s] Level 1:colcon.colcon_core.package_identification:_identify(src/sim_pkg) by extension 'colcon_meta'
[0.319s] Level 1:colcon.colcon_core.package_identification:_identify(src/sim_pkg) by extensions ['ros']
[0.319s] Level 1:colcon.colcon_core.package_identification:_identify(src/sim_pkg) by extension 'ros'
[0.319s] Level 1:colcon.colcon_core.package_identification:_identify(src/sim_pkg) by extensions ['cmake', 'python']
[0.319s] Level 1:colcon.colcon_core.package_identification:_identify(src/sim_pkg) by extension 'cmake'
[0.319s] Level 1:colcon.colcon_core.package_identification:_identify(src/sim_pkg) by extension 'python'
[0.319s] Level 1:colcon.colcon_core.package_identification:_identify(src/sim_pkg) by extensions ['python_setup_py']
[0.319s] Level 1:colcon.colcon_core.package_identification:_identify(src/sim_pkg) by extension 'python_setup_py'
[0.319s] Level 1:colcon.colcon_core.package_identification:_identify(src/sim_pkg/sim_pkg) by extensions ['ignore', 'ignore_ament_install']
[0.319s] Level 1:colcon.colcon_core.package_identification:_identify(src/sim_pkg/sim_pkg) by extension 'ignore'
[0.319s] Level 1:colcon.colcon_core.package_identification:_identify(src/sim_pkg/sim_pkg) by extension 'ignore_ament_install'
[0.319s] Level 1:colcon.colcon_core.package_identification:_identify(src/sim_pkg/sim_pkg) by extensions ['colcon_pkg']
[0.319s] Level 1:colcon.colcon_core.package_identification:_identify(src/sim_pkg/sim_pkg) by extension 'colcon_pkg'
[0.319s] Level 1:colcon.colcon_core.package_identification:_identify(src/sim_pkg/sim_pkg) by extensions ['colcon_meta']
[0.319s] Level 1:colcon.colcon_core.package_identification:_identify(src/sim_pkg/sim_pkg) by extension 'colcon_meta'
[0.319s] Level 1:colcon.colcon_core.package_identification:_identify(src/sim_pkg/sim_pkg) by extensions ['ros']
[0.319s] Level 1:colcon.colcon_core.package_identification:_identify(src/sim_pkg/sim_pkg) by extension 'ros'
[0.320s] DEBUG:colcon.colcon_core.package_identification:Package 'src/sim_pkg/sim_pkg' with type 'ros.ament_python' and name 'sim_pkg'
[0.320s] Level 1:colcon.colcon_core.package_discovery:discover_packages(recursive) using defaults
[0.320s] Level 1:colcon.colcon_core.package_discovery:discover_packages(ignore) discover
[0.320s] Level 1:colcon.colcon_core.package_discovery:discover_packages(ignore) using defaults
[0.320s] Level 1:colcon.colcon_core.package_discovery:discover_packages(path) discover
[0.320s] Level 1:colcon.colcon_core.package_discovery:discover_packages(path) using defaults
[0.340s] Level 1:colcon.colcon_core.package_discovery:discover_packages(prefix_path) check parameters
[0.340s] Level 1:colcon.colcon_core.package_discovery:discover_packages(prefix_path) discover
[0.342s] DEBUG:colcon.colcon_installed_package_information.package_discovery:Found 3 installed packages in /home/upm/Escritorio/ros/install
[0.342s] DEBUG:colcon.colcon_installed_package_information.package_discovery:Found 0 installed packages in /home/upm/ros2_ws/install
[0.344s] DEBUG:colcon.colcon_installed_package_information.package_discovery:Found 302 installed packages in /opt/ros/humble
[0.345s] Level 1:colcon.colcon_core.package_discovery:discover_packages(prefix_path) using defaults
[0.383s] Level 5:colcon.colcon_core.verb:set package 'msgs_control' build argument 'cmake_args' from command line to 'None'
[0.383s] Level 5:colcon.colcon_core.verb:set package 'msgs_control' build argument 'cmake_target' from command line to 'None'
[0.383s] Level 5:colcon.colcon_core.verb:set package 'msgs_control' build argument 'cmake_target_skip_unavailable' from command line to 'False'
[0.383s] Level 5:colcon.colcon_core.verb:set package 'msgs_control' build argument 'cmake_clean_cache' from command line to 'False'
[0.383s] Level 5:colcon.colcon_core.verb:set package 'msgs_control' build argument 'cmake_clean_first' from command line to 'False'
[0.383s] Level 5:colcon.colcon_core.verb:set package 'msgs_control' build argument 'cmake_force_configure' from command line to 'False'
[0.383s] Level 5:colcon.colcon_core.verb:set package 'msgs_control' build argument 'ament_cmake_args' from command line to 'None'
[0.383s] Level 5:colcon.colcon_core.verb:set package 'msgs_control' build argument 'catkin_cmake_args' from command line to 'None'
[0.383s] Level 5:colcon.colcon_core.verb:set package 'msgs_control' build argument 'catkin_skip_building_tests' from command line to 'False'
[0.383s] DEBUG:colcon.colcon_core.verb:Building package 'msgs_control' with the following arguments: {'ament_cmake_args': None, 'build_base': '/home/upm/Escritorio/ros/build/msgs_control', 'catkin_cmake_args': None, 'catkin_skip_building_tests': False, 'cmake_args': None, 'cmake_clean_cache': False, 'cmake_clean_first': False, 'cmake_force_configure': False, 'cmake_target': None, 'cmake_target_skip_unavailable': False, 'install_base': '/home/upm/Escritorio/ros/install/msgs_control', 'merge_install': False, 'path': '/home/upm/Escritorio/ros/src/msgs_control', 'symlink_install': False, 'test_result_base': None}
[0.384s] Level 5:colcon.colcon_core.verb:set package 'pid_genetic_tuner' build argument 'cmake_args' from command line to 'None'
[0.384s] Level 5:colcon.colcon_core.verb:set package 'pid_genetic_tuner' build argument 'cmake_target' from command line to 'None'
[0.384s] Level 5:colcon.colcon_core.verb:set package 'pid_genetic_tuner' build argument 'cmake_target_skip_unavailable' from command line to 'False'
[0.384s] Level 5:colcon.colcon_core.verb:set package 'pid_genetic_tuner' build argument 'cmake_clean_cache' from command line to 'False'
[0.384s] Level 5:colcon.colcon_core.verb:set package 'pid_genetic_tuner' build argument 'cmake_clean_first' from command line to 'False'
[0.384s] Level 5:colcon.colcon_core.verb:set package 'pid_genetic_tuner' build argument 'cmake_force_configure' from command line to 'False'
[0.384s] Level 5:colcon.colcon_core.verb:set package 'pid_genetic_tuner' build argument 'ament_cmake_args' from command line to 'None'
[0.384s] Level 5:colcon.colcon_core.verb:set package 'pid_genetic_tuner' build argument 'catkin_cmake_args' from command line to 'None'
[0.384s] Level 5:colcon.colcon_core.verb:set package 'pid_genetic_tuner' build argument 'catkin_skip_building_tests' from command line to 'False'
[0.384s] DEBUG:colcon.colcon_core.verb:Building package 'pid_genetic_tuner' with the following arguments: {'ament_cmake_args': None, 'build_base': '/home/upm/Escritorio/ros/build/pid_genetic_tuner', 'catkin_cmake_args': None, 'catkin_skip_building_tests': False, 'cmake_args': None, 'cmake_clean_cache': False, 'cmake_clean_first': False, 'cmake_force_configure': False, 'cmake_target': None, 'cmake_target_skip_unavailable': False, 'install_base': '/home/upm/Escritorio/ros/install/pid_genetic_tuner', 'merge_install': False, 'path': '/home/upm/Escritorio/ros/src/pid_genetic_tuner', 'symlink_install': False, 'test_result_base': None}
[0.384s] Level 5:colcon.colcon_core.verb:set package 'sim_pkg' build argument 'cmake_args' from command line to 'None'
[0.384s] Level 5:colcon.colcon_core.verb:set package 'sim_pkg' build argument 'cmake_target' from command line to 'None'
[0.384s] Level 5:colcon.colcon_core.verb:set package 'sim_pkg' build argument 'cmake_target_skip_unavailable' from command line to 'False'
[0.384s] Level 5:colcon.colcon_core.verb:set package 'sim_pkg' build argument 'cmake_clean_cache' from command line to 'False'
[0.384s] Level 5:colcon.colcon_core.verb:set package 'sim_pkg' build argument 'cmake_clean_first' from command line to 'False'
[0.384s] Level 5:colcon.colcon_core.verb:set package 'sim_pkg' build argument 'cmake_force_configure' from command line to 'False'
[0.384s] Level 5:colcon.colcon_core.verb:set package 'sim_pkg' build argument 'ament_cmake_args' from command line to 'None'
[0.384s] Level 5:colcon.colcon_core.verb:set package 'sim_pkg' build argument 'catkin_cmake_args' from command line to 'None'
[0.384s] Level 5:colcon.colcon_core.verb:set package 'sim_pkg' build argument 'catkin_skip_building_tests' from command line to 'False'
[0.384s] DEBUG:colcon.colcon_core.verb:Building package 'sim_pkg' with the following arguments: {'ament_cmake_args': None, 'build_base': '/home/upm/Escritorio/ros/build/sim_pkg', 'catkin_cmake_args': None, 'catkin_skip_building_tests': False, 'cmake_args': None, 'cmake_clean_cache': False, 'cmake_clean_first': False, 'cmake_force_configure': False, 'cmake_target': None, 'cmake_target_skip_unavailable': False, 'install_base': '/home/upm/Escritorio/ros/install/sim_pkg', 'merge_install': False, 'path': '/home/upm/Escritorio/ros/src/sim_pkg/sim_pkg', 'symlink_install': False, 'test_result_base': None}
[0.384s] INFO:colcon.colcon_core.executor:Executing jobs using 'parallel' executor
[0.386s] DEBUG:colcon.colcon_parallel_executor.executor.parallel:run_until_complete
[0.386s] INFO:colcon.colcon_ros.task.ament_cmake.build:Building ROS package in '/home/upm/Escritorio/ros/src/msgs_control' with build type 'ament_cmake'
[0.386s] INFO:colcon.colcon_cmake.task.cmake.build:Building CMake package in '/home/upm/Escritorio/ros/src/msgs_control'
[0.388s] INFO:colcon.colcon_core.plugin_system:Skipping extension 'colcon_core.shell.bat': Not used on non-Windows systems
[0.388s] INFO:colcon.colcon_core.shell:Skip shell extension 'powershell' for command environment: Not usable outside of PowerShell
[0.388s] DEBUG:colcon.colcon_core.shell:Skip shell extension 'dsv' for command environment
[0.391s] INFO:colcon.colcon_ros.task.ament_python.build:Building ROS package in '/home/upm/Escritorio/ros/src/pid_genetic_tuner' with build type 'ament_python'
[0.391s] Level 1:colcon.colcon_core.shell:create_environment_hook('pid_genetic_tuner', 'ament_prefix_path')
[0.391s] INFO:colcon.colcon_core.shell:Creating environment hook '/home/upm/Escritorio/ros/install/pid_genetic_tuner/share/pid_genetic_tuner/hook/ament_prefix_path.ps1'
[0.392s] INFO:colcon.colcon_core.shell:Creating environment descriptor '/home/upm/Escritorio/ros/install/pid_genetic_tuner/share/pid_genetic_tuner/hook/ament_prefix_path.dsv'
[0.393s] INFO:colcon.colcon_core.shell:Creating environment hook '/home/upm/Escritorio/ros/install/pid_genetic_tuner/share/pid_genetic_tuner/hook/ament_prefix_path.sh'
[0.393s] INFO:colcon.colcon_core.shell:Skip shell extension 'powershell' for command environment: Not usable outside of PowerShell
[0.393s] DEBUG:colcon.colcon_core.shell:Skip shell extension 'dsv' for command environment
[0.397s] INFO:colcon.colcon_ros.task.ament_python.build:Building ROS package in '/home/upm/Escritorio/ros/src/sim_pkg/sim_pkg' with build type 'ament_python'
[0.397s] Level 1:colcon.colcon_core.shell:create_environment_hook('sim_pkg', 'ament_prefix_path')
[0.397s] INFO:colcon.colcon_core.shell:Creating environment hook '/home/upm/Escritorio/ros/install/sim_pkg/share/sim_pkg/hook/ament_prefix_path.ps1'
[0.397s] INFO:colcon.colcon_core.shell:Creating environment descriptor '/home/upm/Escritorio/ros/install/sim_pkg/share/sim_pkg/hook/ament_prefix_path.dsv'
[0.398s] INFO:colcon.colcon_core.shell:Creating environment hook '/home/upm/Escritorio/ros/install/sim_pkg/share/sim_pkg/hook/ament_prefix_path.sh'
[0.399s] INFO:colcon.colcon_core.shell:Skip shell extension 'powershell' for command environment: Not usable outside of PowerShell
[0.399s] DEBUG:colcon.colcon_core.shell:Skip shell extension 'dsv' for command environment
[0.407s] DEBUG:colcon.colcon_core.event_handler.log_command:Invoking command in '/home/upm/Escritorio/ros/build/msgs_control': CMAKE_PREFIX_PATH=${CMAKE_PREFIX_PATH}:/home/upm/Escritorio/ros/install/sim_pkg:/home/upm/Escritorio/ros/install/pid_genetic_tuner:/opt/ros/humble /usr/bin/cmake --build /home/upm/Escritorio/ros/build/msgs_control -- -j6 -l6
[0.668s] INFO:colcon.colcon_core.task.python.build:Building Python package in '/home/upm/Escritorio/ros/src/pid_genetic_tuner'
[0.668s] INFO:colcon.colcon_core.shell:Skip shell extension 'powershell' for command environment: Not usable outside of PowerShell
[0.668s] DEBUG:colcon.colcon_core.shell:Skip shell extension 'dsv' for command environment
[0.945s] INFO:colcon.colcon_core.task.python.build:Building Python package in '/home/upm/Escritorio/ros/src/sim_pkg/sim_pkg'
[0.945s] INFO:colcon.colcon_core.shell:Skip shell extension 'powershell' for command environment: Not usable outside of PowerShell
[0.945s] DEBUG:colcon.colcon_core.shell:Skip shell extension 'dsv' for command environment
[0.954s] DEBUG:colcon.colcon_core.event_handler.log_command:Invoked command in '/home/upm/Escritorio/ros/build/msgs_control' returned '0': CMAKE_PREFIX_PATH=${CMAKE_PREFIX_PATH}:/home/upm/Escritorio/ros/install/sim_pkg:/home/upm/Escritorio/ros/install/pid_genetic_tuner:/opt/ros/humble /usr/bin/cmake --build /home/upm/Escritorio/ros/build/msgs_control -- -j6 -l6
[1.021s] DEBUG:colcon.colcon_core.event_handler.log_command:Invoking command in '/home/upm/Escritorio/ros/build/msgs_control': CMAKE_PREFIX_PATH=${CMAKE_PREFIX_PATH}:/home/upm/Escritorio/ros/install/sim_pkg:/home/upm/Escritorio/ros/install/pid_genetic_tuner:/opt/ros/humble /usr/bin/cmake --install /home/upm/Escritorio/ros/build/msgs_control
[1.074s] Level 1:colcon.colcon_core.environment:create_environment_scripts_only(msgs_control)
[1.075s] DEBUG:colcon.colcon_core.event_handler.log_command:Invoked command in '/home/upm/Escritorio/ros/build/msgs_control' returned '0': CMAKE_PREFIX_PATH=${CMAKE_PREFIX_PATH}:/home/upm/Escritorio/ros/install/sim_pkg:/home/upm/Escritorio/ros/install/pid_genetic_tuner:/opt/ros/humble /usr/bin/cmake --install /home/upm/Escritorio/ros/build/msgs_control
[1.077s] Level 1:colcon.colcon_core.environment:checking '/home/upm/Escritorio/ros/install/msgs_control' for CMake module files
[1.077s] Level 1:colcon.colcon_core.environment:checking '/home/upm/Escritorio/ros/install/msgs_control' for CMake config files
[1.078s] Level 1:colcon.colcon_core.shell:create_environment_hook('msgs_control', 'cmake_prefix_path')
[1.078s] INFO:colcon.colcon_core.shell:Creating environment hook '/home/upm/Escritorio/ros/install/msgs_control/share/msgs_control/hook/cmake_prefix_path.ps1'
[1.078s] INFO:colcon.colcon_core.shell:Creating environment descriptor '/home/upm/Escritorio/ros/install/msgs_control/share/msgs_control/hook/cmake_prefix_path.dsv'
[1.079s] INFO:colcon.colcon_core.shell:Creating environment hook '/home/upm/Escritorio/ros/install/msgs_control/share/msgs_control/hook/cmake_prefix_path.sh'
[1.080s] Level 1:colcon.colcon_core.environment:checking '/home/upm/Escritorio/ros/install/msgs_control/lib'
[1.080s] Level 1:colcon.colcon_core.shell:create_environment_hook('msgs_control', 'ld_library_path_lib')
[1.080s] INFO:colcon.colcon_core.shell:Creating environment hook '/home/upm/Escritorio/ros/install/msgs_control/share/msgs_control/hook/ld_library_path_lib.ps1'
[1.080s] INFO:colcon.colcon_core.shell:Creating environment descriptor '/home/upm/Escritorio/ros/install/msgs_control/share/msgs_control/hook/ld_library_path_lib.dsv'
[1.081s] INFO:colcon.colcon_core.shell:Creating environment hook '/home/upm/Escritorio/ros/install/msgs_control/share/msgs_control/hook/ld_library_path_lib.sh'
[1.081s] Level 1:colcon.colcon_core.environment:checking '/home/upm/Escritorio/ros/install/msgs_control/bin'
[1.081s] Level 1:colcon.colcon_core.environment:checking '/home/upm/Escritorio/ros/install/msgs_control/lib/pkgconfig/msgs_control.pc'
[1.081s] Level 1:colcon.colcon_core.environment:checking '/home/upm/Escritorio/ros/install/msgs_control/lib/python3.10/site-packages'
[1.082s] Level 1:colcon.colcon_core.environment:checking '/home/upm/Escritorio/ros/install/msgs_control/bin'
[1.082s] INFO:colcon.colcon_core.shell:Creating package script '/home/upm/Escritorio/ros/install/msgs_control/share/msgs_control/package.ps1'
[1.083s] INFO:colcon.colcon_core.shell:Creating package descriptor '/home/upm/Escritorio/ros/install/msgs_control/share/msgs_control/package.dsv'
[1.083s] INFO:colcon.colcon_core.shell:Creating package script '/home/upm/Escritorio/ros/install/msgs_control/share/msgs_control/package.sh'
[1.084s] INFO:colcon.colcon_core.shell:Creating package script '/home/upm/Escritorio/ros/install/msgs_control/share/msgs_control/package.bash'
[1.084s] INFO:colcon.colcon_core.shell:Creating package script '/home/upm/Escritorio/ros/install/msgs_control/share/msgs_control/package.zsh'
[1.085s] Level 1:colcon.colcon_core.environment:create_file_with_runtime_dependencies(/home/upm/Escritorio/ros/install/msgs_control/share/colcon-core/packages/msgs_control)
[1.141s] Level 1:colcon.colcon_core.environment:create_environment_scripts_only(msgs_control)
[1.141s] Level 1:colcon.colcon_core.environment:checking '/home/upm/Escritorio/ros/install/msgs_control' for CMake module files
[1.142s] Level 1:colcon.colcon_core.environment:checking '/home/upm/Escritorio/ros/install/msgs_control' for CMake config files
[1.142s] Level 1:colcon.colcon_core.shell:create_environment_hook('msgs_control', 'cmake_prefix_path')
[1.142s] INFO:colcon.colcon_core.shell:Creating environment hook '/home/upm/Escritorio/ros/install/msgs_control/share/msgs_control/hook/cmake_prefix_path.ps1'
[1.143s] INFO:colcon.colcon_core.shell:Creating environment descriptor '/home/upm/Escritorio/ros/install/msgs_control/share/msgs_control/hook/cmake_prefix_path.dsv'
[1.143s] INFO:colcon.colcon_core.shell:Creating environment hook '/home/upm/Escritorio/ros/install/msgs_control/share/msgs_control/hook/cmake_prefix_path.sh'
[1.144s] Level 1:colcon.colcon_core.environment:checking '/home/upm/Escritorio/ros/install/msgs_control/lib'
[1.144s] Level 1:colcon.colcon_core.shell:create_environment_hook('msgs_control', 'ld_library_path_lib')
[1.144s] INFO:colcon.colcon_core.shell:Creating environment hook '/home/upm/Escritorio/ros/install/msgs_control/share/msgs_control/hook/ld_library_path_lib.ps1'
[1.145s] INFO:colcon.colcon_core.shell:Creating environment descriptor '/home/upm/Escritorio/ros/install/msgs_control/share/msgs_control/hook/ld_library_path_lib.dsv'
[1.145s] INFO:colcon.colcon_core.shell:Creating environment hook '/home/upm/Escritorio/ros/install/msgs_control/share/msgs_control/hook/ld_library_path_lib.sh'
[1.145s] Level 1:colcon.colcon_core.environment:checking '/home/upm/Escritorio/ros/install/msgs_control/bin'
[1.145s] Level 1:colcon.colcon_core.environment:checking '/home/upm/Escritorio/ros/install/msgs_control/lib/pkgconfig/msgs_control.pc'
[1.146s] Level 1:colcon.colcon_core.environment:checking '/home/upm/Escritorio/ros/install/msgs_control/lib/python3.10/site-packages'
[1.146s] Level 1:colcon.colcon_core.environment:checking '/home/upm/Escritorio/ros/install/msgs_control/bin'
[1.146s] INFO:colcon.colcon_core.shell:Creating package script '/home/upm/Escritorio/ros/install/msgs_control/share/msgs_control/package.ps1'
[1.147s] INFO:colcon.colcon_core.shell:Creating package descriptor '/home/upm/Escritorio/ros/install/msgs_control/share/msgs_control/package.dsv'
[1.147s] INFO:colcon.colcon_core.shell:Creating package script '/home/upm/Escritorio/ros/install/msgs_control/share/msgs_control/package.sh'
[1.148s] INFO:colcon.colcon_core.shell:Creating package script '/home/upm/Escritorio/ros/install/msgs_control/share/msgs_control/package.bash'
[1.148s] INFO:colcon.colcon_core.shell:Creating package script '/home/upm/Escritorio/ros/install/msgs_control/share/msgs_control/package.zsh'
[1.149s] Level 1:colcon.colcon_core.environment:create_file_with_runtime_dependencies(/home/upm/Escritorio/ros/install/msgs_control/share/colcon-core/packages/msgs_control)
[1.340s] DEBUG:colcon.colcon_core.event_handler.log_command:Invoking command in '/home/upm/Escritorio/ros/src/pid_genetic_tuner': PYTHONPATH=/home/upm/Escritorio/ros/build/pid_genetic_tuner/prefix_override:/usr/lib/python3/dist-packages/colcon_core/task/python/colcon_distutils_commands:/home/upm/Escritorio/ros/install/pid_genetic_tuner/lib/python3.10/site-packages:${PYTHONPATH} /usr/bin/python3 -W ignore:setup.py install is deprecated setup.py egg_info --egg-base ../../build/pid_genetic_tuner build --build-base /home/upm/Escritorio/ros/build/pid_genetic_tuner/build install --record /home/upm/Escritorio/ros/build/pid_genetic_tuner/install.log --single-version-externally-managed install_data
[1.340s] DEBUG:colcon.colcon_core.event_handler.log_command:Invoking command in '/home/upm/Escritorio/ros/src/sim_pkg/sim_pkg': PYTHONPATH=/home/upm/Escritorio/ros/build/sim_pkg/prefix_override:/usr/lib/python3/dist-packages/colcon_core/task/python/colcon_distutils_commands:/home/upm/Escritorio/ros/install/sim_pkg/lib/python3.10/site-packages:${PYTHONPATH} /usr/bin/python3 -W ignore:setup.py install is deprecated setup.py egg_info --egg-base ../../../build/sim_pkg build --build-base /home/upm/Escritorio/ros/build/sim_pkg/build install --record /home/upm/Escritorio/ros/build/sim_pkg/install.log --single-version-externally-managed install_data
[1.640s] Level 1:colcon.colcon_core.environment:checking '/home/upm/Escritorio/ros/install/pid_genetic_tuner' for CMake module files
[1.640s] DEBUG:colcon.colcon_core.event_handler.log_command:Invoked command in '/home/upm/Escritorio/ros/src/pid_genetic_tuner' returned '0': PYTHONPATH=/home/upm/Escritorio/ros/build/pid_genetic_tuner/prefix_override:/usr/lib/python3/dist-packages/colcon_core/task/python/colcon_distutils_commands:/home/upm/Escritorio/ros/install/pid_genetic_tuner/lib/python3.10/site-packages:${PYTHONPATH} /usr/bin/python3 -W ignore:setup.py install is deprecated setup.py egg_info --egg-base ../../build/pid_genetic_tuner build --build-base /home/upm/Escritorio/ros/build/pid_genetic_tuner/build install --record /home/upm/Escritorio/ros/build/pid_genetic_tuner/install.log --single-version-externally-managed install_data
[1.641s] Level 1:colcon.colcon_core.environment:checking '/home/upm/Escritorio/ros/install/pid_genetic_tuner' for CMake config files
[1.641s] Level 1:colcon.colcon_core.environment:checking '/home/upm/Escritorio/ros/install/pid_genetic_tuner/lib'
[1.641s] Level 1:colcon.colcon_core.environment:checking '/home/upm/Escritorio/ros/install/pid_genetic_tuner/bin'
[1.642s] Level 1:colcon.colcon_core.environment:checking '/home/upm/Escritorio/ros/install/pid_genetic_tuner/lib/pkgconfig/pid_genetic_tuner.pc'
[1.642s] Level 1:colcon.colcon_core.environment:checking '/home/upm/Escritorio/ros/install/pid_genetic_tuner/lib/python3.10/site-packages'
[1.642s] Level 1:colcon.colcon_core.shell:create_environment_hook('pid_genetic_tuner', 'pythonpath')
[1.642s] INFO:colcon.colcon_core.shell:Creating environment hook '/home/upm/Escritorio/ros/install/pid_genetic_tuner/share/pid_genetic_tuner/hook/pythonpath.ps1'
[1.643s] INFO:colcon.colcon_core.shell:Creating environment descriptor '/home/upm/Escritorio/ros/install/pid_genetic_tuner/share/pid_genetic_tuner/hook/pythonpath.dsv'
[1.643s] INFO:colcon.colcon_core.shell:Creating environment hook '/home/upm/Escritorio/ros/install/pid_genetic_tuner/share/pid_genetic_tuner/hook/pythonpath.sh'
[1.644s] Level 1:colcon.colcon_core.environment:checking '/home/upm/Escritorio/ros/install/pid_genetic_tuner/bin'
[1.644s] Level 1:colcon.colcon_core.environment:create_environment_scripts_only(pid_genetic_tuner)
[1.644s] INFO:colcon.colcon_core.shell:Creating package script '/home/upm/Escritorio/ros/install/pid_genetic_tuner/share/pid_genetic_tuner/package.ps1'
[1.645s] INFO:colcon.colcon_core.shell:Creating package descriptor '/home/upm/Escritorio/ros/install/pid_genetic_tuner/share/pid_genetic_tuner/package.dsv'
[1.645s] INFO:colcon.colcon_core.shell:Creating package script '/home/upm/Escritorio/ros/install/pid_genetic_tuner/share/pid_genetic_tuner/package.sh'
[1.646s] INFO:colcon.colcon_core.shell:Creating package script '/home/upm/Escritorio/ros/install/pid_genetic_tuner/share/pid_genetic_tuner/package.bash'
[1.646s] INFO:colcon.colcon_core.shell:Creating package script '/home/upm/Escritorio/ros/install/pid_genetic_tuner/share/pid_genetic_tuner/package.zsh'
[1.647s] Level 1:colcon.colcon_core.environment:create_file_with_runtime_dependencies(/home/upm/Escritorio/ros/install/pid_genetic_tuner/share/colcon-core/packages/pid_genetic_tuner)
[1.648s] Level 1:colcon.colcon_core.environment:checking '/home/upm/Escritorio/ros/install/sim_pkg' for CMake module files
[1.649s] DEBUG:colcon.colcon_core.event_handler.log_command:Invoked command in '/home/upm/Escritorio/ros/src/sim_pkg/sim_pkg' returned '0': PYTHONPATH=/home/upm/Escritorio/ros/build/sim_pkg/prefix_override:/usr/lib/python3/dist-packages/colcon_core/task/python/colcon_distutils_commands:/home/upm/Escritorio/ros/install/sim_pkg/lib/python3.10/site-packages:${PYTHONPATH} /usr/bin/python3 -W ignore:setup.py install is deprecated setup.py egg_info --egg-base ../../../build/sim_pkg build --build-base /home/upm/Escritorio/ros/build/sim_pkg/build install --record /home/upm/Escritorio/ros/build/sim_pkg/install.log --single-version-externally-managed install_data
[1.649s] Level 1:colcon.colcon_core.environment:checking '/home/upm/Escritorio/ros/install/sim_pkg' for CMake config files
[1.650s] Level 1:colcon.colcon_core.environment:checking '/home/upm/Escritorio/ros/install/sim_pkg/lib'
[1.650s] Level 1:colcon.colcon_core.environment:checking '/home/upm/Escritorio/ros/install/sim_pkg/bin'
[1.650s] Level 1:colcon.colcon_core.environment:checking '/home/upm/Escritorio/ros/install/sim_pkg/lib/pkgconfig/sim_pkg.pc'
[1.650s] Level 1:colcon.colcon_core.environment:checking '/home/upm/Escritorio/ros/install/sim_pkg/lib/python3.10/site-packages'
[1.650s] Level 1:colcon.colcon_core.shell:create_environment_hook('sim_pkg', 'pythonpath')
[1.650s] INFO:colcon.colcon_core.shell:Creating environment hook '/home/upm/Escritorio/ros/install/sim_pkg/share/sim_pkg/hook/pythonpath.ps1'
[1.651s] INFO:colcon.colcon_core.shell:Creating environment descriptor '/home/upm/Escritorio/ros/install/sim_pkg/share/sim_pkg/hook/pythonpath.dsv'
[1.651s] INFO:colcon.colcon_core.shell:Creating environment hook '/home/upm/Escritorio/ros/install/sim_pkg/share/sim_pkg/hook/pythonpath.sh'
[1.652s] Level 1:colcon.colcon_core.environment:checking '/home/upm/Escritorio/ros/install/sim_pkg/bin'
[1.652s] Level 1:colcon.colcon_core.environment:create_environment_scripts_only(sim_pkg)
[1.652s] INFO:colcon.colcon_core.shell:Creating package script '/home/upm/Escritorio/ros/install/sim_pkg/share/sim_pkg/package.ps1'
[1.652s] INFO:colcon.colcon_core.shell:Creating package descriptor '/home/upm/Escritorio/ros/install/sim_pkg/share/sim_pkg/package.dsv'
[1.653s] INFO:colcon.colcon_core.shell:Creating package script '/home/upm/Escritorio/ros/install/sim_pkg/share/sim_pkg/package.sh'
[1.653s] INFO:colcon.colcon_core.shell:Creating package script '/home/upm/Escritorio/ros/install/sim_pkg/share/sim_pkg/package.bash'
[1.654s] INFO:colcon.colcon_core.shell:Creating package script '/home/upm/Escritorio/ros/install/sim_pkg/share/sim_pkg/package.zsh'
[1.654s] Level 1:colcon.colcon_core.environment:create_file_with_runtime_dependencies(/home/upm/Escritorio/ros/install/sim_pkg/share/colcon-core/packages/sim_pkg)
[1.654s] DEBUG:colcon.colcon_parallel_executor.executor.parallel:closing loop
[1.655s] DEBUG:colcon.colcon_parallel_executor.executor.parallel:loop closed
[1.655s] DEBUG:colcon.colcon_parallel_executor.executor.parallel:run_until_complete finished with '0'
[1.655s] DEBUG:colcon.colcon_core.event_reactor:joining thread
[1.660s] INFO:colcon.colcon_core.plugin_system:Skipping extension 'colcon_notification.desktop_notification.terminal_notifier': Not used on non-Darwin systems
[1.660s] INFO:colcon.colcon_core.plugin_system:Skipping extension 'colcon_notification.desktop_notification.win32': Not used on non-Windows systems
[1.661s] INFO:colcon.colcon_notification.desktop_notification:Sending desktop notification using 'notify2'
[1.675s] DEBUG:colcon.colcon_core.event_reactor:joined thread
[1.675s] INFO:colcon.colcon_core.shell:Creating prefix script '/home/upm/Escritorio/ros/install/local_setup.ps1'
[1.676s] INFO:colcon.colcon_core.shell:Creating prefix util module '/home/upm/Escritorio/ros/install/_local_setup_util_ps1.py'
[1.678s] INFO:colcon.colcon_core.shell:Creating prefix chain script '/home/upm/Escritorio/ros/install/setup.ps1'
[1.679s] INFO:colcon.colcon_core.shell:Creating prefix script '/home/upm/Escritorio/ros/install/local_setup.sh'
[1.679s] INFO:colcon.colcon_core.shell:Creating prefix util module '/home/upm/Escritorio/ros/install/_local_setup_util_sh.py'
[1.680s] INFO:colcon.colcon_core.shell:Creating prefix chain script '/home/upm/Escritorio/ros/install/setup.sh'
[1.681s] INFO:colcon.colcon_core.shell:Creating prefix script '/home/upm/Escritorio/ros/install/local_setup.bash'
[1.681s] INFO:colcon.colcon_core.shell:Creating prefix chain script '/home/upm/Escritorio/ros/install/setup.bash'
[1.682s] INFO:colcon.colcon_core.shell:Creating prefix script '/home/upm/Escritorio/ros/install/local_setup.zsh'
[1.683s] INFO:colcon.colcon_core.shell:Creating prefix chain script '/home/upm/Escritorio/ros/install/setup.zsh'
