[0.928s] Invoking command in '/home/upm/Escritorio/ros/src/sim_pkg/sim_pkg': PYTHONPATH=/home/upm/Escritorio/ros/build/sim_pkg/prefix_override:/usr/lib/python3/dist-packages/colcon_core/task/python/colcon_distutils_commands:/home/upm/Escritorio/ros/install/sim_pkg/lib/python3.10/site-packages:${PYTHONPATH} /usr/bin/python3 -W ignore:setup.py install is deprecated setup.py egg_info --egg-base ../../../build/sim_pkg build --build-base /home/upm/Escritorio/ros/build/sim_pkg/build install --record /home/upm/Escritorio/ros/build/sim_pkg/install.log --single-version-externally-managed install_data
[1.163s] running egg_info
[1.163s] writing ../../../build/sim_pkg/sim_pkg.egg-info/PKG-INFO
[1.164s] writing dependency_links to ../../../build/sim_pkg/sim_pkg.egg-info/dependency_links.txt
[1.164s] writing entry points to ../../../build/sim_pkg/sim_pkg.egg-info/entry_points.txt
[1.164s] writing requirements to ../../../build/sim_pkg/sim_pkg.egg-info/requires.txt
[1.164s] writing top-level names to ../../../build/sim_pkg/sim_pkg.egg-info/top_level.txt
[1.166s] reading manifest file '../../../build/sim_pkg/sim_pkg.egg-info/SOURCES.txt'
[1.166s] writing manifest file '../../../build/sim_pkg/sim_pkg.egg-info/SOURCES.txt'
[1.166s] running build
[1.167s] running build_py
[1.167s] running install
[1.167s] running install_lib
[1.169s] running install_data
[1.169s] running install_egg_info
[1.171s] removing '/home/upm/Escritorio/ros/install/sim_pkg/lib/python3.10/site-packages/sim_pkg-0.0.0-py3.10.egg-info' (and everything under it)
[1.171s] Copying ../../../build/sim_pkg/sim_pkg.egg-info to /home/upm/Escritorio/ros/install/sim_pkg/lib/python3.10/site-packages/sim_pkg-0.0.0-py3.10.egg-info
[1.171s] running install_scripts
[1.191s] Installing simulator script to /home/upm/Escritorio/ros/install/sim_pkg/lib/sim_pkg
[1.192s] writing list of installed files to '/home/upm/Escritorio/ros/build/sim_pkg/install.log'
[1.217s] Invoked command in '/home/upm/Escritorio/ros/src/sim_pkg/sim_pkg' returned '0': PYTHONPATH=/home/upm/Escritorio/ros/build/sim_pkg/prefix_override:/usr/lib/python3/dist-packages/colcon_core/task/python/colcon_distutils_commands:/home/upm/Escritorio/ros/install/sim_pkg/lib/python3.10/site-packages:${PYTHONPATH} /usr/bin/python3 -W ignore:setup.py install is deprecated setup.py egg_info --egg-base ../../../build/sim_pkg build --build-base /home/upm/Escritorio/ros/build/sim_pkg/build install --record /home/upm/Escritorio/ros/build/sim_pkg/install.log --single-version-externally-managed install_data
