[0.014s] Invoking command in '/home/aalonso/Personal/ros2_ws/build/msgs_control': CMAKE_PREFIX_PATH=${CMAKE_PREFIX_PATH}:/home/aalonso/Personal/ros2_ws/install/sim_pkg:/home/aalonso/Personal/ros2_ws/install/pid_genetic_tuner:/opt/ros/jazzy /usr/bin/cmake /home/aalonso/Personal/ros2_ws/src/msgs_control -DCMAKE_INSTALL_PREFIX=/home/aalonso/Personal/ros2_ws/install/msgs_control
[0.135s] -- The C compiler identification is GNU 13.3.0
[0.350s] -- The CXX compiler identification is GNU 13.3.0
[0.619s] -- Detecting C compiler ABI info
[0.753s] -- Detecting C compiler ABI info - done
[0.759s] -- Check for working C compiler: /usr/bin/cc - skipped
[0.760s] -- Detecting C compile features
[0.760s] -- Detecting C compile features - done
[0.799s] -- Detecting CXX compiler ABI info
[0.926s] -- Detecting CXX compiler ABI info - done
[0.931s] -- Check for working CXX compiler: /usr/bin/c++ - skipped
[0.931s] -- Detecting CXX compile features
[0.932s] -- Detecting CXX compile features - done
[0.934s] -- Found ament_cmake: 2.5.3 (/opt/ros/jazzy/share/ament_cmake/cmake)
[1.215s] -- Found Python3: /home/aalonso/.pyenv/shims/python3 (found version "3.10.12") found components: Interpreter 
[1.300s] -- Found ament_lint_auto: 0.17.1 (/opt/ros/jazzy/share/ament_lint_auto/cmake)
[1.384s] -- Found rosidl_default_generators: 1.6.0 (/opt/ros/jazzy/share/rosidl_default_generators/cmake)
[1.387s] -- Using all available rosidl_typesupport_c: rosidl_typesupport_fastrtps_c;rosidl_typesupport_introspection_c
[1.465s] -- Using all available rosidl_typesupport_cpp: rosidl_typesupport_fastrtps_cpp;rosidl_typesupport_introspection_cpp
[1.487s] -- Found rosidl_adapter: 4.6.5 (/opt/ros/jazzy/share/rosidl_adapter/cmake)
[2.419s] -- Found ament_cmake_ros: 0.12.0 (/opt/ros/jazzy/share/ament_cmake_ros/cmake)
[3.266s] -- Using all available rosidl_typesupport_c: rosidl_typesupport_fastrtps_c;rosidl_typesupport_introspection_c
[4.412s] -- Using all available rosidl_typesupport_cpp: rosidl_typesupport_fastrtps_cpp;rosidl_typesupport_introspection_cpp
[4.413s] -- Found python_cmake_module: 0.11.1 (/opt/ros/jazzy/share/python_cmake_module/cmake)
[4.688s] -- Found PythonExtra: /home/aalonso/.pyenv/shims/python3  
[5.356s] -- Found Python3: /home/aalonso/.pyenv/shims/python3 (found version "3.10.12") found components: Interpreter Development NumPy Development.Module Development.Embed 
[5.403s] -- Added test 'lint_cmake' to check CMake code style
[5.403s] -- Added test 'xmllint' to check XML markup files
[5.407s] -- Configuring done (5.4s)
[5.431s] -- Generating done (0.0s)
[5.438s] -- Build files have been written to: /home/aalonso/Personal/ros2_ws/build/msgs_control
[5.445s] Invoked command in '/home/aalonso/Personal/ros2_ws/build/msgs_control' returned '0': CMAKE_PREFIX_PATH=${CMAKE_PREFIX_PATH}:/home/aalonso/Personal/ros2_ws/install/sim_pkg:/home/aalonso/Personal/ros2_ws/install/pid_genetic_tuner:/opt/ros/jazzy /usr/bin/cmake /home/aalonso/Personal/ros2_ws/src/msgs_control -DCMAKE_INSTALL_PREFIX=/home/aalonso/Personal/ros2_ws/install/msgs_control
[5.446s] Invoking command in '/home/aalonso/Personal/ros2_ws/build/msgs_control': CMAKE_PREFIX_PATH=${CMAKE_PREFIX_PATH}:/home/aalonso/Personal/ros2_ws/install/sim_pkg:/home/aalonso/Personal/ros2_ws/install/pid_genetic_tuner:/opt/ros/jazzy /usr/bin/cmake --build /home/aalonso/Personal/ros2_ws/build/msgs_control -- -j16 -l16
[5.470s] [  2%] [34m[1mGenerating type hashes for ROS interfaces[0m
[5.474s] [  2%] Built target ament_cmake_python_copy_msgs_control
[5.626s] running egg_info
[5.627s] creating msgs_control.egg-info
[5.636s] writing msgs_control.egg-info/PKG-INFO
[5.636s] writing dependency_links to msgs_control.egg-info/dependency_links.txt
[5.636s] writing top-level names to msgs_control.egg-info/top_level.txt
[5.636s] writing manifest file 'msgs_control.egg-info/SOURCES.txt'
[5.649s] [  2%] Built target msgs_control__rosidl_generator_type_description
[5.654s] [  5%] [34m[1mGenerating C code for ROS interfaces[0m
[5.660s] [  8%] [34m[1mGenerating C++ code for ROS interfaces[0m
[5.663s] reading manifest file 'msgs_control.egg-info/SOURCES.txt'
[5.664s] writing manifest file 'msgs_control.egg-info/SOURCES.txt'
[5.682s] [  8%] Built target ament_cmake_python_build_msgs_control_egg
[5.951s] [  8%] Built target msgs_control__cpp
[5.959s] [ 11%] [32mBuilding C object CMakeFiles/msgs_control__rosidl_generator_c.dir/rosidl_generator_c/msgs_control/srv/detail/sim_pid__functions.c.o[0m
[5.959s] [ 14%] [32mBuilding C object CMakeFiles/msgs_control__rosidl_generator_c.dir/rosidl_generator_c/msgs_control/srv/detail/sim_pid__description.c.o[0m
[5.959s] [ 17%] [32mBuilding C object CMakeFiles/msgs_control__rosidl_generator_c.dir/rosidl_generator_c/msgs_control/srv/detail/sim_pid__type_support.c.o[0m
[5.997s] [ 20%] [32m[1mLinking C shared library libmsgs_control__rosidl_generator_c.so[0m
[6.048s] [ 20%] Built target msgs_control__rosidl_generator_c
[6.053s] [ 32%] [34m[1mGenerating C type support for eProsima Fast-RTPS[0m
[6.054s] [ 32%] [34m[1mGenerating C introspection for ROS interfaces[0m
[6.054s] [ 32%] [34m[1mGenerating C type support dispatch for ROS interfaces[0m
[6.054s] [ 32%] [34m[1mGenerating C++ type support dispatch for ROS interfaces[0m
[6.054s] [ 35%] [34m[1mGenerating C++ type support for eProsima Fast-RTPS[0m
[6.054s] [ 38%] [34m[1mGenerating C++ introspection for ROS interfaces[0m
[6.342s] [ 41%] [32mBuilding CXX object CMakeFiles/msgs_control__rosidl_typesupport_c.dir/rosidl_typesupport_c/msgs_control/srv/sim_pid__type_support.cpp.o[0m
[6.354s] [ 47%] [32mBuilding CXX object CMakeFiles/msgs_control__rosidl_typesupport_cpp.dir/rosidl_typesupport_cpp/msgs_control/srv/sim_pid__type_support.cpp.o[0m
[6.354s] [ 47%] [32mBuilding CXX object CMakeFiles/msgs_control__rosidl_typesupport_introspection_cpp.dir/rosidl_typesupport_introspection_cpp/msgs_control/srv/detail/sim_pid__type_support.cpp.o[0m
[6.371s] [ 50%] [32m[1mLinking CXX shared library libmsgs_control__rosidl_typesupport_c.so[0m
[6.376s] [ 52%] [32mBuilding C object CMakeFiles/msgs_control__rosidl_typesupport_introspection_c.dir/rosidl_typesupport_introspection_c/msgs_control/srv/detail/sim_pid__type_support.c.o[0m
[6.408s] [ 55%] [32m[1mLinking C shared library libmsgs_control__rosidl_typesupport_introspection_c.so[0m
[6.421s] [ 58%] [32mBuilding CXX object CMakeFiles/msgs_control__rosidl_typesupport_fastrtps_cpp.dir/rosidl_typesupport_fastrtps_cpp/msgs_control/srv/detail/dds_fastrtps/sim_pid__type_support.cpp.o[0m
[6.441s] [ 61%] [32mBuilding CXX object CMakeFiles/msgs_control__rosidl_typesupport_fastrtps_c.dir/rosidl_typesupport_fastrtps_c/msgs_control/srv/detail/sim_pid__type_support_c.cpp.o[0m
[6.441s] [ 61%] Built target msgs_control__rosidl_typesupport_c
[6.478s] [ 61%] Built target msgs_control__rosidl_typesupport_introspection_c
[6.600s] [ 64%] [32m[1mLinking CXX shared library libmsgs_control__rosidl_typesupport_introspection_cpp.so[0m
[6.601s] [ 67%] [32m[1mLinking CXX shared library libmsgs_control__rosidl_typesupport_cpp.so[0m
[6.657s] [ 67%] Built target msgs_control__rosidl_typesupport_introspection_cpp
[6.657s] [ 67%] Built target msgs_control__rosidl_typesupport_cpp
[6.726s] [ 70%] [32m[1mLinking CXX shared library libmsgs_control__rosidl_typesupport_fastrtps_c.so[0m
[6.761s] [ 73%] [32m[1mLinking CXX shared library libmsgs_control__rosidl_typesupport_fastrtps_cpp.so[0m
[6.784s] [ 73%] Built target msgs_control__rosidl_typesupport_fastrtps_c
[6.829s] [ 73%] Built target msgs_control__rosidl_typesupport_fastrtps_cpp
[6.839s] [ 73%] Built target msgs_control
[6.848s] [ 76%] [34m[1mGenerating Python code for ROS interfaces[0m
[7.233s] [ 76%] Built target msgs_control__py
[7.242s] [ 79%] [32mBuilding C object CMakeFiles/msgs_control__rosidl_generator_py.dir/rosidl_generator_py/msgs_control/srv/_sim_pid_s.c.o[0m
[7.307s] [ 82%] [32m[1mLinking C shared library libmsgs_control__rosidl_generator_py.so[0m
[7.361s] [ 82%] Built target msgs_control__rosidl_generator_py
[7.371s] [ 91%] [32mBuilding C object CMakeFiles/msgs_control_s__rosidl_typesupport_fastrtps_c.dir/rosidl_generator_py/msgs_control/_msgs_control_s.ep.rosidl_typesupport_fastrtps_c.c.o[0m
[7.371s] [ 91%] [32mBuilding C object CMakeFiles/msgs_control_s__rosidl_typesupport_introspection_c.dir/rosidl_generator_py/msgs_control/_msgs_control_s.ep.rosidl_typesupport_introspection_c.c.o[0m
[7.371s] [ 91%] [32mBuilding C object CMakeFiles/msgs_control_s__rosidl_typesupport_c.dir/rosidl_generator_py/msgs_control/_msgs_control_s.ep.rosidl_typesupport_c.c.o[0m
[7.422s] [100%] [32m[1mLinking C shared module rosidl_generator_py/msgs_control/msgs_control_s__rosidl_typesupport_fastrtps_c.so[0m
[7.422s] [100%] [32m[1mLinking C shared module rosidl_generator_py/msgs_control/msgs_control_s__rosidl_typesupport_c.so[0m
[7.422s] [100%] [32m[1mLinking C shared module rosidl_generator_py/msgs_control/msgs_control_s__rosidl_typesupport_introspection_c.so[0m
[7.461s] [100%] Built target msgs_control_s__rosidl_typesupport_fastrtps_c
[7.461s] [100%] Built target msgs_control_s__rosidl_typesupport_introspection_c
[7.461s] [100%] Built target msgs_control_s__rosidl_typesupport_c
[7.468s] Invoked command in '/home/aalonso/Personal/ros2_ws/build/msgs_control' returned '0': CMAKE_PREFIX_PATH=${CMAKE_PREFIX_PATH}:/home/aalonso/Personal/ros2_ws/install/sim_pkg:/home/aalonso/Personal/ros2_ws/install/pid_genetic_tuner:/opt/ros/jazzy /usr/bin/cmake --build /home/aalonso/Personal/ros2_ws/build/msgs_control -- -j16 -l16
[7.473s] Invoking command in '/home/aalonso/Personal/ros2_ws/build/msgs_control': CMAKE_PREFIX_PATH=${CMAKE_PREFIX_PATH}:/home/aalonso/Personal/ros2_ws/install/sim_pkg:/home/aalonso/Personal/ros2_ws/install/pid_genetic_tuner:/opt/ros/jazzy /usr/bin/cmake --install /home/aalonso/Personal/ros2_ws/build/msgs_control
[7.477s] -- Install configuration: ""
[7.477s] -- Installing: /home/aalonso/Personal/ros2_ws/install/msgs_control/share/ament_index/resource_index/rosidl_interfaces/msgs_control
[7.478s] -- Installing: /home/aalonso/Personal/ros2_ws/install/msgs_control/share/msgs_control/srv/SimPID.json
[7.478s] -- Installing: /home/aalonso/Personal/ros2_ws/install/msgs_control/include/msgs_control/msgs_control
[7.478s] -- Installing: /home/aalonso/Personal/ros2_ws/install/msgs_control/include/msgs_control/msgs_control/srv
[7.479s] -- Installing: /home/aalonso/Personal/ros2_ws/install/msgs_control/include/msgs_control/msgs_control/srv/sim_pid.h
[7.479s] -- Installing: /home/aalonso/Personal/ros2_ws/install/msgs_control/include/msgs_control/msgs_control/srv/detail
[7.479s] -- Installing: /home/aalonso/Personal/ros2_ws/install/msgs_control/include/msgs_control/msgs_control/srv/detail/sim_pid__type_support.h
[7.479s] -- Installing: /home/aalonso/Personal/ros2_ws/install/msgs_control/include/msgs_control/msgs_control/srv/detail/sim_pid__type_support.c
[7.479s] -- Installing: /home/aalonso/Personal/ros2_ws/install/msgs_control/include/msgs_control/msgs_control/srv/detail/sim_pid__functions.h
[7.479s] -- Installing: /home/aalonso/Personal/ros2_ws/install/msgs_control/include/msgs_control/msgs_control/srv/detail/sim_pid__functions.c
[7.479s] -- Installing: /home/aalonso/Personal/ros2_ws/install/msgs_control/include/msgs_control/msgs_control/srv/detail/sim_pid__struct.h
[7.479s] -- Installing: /home/aalonso/Personal/ros2_ws/install/msgs_control/include/msgs_control/msgs_control/srv/detail/sim_pid__description.c
[7.479s] -- Installing: /home/aalonso/Personal/ros2_ws/install/msgs_control/include/msgs_control/msgs_control/msg
[7.479s] -- Installing: /home/aalonso/Personal/ros2_ws/install/msgs_control/include/msgs_control/msgs_control/msg/rosidl_generator_c__visibility_control.h
[7.480s] -- Installing: /home/aalonso/Personal/ros2_ws/install/msgs_control/share/msgs_control/environment/library_path.sh
[7.480s] -- Installing: /home/aalonso/Personal/ros2_ws/install/msgs_control/share/msgs_control/environment/library_path.dsv
[7.480s] -- Installing: /home/aalonso/Personal/ros2_ws/install/msgs_control/lib/libmsgs_control__rosidl_generator_c.so
[7.480s] -- Set non-toolchain portion of runtime path of "/home/aalonso/Personal/ros2_ws/install/msgs_control/lib/libmsgs_control__rosidl_generator_c.so" to ""
[7.480s] -- Up-to-date: /home/aalonso/Personal/ros2_ws/install/msgs_control/include/msgs_control/msgs_control
[7.480s] -- Up-to-date: /home/aalonso/Personal/ros2_ws/install/msgs_control/include/msgs_control/msgs_control/srv
[7.481s] -- Up-to-date: /home/aalonso/Personal/ros2_ws/install/msgs_control/include/msgs_control/msgs_control/srv/detail
[7.481s] -- Installing: /home/aalonso/Personal/ros2_ws/install/msgs_control/include/msgs_control/msgs_control/srv/detail/sim_pid__rosidl_typesupport_fastrtps_c.h
[7.481s] -- Up-to-date: /home/aalonso/Personal/ros2_ws/install/msgs_control/include/msgs_control/msgs_control/msg
[7.481s] -- Installing: /home/aalonso/Personal/ros2_ws/install/msgs_control/include/msgs_control/msgs_control/msg/rosidl_typesupport_fastrtps_c__visibility_control.h
[7.481s] -- Installing: /home/aalonso/Personal/ros2_ws/install/msgs_control/lib/libmsgs_control__rosidl_typesupport_fastrtps_c.so
[7.481s] -- Set non-toolchain portion of runtime path of "/home/aalonso/Personal/ros2_ws/install/msgs_control/lib/libmsgs_control__rosidl_typesupport_fastrtps_c.so" to ""
[7.481s] -- Up-to-date: /home/aalonso/Personal/ros2_ws/install/msgs_control/include/msgs_control/msgs_control
[7.481s] -- Up-to-date: /home/aalonso/Personal/ros2_ws/install/msgs_control/include/msgs_control/msgs_control/srv
[7.481s] -- Up-to-date: /home/aalonso/Personal/ros2_ws/install/msgs_control/include/msgs_control/msgs_control/srv/detail
[7.481s] -- Installing: /home/aalonso/Personal/ros2_ws/install/msgs_control/include/msgs_control/msgs_control/srv/detail/sim_pid__rosidl_typesupport_introspection_c.h
[7.481s] -- Installing: /home/aalonso/Personal/ros2_ws/install/msgs_control/include/msgs_control/msgs_control/srv/detail/sim_pid__type_support.c
[7.482s] -- Up-to-date: /home/aalonso/Personal/ros2_ws/install/msgs_control/include/msgs_control/msgs_control/msg
[7.482s] -- Installing: /home/aalonso/Personal/ros2_ws/install/msgs_control/include/msgs_control/msgs_control/msg/rosidl_typesupport_introspection_c__visibility_control.h
[7.482s] -- Installing: /home/aalonso/Personal/ros2_ws/install/msgs_control/lib/libmsgs_control__rosidl_typesupport_introspection_c.so
[7.482s] -- Set non-toolchain portion of runtime path of "/home/aalonso/Personal/ros2_ws/install/msgs_control/lib/libmsgs_control__rosidl_typesupport_introspection_c.so" to ""
[7.482s] -- Installing: /home/aalonso/Personal/ros2_ws/install/msgs_control/lib/libmsgs_control__rosidl_typesupport_c.so
[7.482s] -- Set non-toolchain portion of runtime path of "/home/aalonso/Personal/ros2_ws/install/msgs_control/lib/libmsgs_control__rosidl_typesupport_c.so" to ""
[7.482s] -- Up-to-date: /home/aalonso/Personal/ros2_ws/install/msgs_control/include/msgs_control/msgs_control
[7.482s] -- Up-to-date: /home/aalonso/Personal/ros2_ws/install/msgs_control/include/msgs_control/msgs_control/srv
[7.482s] -- Up-to-date: /home/aalonso/Personal/ros2_ws/install/msgs_control/include/msgs_control/msgs_control/srv/detail
[7.482s] -- Installing: /home/aalonso/Personal/ros2_ws/install/msgs_control/include/msgs_control/msgs_control/srv/detail/sim_pid__builder.hpp
[7.483s] -- Installing: /home/aalonso/Personal/ros2_ws/install/msgs_control/include/msgs_control/msgs_control/srv/detail/sim_pid__traits.hpp
[7.483s] -- Installing: /home/aalonso/Personal/ros2_ws/install/msgs_control/include/msgs_control/msgs_control/srv/detail/sim_pid__struct.hpp
[7.483s] -- Installing: /home/aalonso/Personal/ros2_ws/install/msgs_control/include/msgs_control/msgs_control/srv/detail/sim_pid__type_support.hpp
[7.483s] -- Installing: /home/aalonso/Personal/ros2_ws/install/msgs_control/include/msgs_control/msgs_control/srv/sim_pid.hpp
[7.483s] -- Up-to-date: /home/aalonso/Personal/ros2_ws/install/msgs_control/include/msgs_control/msgs_control/msg
[7.483s] -- Installing: /home/aalonso/Personal/ros2_ws/install/msgs_control/include/msgs_control/msgs_control/msg/rosidl_generator_cpp__visibility_control.hpp
[7.483s] -- Up-to-date: /home/aalonso/Personal/ros2_ws/install/msgs_control/include/msgs_control/msgs_control
[7.483s] -- Up-to-date: /home/aalonso/Personal/ros2_ws/install/msgs_control/include/msgs_control/msgs_control/srv
[7.483s] -- Up-to-date: /home/aalonso/Personal/ros2_ws/install/msgs_control/include/msgs_control/msgs_control/srv/detail
[7.483s] -- Installing: /home/aalonso/Personal/ros2_ws/install/msgs_control/include/msgs_control/msgs_control/srv/detail/dds_fastrtps
[7.483s] -- Installing: /home/aalonso/Personal/ros2_ws/install/msgs_control/include/msgs_control/msgs_control/srv/detail/sim_pid__rosidl_typesupport_fastrtps_cpp.hpp
[7.483s] -- Up-to-date: /home/aalonso/Personal/ros2_ws/install/msgs_control/include/msgs_control/msgs_control/msg
[7.483s] -- Installing: /home/aalonso/Personal/ros2_ws/install/msgs_control/include/msgs_control/msgs_control/msg/rosidl_typesupport_fastrtps_cpp__visibility_control.h
[7.483s] -- Installing: /home/aalonso/Personal/ros2_ws/install/msgs_control/lib/libmsgs_control__rosidl_typesupport_fastrtps_cpp.so
[7.484s] -- Set non-toolchain portion of runtime path of "/home/aalonso/Personal/ros2_ws/install/msgs_control/lib/libmsgs_control__rosidl_typesupport_fastrtps_cpp.so" to ""
[7.484s] -- Up-to-date: /home/aalonso/Personal/ros2_ws/install/msgs_control/include/msgs_control/msgs_control
[7.484s] -- Up-to-date: /home/aalonso/Personal/ros2_ws/install/msgs_control/include/msgs_control/msgs_control/srv
[7.484s] -- Up-to-date: /home/aalonso/Personal/ros2_ws/install/msgs_control/include/msgs_control/msgs_control/srv/detail
[7.484s] -- Installing: /home/aalonso/Personal/ros2_ws/install/msgs_control/include/msgs_control/msgs_control/srv/detail/sim_pid__type_support.cpp
[7.484s] -- Installing: /home/aalonso/Personal/ros2_ws/install/msgs_control/include/msgs_control/msgs_control/srv/detail/sim_pid__rosidl_typesupport_introspection_cpp.hpp
[7.484s] -- Installing: /home/aalonso/Personal/ros2_ws/install/msgs_control/lib/libmsgs_control__rosidl_typesupport_introspection_cpp.so
[7.484s] -- Set non-toolchain portion of runtime path of "/home/aalonso/Personal/ros2_ws/install/msgs_control/lib/libmsgs_control__rosidl_typesupport_introspection_cpp.so" to ""
[7.484s] -- Installing: /home/aalonso/Personal/ros2_ws/install/msgs_control/lib/libmsgs_control__rosidl_typesupport_cpp.so
[7.485s] -- Set non-toolchain portion of runtime path of "/home/aalonso/Personal/ros2_ws/install/msgs_control/lib/libmsgs_control__rosidl_typesupport_cpp.so" to ""
[7.485s] -- Installing: /home/aalonso/Personal/ros2_ws/install/msgs_control/share/msgs_control/environment/pythonpath.sh
[7.485s] -- Installing: /home/aalonso/Personal/ros2_ws/install/msgs_control/share/msgs_control/environment/pythonpath.dsv
[7.485s] -- Installing: /home/aalonso/Personal/ros2_ws/install/msgs_control/lib/python3.10/site-packages/msgs_control-0.0.0-py3.10.egg-info
[7.485s] -- Installing: /home/aalonso/Personal/ros2_ws/install/msgs_control/lib/python3.10/site-packages/msgs_control-0.0.0-py3.10.egg-info/SOURCES.txt
[7.485s] -- Installing: /home/aalonso/Personal/ros2_ws/install/msgs_control/lib/python3.10/site-packages/msgs_control-0.0.0-py3.10.egg-info/PKG-INFO
[7.485s] -- Installing: /home/aalonso/Personal/ros2_ws/install/msgs_control/lib/python3.10/site-packages/msgs_control-0.0.0-py3.10.egg-info/top_level.txt
[7.485s] -- Installing: /home/aalonso/Personal/ros2_ws/install/msgs_control/lib/python3.10/site-packages/msgs_control-0.0.0-py3.10.egg-info/dependency_links.txt
[7.485s] -- Installing: /home/aalonso/Personal/ros2_ws/install/msgs_control/lib/python3.10/site-packages/msgs_control
[7.486s] -- Installing: /home/aalonso/Personal/ros2_ws/install/msgs_control/lib/python3.10/site-packages/msgs_control/msgs_control_s__rosidl_typesupport_fastrtps_c.so
[7.486s] -- Installing: /home/aalonso/Personal/ros2_ws/install/msgs_control/lib/python3.10/site-packages/msgs_control/srv
[7.486s] -- Installing: /home/aalonso/Personal/ros2_ws/install/msgs_control/lib/python3.10/site-packages/msgs_control/srv/_sim_pid_s.c
[7.486s] -- Installing: /home/aalonso/Personal/ros2_ws/install/msgs_control/lib/python3.10/site-packages/msgs_control/srv/__init__.py
[7.486s] -- Installing: /home/aalonso/Personal/ros2_ws/install/msgs_control/lib/python3.10/site-packages/msgs_control/srv/_sim_pid.py
[7.486s] -- Installing: /home/aalonso/Personal/ros2_ws/install/msgs_control/lib/python3.10/site-packages/msgs_control/_msgs_control_s.ep.rosidl_typesupport_c.c
[7.486s] -- Installing: /home/aalonso/Personal/ros2_ws/install/msgs_control/lib/python3.10/site-packages/msgs_control/__init__.py
[7.486s] -- Installing: /home/aalonso/Personal/ros2_ws/install/msgs_control/lib/python3.10/site-packages/msgs_control/_msgs_control_s.ep.rosidl_typesupport_fastrtps_c.c
[7.486s] -- Installing: /home/aalonso/Personal/ros2_ws/install/msgs_control/lib/python3.10/site-packages/msgs_control/_msgs_control_s.ep.rosidl_typesupport_introspection_c.c
[7.486s] -- Installing: /home/aalonso/Personal/ros2_ws/install/msgs_control/lib/python3.10/site-packages/msgs_control/msgs_control_s__rosidl_typesupport_c.so
[7.487s] -- Installing: /home/aalonso/Personal/ros2_ws/install/msgs_control/lib/python3.10/site-packages/msgs_control/msgs_control_s__rosidl_typesupport_introspection_c.so
[7.540s] Listing '/home/aalonso/Personal/ros2_ws/install/msgs_control/lib/python3.10/site-packages/msgs_control'...
[7.540s] Compiling '/home/aalonso/Personal/ros2_ws/install/msgs_control/lib/python3.10/site-packages/msgs_control/__init__.py'...
[7.540s] Listing '/home/aalonso/Personal/ros2_ws/install/msgs_control/lib/python3.10/site-packages/msgs_control/srv'...
[7.540s] Compiling '/home/aalonso/Personal/ros2_ws/install/msgs_control/lib/python3.10/site-packages/msgs_control/srv/__init__.py'...
[7.540s] Compiling '/home/aalonso/Personal/ros2_ws/install/msgs_control/lib/python3.10/site-packages/msgs_control/srv/_sim_pid.py'...
[7.542s] -- Installing: /home/aalonso/Personal/ros2_ws/install/msgs_control/lib/python3.10/site-packages/msgs_control/msgs_control_s__rosidl_typesupport_fastrtps_c.so
[7.542s] -- Set non-toolchain portion of runtime path of "/home/aalonso/Personal/ros2_ws/install/msgs_control/lib/python3.10/site-packages/msgs_control/msgs_control_s__rosidl_typesupport_fastrtps_c.so" to ""
[7.542s] -- Installing: /home/aalonso/Personal/ros2_ws/install/msgs_control/lib/python3.10/site-packages/msgs_control/msgs_control_s__rosidl_typesupport_introspection_c.so
[7.543s] -- Set non-toolchain portion of runtime path of "/home/aalonso/Personal/ros2_ws/install/msgs_control/lib/python3.10/site-packages/msgs_control/msgs_control_s__rosidl_typesupport_introspection_c.so" to ""
[7.543s] -- Installing: /home/aalonso/Personal/ros2_ws/install/msgs_control/lib/python3.10/site-packages/msgs_control/msgs_control_s__rosidl_typesupport_c.so
[7.543s] -- Set non-toolchain portion of runtime path of "/home/aalonso/Personal/ros2_ws/install/msgs_control/lib/python3.10/site-packages/msgs_control/msgs_control_s__rosidl_typesupport_c.so" to ""
[7.543s] -- Installing: /home/aalonso/Personal/ros2_ws/install/msgs_control/lib/libmsgs_control__rosidl_generator_py.so
[7.543s] -- Set non-toolchain portion of runtime path of "/home/aalonso/Personal/ros2_ws/install/msgs_control/lib/libmsgs_control__rosidl_generator_py.so" to ""
[7.543s] -- Installing: /home/aalonso/Personal/ros2_ws/install/msgs_control/share/msgs_control/srv/SimPID.idl
[7.543s] -- Installing: /home/aalonso/Personal/ros2_ws/install/msgs_control/share/msgs_control/srv/SimPID.srv
[7.544s] -- Installing: /home/aalonso/Personal/ros2_ws/install/msgs_control/share/ament_index/resource_index/package_run_dependencies/msgs_control
[7.544s] -- Installing: /home/aalonso/Personal/ros2_ws/install/msgs_control/share/ament_index/resource_index/parent_prefix_path/msgs_control
[7.544s] -- Installing: /home/aalonso/Personal/ros2_ws/install/msgs_control/share/msgs_control/environment/ament_prefix_path.sh
[7.544s] -- Installing: /home/aalonso/Personal/ros2_ws/install/msgs_control/share/msgs_control/environment/ament_prefix_path.dsv
[7.544s] -- Installing: /home/aalonso/Personal/ros2_ws/install/msgs_control/share/msgs_control/environment/path.sh
[7.544s] -- Installing: /home/aalonso/Personal/ros2_ws/install/msgs_control/share/msgs_control/environment/path.dsv
[7.544s] -- Installing: /home/aalonso/Personal/ros2_ws/install/msgs_control/share/msgs_control/local_setup.bash
[7.544s] -- Installing: /home/aalonso/Personal/ros2_ws/install/msgs_control/share/msgs_control/local_setup.sh
[7.544s] -- Installing: /home/aalonso/Personal/ros2_ws/install/msgs_control/share/msgs_control/local_setup.zsh
[7.545s] -- Installing: /home/aalonso/Personal/ros2_ws/install/msgs_control/share/msgs_control/local_setup.dsv
[7.545s] -- Installing: /home/aalonso/Personal/ros2_ws/install/msgs_control/share/msgs_control/package.dsv
[7.545s] -- Installing: /home/aalonso/Personal/ros2_ws/install/msgs_control/share/ament_index/resource_index/packages/msgs_control
[7.545s] -- Installing: /home/aalonso/Personal/ros2_ws/install/msgs_control/share/msgs_control/cmake/export_msgs_control__rosidl_generator_cExport.cmake
[7.545s] -- Installing: /home/aalonso/Personal/ros2_ws/install/msgs_control/share/msgs_control/cmake/export_msgs_control__rosidl_generator_cExport-noconfig.cmake
[7.545s] -- Installing: /home/aalonso/Personal/ros2_ws/install/msgs_control/share/msgs_control/cmake/export_msgs_control__rosidl_typesupport_fastrtps_cExport.cmake
[7.545s] -- Installing: /home/aalonso/Personal/ros2_ws/install/msgs_control/share/msgs_control/cmake/export_msgs_control__rosidl_typesupport_fastrtps_cExport-noconfig.cmake
[7.546s] -- Installing: /home/aalonso/Personal/ros2_ws/install/msgs_control/share/msgs_control/cmake/msgs_control__rosidl_typesupport_introspection_cExport.cmake
[7.546s] -- Installing: /home/aalonso/Personal/ros2_ws/install/msgs_control/share/msgs_control/cmake/msgs_control__rosidl_typesupport_introspection_cExport-noconfig.cmake
[7.546s] -- Installing: /home/aalonso/Personal/ros2_ws/install/msgs_control/share/msgs_control/cmake/msgs_control__rosidl_typesupport_cExport.cmake
[7.546s] -- Installing: /home/aalonso/Personal/ros2_ws/install/msgs_control/share/msgs_control/cmake/msgs_control__rosidl_typesupport_cExport-noconfig.cmake
[7.546s] -- Installing: /home/aalonso/Personal/ros2_ws/install/msgs_control/share/msgs_control/cmake/export_msgs_control__rosidl_generator_cppExport.cmake
[7.546s] -- Installing: /home/aalonso/Personal/ros2_ws/install/msgs_control/share/msgs_control/cmake/export_msgs_control__rosidl_typesupport_fastrtps_cppExport.cmake
[7.546s] -- Installing: /home/aalonso/Personal/ros2_ws/install/msgs_control/share/msgs_control/cmake/export_msgs_control__rosidl_typesupport_fastrtps_cppExport-noconfig.cmake
[7.546s] -- Installing: /home/aalonso/Personal/ros2_ws/install/msgs_control/share/msgs_control/cmake/msgs_control__rosidl_typesupport_introspection_cppExport.cmake
[7.546s] -- Installing: /home/aalonso/Personal/ros2_ws/install/msgs_control/share/msgs_control/cmake/msgs_control__rosidl_typesupport_introspection_cppExport-noconfig.cmake
[7.547s] -- Installing: /home/aalonso/Personal/ros2_ws/install/msgs_control/share/msgs_control/cmake/msgs_control__rosidl_typesupport_cppExport.cmake
[7.547s] -- Installing: /home/aalonso/Personal/ros2_ws/install/msgs_control/share/msgs_control/cmake/msgs_control__rosidl_typesupport_cppExport-noconfig.cmake
[7.547s] -- Installing: /home/aalonso/Personal/ros2_ws/install/msgs_control/share/msgs_control/cmake/export_msgs_control__rosidl_generator_pyExport.cmake
[7.547s] -- Installing: /home/aalonso/Personal/ros2_ws/install/msgs_control/share/msgs_control/cmake/export_msgs_control__rosidl_generator_pyExport-noconfig.cmake
[7.547s] -- Installing: /home/aalonso/Personal/ros2_ws/install/msgs_control/share/msgs_control/cmake/rosidl_cmake-extras.cmake
[7.547s] -- Installing: /home/aalonso/Personal/ros2_ws/install/msgs_control/share/msgs_control/cmake/ament_cmake_export_dependencies-extras.cmake
[7.547s] -- Installing: /home/aalonso/Personal/ros2_ws/install/msgs_control/share/msgs_control/cmake/ament_cmake_export_include_directories-extras.cmake
[7.547s] -- Installing: /home/aalonso/Personal/ros2_ws/install/msgs_control/share/msgs_control/cmake/ament_cmake_export_libraries-extras.cmake
[7.547s] -- Installing: /home/aalonso/Personal/ros2_ws/install/msgs_control/share/msgs_control/cmake/ament_cmake_export_targets-extras.cmake
[7.547s] -- Installing: /home/aalonso/Personal/ros2_ws/install/msgs_control/share/msgs_control/cmake/rosidl_cmake_export_typesupport_targets-extras.cmake
[7.548s] -- Installing: /home/aalonso/Personal/ros2_ws/install/msgs_control/share/msgs_control/cmake/rosidl_cmake_export_typesupport_libraries-extras.cmake
[7.548s] -- Installing: /home/aalonso/Personal/ros2_ws/install/msgs_control/share/msgs_control/cmake/msgs_controlConfig.cmake
[7.548s] -- Installing: /home/aalonso/Personal/ros2_ws/install/msgs_control/share/msgs_control/cmake/msgs_controlConfig-version.cmake
[7.548s] -- Installing: /home/aalonso/Personal/ros2_ws/install/msgs_control/share/msgs_control/package.xml
[7.550s] Invoked command in '/home/aalonso/Personal/ros2_ws/build/msgs_control' returned '0': CMAKE_PREFIX_PATH=${CMAKE_PREFIX_PATH}:/home/aalonso/Personal/ros2_ws/install/sim_pkg:/home/aalonso/Personal/ros2_ws/install/pid_genetic_tuner:/opt/ros/jazzy /usr/bin/cmake --install /home/aalonso/Personal/ros2_ws/build/msgs_control
