[0.653s] Invoking command in '/home/aalonso/Personal/ros2_ws/src/pid_genetic_tuner': PYTHONPATH=/home/aalonso/Personal/ros2_ws/build/pid_genetic_tuner/prefix_override:/usr/lib/python3/dist-packages/colcon_core/task/python/colcon_distutils_commands:/home/aalonso/Personal/ros2_ws/install/pid_genetic_tuner/lib/python3.10/site-packages:${PYTHONPATH} /usr/bin/python3 -W ignore:setup.py install is deprecated -W ignore:easy_install command is deprecated setup.py egg_info --egg-base ../../build/pid_genetic_tuner build --build-base /home/aalonso/Personal/ros2_ws/build/pid_genetic_tuner/build install --record /home/aalonso/Personal/ros2_ws/build/pid_genetic_tuner/install.log --single-version-externally-managed install_data
[0.753s] /home/aalonso/.local/lib/python3.10/site-packages/setuptools/_distutils/dist.py:268: UserWarning: Unknown distribution option: 'tests_require'
[0.753s]   warnings.warn(msg)
[0.801s] running egg_info
[0.801s] creating ../../build/pid_genetic_tuner/pid_genetic_tuner.egg-info
[0.808s] writing ../../build/pid_genetic_tuner/pid_genetic_tuner.egg-info/PKG-INFO
[0.809s] writing dependency_links to ../../build/pid_genetic_tuner/pid_genetic_tuner.egg-info/dependency_links.txt
[0.809s] writing entry points to ../../build/pid_genetic_tuner/pid_genetic_tuner.egg-info/entry_points.txt
[0.809s] writing requirements to ../../build/pid_genetic_tuner/pid_genetic_tuner.egg-info/requires.txt
[0.809s] writing top-level names to ../../build/pid_genetic_tuner/pid_genetic_tuner.egg-info/top_level.txt
[0.809s] writing manifest file '../../build/pid_genetic_tuner/pid_genetic_tuner.egg-info/SOURCES.txt'
[0.830s] reading manifest file '../../build/pid_genetic_tuner/pid_genetic_tuner.egg-info/SOURCES.txt'
[0.831s] writing manifest file '../../build/pid_genetic_tuner/pid_genetic_tuner.egg-info/SOURCES.txt'
[0.831s] running build
[0.831s] running build_py
[0.832s] creating /home/aalonso/Personal/ros2_ws/build/pid_genetic_tuner/build
[0.832s] creating /home/aalonso/Personal/ros2_ws/build/pid_genetic_tuner/build/lib
[0.832s] creating /home/aalonso/Personal/ros2_ws/build/pid_genetic_tuner/build/lib/pid_genetic_tuner
[0.832s] copying pid_genetic_tuner/genetic_pid_node.py -> /home/aalonso/Personal/ros2_ws/build/pid_genetic_tuner/build/lib/pid_genetic_tuner
[0.833s] running install
[0.835s] running install_lib
[0.842s] creating /home/aalonso/Personal/ros2_ws/install/pid_genetic_tuner/lib/python3.10/site-packages/pid_genetic_tuner
[0.843s] copying /home/aalonso/Personal/ros2_ws/build/pid_genetic_tuner/build/lib/pid_genetic_tuner/genetic_pid_node.py -> /home/aalonso/Personal/ros2_ws/install/pid_genetic_tuner/lib/python3.10/site-packages/pid_genetic_tuner
[0.843s] byte-compiling /home/aalonso/Personal/ros2_ws/install/pid_genetic_tuner/lib/python3.10/site-packages/pid_genetic_tuner/genetic_pid_node.py to genetic_pid_node.cpython-310.pyc
[0.844s] running install_data
[0.844s] creating /home/aalonso/Personal/ros2_ws/install/pid_genetic_tuner/share/ament_index
[0.844s] creating /home/aalonso/Personal/ros2_ws/install/pid_genetic_tuner/share/ament_index/resource_index
[0.844s] creating /home/aalonso/Personal/ros2_ws/install/pid_genetic_tuner/share/ament_index/resource_index/packages
[0.844s] copying resource/pid_genetic_tuner -> /home/aalonso/Personal/ros2_ws/install/pid_genetic_tuner/share/ament_index/resource_index/packages
[0.845s] copying package.xml -> /home/aalonso/Personal/ros2_ws/install/pid_genetic_tuner/share/pid_genetic_tuner
[0.845s] running install_egg_info
[0.856s] Copying ../../build/pid_genetic_tuner/pid_genetic_tuner.egg-info to /home/aalonso/Personal/ros2_ws/install/pid_genetic_tuner/lib/python3.10/site-packages/pid_genetic_tuner-0.0.1-py3.10.egg-info
[0.857s] running install_scripts
[0.918s] Installing genetic_pid_node script to /home/aalonso/Personal/ros2_ws/install/pid_genetic_tuner/lib/pid_genetic_tuner
[0.918s] writing list of installed files to '/home/aalonso/Personal/ros2_ws/build/pid_genetic_tuner/install.log'
[0.937s] Invoked command in '/home/aalonso/Personal/ros2_ws/src/pid_genetic_tuner' returned '0': PYTHONPATH=/home/aalonso/Personal/ros2_ws/build/pid_genetic_tuner/prefix_override:/usr/lib/python3/dist-packages/colcon_core/task/python/colcon_distutils_commands:/home/aalonso/Personal/ros2_ws/install/pid_genetic_tuner/lib/python3.10/site-packages:${PYTHONPATH} /usr/bin/python3 -W ignore:setup.py install is deprecated -W ignore:easy_install command is deprecated setup.py egg_info --egg-base ../../build/pid_genetic_tuner build --build-base /home/aalonso/Personal/ros2_ws/build/pid_genetic_tuner/build install --record /home/aalonso/Personal/ros2_ws/build/pid_genetic_tuner/install.log --single-version-externally-managed install_data
