running egg_info
writing ../../build/pid_genetic_tuner/pid_genetic_tuner.egg-info/PKG-INFO
writing dependency_links to ../../build/pid_genetic_tuner/pid_genetic_tuner.egg-info/dependency_links.txt
writing entry points to ../../build/pid_genetic_tuner/pid_genetic_tuner.egg-info/entry_points.txt
writing requirements to ../../build/pid_genetic_tuner/pid_genetic_tuner.egg-info/requires.txt
writing top-level names to ../../build/pid_genetic_tuner/pid_genetic_tuner.egg-info/top_level.txt
reading manifest file '../../build/pid_genetic_tuner/pid_genetic_tuner.egg-info/SOURCES.txt'
writing manifest file '../../build/pid_genetic_tuner/pid_genetic_tuner.egg-info/SOURCES.txt'
running build
running build_py
copying pid_genetic_tuner/__init__.py -> /home/upm/Escritorio/ros/build/pid_genetic_tuner/build/lib/pid_genetic_tuner
running install
running install_lib
copying /home/upm/Escritorio/ros/build/pid_genetic_tuner/build/lib/pid_genetic_tuner/__init__.py -> /home/upm/Escritorio/ros/install/pid_genetic_tuner/lib/python3.10/site-packages/pid_genetic_tuner
byte-compiling /home/upm/Escritorio/ros/install/pid_genetic_tuner/lib/python3.10/site-packages/pid_genetic_tuner/__init__.py to __init__.cpython-310.pyc
running install_data
running install_egg_info
removing '/home/upm/Escritorio/ros/install/pid_genetic_tuner/lib/python3.10/site-packages/pid_genetic_tuner-0.0.1-py3.10.egg-info' (and everything under it)
Copying ../../build/pid_genetic_tuner/pid_genetic_tuner.egg-info to /home/upm/Escritorio/ros/install/pid_genetic_tuner/lib/python3.10/site-packages/pid_genetic_tuner-0.0.1-py3.10.egg-info
running install_scripts
Installing genetic_pid_node script to /home/upm/Escritorio/ros/install/pid_genetic_tuner/lib/pid_genetic_tuner
writing list of installed files to '/home/upm/Escritorio/ros/build/pid_genetic_tuner/install.log'
