[0.000000] (-) TimerEvent: {}
[0.000804] (msgs_control) JobQueued: {'identifier': 'msgs_control', 'dependencies': OrderedDict()}
[0.000837] (pid_genetic_tuner) JobQueued: {'identifier': 'pid_genetic_tuner', 'dependencies': OrderedDict()}
[0.000863] (sim_pkg) JobQueued: {'identifier': 'sim_pkg', 'dependencies': OrderedDict()}
[0.000890] (msgs_control) JobStarted: {'identifier': 'msgs_control'}
[0.005391] (pid_genetic_tuner) JobStarted: {'identifier': 'pid_genetic_tuner'}
[0.008586] (sim_pkg) JobStarted: {'identifier': 'sim_pkg'}
[0.012194] (msgs_control) JobProgress: {'identifier': 'msgs_control', 'progress': 'cmake'}
[0.012969] (msgs_control) Command: {'cmd': ['/usr/bin/cmake', '/home/aalonso/Personal/ros2_ws/src/msgs_control', '-DCMAKE_INSTALL_PREFIX=/home/aalonso/Personal/ros2_ws/install/msgs_control'], 'cwd': '/home/aalonso/Personal/ros2_ws/build/msgs_control', 'env': OrderedDict([('CONDA_PROMPT_MODIFIER', 'false'), ('USER', 'aalonso'), ('WT_PROFILE_ID', '{51855cb2-8cce-5362-8f54-464b92b32386}'), ('SHLVL', '1'), ('POWERLINE_COMMAND', 'oh-my-posh'), ('LD_LIBRARY_PATH', '/opt/ros/jazzy/opt/rviz_ogre_vendor/lib:/opt/ros/jazzy/opt/gz_math_vendor/lib:/opt/ros/jazzy/opt/gz_utils_vendor/lib:/opt/ros/jazzy/opt/gz_cmake_vendor/lib:/home/aalonso/Personal/ros2_ws/install/msgs_control/lib:/opt/ros/jazzy/lib/x86_64-linux-gnu:/opt/ros/jazzy/lib'), ('HOME', '/home/aalonso'), ('OLDPWD', '/opt/ros/jazzy'), ('NVM_BIN', '/home/aalonso/.nvm/versions/node/v20.17.0/bin'), ('PYENV_SHELL', 'zsh'), ('NVM_INC', '/home/aalonso/.nvm/versions/node/v20.17.0/include/node'), ('ROS_PYTHON_VERSION', '3'), ('DBUS_SESSION_BUS_ADDRESS', 'unix:path=/tmp/dbus-eZBvWUHyaA,guid=11526dfb2cdd3ec557fa5e2267a652f7'), ('WSL_DISTRO_NAME', 'Ubuntu'), ('NVM_DIR', '/home/aalonso/.nvm'), ('WAYLAND_DISPLAY', 'wayland-0'), ('ROS_DISTRO', 'jazzy'), ('COLCON_PREFIX_PATH', '/home/aalonso/Personal/ros2_ws/install'), ('LOGNAME', 'aalonso'), ('PULSE_SERVER', 'unix:/mnt/wslg/PulseServer'), ('WSL_INTEROP', '/run/WSL/38237_interop'), ('NAME', 'DESKTOP-H1883T9'), ('POSH_SESSION_ID', '05a5d02e-e167-4819-8f9c-ff3818dc0415'), ('_', '/usr/bin/colcon'), ('ROS_VERSION', '2'), ('TERM', 'xterm-256color'), ('POSH_SHELL_VERSION', '5.9'), ('PATH', '/opt/ros/jazzy/bin:/home/aalonso/.nvm/versions/node/v20.17.0/bin:/home/aalonso/.pyenv/shims:/home/aalonso/.pyenv/bin:/home/aalonso/.local/bin/libwebp-1.4.0-linux-x86-64/bin:/home/aalonso/.cargo/bin:/usr/local/sbin:/usr/local/bin:/usr/sbin:/usr/bin:/sbin:/bin:/usr/games:/usr/local/games:/usr/lib/wsl/lib:/mnt/c/Windows/system32:/mnt/c/Windows:/mnt/c/Windows/System32/Wbem:/mnt/c/Windows/System32/WindowsPowerShell/v1.0/:/mnt/c/Windows/System32/OpenSSH/:/mnt/c/Program Files/dotnet/:/mnt/c/Program Files/AutoFirma/AutoFirma:/mnt/c/Program Files/Git/cmd:/mnt/c/Program Files (x86)/NVIDIA Corporation/PhysX/Common:/mnt/c/Program Files/NVIDIA Corporation/NVIDIA app/NvDLISR:/mnt/c/Program Files/Docker/Docker/resources/bin:/mnt/c/Windows/system32/config/systemprofile/AppData/Local/Microsoft/WindowsApps:/mnt/c/Users/aalon/AppData/Local/Programs/Microsoft VS Code/bin:/mnt/c/Program Files/Lens/resources/cli/bin:/mnt/c/Users/aalon/AppData/Local/Microsoft/WindowsApps:/mnt/c/Users/aalon/AppData/Local/Microsoft/WinGet/Packages/Gyan.FFmpeg_Microsoft.Winget.Source_8wekyb3d8bbwe/ffmpeg-7.0.1-full_build/bin:/mnt/c/Users/aalon/AppData/Local/JetBrains/Toolbox/scripts:/home/aalonso/.local/bin:/home/aalonso/.local/bin'), ('XDG_RUNTIME_DIR', '/run/user/1000/'), ('WT_SESSION', 'dca44cc8-957e-4676-9d1a-c5d80c02f707'), ('KUBECONFIG', '/home/aalonso/.kube/gh-devserver-context.yaml:/home/aalonso/.kube/kubeconfig-GH.yaml'), ('DISPLAY', ':0'), ('LANG', 'C.UTF-8'), ('DBUS_SESSION_BUS_PID', '38281'), ('AMENT_PREFIX_PATH', '/home/aalonso/Personal/ros2_ws/install/sim_pkg:/home/aalonso/Personal/ros2_ws/install/pid_genetic_tuner:/home/aalonso/Personal/ros2_ws/install/msgs_control:/opt/ros/jazzy'), ('SHELL', '/usr/bin/zsh'), ('DBUS_SESSION_BUS_WINDOWID', '6291457'), ('POSH_THEME', '/home/aalonso/.cache/oh-my-posh/config.608d06b9f3403ab777a834ab095294457460e7f3b5b1220c6f69fb0a772759d1.omp.json'), ('ZLE_RPROMPT_INDENT', '0'), ('OSTYPE', 'linux-gnu'), ('ROS_AUTOMATIC_DISCOVERY_RANGE', 'SUBNET'), ('PWD', '/home/aalonso/Personal/ros2_ws/build/msgs_control'), ('PYENV_ROOT', '/home/aalonso/.pyenv'), ('NVM_CD_FLAGS', '-q'), ('PYTHONPATH', '/home/aalonso/Personal/ros2_ws/install/sim_pkg/lib/python3.10/site-packages:/home/aalonso/Personal/ros2_ws/install/pid_genetic_tuner/lib/python3.10/site-packages:/home/aalonso/Personal/ros2_ws/install/msgs_control/lib/python3.10/site-packages:/opt/ros/jazzy/lib/python3.12/site-packages'), ('COLCON', '1'), ('HOSTTYPE', 'x86_64'), ('WSL2_GUI_APPS_ENABLED', '1'), ('WSLENV', 'WT_SESSION:WT_PROFILE_ID:'), ('CMAKE_PREFIX_PATH', '/opt/ros/jazzy/opt/gz_math_vendor:/opt/ros/jazzy/opt/gz_utils_vendor:/opt/ros/jazzy/opt/gz_cmake_vendor:/home/aalonso/Personal/ros2_ws/install/msgs_control:/home/aalonso/Personal/ros2_ws/install/sim_pkg:/home/aalonso/Personal/ros2_ws/install/pid_genetic_tuner:/opt/ros/jazzy')]), 'shell': False}
[0.099832] (-) TimerEvent: {}
[0.135707] (msgs_control) StdoutLine: {'line': b'-- The C compiler identification is GNU 13.3.0\n'}
[0.199891] (-) TimerEvent: {}
[0.300110] (-) TimerEvent: {}
[0.350510] (msgs_control) StdoutLine: {'line': b'-- The CXX compiler identification is GNU 13.3.0\n'}
[0.400169] (-) TimerEvent: {}
[0.500408] (-) TimerEvent: {}
[0.600620] (-) TimerEvent: {}
[0.619931] (msgs_control) StdoutLine: {'line': b'-- Detecting C compiler ABI info\n'}
[0.648249] (sim_pkg) Command: {'cmd': ['/usr/bin/python3', '-W', 'ignore:setup.py install is deprecated', '-W', 'ignore:easy_install command is deprecated', 'setup.py', 'egg_info', '--egg-base', '../../build/sim_pkg', 'build', '--build-base', '/home/aalonso/Personal/ros2_ws/build/sim_pkg/build', 'install', '--record', '/home/aalonso/Personal/ros2_ws/build/sim_pkg/install.log', '--single-version-externally-managed', 'install_data'], 'cwd': '/home/aalonso/Personal/ros2_ws/src/sim_pkg', 'env': {'CONDA_PROMPT_MODIFIER': 'false', 'USER': 'aalonso', 'WT_PROFILE_ID': '{51855cb2-8cce-5362-8f54-464b92b32386}', 'SHLVL': '1', 'POWERLINE_COMMAND': 'oh-my-posh', 'LD_LIBRARY_PATH': '/opt/ros/jazzy/opt/rviz_ogre_vendor/lib:/opt/ros/jazzy/opt/gz_math_vendor/lib:/opt/ros/jazzy/opt/gz_utils_vendor/lib:/opt/ros/jazzy/opt/gz_cmake_vendor/lib:/home/aalonso/Personal/ros2_ws/install/msgs_control/lib:/opt/ros/jazzy/lib/x86_64-linux-gnu:/opt/ros/jazzy/lib', 'HOME': '/home/aalonso', 'OLDPWD': '/opt/ros/jazzy', 'NVM_BIN': '/home/aalonso/.nvm/versions/node/v20.17.0/bin', 'PYENV_SHELL': 'zsh', 'NVM_INC': '/home/aalonso/.nvm/versions/node/v20.17.0/include/node', 'ROS_PYTHON_VERSION': '3', 'DBUS_SESSION_BUS_ADDRESS': 'unix:path=/tmp/dbus-eZBvWUHyaA,guid=11526dfb2cdd3ec557fa5e2267a652f7', 'WSL_DISTRO_NAME': 'Ubuntu', 'NVM_DIR': '/home/aalonso/.nvm', 'WAYLAND_DISPLAY': 'wayland-0', 'ROS_DISTRO': 'jazzy', 'COLCON_PREFIX_PATH': '/home/aalonso/Personal/ros2_ws/install', 'LOGNAME': 'aalonso', 'PULSE_SERVER': 'unix:/mnt/wslg/PulseServer', 'WSL_INTEROP': '/run/WSL/38237_interop', 'NAME': 'DESKTOP-H1883T9', 'POSH_SESSION_ID': '05a5d02e-e167-4819-8f9c-ff3818dc0415', '_': '/usr/bin/colcon', 'ROS_VERSION': '2', 'TERM': 'xterm-256color', 'POSH_SHELL_VERSION': '5.9', 'PATH': '/opt/ros/jazzy/bin:/home/aalonso/.nvm/versions/node/v20.17.0/bin:/home/aalonso/.pyenv/shims:/home/aalonso/.pyenv/bin:/home/aalonso/.local/bin/libwebp-1.4.0-linux-x86-64/bin:/home/aalonso/.cargo/bin:/usr/local/sbin:/usr/local/bin:/usr/sbin:/usr/bin:/sbin:/bin:/usr/games:/usr/local/games:/usr/lib/wsl/lib:/mnt/c/Windows/system32:/mnt/c/Windows:/mnt/c/Windows/System32/Wbem:/mnt/c/Windows/System32/WindowsPowerShell/v1.0/:/mnt/c/Windows/System32/OpenSSH/:/mnt/c/Program Files/dotnet/:/mnt/c/Program Files/AutoFirma/AutoFirma:/mnt/c/Program Files/Git/cmd:/mnt/c/Program Files (x86)/NVIDIA Corporation/PhysX/Common:/mnt/c/Program Files/NVIDIA Corporation/NVIDIA app/NvDLISR:/mnt/c/Program Files/Docker/Docker/resources/bin:/mnt/c/Windows/system32/config/systemprofile/AppData/Local/Microsoft/WindowsApps:/mnt/c/Users/aalon/AppData/Local/Programs/Microsoft VS Code/bin:/mnt/c/Program Files/Lens/resources/cli/bin:/mnt/c/Users/aalon/AppData/Local/Microsoft/WindowsApps:/mnt/c/Users/aalon/AppData/Local/Microsoft/WinGet/Packages/Gyan.FFmpeg_Microsoft.Winget.Source_8wekyb3d8bbwe/ffmpeg-7.0.1-full_build/bin:/mnt/c/Users/aalon/AppData/Local/JetBrains/Toolbox/scripts:/home/aalonso/.local/bin:/home/aalonso/.local/bin', 'XDG_RUNTIME_DIR': '/run/user/1000/', 'WT_SESSION': 'dca44cc8-957e-4676-9d1a-c5d80c02f707', 'KUBECONFIG': '/home/aalonso/.kube/gh-devserver-context.yaml:/home/aalonso/.kube/kubeconfig-GH.yaml', 'DISPLAY': ':0', 'LANG': 'C.UTF-8', 'DBUS_SESSION_BUS_PID': '38281', 'AMENT_PREFIX_PATH': '/home/aalonso/Personal/ros2_ws/install/sim_pkg:/home/aalonso/Personal/ros2_ws/install/pid_genetic_tuner:/home/aalonso/Personal/ros2_ws/install/msgs_control:/opt/ros/jazzy', 'SHELL': '/usr/bin/zsh', 'DBUS_SESSION_BUS_WINDOWID': '6291457', 'POSH_THEME': '/home/aalonso/.cache/oh-my-posh/config.608d06b9f3403ab777a834ab095294457460e7f3b5b1220c6f69fb0a772759d1.omp.json', 'ZLE_RPROMPT_INDENT': '0', 'OSTYPE': 'linux-gnu', 'ROS_AUTOMATIC_DISCOVERY_RANGE': 'SUBNET', 'PWD': '/home/aalonso/Personal/ros2_ws/build/sim_pkg', 'PYENV_ROOT': '/home/aalonso/.pyenv', 'NVM_CD_FLAGS': '-q', 'PYTHONPATH': '/home/aalonso/Personal/ros2_ws/build/sim_pkg/prefix_override:/usr/lib/python3/dist-packages/colcon_core/task/python/colcon_distutils_commands:/home/aalonso/Personal/ros2_ws/install/sim_pkg/lib/python3.10/site-packages:/home/aalonso/Personal/ros2_ws/install/sim_pkg/lib/python3.10/site-packages:/home/aalonso/Personal/ros2_ws/install/pid_genetic_tuner/lib/python3.10/site-packages:/home/aalonso/Personal/ros2_ws/install/msgs_control/lib/python3.10/site-packages:/opt/ros/jazzy/lib/python3.12/site-packages', 'COLCON': '1', 'HOSTTYPE': 'x86_64', 'WSL2_GUI_APPS_ENABLED': '1', 'WSLENV': 'WT_SESSION:WT_PROFILE_ID:', 'CMAKE_PREFIX_PATH': '/opt/ros/jazzy/opt/gz_math_vendor:/opt/ros/jazzy/opt/gz_utils_vendor:/opt/ros/jazzy/opt/gz_cmake_vendor:/home/aalonso/Personal/ros2_ws/install/msgs_control'}, 'shell': False}
[0.657242] (pid_genetic_tuner) Command: {'cmd': ['/usr/bin/python3', '-W', 'ignore:setup.py install is deprecated', '-W', 'ignore:easy_install command is deprecated', 'setup.py', 'egg_info', '--egg-base', '../../build/pid_genetic_tuner', 'build', '--build-base', '/home/aalonso/Personal/ros2_ws/build/pid_genetic_tuner/build', 'install', '--record', '/home/aalonso/Personal/ros2_ws/build/pid_genetic_tuner/install.log', '--single-version-externally-managed', 'install_data'], 'cwd': '/home/aalonso/Personal/ros2_ws/src/pid_genetic_tuner', 'env': {'CONDA_PROMPT_MODIFIER': 'false', 'USER': 'aalonso', 'WT_PROFILE_ID': '{51855cb2-8cce-5362-8f54-464b92b32386}', 'SHLVL': '1', 'POWERLINE_COMMAND': 'oh-my-posh', 'LD_LIBRARY_PATH': '/opt/ros/jazzy/opt/rviz_ogre_vendor/lib:/opt/ros/jazzy/opt/gz_math_vendor/lib:/opt/ros/jazzy/opt/gz_utils_vendor/lib:/opt/ros/jazzy/opt/gz_cmake_vendor/lib:/home/aalonso/Personal/ros2_ws/install/msgs_control/lib:/opt/ros/jazzy/lib/x86_64-linux-gnu:/opt/ros/jazzy/lib', 'HOME': '/home/aalonso', 'OLDPWD': '/opt/ros/jazzy', 'NVM_BIN': '/home/aalonso/.nvm/versions/node/v20.17.0/bin', 'PYENV_SHELL': 'zsh', 'NVM_INC': '/home/aalonso/.nvm/versions/node/v20.17.0/include/node', 'ROS_PYTHON_VERSION': '3', 'DBUS_SESSION_BUS_ADDRESS': 'unix:path=/tmp/dbus-eZBvWUHyaA,guid=11526dfb2cdd3ec557fa5e2267a652f7', 'WSL_DISTRO_NAME': 'Ubuntu', 'NVM_DIR': '/home/aalonso/.nvm', 'WAYLAND_DISPLAY': 'wayland-0', 'ROS_DISTRO': 'jazzy', 'COLCON_PREFIX_PATH': '/home/aalonso/Personal/ros2_ws/install', 'LOGNAME': 'aalonso', 'PULSE_SERVER': 'unix:/mnt/wslg/PulseServer', 'WSL_INTEROP': '/run/WSL/38237_interop', 'NAME': 'DESKTOP-H1883T9', 'POSH_SESSION_ID': '05a5d02e-e167-4819-8f9c-ff3818dc0415', '_': '/usr/bin/colcon', 'ROS_VERSION': '2', 'TERM': 'xterm-256color', 'POSH_SHELL_VERSION': '5.9', 'PATH': '/opt/ros/jazzy/bin:/home/aalonso/.nvm/versions/node/v20.17.0/bin:/home/aalonso/.pyenv/shims:/home/aalonso/.pyenv/bin:/home/aalonso/.local/bin/libwebp-1.4.0-linux-x86-64/bin:/home/aalonso/.cargo/bin:/usr/local/sbin:/usr/local/bin:/usr/sbin:/usr/bin:/sbin:/bin:/usr/games:/usr/local/games:/usr/lib/wsl/lib:/mnt/c/Windows/system32:/mnt/c/Windows:/mnt/c/Windows/System32/Wbem:/mnt/c/Windows/System32/WindowsPowerShell/v1.0/:/mnt/c/Windows/System32/OpenSSH/:/mnt/c/Program Files/dotnet/:/mnt/c/Program Files/AutoFirma/AutoFirma:/mnt/c/Program Files/Git/cmd:/mnt/c/Program Files (x86)/NVIDIA Corporation/PhysX/Common:/mnt/c/Program Files/NVIDIA Corporation/NVIDIA app/NvDLISR:/mnt/c/Program Files/Docker/Docker/resources/bin:/mnt/c/Windows/system32/config/systemprofile/AppData/Local/Microsoft/WindowsApps:/mnt/c/Users/aalon/AppData/Local/Programs/Microsoft VS Code/bin:/mnt/c/Program Files/Lens/resources/cli/bin:/mnt/c/Users/aalon/AppData/Local/Microsoft/WindowsApps:/mnt/c/Users/aalon/AppData/Local/Microsoft/WinGet/Packages/Gyan.FFmpeg_Microsoft.Winget.Source_8wekyb3d8bbwe/ffmpeg-7.0.1-full_build/bin:/mnt/c/Users/aalon/AppData/Local/JetBrains/Toolbox/scripts:/home/aalonso/.local/bin:/home/aalonso/.local/bin', 'XDG_RUNTIME_DIR': '/run/user/1000/', 'WT_SESSION': 'dca44cc8-957e-4676-9d1a-c5d80c02f707', 'KUBECONFIG': '/home/aalonso/.kube/gh-devserver-context.yaml:/home/aalonso/.kube/kubeconfig-GH.yaml', 'DISPLAY': ':0', 'LANG': 'C.UTF-8', 'DBUS_SESSION_BUS_PID': '38281', 'AMENT_PREFIX_PATH': '/home/aalonso/Personal/ros2_ws/install/sim_pkg:/home/aalonso/Personal/ros2_ws/install/pid_genetic_tuner:/home/aalonso/Personal/ros2_ws/install/msgs_control:/opt/ros/jazzy', 'SHELL': '/usr/bin/zsh', 'DBUS_SESSION_BUS_WINDOWID': '6291457', 'POSH_THEME': '/home/aalonso/.cache/oh-my-posh/config.608d06b9f3403ab777a834ab095294457460e7f3b5b1220c6f69fb0a772759d1.omp.json', 'ZLE_RPROMPT_INDENT': '0', 'OSTYPE': 'linux-gnu', 'ROS_AUTOMATIC_DISCOVERY_RANGE': 'SUBNET', 'PWD': '/home/aalonso/Personal/ros2_ws/build/pid_genetic_tuner', 'PYENV_ROOT': '/home/aalonso/.pyenv', 'NVM_CD_FLAGS': '-q', 'PYTHONPATH': '/home/aalonso/Personal/ros2_ws/build/pid_genetic_tuner/prefix_override:/usr/lib/python3/dist-packages/colcon_core/task/python/colcon_distutils_commands:/home/aalonso/Personal/ros2_ws/install/pid_genetic_tuner/lib/python3.10/site-packages:/home/aalonso/Personal/ros2_ws/install/sim_pkg/lib/python3.10/site-packages:/home/aalonso/Personal/ros2_ws/install/pid_genetic_tuner/lib/python3.10/site-packages:/home/aalonso/Personal/ros2_ws/install/msgs_control/lib/python3.10/site-packages:/opt/ros/jazzy/lib/python3.12/site-packages', 'COLCON': '1', 'HOSTTYPE': 'x86_64', 'WSL2_GUI_APPS_ENABLED': '1', 'WSLENV': 'WT_SESSION:WT_PROFILE_ID:', 'CMAKE_PREFIX_PATH': '/opt/ros/jazzy/opt/gz_math_vendor:/opt/ros/jazzy/opt/gz_utils_vendor:/opt/ros/jazzy/opt/gz_cmake_vendor:/home/aalonso/Personal/ros2_ws/install/msgs_control'}, 'shell': False}
[0.702481] (-) TimerEvent: {}
[0.750312] (sim_pkg) StderrLine: {'line': b"/home/aalonso/.local/lib/python3.10/site-packages/setuptools/_distutils/dist.py:268: UserWarning: Unknown distribution option: 'tests_require'\n"}
[0.750440] (sim_pkg) StderrLine: {'line': b'  warnings.warn(msg)\n'}
[0.753706] (msgs_control) StdoutLine: {'line': b'-- Detecting C compiler ABI info - done\n'}
[0.758720] (pid_genetic_tuner) StderrLine: {'line': b"/home/aalonso/.local/lib/python3.10/site-packages/setuptools/_distutils/dist.py:268: UserWarning: Unknown distribution option: 'tests_require'\n"}
[0.758866] (pid_genetic_tuner) StderrLine: {'line': b'  warnings.warn(msg)\n'}
[0.760242] (msgs_control) StdoutLine: {'line': b'-- Check for working C compiler: /usr/bin/cc - skipped\n'}
[0.760462] (msgs_control) StdoutLine: {'line': b'-- Detecting C compile features\n'}
[0.760820] (msgs_control) StdoutLine: {'line': b'-- Detecting C compile features - done\n'}
[0.797742] (sim_pkg) StdoutLine: {'line': b'running egg_info\n'}
[0.797973] (sim_pkg) StdoutLine: {'line': b'creating ../../build/sim_pkg/sim_pkg.egg-info\n'}
[0.799471] (msgs_control) StdoutLine: {'line': b'-- Detecting CXX compiler ABI info\n'}
[0.802533] (-) TimerEvent: {}
[0.804867] (sim_pkg) StdoutLine: {'line': b'writing ../../build/sim_pkg/sim_pkg.egg-info/PKG-INFO\n'}
[0.805189] (sim_pkg) StdoutLine: {'line': b'writing dependency_links to ../../build/sim_pkg/sim_pkg.egg-info/dependency_links.txt\n'}
[0.805302] (sim_pkg) StdoutLine: {'line': b'writing entry points to ../../build/sim_pkg/sim_pkg.egg-info/entry_points.txt\n'}
[0.805411] (sim_pkg) StdoutLine: {'line': b'writing requirements to ../../build/sim_pkg/sim_pkg.egg-info/requires.txt\n'}
[0.805503] (sim_pkg) StdoutLine: {'line': b'writing top-level names to ../../build/sim_pkg/sim_pkg.egg-info/top_level.txt\n'}
[0.805602] (sim_pkg) StdoutLine: {'line': b"writing manifest file '../../build/sim_pkg/sim_pkg.egg-info/SOURCES.txt'\n"}
[0.805960] (pid_genetic_tuner) StdoutLine: {'line': b'running egg_info\n'}
[0.806208] (pid_genetic_tuner) StdoutLine: {'line': b'creating ../../build/pid_genetic_tuner/pid_genetic_tuner.egg-info\n'}
[0.813791] (pid_genetic_tuner) StdoutLine: {'line': b'writing ../../build/pid_genetic_tuner/pid_genetic_tuner.egg-info/PKG-INFO\n'}
[0.814282] (pid_genetic_tuner) StdoutLine: {'line': b'writing dependency_links to ../../build/pid_genetic_tuner/pid_genetic_tuner.egg-info/dependency_links.txt\n'}
[0.814443] (pid_genetic_tuner) StdoutLine: {'line': b'writing entry points to ../../build/pid_genetic_tuner/pid_genetic_tuner.egg-info/entry_points.txt\n'}
[0.814569] (pid_genetic_tuner) StdoutLine: {'line': b'writing requirements to ../../build/pid_genetic_tuner/pid_genetic_tuner.egg-info/requires.txt\n'}
[0.814658] (pid_genetic_tuner) StdoutLine: {'line': b'writing top-level names to ../../build/pid_genetic_tuner/pid_genetic_tuner.egg-info/top_level.txt\n'}
[0.814771] (pid_genetic_tuner) StdoutLine: {'line': b"writing manifest file '../../build/pid_genetic_tuner/pid_genetic_tuner.egg-info/SOURCES.txt'\n"}
[0.821005] (sim_pkg) StdoutLine: {'line': b"reading manifest file '../../build/sim_pkg/sim_pkg.egg-info/SOURCES.txt'\n"}
[0.821477] (sim_pkg) StdoutLine: {'line': b"writing manifest file '../../build/sim_pkg/sim_pkg.egg-info/SOURCES.txt'\n"}
[0.821613] (sim_pkg) StdoutLine: {'line': b'running build\n'}
[0.821669] (sim_pkg) StdoutLine: {'line': b'running build_py\n'}
[0.821793] (sim_pkg) StdoutLine: {'line': b'creating /home/aalonso/Personal/ros2_ws/build/sim_pkg/build\n'}
[0.821974] (sim_pkg) StdoutLine: {'line': b'creating /home/aalonso/Personal/ros2_ws/build/sim_pkg/build/lib\n'}
[0.822139] (sim_pkg) StdoutLine: {'line': b'creating /home/aalonso/Personal/ros2_ws/build/sim_pkg/build/lib/sim_pkg\n'}
[0.822318] (sim_pkg) StdoutLine: {'line': b'copying sim_pkg/sim_manual.py -> /home/aalonso/Personal/ros2_ws/build/sim_pkg/build/lib/sim_pkg\n'}
[0.822422] (sim_pkg) StdoutLine: {'line': b'copying sim_pkg/sim_node.py -> /home/aalonso/Personal/ros2_ws/build/sim_pkg/build/lib/sim_pkg\n'}
[0.822543] (sim_pkg) StdoutLine: {'line': b'copying sim_pkg/__init__.py -> /home/aalonso/Personal/ros2_ws/build/sim_pkg/build/lib/sim_pkg\n'}
[0.822712] (sim_pkg) StdoutLine: {'line': b'creating /home/aalonso/Personal/ros2_ws/build/sim_pkg/build/lib/sim_pkg/utils\n'}
[0.822888] (sim_pkg) StdoutLine: {'line': b'copying sim_pkg/utils/DC_motor_sim.py -> /home/aalonso/Personal/ros2_ws/build/sim_pkg/build/lib/sim_pkg/utils\n'}
[0.823003] (sim_pkg) StdoutLine: {'line': b'copying sim_pkg/utils/Performance.py -> /home/aalonso/Personal/ros2_ws/build/sim_pkg/build/lib/sim_pkg/utils\n'}
[0.823104] (sim_pkg) StdoutLine: {'line': b'copying sim_pkg/utils/__init__.py -> /home/aalonso/Personal/ros2_ws/build/sim_pkg/build/lib/sim_pkg/utils\n'}
[0.823202] (sim_pkg) StdoutLine: {'line': b'copying sim_pkg/utils/Controller.py -> /home/aalonso/Personal/ros2_ws/build/sim_pkg/build/lib/sim_pkg/utils\n'}
[0.823462] (sim_pkg) StdoutLine: {'line': b'running install\n'}
[0.826215] (sim_pkg) StdoutLine: {'line': b'running install_lib\n'}
[0.835670] (pid_genetic_tuner) StdoutLine: {'line': b"reading manifest file '../../build/pid_genetic_tuner/pid_genetic_tuner.egg-info/SOURCES.txt'\n"}
[0.836378] (pid_genetic_tuner) StdoutLine: {'line': b"writing manifest file '../../build/pid_genetic_tuner/pid_genetic_tuner.egg-info/SOURCES.txt'\n"}
[0.836615] (pid_genetic_tuner) StdoutLine: {'line': b'running build\n'}
[0.836708] (pid_genetic_tuner) StdoutLine: {'line': b'running build_py\n'}
[0.836919] (sim_pkg) StdoutLine: {'line': b'creating /home/aalonso/Personal/ros2_ws/install/sim_pkg/lib/python3.10/site-packages/sim_pkg\n'}
[0.837018] (pid_genetic_tuner) StdoutLine: {'line': b'creating /home/aalonso/Personal/ros2_ws/build/pid_genetic_tuner/build\n'}
[0.837130] (pid_genetic_tuner) StdoutLine: {'line': b'creating /home/aalonso/Personal/ros2_ws/build/pid_genetic_tuner/build/lib\n'}
[0.837368] (sim_pkg) StdoutLine: {'line': b'copying /home/aalonso/Personal/ros2_ws/build/sim_pkg/build/lib/sim_pkg/sim_manual.py -> /home/aalonso/Personal/ros2_ws/install/sim_pkg/lib/python3.10/site-packages/sim_pkg\n'}
[0.837426] (pid_genetic_tuner) StdoutLine: {'line': b'creating /home/aalonso/Personal/ros2_ws/build/pid_genetic_tuner/build/lib/pid_genetic_tuner\n'}
[0.837538] (sim_pkg) StdoutLine: {'line': b'creating /home/aalonso/Personal/ros2_ws/install/sim_pkg/lib/python3.10/site-packages/sim_pkg/utils\n'}
[0.837643] (pid_genetic_tuner) StdoutLine: {'line': b'copying pid_genetic_tuner/genetic_pid_node.py -> /home/aalonso/Personal/ros2_ws/build/pid_genetic_tuner/build/lib/pid_genetic_tuner\n'}
[0.837866] (sim_pkg) StdoutLine: {'line': b'copying /home/aalonso/Personal/ros2_ws/build/sim_pkg/build/lib/sim_pkg/utils/DC_motor_sim.py -> /home/aalonso/Personal/ros2_ws/install/sim_pkg/lib/python3.10/site-packages/sim_pkg/utils\n'}
[0.837953] (pid_genetic_tuner) StdoutLine: {'line': b'running install\n'}
[0.838067] (sim_pkg) StdoutLine: {'line': b'copying /home/aalonso/Personal/ros2_ws/build/sim_pkg/build/lib/sim_pkg/utils/Performance.py -> /home/aalonso/Personal/ros2_ws/install/sim_pkg/lib/python3.10/site-packages/sim_pkg/utils\n'}
[0.838193] (sim_pkg) StdoutLine: {'line': b'copying /home/aalonso/Personal/ros2_ws/build/sim_pkg/build/lib/sim_pkg/utils/__init__.py -> /home/aalonso/Personal/ros2_ws/install/sim_pkg/lib/python3.10/site-packages/sim_pkg/utils\n'}
[0.838303] (sim_pkg) StdoutLine: {'line': b'copying /home/aalonso/Personal/ros2_ws/build/sim_pkg/build/lib/sim_pkg/utils/Controller.py -> /home/aalonso/Personal/ros2_ws/install/sim_pkg/lib/python3.10/site-packages/sim_pkg/utils\n'}
[0.838408] (sim_pkg) StdoutLine: {'line': b'copying /home/aalonso/Personal/ros2_ws/build/sim_pkg/build/lib/sim_pkg/sim_node.py -> /home/aalonso/Personal/ros2_ws/install/sim_pkg/lib/python3.10/site-packages/sim_pkg\n'}
[0.838571] (sim_pkg) StdoutLine: {'line': b'copying /home/aalonso/Personal/ros2_ws/build/sim_pkg/build/lib/sim_pkg/__init__.py -> /home/aalonso/Personal/ros2_ws/install/sim_pkg/lib/python3.10/site-packages/sim_pkg\n'}
[0.838622] (sim_pkg) StdoutLine: {'line': b'byte-compiling /home/aalonso/Personal/ros2_ws/install/sim_pkg/lib/python3.10/site-packages/sim_pkg/sim_manual.py to sim_manual.cpython-310.pyc\n'}
[0.838773] (sim_pkg) StdoutLine: {'line': b'byte-compiling /home/aalonso/Personal/ros2_ws/install/sim_pkg/lib/python3.10/site-packages/sim_pkg/utils/DC_motor_sim.py to DC_motor_sim.cpython-310.pyc\n'}
[0.839021] (sim_pkg) StdoutLine: {'line': b'byte-compiling /home/aalonso/Personal/ros2_ws/install/sim_pkg/lib/python3.10/site-packages/sim_pkg/utils/Performance.py to Performance.cpython-310.pyc\n'}
[0.839305] (sim_pkg) StdoutLine: {'line': b'byte-compiling /home/aalonso/Personal/ros2_ws/install/sim_pkg/lib/python3.10/site-packages/sim_pkg/utils/__init__.py to __init__.cpython-310.pyc\n'}
[0.839450] (sim_pkg) StdoutLine: {'line': b'byte-compiling /home/aalonso/Personal/ros2_ws/install/sim_pkg/lib/python3.10/site-packages/sim_pkg/utils/Controller.py to Controller.cpython-310.pyc\n'}
[0.839746] (sim_pkg) StdoutLine: {'line': b'byte-compiling /home/aalonso/Personal/ros2_ws/install/sim_pkg/lib/python3.10/site-packages/sim_pkg/sim_node.py to sim_node.cpython-310.pyc\n'}
[0.840003] (pid_genetic_tuner) StdoutLine: {'line': b'running install_lib\n'}
[0.840111] (sim_pkg) StdoutLine: {'line': b'byte-compiling /home/aalonso/Personal/ros2_ws/install/sim_pkg/lib/python3.10/site-packages/sim_pkg/__init__.py to __init__.cpython-310.pyc\n'}
[0.840227] (sim_pkg) StdoutLine: {'line': b'running install_data\n'}
[0.840320] (sim_pkg) StdoutLine: {'line': b'creating /home/aalonso/Personal/ros2_ws/install/sim_pkg/share/ament_index\n'}
[0.840474] (sim_pkg) StdoutLine: {'line': b'creating /home/aalonso/Personal/ros2_ws/install/sim_pkg/share/ament_index/resource_index\n'}
[0.840625] (sim_pkg) StdoutLine: {'line': b'creating /home/aalonso/Personal/ros2_ws/install/sim_pkg/share/ament_index/resource_index/packages\n'}
[0.840792] (sim_pkg) StdoutLine: {'line': b'copying resource/sim_pkg -> /home/aalonso/Personal/ros2_ws/install/sim_pkg/share/ament_index/resource_index/packages\n'}
[0.840920] (sim_pkg) StdoutLine: {'line': b'copying package.xml -> /home/aalonso/Personal/ros2_ws/install/sim_pkg/share/sim_pkg\n'}
[0.841032] (sim_pkg) StdoutLine: {'line': b'copying launch/sim_srv.launch.py -> /home/aalonso/Personal/ros2_ws/install/sim_pkg/share/sim_pkg\n'}
[0.841131] (sim_pkg) StdoutLine: {'line': b'running install_egg_info\n'}
[0.847681] (pid_genetic_tuner) StdoutLine: {'line': b'creating /home/aalonso/Personal/ros2_ws/install/pid_genetic_tuner/lib/python3.10/site-packages/pid_genetic_tuner\n'}
[0.847919] (pid_genetic_tuner) StdoutLine: {'line': b'copying /home/aalonso/Personal/ros2_ws/build/pid_genetic_tuner/build/lib/pid_genetic_tuner/genetic_pid_node.py -> /home/aalonso/Personal/ros2_ws/install/pid_genetic_tuner/lib/python3.10/site-packages/pid_genetic_tuner\n'}
[0.848374] (pid_genetic_tuner) StdoutLine: {'line': b'byte-compiling /home/aalonso/Personal/ros2_ws/install/pid_genetic_tuner/lib/python3.10/site-packages/pid_genetic_tuner/genetic_pid_node.py to genetic_pid_node.cpython-310.pyc\n'}
[0.849116] (pid_genetic_tuner) StdoutLine: {'line': b'running install_data\n'}
[0.849237] (pid_genetic_tuner) StdoutLine: {'line': b'creating /home/aalonso/Personal/ros2_ws/install/pid_genetic_tuner/share/ament_index\n'}
[0.849420] (pid_genetic_tuner) StdoutLine: {'line': b'creating /home/aalonso/Personal/ros2_ws/install/pid_genetic_tuner/share/ament_index/resource_index\n'}
[0.849621] (pid_genetic_tuner) StdoutLine: {'line': b'creating /home/aalonso/Personal/ros2_ws/install/pid_genetic_tuner/share/ament_index/resource_index/packages\n'}
[0.849815] (pid_genetic_tuner) StdoutLine: {'line': b'copying resource/pid_genetic_tuner -> /home/aalonso/Personal/ros2_ws/install/pid_genetic_tuner/share/ament_index/resource_index/packages\n'}
[0.849952] (pid_genetic_tuner) StdoutLine: {'line': b'copying package.xml -> /home/aalonso/Personal/ros2_ws/install/pid_genetic_tuner/share/pid_genetic_tuner\n'}
[0.850059] (pid_genetic_tuner) StdoutLine: {'line': b'running install_egg_info\n'}
[0.850407] (sim_pkg) StdoutLine: {'line': b'Copying ../../build/sim_pkg/sim_pkg.egg-info to /home/aalonso/Personal/ros2_ws/install/sim_pkg/lib/python3.10/site-packages/sim_pkg-0.0.0-py3.10.egg-info\n'}
[0.851042] (sim_pkg) StdoutLine: {'line': b'running install_scripts\n'}
[0.861781] (pid_genetic_tuner) StdoutLine: {'line': b'Copying ../../build/pid_genetic_tuner/pid_genetic_tuner.egg-info to /home/aalonso/Personal/ros2_ws/install/pid_genetic_tuner/lib/python3.10/site-packages/pid_genetic_tuner-0.0.1-py3.10.egg-info\n'}
[0.862642] (pid_genetic_tuner) StdoutLine: {'line': b'running install_scripts\n'}
[0.902580] (-) TimerEvent: {}
[0.912517] (sim_pkg) StdoutLine: {'line': b'Installing simulator script to /home/aalonso/Personal/ros2_ws/install/sim_pkg/lib/sim_pkg\n'}
[0.912994] (sim_pkg) StdoutLine: {'line': b"writing list of installed files to '/home/aalonso/Personal/ros2_ws/build/sim_pkg/install.log'\n"}
[0.923270] (pid_genetic_tuner) StdoutLine: {'line': b'Installing genetic_pid_node script to /home/aalonso/Personal/ros2_ws/install/pid_genetic_tuner/lib/pid_genetic_tuner\n'}
[0.923677] (pid_genetic_tuner) StdoutLine: {'line': b"writing list of installed files to '/home/aalonso/Personal/ros2_ws/build/pid_genetic_tuner/install.log'\n"}
[0.927022] (msgs_control) StdoutLine: {'line': b'-- Detecting CXX compiler ABI info - done\n'}
[0.931966] (msgs_control) StdoutLine: {'line': b'-- Check for working CXX compiler: /usr/bin/c++ - skipped\n'}
[0.932178] (msgs_control) StdoutLine: {'line': b'-- Detecting CXX compile features\n'}
[0.932424] (msgs_control) StdoutLine: {'line': b'-- Detecting CXX compile features - done\n'}
[0.933499] (sim_pkg) CommandEnded: {'returncode': 0}
[0.934637] (msgs_control) StdoutLine: {'line': b'-- Found ament_cmake: 2.5.3 (/opt/ros/jazzy/share/ament_cmake/cmake)\n'}
[0.941256] (sim_pkg) JobEnded: {'identifier': 'sim_pkg', 'rc': 0}
[0.942620] (pid_genetic_tuner) CommandEnded: {'returncode': 0}
[0.946003] (pid_genetic_tuner) JobEnded: {'identifier': 'pid_genetic_tuner', 'rc': 0}
[1.002633] (-) TimerEvent: {}
[1.102855] (-) TimerEvent: {}
[1.203072] (-) TimerEvent: {}
[1.215596] (msgs_control) StdoutLine: {'line': b'-- Found Python3: /home/aalonso/.pyenv/shims/python3 (found version "3.10.12") found components: Interpreter \n'}
[1.300623] (msgs_control) StdoutLine: {'line': b'-- Found ament_lint_auto: 0.17.1 (/opt/ros/jazzy/share/ament_lint_auto/cmake)\n'}
[1.303135] (-) TimerEvent: {}
[1.384770] (msgs_control) StdoutLine: {'line': b'-- Found rosidl_default_generators: 1.6.0 (/opt/ros/jazzy/share/rosidl_default_generators/cmake)\n'}
[1.387585] (msgs_control) StdoutLine: {'line': b'-- Using all available rosidl_typesupport_c: rosidl_typesupport_fastrtps_c;rosidl_typesupport_introspection_c\n'}
[1.403239] (-) TimerEvent: {}
[1.465860] (msgs_control) StdoutLine: {'line': b'-- Using all available rosidl_typesupport_cpp: rosidl_typesupport_fastrtps_cpp;rosidl_typesupport_introspection_cpp\n'}
[1.487327] (msgs_control) StdoutLine: {'line': b'-- Found rosidl_adapter: 4.6.5 (/opt/ros/jazzy/share/rosidl_adapter/cmake)\n'}
[1.503330] (-) TimerEvent: {}
[1.603589] (-) TimerEvent: {}
[1.703860] (-) TimerEvent: {}
[1.804253] (-) TimerEvent: {}
[1.904513] (-) TimerEvent: {}
[2.004755] (-) TimerEvent: {}
[2.105046] (-) TimerEvent: {}
[2.205322] (-) TimerEvent: {}
[2.305581] (-) TimerEvent: {}
[2.405857] (-) TimerEvent: {}
[2.419400] (msgs_control) StdoutLine: {'line': b'-- Found ament_cmake_ros: 0.12.0 (/opt/ros/jazzy/share/ament_cmake_ros/cmake)\n'}
[2.505960] (-) TimerEvent: {}
[2.606239] (-) TimerEvent: {}
[2.706542] (-) TimerEvent: {}
[2.806822] (-) TimerEvent: {}
[2.907074] (-) TimerEvent: {}
[3.007326] (-) TimerEvent: {}
[3.107578] (-) TimerEvent: {}
[3.207817] (-) TimerEvent: {}
[3.266467] (msgs_control) StdoutLine: {'line': b'-- Using all available rosidl_typesupport_c: rosidl_typesupport_fastrtps_c;rosidl_typesupport_introspection_c\n'}
[3.307907] (-) TimerEvent: {}
[3.408206] (-) TimerEvent: {}
[3.508449] (-) TimerEvent: {}
[3.608721] (-) TimerEvent: {}
[3.708984] (-) TimerEvent: {}
[3.809223] (-) TimerEvent: {}
[3.909474] (-) TimerEvent: {}
[4.009697] (-) TimerEvent: {}
[4.109957] (-) TimerEvent: {}
[4.210226] (-) TimerEvent: {}
[4.310518] (-) TimerEvent: {}
[4.410760] (-) TimerEvent: {}
[4.412507] (msgs_control) StdoutLine: {'line': b'-- Using all available rosidl_typesupport_cpp: rosidl_typesupport_fastrtps_cpp;rosidl_typesupport_introspection_cpp\n'}
[4.414048] (msgs_control) StdoutLine: {'line': b'-- Found python_cmake_module: 0.11.1 (/opt/ros/jazzy/share/python_cmake_module/cmake)\n'}
[4.510859] (-) TimerEvent: {}
[4.611079] (-) TimerEvent: {}
[4.688571] (msgs_control) StdoutLine: {'line': b'-- Found PythonExtra: /home/aalonso/.pyenv/shims/python3  \n'}
[4.711156] (-) TimerEvent: {}
[4.811370] (-) TimerEvent: {}
[4.911586] (-) TimerEvent: {}
[5.011824] (-) TimerEvent: {}
[5.112034] (-) TimerEvent: {}
[5.212322] (-) TimerEvent: {}
[5.312620] (-) TimerEvent: {}
[5.356381] (msgs_control) StdoutLine: {'line': b'-- Found Python3: /home/aalonso/.pyenv/shims/python3 (found version "3.10.12") found components: Interpreter Development NumPy Development.Module Development.Embed \n'}
[5.403366] (msgs_control) StdoutLine: {'line': b"-- Added test 'lint_cmake' to check CMake code style\n"}
[5.404132] (msgs_control) StdoutLine: {'line': b"-- Added test 'xmllint' to check XML markup files\n"}
[5.407454] (msgs_control) StdoutLine: {'line': b'-- Configuring done (5.4s)\n'}
[5.412646] (-) TimerEvent: {}
[5.432288] (msgs_control) StdoutLine: {'line': b'-- Generating done (0.0s)\n'}
[5.438649] (msgs_control) StdoutLine: {'line': b'-- Build files have been written to: /home/aalonso/Personal/ros2_ws/build/msgs_control\n'}
[5.445295] (msgs_control) CommandEnded: {'returncode': 0}
[5.445737] (msgs_control) JobProgress: {'identifier': 'msgs_control', 'progress': 'build'}
[5.446412] (msgs_control) Command: {'cmd': ['/usr/bin/cmake', '--build', '/home/aalonso/Personal/ros2_ws/build/msgs_control', '--', '-j16', '-l16'], 'cwd': '/home/aalonso/Personal/ros2_ws/build/msgs_control', 'env': OrderedDict([('CONDA_PROMPT_MODIFIER', 'false'), ('USER', 'aalonso'), ('WT_PROFILE_ID', '{51855cb2-8cce-5362-8f54-464b92b32386}'), ('SHLVL', '1'), ('POWERLINE_COMMAND', 'oh-my-posh'), ('LD_LIBRARY_PATH', '/opt/ros/jazzy/opt/rviz_ogre_vendor/lib:/opt/ros/jazzy/opt/gz_math_vendor/lib:/opt/ros/jazzy/opt/gz_utils_vendor/lib:/opt/ros/jazzy/opt/gz_cmake_vendor/lib:/home/aalonso/Personal/ros2_ws/install/msgs_control/lib:/opt/ros/jazzy/lib/x86_64-linux-gnu:/opt/ros/jazzy/lib'), ('HOME', '/home/aalonso'), ('OLDPWD', '/opt/ros/jazzy'), ('NVM_BIN', '/home/aalonso/.nvm/versions/node/v20.17.0/bin'), ('PYENV_SHELL', 'zsh'), ('NVM_INC', '/home/aalonso/.nvm/versions/node/v20.17.0/include/node'), ('ROS_PYTHON_VERSION', '3'), ('DBUS_SESSION_BUS_ADDRESS', 'unix:path=/tmp/dbus-eZBvWUHyaA,guid=11526dfb2cdd3ec557fa5e2267a652f7'), ('WSL_DISTRO_NAME', 'Ubuntu'), ('NVM_DIR', '/home/aalonso/.nvm'), ('WAYLAND_DISPLAY', 'wayland-0'), ('ROS_DISTRO', 'jazzy'), ('COLCON_PREFIX_PATH', '/home/aalonso/Personal/ros2_ws/install'), ('LOGNAME', 'aalonso'), ('PULSE_SERVER', 'unix:/mnt/wslg/PulseServer'), ('WSL_INTEROP', '/run/WSL/38237_interop'), ('NAME', 'DESKTOP-H1883T9'), ('POSH_SESSION_ID', '05a5d02e-e167-4819-8f9c-ff3818dc0415'), ('_', '/usr/bin/colcon'), ('ROS_VERSION', '2'), ('TERM', 'xterm-256color'), ('POSH_SHELL_VERSION', '5.9'), ('PATH', '/opt/ros/jazzy/bin:/home/aalonso/.nvm/versions/node/v20.17.0/bin:/home/aalonso/.pyenv/shims:/home/aalonso/.pyenv/bin:/home/aalonso/.local/bin/libwebp-1.4.0-linux-x86-64/bin:/home/aalonso/.cargo/bin:/usr/local/sbin:/usr/local/bin:/usr/sbin:/usr/bin:/sbin:/bin:/usr/games:/usr/local/games:/usr/lib/wsl/lib:/mnt/c/Windows/system32:/mnt/c/Windows:/mnt/c/Windows/System32/Wbem:/mnt/c/Windows/System32/WindowsPowerShell/v1.0/:/mnt/c/Windows/System32/OpenSSH/:/mnt/c/Program Files/dotnet/:/mnt/c/Program Files/AutoFirma/AutoFirma:/mnt/c/Program Files/Git/cmd:/mnt/c/Program Files (x86)/NVIDIA Corporation/PhysX/Common:/mnt/c/Program Files/NVIDIA Corporation/NVIDIA app/NvDLISR:/mnt/c/Program Files/Docker/Docker/resources/bin:/mnt/c/Windows/system32/config/systemprofile/AppData/Local/Microsoft/WindowsApps:/mnt/c/Users/aalon/AppData/Local/Programs/Microsoft VS Code/bin:/mnt/c/Program Files/Lens/resources/cli/bin:/mnt/c/Users/aalon/AppData/Local/Microsoft/WindowsApps:/mnt/c/Users/aalon/AppData/Local/Microsoft/WinGet/Packages/Gyan.FFmpeg_Microsoft.Winget.Source_8wekyb3d8bbwe/ffmpeg-7.0.1-full_build/bin:/mnt/c/Users/aalon/AppData/Local/JetBrains/Toolbox/scripts:/home/aalonso/.local/bin:/home/aalonso/.local/bin'), ('XDG_RUNTIME_DIR', '/run/user/1000/'), ('WT_SESSION', 'dca44cc8-957e-4676-9d1a-c5d80c02f707'), ('KUBECONFIG', '/home/aalonso/.kube/gh-devserver-context.yaml:/home/aalonso/.kube/kubeconfig-GH.yaml'), ('DISPLAY', ':0'), ('LANG', 'C.UTF-8'), ('DBUS_SESSION_BUS_PID', '38281'), ('AMENT_PREFIX_PATH', '/home/aalonso/Personal/ros2_ws/install/sim_pkg:/home/aalonso/Personal/ros2_ws/install/pid_genetic_tuner:/home/aalonso/Personal/ros2_ws/install/msgs_control:/opt/ros/jazzy'), ('SHELL', '/usr/bin/zsh'), ('DBUS_SESSION_BUS_WINDOWID', '6291457'), ('POSH_THEME', '/home/aalonso/.cache/oh-my-posh/config.608d06b9f3403ab777a834ab095294457460e7f3b5b1220c6f69fb0a772759d1.omp.json'), ('ZLE_RPROMPT_INDENT', '0'), ('OSTYPE', 'linux-gnu'), ('ROS_AUTOMATIC_DISCOVERY_RANGE', 'SUBNET'), ('PWD', '/home/aalonso/Personal/ros2_ws/build/msgs_control'), ('PYENV_ROOT', '/home/aalonso/.pyenv'), ('NVM_CD_FLAGS', '-q'), ('PYTHONPATH', '/home/aalonso/Personal/ros2_ws/install/sim_pkg/lib/python3.10/site-packages:/home/aalonso/Personal/ros2_ws/install/pid_genetic_tuner/lib/python3.10/site-packages:/home/aalonso/Personal/ros2_ws/install/msgs_control/lib/python3.10/site-packages:/opt/ros/jazzy/lib/python3.12/site-packages'), ('COLCON', '1'), ('HOSTTYPE', 'x86_64'), ('WSL2_GUI_APPS_ENABLED', '1'), ('WSLENV', 'WT_SESSION:WT_PROFILE_ID:'), ('CMAKE_PREFIX_PATH', '/opt/ros/jazzy/opt/gz_math_vendor:/opt/ros/jazzy/opt/gz_utils_vendor:/opt/ros/jazzy/opt/gz_cmake_vendor:/home/aalonso/Personal/ros2_ws/install/msgs_control:/home/aalonso/Personal/ros2_ws/install/sim_pkg:/home/aalonso/Personal/ros2_ws/install/pid_genetic_tuner:/opt/ros/jazzy')]), 'shell': False}
[5.470411] (msgs_control) StdoutLine: {'line': b'[  2%] \x1b[34m\x1b[1mGenerating type hashes for ROS interfaces\x1b[0m\n'}
[5.474653] (msgs_control) StdoutLine: {'line': b'[  2%] Built target ament_cmake_python_copy_msgs_control\n'}
[5.512766] (-) TimerEvent: {}
[5.612970] (-) TimerEvent: {}
[5.627071] (msgs_control) StdoutLine: {'line': b'running egg_info\n'}
[5.627817] (msgs_control) StdoutLine: {'line': b'creating msgs_control.egg-info\n'}
[5.636414] (msgs_control) StdoutLine: {'line': b'writing msgs_control.egg-info/PKG-INFO\n'}
[5.636725] (msgs_control) StdoutLine: {'line': b'writing dependency_links to msgs_control.egg-info/dependency_links.txt\n'}
[5.636936] (msgs_control) StdoutLine: {'line': b'writing top-level names to msgs_control.egg-info/top_level.txt\n'}
[5.637090] (msgs_control) StdoutLine: {'line': b"writing manifest file 'msgs_control.egg-info/SOURCES.txt'\n"}
[5.649494] (msgs_control) StdoutLine: {'line': b'[  2%] Built target msgs_control__rosidl_generator_type_description\n'}
[5.654935] (msgs_control) StdoutLine: {'line': b'[  5%] \x1b[34m\x1b[1mGenerating C code for ROS interfaces\x1b[0m\n'}
[5.660521] (msgs_control) StdoutLine: {'line': b'[  8%] \x1b[34m\x1b[1mGenerating C++ code for ROS interfaces\x1b[0m\n'}
[5.664297] (msgs_control) StdoutLine: {'line': b"reading manifest file 'msgs_control.egg-info/SOURCES.txt'\n"}
[5.664815] (msgs_control) StdoutLine: {'line': b"writing manifest file 'msgs_control.egg-info/SOURCES.txt'\n"}
[5.682702] (msgs_control) StdoutLine: {'line': b'[  8%] Built target ament_cmake_python_build_msgs_control_egg\n'}
[5.713037] (-) TimerEvent: {}
[5.813284] (-) TimerEvent: {}
[5.913546] (-) TimerEvent: {}
[5.951927] (msgs_control) StdoutLine: {'line': b'[  8%] Built target msgs_control__cpp\n'}
[5.959413] (msgs_control) StdoutLine: {'line': b'[ 11%] \x1b[32mBuilding C object CMakeFiles/msgs_control__rosidl_generator_c.dir/rosidl_generator_c/msgs_control/srv/detail/sim_pid__functions.c.o\x1b[0m\n'}
[5.959625] (msgs_control) StdoutLine: {'line': b'[ 14%] \x1b[32mBuilding C object CMakeFiles/msgs_control__rosidl_generator_c.dir/rosidl_generator_c/msgs_control/srv/detail/sim_pid__description.c.o\x1b[0m\n'}
[5.959772] (msgs_control) StdoutLine: {'line': b'[ 17%] \x1b[32mBuilding C object CMakeFiles/msgs_control__rosidl_generator_c.dir/rosidl_generator_c/msgs_control/srv/detail/sim_pid__type_support.c.o\x1b[0m\n'}
[5.997546] (msgs_control) StdoutLine: {'line': b'[ 20%] \x1b[32m\x1b[1mLinking C shared library libmsgs_control__rosidl_generator_c.so\x1b[0m\n'}
[6.013603] (-) TimerEvent: {}
[6.049153] (msgs_control) StdoutLine: {'line': b'[ 20%] Built target msgs_control__rosidl_generator_c\n'}
[6.054192] (msgs_control) StdoutLine: {'line': b'[ 32%] \x1b[34m\x1b[1mGenerating C type support for eProsima Fast-RTPS\x1b[0m\n'}
[6.054401] (msgs_control) StdoutLine: {'line': b'[ 32%] \x1b[34m\x1b[1mGenerating C introspection for ROS interfaces\x1b[0m\n'}
[6.054437] (msgs_control) StdoutLine: {'line': b'[ 32%] \x1b[34m\x1b[1mGenerating C type support dispatch for ROS interfaces\x1b[0m\n'}
[6.054464] (msgs_control) StdoutLine: {'line': b'[ 32%] \x1b[34m\x1b[1mGenerating C++ type support dispatch for ROS interfaces\x1b[0m\n'}
[6.054578] (msgs_control) StdoutLine: {'line': b'[ 35%] \x1b[34m\x1b[1mGenerating C++ type support for eProsima Fast-RTPS\x1b[0m\n'}
[6.055089] (msgs_control) StdoutLine: {'line': b'[ 38%] \x1b[34m\x1b[1mGenerating C++ introspection for ROS interfaces\x1b[0m\n'}
[6.113717] (-) TimerEvent: {}
[6.214013] (-) TimerEvent: {}
[6.314353] (-) TimerEvent: {}
[6.342799] (msgs_control) StdoutLine: {'line': b'[ 41%] \x1b[32mBuilding CXX object CMakeFiles/msgs_control__rosidl_typesupport_c.dir/rosidl_typesupport_c/msgs_control/srv/sim_pid__type_support.cpp.o\x1b[0m\n'}
[6.354625] (msgs_control) StdoutLine: {'line': b'[ 47%] \x1b[32mBuilding CXX object CMakeFiles/msgs_control__rosidl_typesupport_cpp.dir/rosidl_typesupport_cpp/msgs_control/srv/sim_pid__type_support.cpp.o\x1b[0m\n'}
[6.354779] (msgs_control) StdoutLine: {'line': b'[ 47%] \x1b[32mBuilding CXX object CMakeFiles/msgs_control__rosidl_typesupport_introspection_cpp.dir/rosidl_typesupport_introspection_cpp/msgs_control/srv/detail/sim_pid__type_support.cpp.o\x1b[0m\n'}
[6.372191] (msgs_control) StdoutLine: {'line': b'[ 50%] \x1b[32m\x1b[1mLinking CXX shared library libmsgs_control__rosidl_typesupport_c.so\x1b[0m\n'}
[6.377134] (msgs_control) StdoutLine: {'line': b'[ 52%] \x1b[32mBuilding C object CMakeFiles/msgs_control__rosidl_typesupport_introspection_c.dir/rosidl_typesupport_introspection_c/msgs_control/srv/detail/sim_pid__type_support.c.o\x1b[0m\n'}
[6.408502] (msgs_control) StdoutLine: {'line': b'[ 55%] \x1b[32m\x1b[1mLinking C shared library libmsgs_control__rosidl_typesupport_introspection_c.so\x1b[0m\n'}
[6.414467] (-) TimerEvent: {}
[6.421366] (msgs_control) StdoutLine: {'line': b'[ 58%] \x1b[32mBuilding CXX object CMakeFiles/msgs_control__rosidl_typesupport_fastrtps_cpp.dir/rosidl_typesupport_fastrtps_cpp/msgs_control/srv/detail/dds_fastrtps/sim_pid__type_support.cpp.o\x1b[0m\n'}
[6.441890] (msgs_control) StdoutLine: {'line': b'[ 61%] \x1b[32mBuilding CXX object CMakeFiles/msgs_control__rosidl_typesupport_fastrtps_c.dir/rosidl_typesupport_fastrtps_c/msgs_control/srv/detail/sim_pid__type_support_c.cpp.o\x1b[0m\n'}
[6.442071] (msgs_control) StdoutLine: {'line': b'[ 61%] Built target msgs_control__rosidl_typesupport_c\n'}
[6.478431] (msgs_control) StdoutLine: {'line': b'[ 61%] Built target msgs_control__rosidl_typesupport_introspection_c\n'}
[6.514533] (-) TimerEvent: {}
[6.600570] (msgs_control) StdoutLine: {'line': b'[ 64%] \x1b[32m\x1b[1mLinking CXX shared library libmsgs_control__rosidl_typesupport_introspection_cpp.so\x1b[0m\n'}
[6.601471] (msgs_control) StdoutLine: {'line': b'[ 67%] \x1b[32m\x1b[1mLinking CXX shared library libmsgs_control__rosidl_typesupport_cpp.so\x1b[0m\n'}
[6.614601] (-) TimerEvent: {}
[6.658036] (msgs_control) StdoutLine: {'line': b'[ 67%] Built target msgs_control__rosidl_typesupport_introspection_cpp\n'}
[6.658176] (msgs_control) StdoutLine: {'line': b'[ 67%] Built target msgs_control__rosidl_typesupport_cpp\n'}
[6.714663] (-) TimerEvent: {}
[6.726623] (msgs_control) StdoutLine: {'line': b'[ 70%] \x1b[32m\x1b[1mLinking CXX shared library libmsgs_control__rosidl_typesupport_fastrtps_c.so\x1b[0m\n'}
[6.761392] (msgs_control) StdoutLine: {'line': b'[ 73%] \x1b[32m\x1b[1mLinking CXX shared library libmsgs_control__rosidl_typesupport_fastrtps_cpp.so\x1b[0m\n'}
[6.784896] (msgs_control) StdoutLine: {'line': b'[ 73%] Built target msgs_control__rosidl_typesupport_fastrtps_c\n'}
[6.814720] (-) TimerEvent: {}
[6.830114] (msgs_control) StdoutLine: {'line': b'[ 73%] Built target msgs_control__rosidl_typesupport_fastrtps_cpp\n'}
[6.839802] (msgs_control) StdoutLine: {'line': b'[ 73%] Built target msgs_control\n'}
[6.849184] (msgs_control) StdoutLine: {'line': b'[ 76%] \x1b[34m\x1b[1mGenerating Python code for ROS interfaces\x1b[0m\n'}
[6.914778] (-) TimerEvent: {}
[7.015061] (-) TimerEvent: {}
[7.115346] (-) TimerEvent: {}
[7.215606] (-) TimerEvent: {}
[7.233443] (msgs_control) StdoutLine: {'line': b'[ 76%] Built target msgs_control__py\n'}
[7.242686] (msgs_control) StdoutLine: {'line': b'[ 79%] \x1b[32mBuilding C object CMakeFiles/msgs_control__rosidl_generator_py.dir/rosidl_generator_py/msgs_control/srv/_sim_pid_s.c.o\x1b[0m\n'}
[7.308051] (msgs_control) StdoutLine: {'line': b'[ 82%] \x1b[32m\x1b[1mLinking C shared library libmsgs_control__rosidl_generator_py.so\x1b[0m\n'}
[7.315697] (-) TimerEvent: {}
[7.362068] (msgs_control) StdoutLine: {'line': b'[ 82%] Built target msgs_control__rosidl_generator_py\n'}
[7.371945] (msgs_control) StdoutLine: {'line': b'[ 91%] \x1b[32mBuilding C object CMakeFiles/msgs_control_s__rosidl_typesupport_fastrtps_c.dir/rosidl_generator_py/msgs_control/_msgs_control_s.ep.rosidl_typesupport_fastrtps_c.c.o\x1b[0m\n'}
[7.372085] (msgs_control) StdoutLine: {'line': b'[ 91%] \x1b[32mBuilding C object CMakeFiles/msgs_control_s__rosidl_typesupport_introspection_c.dir/rosidl_generator_py/msgs_control/_msgs_control_s.ep.rosidl_typesupport_introspection_c.c.o\x1b[0m\n'}
[7.372118] (msgs_control) StdoutLine: {'line': b'[ 91%] \x1b[32mBuilding C object CMakeFiles/msgs_control_s__rosidl_typesupport_c.dir/rosidl_generator_py/msgs_control/_msgs_control_s.ep.rosidl_typesupport_c.c.o\x1b[0m\n'}
[7.415807] (-) TimerEvent: {}
[7.422975] (msgs_control) StdoutLine: {'line': b'[100%] \x1b[32m\x1b[1mLinking C shared module rosidl_generator_py/msgs_control/msgs_control_s__rosidl_typesupport_fastrtps_c.so\x1b[0m\n'}
[7.423106] (msgs_control) StdoutLine: {'line': b'[100%] \x1b[32m\x1b[1mLinking C shared module rosidl_generator_py/msgs_control/msgs_control_s__rosidl_typesupport_c.so\x1b[0m\n'}
[7.423139] (msgs_control) StdoutLine: {'line': b'[100%] \x1b[32m\x1b[1mLinking C shared module rosidl_generator_py/msgs_control/msgs_control_s__rosidl_typesupport_introspection_c.so\x1b[0m\n'}
[7.461917] (msgs_control) StdoutLine: {'line': b'[100%] Built target msgs_control_s__rosidl_typesupport_fastrtps_c\n'}
[7.462140] (msgs_control) StdoutLine: {'line': b'[100%] Built target msgs_control_s__rosidl_typesupport_introspection_c\n'}
[7.462189] (msgs_control) StdoutLine: {'line': b'[100%] Built target msgs_control_s__rosidl_typesupport_c\n'}
[7.468249] (msgs_control) CommandEnded: {'returncode': 0}
[7.469007] (msgs_control) JobProgress: {'identifier': 'msgs_control', 'progress': 'install'}
[7.473434] (msgs_control) Command: {'cmd': ['/usr/bin/cmake', '--install', '/home/aalonso/Personal/ros2_ws/build/msgs_control'], 'cwd': '/home/aalonso/Personal/ros2_ws/build/msgs_control', 'env': OrderedDict([('CONDA_PROMPT_MODIFIER', 'false'), ('USER', 'aalonso'), ('WT_PROFILE_ID', '{51855cb2-8cce-5362-8f54-464b92b32386}'), ('SHLVL', '1'), ('POWERLINE_COMMAND', 'oh-my-posh'), ('LD_LIBRARY_PATH', '/opt/ros/jazzy/opt/rviz_ogre_vendor/lib:/opt/ros/jazzy/opt/gz_math_vendor/lib:/opt/ros/jazzy/opt/gz_utils_vendor/lib:/opt/ros/jazzy/opt/gz_cmake_vendor/lib:/home/aalonso/Personal/ros2_ws/install/msgs_control/lib:/opt/ros/jazzy/lib/x86_64-linux-gnu:/opt/ros/jazzy/lib'), ('HOME', '/home/aalonso'), ('OLDPWD', '/opt/ros/jazzy'), ('NVM_BIN', '/home/aalonso/.nvm/versions/node/v20.17.0/bin'), ('PYENV_SHELL', 'zsh'), ('NVM_INC', '/home/aalonso/.nvm/versions/node/v20.17.0/include/node'), ('ROS_PYTHON_VERSION', '3'), ('DBUS_SESSION_BUS_ADDRESS', 'unix:path=/tmp/dbus-eZBvWUHyaA,guid=11526dfb2cdd3ec557fa5e2267a652f7'), ('WSL_DISTRO_NAME', 'Ubuntu'), ('NVM_DIR', '/home/aalonso/.nvm'), ('WAYLAND_DISPLAY', 'wayland-0'), ('ROS_DISTRO', 'jazzy'), ('COLCON_PREFIX_PATH', '/home/aalonso/Personal/ros2_ws/install'), ('LOGNAME', 'aalonso'), ('PULSE_SERVER', 'unix:/mnt/wslg/PulseServer'), ('WSL_INTEROP', '/run/WSL/38237_interop'), ('NAME', 'DESKTOP-H1883T9'), ('POSH_SESSION_ID', '05a5d02e-e167-4819-8f9c-ff3818dc0415'), ('_', '/usr/bin/colcon'), ('ROS_VERSION', '2'), ('TERM', 'xterm-256color'), ('POSH_SHELL_VERSION', '5.9'), ('PATH', '/opt/ros/jazzy/bin:/home/aalonso/.nvm/versions/node/v20.17.0/bin:/home/aalonso/.pyenv/shims:/home/aalonso/.pyenv/bin:/home/aalonso/.local/bin/libwebp-1.4.0-linux-x86-64/bin:/home/aalonso/.cargo/bin:/usr/local/sbin:/usr/local/bin:/usr/sbin:/usr/bin:/sbin:/bin:/usr/games:/usr/local/games:/usr/lib/wsl/lib:/mnt/c/Windows/system32:/mnt/c/Windows:/mnt/c/Windows/System32/Wbem:/mnt/c/Windows/System32/WindowsPowerShell/v1.0/:/mnt/c/Windows/System32/OpenSSH/:/mnt/c/Program Files/dotnet/:/mnt/c/Program Files/AutoFirma/AutoFirma:/mnt/c/Program Files/Git/cmd:/mnt/c/Program Files (x86)/NVIDIA Corporation/PhysX/Common:/mnt/c/Program Files/NVIDIA Corporation/NVIDIA app/NvDLISR:/mnt/c/Program Files/Docker/Docker/resources/bin:/mnt/c/Windows/system32/config/systemprofile/AppData/Local/Microsoft/WindowsApps:/mnt/c/Users/aalon/AppData/Local/Programs/Microsoft VS Code/bin:/mnt/c/Program Files/Lens/resources/cli/bin:/mnt/c/Users/aalon/AppData/Local/Microsoft/WindowsApps:/mnt/c/Users/aalon/AppData/Local/Microsoft/WinGet/Packages/Gyan.FFmpeg_Microsoft.Winget.Source_8wekyb3d8bbwe/ffmpeg-7.0.1-full_build/bin:/mnt/c/Users/aalon/AppData/Local/JetBrains/Toolbox/scripts:/home/aalonso/.local/bin:/home/aalonso/.local/bin'), ('XDG_RUNTIME_DIR', '/run/user/1000/'), ('WT_SESSION', 'dca44cc8-957e-4676-9d1a-c5d80c02f707'), ('KUBECONFIG', '/home/aalonso/.kube/gh-devserver-context.yaml:/home/aalonso/.kube/kubeconfig-GH.yaml'), ('DISPLAY', ':0'), ('LANG', 'C.UTF-8'), ('DBUS_SESSION_BUS_PID', '38281'), ('AMENT_PREFIX_PATH', '/home/aalonso/Personal/ros2_ws/install/sim_pkg:/home/aalonso/Personal/ros2_ws/install/pid_genetic_tuner:/home/aalonso/Personal/ros2_ws/install/msgs_control:/opt/ros/jazzy'), ('SHELL', '/usr/bin/zsh'), ('DBUS_SESSION_BUS_WINDOWID', '6291457'), ('POSH_THEME', '/home/aalonso/.cache/oh-my-posh/config.608d06b9f3403ab777a834ab095294457460e7f3b5b1220c6f69fb0a772759d1.omp.json'), ('ZLE_RPROMPT_INDENT', '0'), ('OSTYPE', 'linux-gnu'), ('ROS_AUTOMATIC_DISCOVERY_RANGE', 'SUBNET'), ('PWD', '/home/aalonso/Personal/ros2_ws/build/msgs_control'), ('PYENV_ROOT', '/home/aalonso/.pyenv'), ('NVM_CD_FLAGS', '-q'), ('PYTHONPATH', '/home/aalonso/Personal/ros2_ws/install/sim_pkg/lib/python3.10/site-packages:/home/aalonso/Personal/ros2_ws/install/pid_genetic_tuner/lib/python3.10/site-packages:/home/aalonso/Personal/ros2_ws/install/msgs_control/lib/python3.10/site-packages:/opt/ros/jazzy/lib/python3.12/site-packages'), ('COLCON', '1'), ('HOSTTYPE', 'x86_64'), ('WSL2_GUI_APPS_ENABLED', '1'), ('WSLENV', 'WT_SESSION:WT_PROFILE_ID:'), ('CMAKE_PREFIX_PATH', '/opt/ros/jazzy/opt/gz_math_vendor:/opt/ros/jazzy/opt/gz_utils_vendor:/opt/ros/jazzy/opt/gz_cmake_vendor:/home/aalonso/Personal/ros2_ws/install/msgs_control:/home/aalonso/Personal/ros2_ws/install/sim_pkg:/home/aalonso/Personal/ros2_ws/install/pid_genetic_tuner:/opt/ros/jazzy')]), 'shell': False}
[7.477630] (msgs_control) StdoutLine: {'line': b'-- Install configuration: ""\n'}
[7.478366] (msgs_control) StdoutLine: {'line': b'-- Installing: /home/aalonso/Personal/ros2_ws/install/msgs_control/share/ament_index/resource_index/rosidl_interfaces/msgs_control\n'}
[7.478717] (msgs_control) StdoutLine: {'line': b'-- Installing: /home/aalonso/Personal/ros2_ws/install/msgs_control/share/msgs_control/srv/SimPID.json\n'}
[7.478866] (msgs_control) StdoutLine: {'line': b'-- Installing: /home/aalonso/Personal/ros2_ws/install/msgs_control/include/msgs_control/msgs_control\n'}
[7.479236] (msgs_control) StdoutLine: {'line': b'-- Installing: /home/aalonso/Personal/ros2_ws/install/msgs_control/include/msgs_control/msgs_control/srv\n'}
[7.479369] (msgs_control) StdoutLine: {'line': b'-- Installing: /home/aalonso/Personal/ros2_ws/install/msgs_control/include/msgs_control/msgs_control/srv/sim_pid.h\n'}
[7.479474] (msgs_control) StdoutLine: {'line': b'-- Installing: /home/aalonso/Personal/ros2_ws/install/msgs_control/include/msgs_control/msgs_control/srv/detail\n'}
[7.479588] (msgs_control) StdoutLine: {'line': b'-- Installing: /home/aalonso/Personal/ros2_ws/install/msgs_control/include/msgs_control/msgs_control/srv/detail/sim_pid__type_support.h\n'}
[7.479675] (msgs_control) StdoutLine: {'line': b'-- Installing: /home/aalonso/Personal/ros2_ws/install/msgs_control/include/msgs_control/msgs_control/srv/detail/sim_pid__type_support.c\n'}
[7.479752] (msgs_control) StdoutLine: {'line': b'-- Installing: /home/aalonso/Personal/ros2_ws/install/msgs_control/include/msgs_control/msgs_control/srv/detail/sim_pid__functions.h\n'}
[7.479857] (msgs_control) StdoutLine: {'line': b'-- Installing: /home/aalonso/Personal/ros2_ws/install/msgs_control/include/msgs_control/msgs_control/srv/detail/sim_pid__functions.c\n'}
[7.479962] (msgs_control) StdoutLine: {'line': b'-- Installing: /home/aalonso/Personal/ros2_ws/install/msgs_control/include/msgs_control/msgs_control/srv/detail/sim_pid__struct.h\n'}
[7.480052] (msgs_control) StdoutLine: {'line': b'-- Installing: /home/aalonso/Personal/ros2_ws/install/msgs_control/include/msgs_control/msgs_control/srv/detail/sim_pid__description.c\n'}
[7.480132] (msgs_control) StdoutLine: {'line': b'-- Installing: /home/aalonso/Personal/ros2_ws/install/msgs_control/include/msgs_control/msgs_control/msg\n'}
[7.480265] (msgs_control) StdoutLine: {'line': b'-- Installing: /home/aalonso/Personal/ros2_ws/install/msgs_control/include/msgs_control/msgs_control/msg/rosidl_generator_c__visibility_control.h\n'}
[7.480476] (msgs_control) StdoutLine: {'line': b'-- Installing: /home/aalonso/Personal/ros2_ws/install/msgs_control/share/msgs_control/environment/library_path.sh\n'}
[7.480581] (msgs_control) StdoutLine: {'line': b'-- Installing: /home/aalonso/Personal/ros2_ws/install/msgs_control/share/msgs_control/environment/library_path.dsv\n'}
[7.480836] (msgs_control) StdoutLine: {'line': b'-- Installing: /home/aalonso/Personal/ros2_ws/install/msgs_control/lib/libmsgs_control__rosidl_generator_c.so\n'}
[7.481087] (msgs_control) StdoutLine: {'line': b'-- Set non-toolchain portion of runtime path of "/home/aalonso/Personal/ros2_ws/install/msgs_control/lib/libmsgs_control__rosidl_generator_c.so" to ""\n'}
[7.481269] (msgs_control) StdoutLine: {'line': b'-- Up-to-date: /home/aalonso/Personal/ros2_ws/install/msgs_control/include/msgs_control/msgs_control\n'}
[7.481304] (msgs_control) StdoutLine: {'line': b'-- Up-to-date: /home/aalonso/Personal/ros2_ws/install/msgs_control/include/msgs_control/msgs_control/srv\n'}
[7.481404] (msgs_control) StdoutLine: {'line': b'-- Up-to-date: /home/aalonso/Personal/ros2_ws/install/msgs_control/include/msgs_control/msgs_control/srv/detail\n'}
[7.481500] (msgs_control) StdoutLine: {'line': b'-- Installing: /home/aalonso/Personal/ros2_ws/install/msgs_control/include/msgs_control/msgs_control/srv/detail/sim_pid__rosidl_typesupport_fastrtps_c.h\n'}
[7.481659] (msgs_control) StdoutLine: {'line': b'-- Up-to-date: /home/aalonso/Personal/ros2_ws/install/msgs_control/include/msgs_control/msgs_control/msg\n'}
[7.481700] (msgs_control) StdoutLine: {'line': b'-- Installing: /home/aalonso/Personal/ros2_ws/install/msgs_control/include/msgs_control/msgs_control/msg/rosidl_typesupport_fastrtps_c__visibility_control.h\n'}
[7.481769] (msgs_control) StdoutLine: {'line': b'-- Installing: /home/aalonso/Personal/ros2_ws/install/msgs_control/lib/libmsgs_control__rosidl_typesupport_fastrtps_c.so\n'}
[7.481923] (msgs_control) StdoutLine: {'line': b'-- Set non-toolchain portion of runtime path of "/home/aalonso/Personal/ros2_ws/install/msgs_control/lib/libmsgs_control__rosidl_typesupport_fastrtps_c.so" to ""\n'}
[7.482002] (msgs_control) StdoutLine: {'line': b'-- Up-to-date: /home/aalonso/Personal/ros2_ws/install/msgs_control/include/msgs_control/msgs_control\n'}
[7.482034] (msgs_control) StdoutLine: {'line': b'-- Up-to-date: /home/aalonso/Personal/ros2_ws/install/msgs_control/include/msgs_control/msgs_control/srv\n'}
[7.482060] (msgs_control) StdoutLine: {'line': b'-- Up-to-date: /home/aalonso/Personal/ros2_ws/install/msgs_control/include/msgs_control/msgs_control/srv/detail\n'}
[7.482144] (msgs_control) StdoutLine: {'line': b'-- Installing: /home/aalonso/Personal/ros2_ws/install/msgs_control/include/msgs_control/msgs_control/srv/detail/sim_pid__rosidl_typesupport_introspection_c.h\n'}
[7.482241] (msgs_control) StdoutLine: {'line': b'-- Installing: /home/aalonso/Personal/ros2_ws/install/msgs_control/include/msgs_control/msgs_control/srv/detail/sim_pid__type_support.c\n'}
[7.482426] (msgs_control) StdoutLine: {'line': b'-- Up-to-date: /home/aalonso/Personal/ros2_ws/install/msgs_control/include/msgs_control/msgs_control/msg\n'}
[7.482489] (msgs_control) StdoutLine: {'line': b'-- Installing: /home/aalonso/Personal/ros2_ws/install/msgs_control/include/msgs_control/msgs_control/msg/rosidl_typesupport_introspection_c__visibility_control.h\n'}
[7.482640] (msgs_control) StdoutLine: {'line': b'-- Installing: /home/aalonso/Personal/ros2_ws/install/msgs_control/lib/libmsgs_control__rosidl_typesupport_introspection_c.so\n'}
[7.482698] (msgs_control) StdoutLine: {'line': b'-- Set non-toolchain portion of runtime path of "/home/aalonso/Personal/ros2_ws/install/msgs_control/lib/libmsgs_control__rosidl_typesupport_introspection_c.so" to ""\n'}
[7.482738] (msgs_control) StdoutLine: {'line': b'-- Installing: /home/aalonso/Personal/ros2_ws/install/msgs_control/lib/libmsgs_control__rosidl_typesupport_c.so\n'}
[7.482834] (msgs_control) StdoutLine: {'line': b'-- Set non-toolchain portion of runtime path of "/home/aalonso/Personal/ros2_ws/install/msgs_control/lib/libmsgs_control__rosidl_typesupport_c.so" to ""\n'}
[7.482928] (msgs_control) StdoutLine: {'line': b'-- Up-to-date: /home/aalonso/Personal/ros2_ws/install/msgs_control/include/msgs_control/msgs_control\n'}
[7.483079] (msgs_control) StdoutLine: {'line': b'-- Up-to-date: /home/aalonso/Personal/ros2_ws/install/msgs_control/include/msgs_control/msgs_control/srv\n'}
[7.483274] (msgs_control) StdoutLine: {'line': b'-- Up-to-date: /home/aalonso/Personal/ros2_ws/install/msgs_control/include/msgs_control/msgs_control/srv/detail\n'}
[7.483327] (msgs_control) StdoutLine: {'line': b'-- Installing: /home/aalonso/Personal/ros2_ws/install/msgs_control/include/msgs_control/msgs_control/srv/detail/sim_pid__builder.hpp\n'}
[7.483372] (msgs_control) StdoutLine: {'line': b'-- Installing: /home/aalonso/Personal/ros2_ws/install/msgs_control/include/msgs_control/msgs_control/srv/detail/sim_pid__traits.hpp\n'}
[7.483469] (msgs_control) StdoutLine: {'line': b'-- Installing: /home/aalonso/Personal/ros2_ws/install/msgs_control/include/msgs_control/msgs_control/srv/detail/sim_pid__struct.hpp\n'}
[7.483565] (msgs_control) StdoutLine: {'line': b'-- Installing: /home/aalonso/Personal/ros2_ws/install/msgs_control/include/msgs_control/msgs_control/srv/detail/sim_pid__type_support.hpp\n'}
[7.483761] (msgs_control) StdoutLine: {'line': b'-- Installing: /home/aalonso/Personal/ros2_ws/install/msgs_control/include/msgs_control/msgs_control/srv/sim_pid.hpp\n'}
[7.483807] (msgs_control) StdoutLine: {'line': b'-- Up-to-date: /home/aalonso/Personal/ros2_ws/install/msgs_control/include/msgs_control/msgs_control/msg\n'}
[7.483885] (msgs_control) StdoutLine: {'line': b'-- Installing: /home/aalonso/Personal/ros2_ws/install/msgs_control/include/msgs_control/msgs_control/msg/rosidl_generator_cpp__visibility_control.hpp\n'}
[7.484072] (msgs_control) StdoutLine: {'line': b'-- Up-to-date: /home/aalonso/Personal/ros2_ws/install/msgs_control/include/msgs_control/msgs_control\n'}
[7.484151] (msgs_control) StdoutLine: {'line': b'-- Up-to-date: /home/aalonso/Personal/ros2_ws/install/msgs_control/include/msgs_control/msgs_control/srv\n'}
[7.484186] (msgs_control) StdoutLine: {'line': b'-- Up-to-date: /home/aalonso/Personal/ros2_ws/install/msgs_control/include/msgs_control/msgs_control/srv/detail\n'}
[7.484210] (msgs_control) StdoutLine: {'line': b'-- Installing: /home/aalonso/Personal/ros2_ws/install/msgs_control/include/msgs_control/msgs_control/srv/detail/dds_fastrtps\n'}
[7.484235] (msgs_control) StdoutLine: {'line': b'-- Installing: /home/aalonso/Personal/ros2_ws/install/msgs_control/include/msgs_control/msgs_control/srv/detail/sim_pid__rosidl_typesupport_fastrtps_cpp.hpp\n'}
[7.484258] (msgs_control) StdoutLine: {'line': b'-- Up-to-date: /home/aalonso/Personal/ros2_ws/install/msgs_control/include/msgs_control/msgs_control/msg\n'}
[7.484279] (msgs_control) StdoutLine: {'line': b'-- Installing: /home/aalonso/Personal/ros2_ws/install/msgs_control/include/msgs_control/msgs_control/msg/rosidl_typesupport_fastrtps_cpp__visibility_control.h\n'}
[7.484301] (msgs_control) StdoutLine: {'line': b'-- Installing: /home/aalonso/Personal/ros2_ws/install/msgs_control/lib/libmsgs_control__rosidl_typesupport_fastrtps_cpp.so\n'}
[7.484400] (msgs_control) StdoutLine: {'line': b'-- Set non-toolchain portion of runtime path of "/home/aalonso/Personal/ros2_ws/install/msgs_control/lib/libmsgs_control__rosidl_typesupport_fastrtps_cpp.so" to ""\n'}
[7.484553] (msgs_control) StdoutLine: {'line': b'-- Up-to-date: /home/aalonso/Personal/ros2_ws/install/msgs_control/include/msgs_control/msgs_control\n'}
[7.484598] (msgs_control) StdoutLine: {'line': b'-- Up-to-date: /home/aalonso/Personal/ros2_ws/install/msgs_control/include/msgs_control/msgs_control/srv\n'}
[7.484624] (msgs_control) StdoutLine: {'line': b'-- Up-to-date: /home/aalonso/Personal/ros2_ws/install/msgs_control/include/msgs_control/msgs_control/srv/detail\n'}
[7.484720] (msgs_control) StdoutLine: {'line': b'-- Installing: /home/aalonso/Personal/ros2_ws/install/msgs_control/include/msgs_control/msgs_control/srv/detail/sim_pid__type_support.cpp\n'}
[7.484898] (msgs_control) StdoutLine: {'line': b'-- Installing: /home/aalonso/Personal/ros2_ws/install/msgs_control/include/msgs_control/msgs_control/srv/detail/sim_pid__rosidl_typesupport_introspection_cpp.hpp\n'}
[7.484940] (msgs_control) StdoutLine: {'line': b'-- Installing: /home/aalonso/Personal/ros2_ws/install/msgs_control/lib/libmsgs_control__rosidl_typesupport_introspection_cpp.so\n'}
[7.485073] (msgs_control) StdoutLine: {'line': b'-- Set non-toolchain portion of runtime path of "/home/aalonso/Personal/ros2_ws/install/msgs_control/lib/libmsgs_control__rosidl_typesupport_introspection_cpp.so" to ""\n'}
[7.485215] (msgs_control) StdoutLine: {'line': b'-- Installing: /home/aalonso/Personal/ros2_ws/install/msgs_control/lib/libmsgs_control__rosidl_typesupport_cpp.so\n'}
[7.485372] (msgs_control) StdoutLine: {'line': b'-- Set non-toolchain portion of runtime path of "/home/aalonso/Personal/ros2_ws/install/msgs_control/lib/libmsgs_control__rosidl_typesupport_cpp.so" to ""\n'}
[7.485527] (msgs_control) StdoutLine: {'line': b'-- Installing: /home/aalonso/Personal/ros2_ws/install/msgs_control/share/msgs_control/environment/pythonpath.sh\n'}
[7.485568] (msgs_control) StdoutLine: {'line': b'-- Installing: /home/aalonso/Personal/ros2_ws/install/msgs_control/share/msgs_control/environment/pythonpath.dsv\n'}
[7.485655] (msgs_control) StdoutLine: {'line': b'-- Installing: /home/aalonso/Personal/ros2_ws/install/msgs_control/lib/python3.10/site-packages/msgs_control-0.0.0-py3.10.egg-info\n'}
[7.485940] (msgs_control) StdoutLine: {'line': b'-- Installing: /home/aalonso/Personal/ros2_ws/install/msgs_control/lib/python3.10/site-packages/msgs_control-0.0.0-py3.10.egg-info/SOURCES.txt\n'}
[7.486021] (msgs_control) StdoutLine: {'line': b'-- Installing: /home/aalonso/Personal/ros2_ws/install/msgs_control/lib/python3.10/site-packages/msgs_control-0.0.0-py3.10.egg-info/PKG-INFO\n'}
[7.486095] (msgs_control) StdoutLine: {'line': b'-- Installing: /home/aalonso/Personal/ros2_ws/install/msgs_control/lib/python3.10/site-packages/msgs_control-0.0.0-py3.10.egg-info/top_level.txt\n'}
[7.486175] (msgs_control) StdoutLine: {'line': b'-- Installing: /home/aalonso/Personal/ros2_ws/install/msgs_control/lib/python3.10/site-packages/msgs_control-0.0.0-py3.10.egg-info/dependency_links.txt\n'}
[7.486283] (msgs_control) StdoutLine: {'line': b'-- Installing: /home/aalonso/Personal/ros2_ws/install/msgs_control/lib/python3.10/site-packages/msgs_control\n'}
[7.486420] (msgs_control) StdoutLine: {'line': b'-- Installing: /home/aalonso/Personal/ros2_ws/install/msgs_control/lib/python3.10/site-packages/msgs_control/msgs_control_s__rosidl_typesupport_fastrtps_c.so\n'}
[7.486526] (msgs_control) StdoutLine: {'line': b'-- Installing: /home/aalonso/Personal/ros2_ws/install/msgs_control/lib/python3.10/site-packages/msgs_control/srv\n'}
[7.486652] (msgs_control) StdoutLine: {'line': b'-- Installing: /home/aalonso/Personal/ros2_ws/install/msgs_control/lib/python3.10/site-packages/msgs_control/srv/_sim_pid_s.c\n'}
[7.486756] (msgs_control) StdoutLine: {'line': b'-- Installing: /home/aalonso/Personal/ros2_ws/install/msgs_control/lib/python3.10/site-packages/msgs_control/srv/__init__.py\n'}
[7.486841] (msgs_control) StdoutLine: {'line': b'-- Installing: /home/aalonso/Personal/ros2_ws/install/msgs_control/lib/python3.10/site-packages/msgs_control/srv/_sim_pid.py\n'}
[7.486947] (msgs_control) StdoutLine: {'line': b'-- Installing: /home/aalonso/Personal/ros2_ws/install/msgs_control/lib/python3.10/site-packages/msgs_control/_msgs_control_s.ep.rosidl_typesupport_c.c\n'}
[7.487035] (msgs_control) StdoutLine: {'line': b'-- Installing: /home/aalonso/Personal/ros2_ws/install/msgs_control/lib/python3.10/site-packages/msgs_control/__init__.py\n'}
[7.487126] (msgs_control) StdoutLine: {'line': b'-- Installing: /home/aalonso/Personal/ros2_ws/install/msgs_control/lib/python3.10/site-packages/msgs_control/_msgs_control_s.ep.rosidl_typesupport_fastrtps_c.c\n'}
[7.487194] (msgs_control) StdoutLine: {'line': b'-- Installing: /home/aalonso/Personal/ros2_ws/install/msgs_control/lib/python3.10/site-packages/msgs_control/_msgs_control_s.ep.rosidl_typesupport_introspection_c.c\n'}
[7.487289] (msgs_control) StdoutLine: {'line': b'-- Installing: /home/aalonso/Personal/ros2_ws/install/msgs_control/lib/python3.10/site-packages/msgs_control/msgs_control_s__rosidl_typesupport_c.so\n'}
[7.487384] (msgs_control) StdoutLine: {'line': b'-- Installing: /home/aalonso/Personal/ros2_ws/install/msgs_control/lib/python3.10/site-packages/msgs_control/msgs_control_s__rosidl_typesupport_introspection_c.so\n'}
[7.515901] (-) TimerEvent: {}
[7.540358] (msgs_control) StdoutLine: {'line': b"Listing '/home/aalonso/Personal/ros2_ws/install/msgs_control/lib/python3.10/site-packages/msgs_control'...\n"}
[7.540498] (msgs_control) StdoutLine: {'line': b"Compiling '/home/aalonso/Personal/ros2_ws/install/msgs_control/lib/python3.10/site-packages/msgs_control/__init__.py'...\n"}
[7.540535] (msgs_control) StdoutLine: {'line': b"Listing '/home/aalonso/Personal/ros2_ws/install/msgs_control/lib/python3.10/site-packages/msgs_control/srv'...\n"}
[7.540598] (msgs_control) StdoutLine: {'line': b"Compiling '/home/aalonso/Personal/ros2_ws/install/msgs_control/lib/python3.10/site-packages/msgs_control/srv/__init__.py'...\n"}
[7.540642] (msgs_control) StdoutLine: {'line': b"Compiling '/home/aalonso/Personal/ros2_ws/install/msgs_control/lib/python3.10/site-packages/msgs_control/srv/_sim_pid.py'...\n"}
[7.542956] (msgs_control) StdoutLine: {'line': b'-- Installing: /home/aalonso/Personal/ros2_ws/install/msgs_control/lib/python3.10/site-packages/msgs_control/msgs_control_s__rosidl_typesupport_fastrtps_c.so\n'}
[7.543131] (msgs_control) StdoutLine: {'line': b'-- Set non-toolchain portion of runtime path of "/home/aalonso/Personal/ros2_ws/install/msgs_control/lib/python3.10/site-packages/msgs_control/msgs_control_s__rosidl_typesupport_fastrtps_c.so" to ""\n'}
[7.543270] (msgs_control) StdoutLine: {'line': b'-- Installing: /home/aalonso/Personal/ros2_ws/install/msgs_control/lib/python3.10/site-packages/msgs_control/msgs_control_s__rosidl_typesupport_introspection_c.so\n'}
[7.543467] (msgs_control) StdoutLine: {'line': b'-- Set non-toolchain portion of runtime path of "/home/aalonso/Personal/ros2_ws/install/msgs_control/lib/python3.10/site-packages/msgs_control/msgs_control_s__rosidl_typesupport_introspection_c.so" to ""\n'}
[7.543617] (msgs_control) StdoutLine: {'line': b'-- Installing: /home/aalonso/Personal/ros2_ws/install/msgs_control/lib/python3.10/site-packages/msgs_control/msgs_control_s__rosidl_typesupport_c.so\n'}
[7.543761] (msgs_control) StdoutLine: {'line': b'-- Set non-toolchain portion of runtime path of "/home/aalonso/Personal/ros2_ws/install/msgs_control/lib/python3.10/site-packages/msgs_control/msgs_control_s__rosidl_typesupport_c.so" to ""\n'}
[7.543955] (msgs_control) StdoutLine: {'line': b'-- Installing: /home/aalonso/Personal/ros2_ws/install/msgs_control/lib/libmsgs_control__rosidl_generator_py.so\n'}
[7.544130] (msgs_control) StdoutLine: {'line': b'-- Set non-toolchain portion of runtime path of "/home/aalonso/Personal/ros2_ws/install/msgs_control/lib/libmsgs_control__rosidl_generator_py.so" to ""\n'}
[7.544185] (msgs_control) StdoutLine: {'line': b'-- Installing: /home/aalonso/Personal/ros2_ws/install/msgs_control/share/msgs_control/srv/SimPID.idl\n'}
[7.544354] (msgs_control) StdoutLine: {'line': b'-- Installing: /home/aalonso/Personal/ros2_ws/install/msgs_control/share/msgs_control/srv/SimPID.srv\n'}
[7.544472] (msgs_control) StdoutLine: {'line': b'-- Installing: /home/aalonso/Personal/ros2_ws/install/msgs_control/share/ament_index/resource_index/package_run_dependencies/msgs_control\n'}
[7.544637] (msgs_control) StdoutLine: {'line': b'-- Installing: /home/aalonso/Personal/ros2_ws/install/msgs_control/share/ament_index/resource_index/parent_prefix_path/msgs_control\n'}
[7.544770] (msgs_control) StdoutLine: {'line': b'-- Installing: /home/aalonso/Personal/ros2_ws/install/msgs_control/share/msgs_control/environment/ament_prefix_path.sh\n'}
[7.544867] (msgs_control) StdoutLine: {'line': b'-- Installing: /home/aalonso/Personal/ros2_ws/install/msgs_control/share/msgs_control/environment/ament_prefix_path.dsv\n'}
[7.544955] (msgs_control) StdoutLine: {'line': b'-- Installing: /home/aalonso/Personal/ros2_ws/install/msgs_control/share/msgs_control/environment/path.sh\n'}
[7.545064] (msgs_control) StdoutLine: {'line': b'-- Installing: /home/aalonso/Personal/ros2_ws/install/msgs_control/share/msgs_control/environment/path.dsv\n'}
[7.545164] (msgs_control) StdoutLine: {'line': b'-- Installing: /home/aalonso/Personal/ros2_ws/install/msgs_control/share/msgs_control/local_setup.bash\n'}
[7.545261] (msgs_control) StdoutLine: {'line': b'-- Installing: /home/aalonso/Personal/ros2_ws/install/msgs_control/share/msgs_control/local_setup.sh\n'}
[7.545350] (msgs_control) StdoutLine: {'line': b'-- Installing: /home/aalonso/Personal/ros2_ws/install/msgs_control/share/msgs_control/local_setup.zsh\n'}
[7.545464] (msgs_control) StdoutLine: {'line': b'-- Installing: /home/aalonso/Personal/ros2_ws/install/msgs_control/share/msgs_control/local_setup.dsv\n'}
[7.545560] (msgs_control) StdoutLine: {'line': b'-- Installing: /home/aalonso/Personal/ros2_ws/install/msgs_control/share/msgs_control/package.dsv\n'}
[7.545749] (msgs_control) StdoutLine: {'line': b'-- Installing: /home/aalonso/Personal/ros2_ws/install/msgs_control/share/ament_index/resource_index/packages/msgs_control\n'}
[7.545942] (msgs_control) StdoutLine: {'line': b'-- Installing: /home/aalonso/Personal/ros2_ws/install/msgs_control/share/msgs_control/cmake/export_msgs_control__rosidl_generator_cExport.cmake\n'}
[7.546049] (msgs_control) StdoutLine: {'line': b'-- Installing: /home/aalonso/Personal/ros2_ws/install/msgs_control/share/msgs_control/cmake/export_msgs_control__rosidl_generator_cExport-noconfig.cmake\n'}
[7.546271] (msgs_control) StdoutLine: {'line': b'-- Installing: /home/aalonso/Personal/ros2_ws/install/msgs_control/share/msgs_control/cmake/export_msgs_control__rosidl_typesupport_fastrtps_cExport.cmake\n'}
[7.546328] (msgs_control) StdoutLine: {'line': b'-- Installing: /home/aalonso/Personal/ros2_ws/install/msgs_control/share/msgs_control/cmake/export_msgs_control__rosidl_typesupport_fastrtps_cExport-noconfig.cmake\n'}
[7.546473] (msgs_control) StdoutLine: {'line': b'-- Installing: /home/aalonso/Personal/ros2_ws/install/msgs_control/share/msgs_control/cmake/msgs_control__rosidl_typesupport_introspection_cExport.cmake\n'}
[7.546534] (msgs_control) StdoutLine: {'line': b'-- Installing: /home/aalonso/Personal/ros2_ws/install/msgs_control/share/msgs_control/cmake/msgs_control__rosidl_typesupport_introspection_cExport-noconfig.cmake\n'}
[7.546633] (msgs_control) StdoutLine: {'line': b'-- Installing: /home/aalonso/Personal/ros2_ws/install/msgs_control/share/msgs_control/cmake/msgs_control__rosidl_typesupport_cExport.cmake\n'}
[7.546735] (msgs_control) StdoutLine: {'line': b'-- Installing: /home/aalonso/Personal/ros2_ws/install/msgs_control/share/msgs_control/cmake/msgs_control__rosidl_typesupport_cExport-noconfig.cmake\n'}
[7.546843] (msgs_control) StdoutLine: {'line': b'-- Installing: /home/aalonso/Personal/ros2_ws/install/msgs_control/share/msgs_control/cmake/export_msgs_control__rosidl_generator_cppExport.cmake\n'}
[7.546956] (msgs_control) StdoutLine: {'line': b'-- Installing: /home/aalonso/Personal/ros2_ws/install/msgs_control/share/msgs_control/cmake/export_msgs_control__rosidl_typesupport_fastrtps_cppExport.cmake\n'}
[7.547054] (msgs_control) StdoutLine: {'line': b'-- Installing: /home/aalonso/Personal/ros2_ws/install/msgs_control/share/msgs_control/cmake/export_msgs_control__rosidl_typesupport_fastrtps_cppExport-noconfig.cmake\n'}
[7.547163] (msgs_control) StdoutLine: {'line': b'-- Installing: /home/aalonso/Personal/ros2_ws/install/msgs_control/share/msgs_control/cmake/msgs_control__rosidl_typesupport_introspection_cppExport.cmake\n'}
[7.547303] (msgs_control) StdoutLine: {'line': b'-- Installing: /home/aalonso/Personal/ros2_ws/install/msgs_control/share/msgs_control/cmake/msgs_control__rosidl_typesupport_introspection_cppExport-noconfig.cmake\n'}
[7.547422] (msgs_control) StdoutLine: {'line': b'-- Installing: /home/aalonso/Personal/ros2_ws/install/msgs_control/share/msgs_control/cmake/msgs_control__rosidl_typesupport_cppExport.cmake\n'}
[7.547516] (msgs_control) StdoutLine: {'line': b'-- Installing: /home/aalonso/Personal/ros2_ws/install/msgs_control/share/msgs_control/cmake/msgs_control__rosidl_typesupport_cppExport-noconfig.cmake\n'}
[7.547620] (msgs_control) StdoutLine: {'line': b'-- Installing: /home/aalonso/Personal/ros2_ws/install/msgs_control/share/msgs_control/cmake/export_msgs_control__rosidl_generator_pyExport.cmake\n'}
[7.547717] (msgs_control) StdoutLine: {'line': b'-- Installing: /home/aalonso/Personal/ros2_ws/install/msgs_control/share/msgs_control/cmake/export_msgs_control__rosidl_generator_pyExport-noconfig.cmake\n'}
[7.547815] (msgs_control) StdoutLine: {'line': b'-- Installing: /home/aalonso/Personal/ros2_ws/install/msgs_control/share/msgs_control/cmake/rosidl_cmake-extras.cmake\n'}
[7.547917] (msgs_control) StdoutLine: {'line': b'-- Installing: /home/aalonso/Personal/ros2_ws/install/msgs_control/share/msgs_control/cmake/ament_cmake_export_dependencies-extras.cmake\n'}
[7.548024] (msgs_control) StdoutLine: {'line': b'-- Installing: /home/aalonso/Personal/ros2_ws/install/msgs_control/share/msgs_control/cmake/ament_cmake_export_include_directories-extras.cmake\n'}
[7.548125] (msgs_control) StdoutLine: {'line': b'-- Installing: /home/aalonso/Personal/ros2_ws/install/msgs_control/share/msgs_control/cmake/ament_cmake_export_libraries-extras.cmake\n'}
[7.548259] (msgs_control) StdoutLine: {'line': b'-- Installing: /home/aalonso/Personal/ros2_ws/install/msgs_control/share/msgs_control/cmake/ament_cmake_export_targets-extras.cmake\n'}
[7.548335] (msgs_control) StdoutLine: {'line': b'-- Installing: /home/aalonso/Personal/ros2_ws/install/msgs_control/share/msgs_control/cmake/rosidl_cmake_export_typesupport_targets-extras.cmake\n'}
[7.548441] (msgs_control) StdoutLine: {'line': b'-- Installing: /home/aalonso/Personal/ros2_ws/install/msgs_control/share/msgs_control/cmake/rosidl_cmake_export_typesupport_libraries-extras.cmake\n'}
[7.548535] (msgs_control) StdoutLine: {'line': b'-- Installing: /home/aalonso/Personal/ros2_ws/install/msgs_control/share/msgs_control/cmake/msgs_controlConfig.cmake\n'}
[7.548629] (msgs_control) StdoutLine: {'line': b'-- Installing: /home/aalonso/Personal/ros2_ws/install/msgs_control/share/msgs_control/cmake/msgs_controlConfig-version.cmake\n'}
[7.548726] (msgs_control) StdoutLine: {'line': b'-- Installing: /home/aalonso/Personal/ros2_ws/install/msgs_control/share/msgs_control/package.xml\n'}
[7.550604] (msgs_control) CommandEnded: {'returncode': 0}
[7.560093] (msgs_control) JobEnded: {'identifier': 'msgs_control', 'rc': 0}
[7.560879] (-) EventReactorShutdown: {}
