[0.135s] DEBUG:colcon:Command line arguments: ['/usr/bin/colcon', 'build']
[0.135s] DEBUG:colcon:Parsed command line arguments: Namespace(log_base=None, log_level=None, verb_name='build', build_base='build', install_base='install', merge_install=False, symlink_install=False, test_result_base=None, continue_on_error=False, executor='parallel', parallel_workers=16, event_handlers=None, ignore_user_meta=False, metas=['./colcon.meta'], base_paths=['.'], packages_ignore=None, packages_ignore_regex=None, paths=None, packages_up_to=None, packages_up_to_regex=None, packages_above=None, packages_above_and_dependencies=None, packages_above_depth=None, packages_select_by_dep=None, packages_skip_by_dep=None, packages_skip_up_to=None, packages_select_build_failed=False, packages_skip_build_finished=False, packages_select_test_failures=False, packages_skip_test_passed=False, packages_select=None, packages_skip=None, packages_select_regex=None, packages_skip_regex=None, packages_start=None, packages_end=None, allow_overriding=[], cmake_args=None, cmake_target=None, cmake_target_skip_unavailable=False, cmake_clean_cache=False, cmake_clean_first=False, cmake_force_configure=False, ament_cmake_args=None, catkin_cmake_args=None, catkin_skip_building_tests=False, mixin_files=None, mixin=None, verb_parser=<colcon_mixin.mixin.mixin_argument.MixinArgumentDecorator object at 0x7fc17f5222c0>, verb_extension=<colcon_core.verb.build.BuildVerb object at 0x7fc17f522140>, main=<bound method BuildVerb.main of <colcon_core.verb.build.BuildVerb object at 0x7fc17f522140>>, mixin_verb=('build',))
[0.164s] Level 1:colcon.colcon_core.package_discovery:discover_packages(colcon_meta) check parameters
[0.164s] INFO:colcon.colcon_metadata.package_discovery.colcon_meta:Using configuration from '/home/aalonso/Personal/ros2_ws/colcon.meta'
[0.164s] Level 1:colcon.colcon_core.package_discovery:discover_packages(recursive) check parameters
[0.164s] Level 1:colcon.colcon_core.package_discovery:discover_packages(ignore) check parameters
[0.165s] Level 1:colcon.colcon_core.package_discovery:discover_packages(path) check parameters
[0.165s] Level 1:colcon.colcon_core.package_discovery:discover_packages(colcon_meta) discover
[0.165s] Level 1:colcon.colcon_core.package_discovery:discover_packages(recursive) discover
[0.165s] INFO:colcon.colcon_core.package_discovery:Crawling recursively for packages in '/home/aalonso/Personal/ros2_ws'
[0.165s] Level 1:colcon.colcon_core.package_identification:_identify(.) by extensions ['ignore', 'ignore_ament_install']
[0.165s] Level 1:colcon.colcon_core.package_identification:_identify(.) by extension 'ignore'
[0.165s] Level 1:colcon.colcon_core.package_identification:_identify(.) by extension 'ignore_ament_install'
[0.165s] Level 1:colcon.colcon_core.package_identification:_identify(.) by extensions ['colcon_pkg']
[0.165s] Level 1:colcon.colcon_core.package_identification:_identify(.) by extension 'colcon_pkg'
[0.165s] Level 1:colcon.colcon_core.package_identification:_identify(.) by extensions ['colcon_meta']
[0.165s] Level 1:colcon.colcon_core.package_identification:_identify(.) by extension 'colcon_meta'
[0.165s] Level 1:colcon.colcon_core.package_identification:_identify(.) by extensions ['ros']
[0.165s] Level 1:colcon.colcon_core.package_identification:_identify(.) by extension 'ros'
[0.198s] Level 1:colcon.colcon_core.package_identification:_identify(.) by extensions ['cmake', 'python']
[0.198s] Level 1:colcon.colcon_core.package_identification:_identify(.) by extension 'cmake'
[0.198s] Level 1:colcon.colcon_core.package_identification:_identify(.) by extension 'python'
[0.198s] Level 1:colcon.colcon_core.package_identification:_identify(.) by extensions ['python_setup_py']
[0.198s] Level 1:colcon.colcon_core.package_identification:_identify(.) by extension 'python_setup_py'
[0.198s] Level 1:colcon.colcon_core.package_identification:_identify(build) by extensions ['ignore', 'ignore_ament_install']
[0.198s] Level 1:colcon.colcon_core.package_identification:_identify(build) by extension 'ignore'
[0.198s] Level 1:colcon.colcon_core.package_identification:_identify(build) ignored
[0.198s] Level 1:colcon.colcon_core.package_identification:_identify(install) by extensions ['ignore', 'ignore_ament_install']
[0.198s] Level 1:colcon.colcon_core.package_identification:_identify(install) by extension 'ignore'
[0.198s] Level 1:colcon.colcon_core.package_identification:_identify(install) ignored
[0.198s] Level 1:colcon.colcon_core.package_identification:_identify(log) by extensions ['ignore', 'ignore_ament_install']
[0.198s] Level 1:colcon.colcon_core.package_identification:_identify(log) by extension 'ignore'
[0.198s] Level 1:colcon.colcon_core.package_identification:_identify(log) ignored
[0.198s] Level 1:colcon.colcon_core.package_identification:_identify(src) by extensions ['ignore', 'ignore_ament_install']
[0.198s] Level 1:colcon.colcon_core.package_identification:_identify(src) by extension 'ignore'
[0.198s] Level 1:colcon.colcon_core.package_identification:_identify(src) by extension 'ignore_ament_install'
[0.198s] Level 1:colcon.colcon_core.package_identification:_identify(src) by extensions ['colcon_pkg']
[0.198s] Level 1:colcon.colcon_core.package_identification:_identify(src) by extension 'colcon_pkg'
[0.198s] Level 1:colcon.colcon_core.package_identification:_identify(src) by extensions ['colcon_meta']
[0.198s] Level 1:colcon.colcon_core.package_identification:_identify(src) by extension 'colcon_meta'
[0.198s] Level 1:colcon.colcon_core.package_identification:_identify(src) by extensions ['ros']
[0.198s] Level 1:colcon.colcon_core.package_identification:_identify(src) by extension 'ros'
[0.198s] Level 1:colcon.colcon_core.package_identification:_identify(src) by extensions ['cmake', 'python']
[0.198s] Level 1:colcon.colcon_core.package_identification:_identify(src) by extension 'cmake'
[0.198s] Level 1:colcon.colcon_core.package_identification:_identify(src) by extension 'python'
[0.198s] Level 1:colcon.colcon_core.package_identification:_identify(src) by extensions ['python_setup_py']
[0.198s] Level 1:colcon.colcon_core.package_identification:_identify(src) by extension 'python_setup_py'
[0.198s] Level 1:colcon.colcon_core.package_identification:_identify(src/build) by extensions ['ignore', 'ignore_ament_install']
[0.198s] Level 1:colcon.colcon_core.package_identification:_identify(src/build) by extension 'ignore'
[0.198s] Level 1:colcon.colcon_core.package_identification:_identify(src/build) ignored
[0.198s] Level 1:colcon.colcon_core.package_identification:_identify(src/install) by extensions ['ignore', 'ignore_ament_install']
[0.198s] Level 1:colcon.colcon_core.package_identification:_identify(src/install) by extension 'ignore'
[0.198s] Level 1:colcon.colcon_core.package_identification:_identify(src/install) ignored
[0.198s] Level 1:colcon.colcon_core.package_identification:_identify(src/log) by extensions ['ignore', 'ignore_ament_install']
[0.199s] Level 1:colcon.colcon_core.package_identification:_identify(src/log) by extension 'ignore'
[0.199s] Level 1:colcon.colcon_core.package_identification:_identify(src/log) ignored
[0.199s] Level 1:colcon.colcon_core.package_identification:_identify(src/msgs_control) by extensions ['ignore', 'ignore_ament_install']
[0.199s] Level 1:colcon.colcon_core.package_identification:_identify(src/msgs_control) by extension 'ignore'
[0.199s] Level 1:colcon.colcon_core.package_identification:_identify(src/msgs_control) by extension 'ignore_ament_install'
[0.199s] Level 1:colcon.colcon_core.package_identification:_identify(src/msgs_control) by extensions ['colcon_pkg']
[0.199s] Level 1:colcon.colcon_core.package_identification:_identify(src/msgs_control) by extension 'colcon_pkg'
[0.199s] Level 1:colcon.colcon_core.package_identification:_identify(src/msgs_control) by extensions ['colcon_meta']
[0.199s] Level 1:colcon.colcon_core.package_identification:_identify(src/msgs_control) by extension 'colcon_meta'
[0.199s] Level 1:colcon.colcon_core.package_identification:_identify(src/msgs_control) by extensions ['ros']
[0.199s] Level 1:colcon.colcon_core.package_identification:_identify(src/msgs_control) by extension 'ros'
[0.200s] DEBUG:colcon.colcon_core.package_identification:Package 'src/msgs_control' with type 'ros.ament_cmake' and name 'msgs_control'
[0.200s] Level 1:colcon.colcon_core.package_identification:_identify(src/pid_genetic_tuner) by extensions ['ignore', 'ignore_ament_install']
[0.200s] Level 1:colcon.colcon_core.package_identification:_identify(src/pid_genetic_tuner) by extension 'ignore'
[0.200s] Level 1:colcon.colcon_core.package_identification:_identify(src/pid_genetic_tuner) by extension 'ignore_ament_install'
[0.200s] Level 1:colcon.colcon_core.package_identification:_identify(src/pid_genetic_tuner) by extensions ['colcon_pkg']
[0.200s] Level 1:colcon.colcon_core.package_identification:_identify(src/pid_genetic_tuner) by extension 'colcon_pkg'
[0.200s] Level 1:colcon.colcon_core.package_identification:_identify(src/pid_genetic_tuner) by extensions ['colcon_meta']
[0.200s] Level 1:colcon.colcon_core.package_identification:_identify(src/pid_genetic_tuner) by extension 'colcon_meta'
[0.200s] Level 1:colcon.colcon_core.package_identification:_identify(src/pid_genetic_tuner) by extensions ['ros']
[0.200s] Level 1:colcon.colcon_core.package_identification:_identify(src/pid_genetic_tuner) by extension 'ros'
[0.200s] DEBUG:colcon.colcon_core.package_identification:Package 'src/pid_genetic_tuner' with type 'ros.ament_python' and name 'pid_genetic_tuner'
[0.200s] Level 1:colcon.colcon_core.package_identification:_identify(src/sim_pkg) by extensions ['ignore', 'ignore_ament_install']
[0.201s] Level 1:colcon.colcon_core.package_identification:_identify(src/sim_pkg) by extension 'ignore'
[0.201s] Level 1:colcon.colcon_core.package_identification:_identify(src/sim_pkg) by extension 'ignore_ament_install'
[0.201s] Level 1:colcon.colcon_core.package_identification:_identify(src/sim_pkg) by extensions ['colcon_pkg']
[0.201s] Level 1:colcon.colcon_core.package_identification:_identify(src/sim_pkg) by extension 'colcon_pkg'
[0.201s] Level 1:colcon.colcon_core.package_identification:_identify(src/sim_pkg) by extensions ['colcon_meta']
[0.201s] Level 1:colcon.colcon_core.package_identification:_identify(src/sim_pkg) by extension 'colcon_meta'
[0.201s] Level 1:colcon.colcon_core.package_identification:_identify(src/sim_pkg) by extensions ['ros']
[0.201s] Level 1:colcon.colcon_core.package_identification:_identify(src/sim_pkg) by extension 'ros'
[0.201s] DEBUG:colcon.colcon_core.package_identification:Package 'src/sim_pkg' with type 'ros.ament_python' and name 'sim_pkg'
[0.201s] Level 1:colcon.colcon_core.package_discovery:discover_packages(recursive) using defaults
[0.201s] Level 1:colcon.colcon_core.package_discovery:discover_packages(ignore) discover
[0.201s] Level 1:colcon.colcon_core.package_discovery:discover_packages(ignore) using defaults
[0.201s] Level 1:colcon.colcon_core.package_discovery:discover_packages(path) discover
[0.201s] Level 1:colcon.colcon_core.package_discovery:discover_packages(path) using defaults
[0.211s] Level 1:colcon.colcon_core.package_discovery:discover_packages(prefix_path) check parameters
[0.211s] Level 1:colcon.colcon_core.package_discovery:discover_packages(prefix_path) discover
[0.212s] WARNING:colcon.colcon_ros.prefix_path.ament:The path '/home/aalonso/Personal/ros2_ws/install/sim_pkg' in the environment variable AMENT_PREFIX_PATH doesn't exist
[0.212s] WARNING:colcon.colcon_ros.prefix_path.ament:The path '/home/aalonso/Personal/ros2_ws/install/pid_genetic_tuner' in the environment variable AMENT_PREFIX_PATH doesn't exist
[0.212s] WARNING:colcon.colcon_ros.prefix_path.ament:The path '/home/aalonso/Personal/ros2_ws/install/msgs_control' in the environment variable AMENT_PREFIX_PATH doesn't exist
[0.212s] WARNING:colcon.colcon_ros.prefix_path.catkin:The path '/home/aalonso/Personal/ros2_ws/install/msgs_control' in the environment variable CMAKE_PREFIX_PATH doesn't exist
[0.213s] DEBUG:colcon.colcon_installed_package_information.package_discovery:Found 0 installed packages in /home/aalonso/Personal/ros2_ws/install
[0.214s] DEBUG:colcon.colcon_installed_package_information.package_discovery:Found 285 installed packages in /opt/ros/jazzy
[0.214s] Level 1:colcon.colcon_core.package_discovery:discover_packages(prefix_path) using defaults
[0.242s] Level 5:colcon.colcon_core.verb:set package 'msgs_control' build argument 'cmake_args' from command line to 'None'
[0.242s] Level 5:colcon.colcon_core.verb:set package 'msgs_control' build argument 'cmake_target' from command line to 'None'
[0.242s] Level 5:colcon.colcon_core.verb:set package 'msgs_control' build argument 'cmake_target_skip_unavailable' from command line to 'False'
[0.242s] Level 5:colcon.colcon_core.verb:set package 'msgs_control' build argument 'cmake_clean_cache' from command line to 'False'
[0.242s] Level 5:colcon.colcon_core.verb:set package 'msgs_control' build argument 'cmake_clean_first' from command line to 'False'
[0.242s] Level 5:colcon.colcon_core.verb:set package 'msgs_control' build argument 'cmake_force_configure' from command line to 'False'
[0.242s] Level 5:colcon.colcon_core.verb:set package 'msgs_control' build argument 'ament_cmake_args' from command line to 'None'
[0.242s] Level 5:colcon.colcon_core.verb:set package 'msgs_control' build argument 'catkin_cmake_args' from command line to 'None'
[0.242s] Level 5:colcon.colcon_core.verb:set package 'msgs_control' build argument 'catkin_skip_building_tests' from command line to 'False'
[0.242s] DEBUG:colcon.colcon_core.verb:Building package 'msgs_control' with the following arguments: {'ament_cmake_args': None, 'build_base': '/home/aalonso/Personal/ros2_ws/build/msgs_control', 'catkin_cmake_args': None, 'catkin_skip_building_tests': False, 'cmake_args': None, 'cmake_clean_cache': False, 'cmake_clean_first': False, 'cmake_force_configure': False, 'cmake_target': None, 'cmake_target_skip_unavailable': False, 'install_base': '/home/aalonso/Personal/ros2_ws/install/msgs_control', 'merge_install': False, 'path': '/home/aalonso/Personal/ros2_ws/src/msgs_control', 'symlink_install': False, 'test_result_base': None}
[0.243s] Level 5:colcon.colcon_core.verb:set package 'pid_genetic_tuner' build argument 'cmake_args' from command line to 'None'
[0.243s] Level 5:colcon.colcon_core.verb:set package 'pid_genetic_tuner' build argument 'cmake_target' from command line to 'None'
[0.243s] Level 5:colcon.colcon_core.verb:set package 'pid_genetic_tuner' build argument 'cmake_target_skip_unavailable' from command line to 'False'
[0.243s] Level 5:colcon.colcon_core.verb:set package 'pid_genetic_tuner' build argument 'cmake_clean_cache' from command line to 'False'
[0.243s] Level 5:colcon.colcon_core.verb:set package 'pid_genetic_tuner' build argument 'cmake_clean_first' from command line to 'False'
[0.243s] Level 5:colcon.colcon_core.verb:set package 'pid_genetic_tuner' build argument 'cmake_force_configure' from command line to 'False'
[0.243s] Level 5:colcon.colcon_core.verb:set package 'pid_genetic_tuner' build argument 'ament_cmake_args' from command line to 'None'
[0.243s] Level 5:colcon.colcon_core.verb:set package 'pid_genetic_tuner' build argument 'catkin_cmake_args' from command line to 'None'
[0.243s] Level 5:colcon.colcon_core.verb:set package 'pid_genetic_tuner' build argument 'catkin_skip_building_tests' from command line to 'False'
[0.243s] DEBUG:colcon.colcon_core.verb:Building package 'pid_genetic_tuner' with the following arguments: {'ament_cmake_args': None, 'build_base': '/home/aalonso/Personal/ros2_ws/build/pid_genetic_tuner', 'catkin_cmake_args': None, 'catkin_skip_building_tests': False, 'cmake_args': None, 'cmake_clean_cache': False, 'cmake_clean_first': False, 'cmake_force_configure': False, 'cmake_target': None, 'cmake_target_skip_unavailable': False, 'install_base': '/home/aalonso/Personal/ros2_ws/install/pid_genetic_tuner', 'merge_install': False, 'path': '/home/aalonso/Personal/ros2_ws/src/pid_genetic_tuner', 'symlink_install': False, 'test_result_base': None}
[0.243s] Level 5:colcon.colcon_core.verb:set package 'sim_pkg' build argument 'cmake_args' from command line to 'None'
[0.243s] Level 5:colcon.colcon_core.verb:set package 'sim_pkg' build argument 'cmake_target' from command line to 'None'
[0.243s] Level 5:colcon.colcon_core.verb:set package 'sim_pkg' build argument 'cmake_target_skip_unavailable' from command line to 'False'
[0.243s] Level 5:colcon.colcon_core.verb:set package 'sim_pkg' build argument 'cmake_clean_cache' from command line to 'False'
[0.243s] Level 5:colcon.colcon_core.verb:set package 'sim_pkg' build argument 'cmake_clean_first' from command line to 'False'
[0.243s] Level 5:colcon.colcon_core.verb:set package 'sim_pkg' build argument 'cmake_force_configure' from command line to 'False'
[0.243s] Level 5:colcon.colcon_core.verb:set package 'sim_pkg' build argument 'ament_cmake_args' from command line to 'None'
[0.243s] Level 5:colcon.colcon_core.verb:set package 'sim_pkg' build argument 'catkin_cmake_args' from command line to 'None'
[0.243s] Level 5:colcon.colcon_core.verb:set package 'sim_pkg' build argument 'catkin_skip_building_tests' from command line to 'False'
[0.243s] DEBUG:colcon.colcon_core.verb:Building package 'sim_pkg' with the following arguments: {'ament_cmake_args': None, 'build_base': '/home/aalonso/Personal/ros2_ws/build/sim_pkg', 'catkin_cmake_args': None, 'catkin_skip_building_tests': False, 'cmake_args': None, 'cmake_clean_cache': False, 'cmake_clean_first': False, 'cmake_force_configure': False, 'cmake_target': None, 'cmake_target_skip_unavailable': False, 'install_base': '/home/aalonso/Personal/ros2_ws/install/sim_pkg', 'merge_install': False, 'path': '/home/aalonso/Personal/ros2_ws/src/sim_pkg', 'symlink_install': False, 'test_result_base': None}
[0.243s] INFO:colcon.colcon_core.executor:Executing jobs using 'parallel' executor
[0.244s] DEBUG:colcon.colcon_parallel_executor.executor.parallel:run_until_complete
[0.244s] INFO:colcon.colcon_ros.task.ament_cmake.build:Building ROS package in '/home/aalonso/Personal/ros2_ws/src/msgs_control' with build type 'ament_cmake'
[0.244s] INFO:colcon.colcon_cmake.task.cmake.build:Building CMake package in '/home/aalonso/Personal/ros2_ws/src/msgs_control'
[0.247s] INFO:colcon.colcon_core.plugin_system:Skipping extension 'colcon_core.shell.bat': Not used on non-Windows systems
[0.247s] INFO:colcon.colcon_core.shell:Skip shell extension 'powershell' for command environment: Not usable outside of PowerShell
[0.247s] DEBUG:colcon.colcon_core.shell:Skip shell extension 'dsv' for command environment
[0.249s] INFO:colcon.colcon_ros.task.ament_python.build:Building ROS package in '/home/aalonso/Personal/ros2_ws/src/pid_genetic_tuner' with build type 'ament_python'
[0.249s] Level 1:colcon.colcon_core.shell:create_environment_hook('pid_genetic_tuner', 'ament_prefix_path')
[0.249s] INFO:colcon.colcon_core.shell:Creating environment hook '/home/aalonso/Personal/ros2_ws/install/pid_genetic_tuner/share/pid_genetic_tuner/hook/ament_prefix_path.ps1'
[0.250s] INFO:colcon.colcon_core.shell:Creating environment descriptor '/home/aalonso/Personal/ros2_ws/install/pid_genetic_tuner/share/pid_genetic_tuner/hook/ament_prefix_path.dsv'
[0.250s] INFO:colcon.colcon_core.shell:Creating environment hook '/home/aalonso/Personal/ros2_ws/install/pid_genetic_tuner/share/pid_genetic_tuner/hook/ament_prefix_path.sh'
[0.250s] INFO:colcon.colcon_core.shell:Skip shell extension 'powershell' for command environment: Not usable outside of PowerShell
[0.250s] DEBUG:colcon.colcon_core.shell:Skip shell extension 'dsv' for command environment
[0.252s] INFO:colcon.colcon_ros.task.ament_python.build:Building ROS package in '/home/aalonso/Personal/ros2_ws/src/sim_pkg' with build type 'ament_python'
[0.252s] Level 1:colcon.colcon_core.shell:create_environment_hook('sim_pkg', 'ament_prefix_path')
[0.252s] INFO:colcon.colcon_core.shell:Creating environment hook '/home/aalonso/Personal/ros2_ws/install/sim_pkg/share/sim_pkg/hook/ament_prefix_path.ps1'
[0.253s] INFO:colcon.colcon_core.shell:Creating environment descriptor '/home/aalonso/Personal/ros2_ws/install/sim_pkg/share/sim_pkg/hook/ament_prefix_path.dsv'
[0.253s] INFO:colcon.colcon_core.shell:Creating environment hook '/home/aalonso/Personal/ros2_ws/install/sim_pkg/share/sim_pkg/hook/ament_prefix_path.sh'
[0.253s] INFO:colcon.colcon_core.shell:Skip shell extension 'powershell' for command environment: Not usable outside of PowerShell
[0.253s] DEBUG:colcon.colcon_core.shell:Skip shell extension 'dsv' for command environment
[0.258s] DEBUG:colcon.colcon_core.event_handler.log_command:Invoking command in '/home/aalonso/Personal/ros2_ws/build/msgs_control': CMAKE_PREFIX_PATH=${CMAKE_PREFIX_PATH}:/home/aalonso/Personal/ros2_ws/install/sim_pkg:/home/aalonso/Personal/ros2_ws/install/pid_genetic_tuner:/opt/ros/jazzy /usr/bin/cmake /home/aalonso/Personal/ros2_ws/src/msgs_control -DCMAKE_INSTALL_PREFIX=/home/aalonso/Personal/ros2_ws/install/msgs_control
[0.376s] INFO:colcon.colcon_core.task.python.build:Building Python package in '/home/aalonso/Personal/ros2_ws/src/pid_genetic_tuner'
[0.376s] INFO:colcon.colcon_core.shell:Skip shell extension 'powershell' for command environment: Not usable outside of PowerShell
[0.376s] DEBUG:colcon.colcon_core.shell:Skip shell extension 'dsv' for command environment
[0.496s] INFO:colcon.colcon_core.task.python.build:Building Python package in '/home/aalonso/Personal/ros2_ws/src/sim_pkg'
[0.497s] INFO:colcon.colcon_core.shell:Skip shell extension 'powershell' for command environment: Not usable outside of PowerShell
[0.497s] DEBUG:colcon.colcon_core.shell:Skip shell extension 'dsv' for command environment
[0.894s] DEBUG:colcon.colcon_core.event_handler.log_command:Invoking command in '/home/aalonso/Personal/ros2_ws/src/sim_pkg': PYTHONPATH=/home/aalonso/Personal/ros2_ws/build/sim_pkg/prefix_override:/usr/lib/python3/dist-packages/colcon_core/task/python/colcon_distutils_commands:/home/aalonso/Personal/ros2_ws/install/sim_pkg/lib/python3.10/site-packages:${PYTHONPATH} /usr/bin/python3 -W ignore:setup.py install is deprecated -W ignore:easy_install command is deprecated setup.py egg_info --egg-base ../../build/sim_pkg build --build-base /home/aalonso/Personal/ros2_ws/build/sim_pkg/build install --record /home/aalonso/Personal/ros2_ws/build/sim_pkg/install.log --single-version-externally-managed install_data
[0.902s] DEBUG:colcon.colcon_core.event_handler.log_command:Invoking command in '/home/aalonso/Personal/ros2_ws/src/pid_genetic_tuner': PYTHONPATH=/home/aalonso/Personal/ros2_ws/build/pid_genetic_tuner/prefix_override:/usr/lib/python3/dist-packages/colcon_core/task/python/colcon_distutils_commands:/home/aalonso/Personal/ros2_ws/install/pid_genetic_tuner/lib/python3.10/site-packages:${PYTHONPATH} /usr/bin/python3 -W ignore:setup.py install is deprecated -W ignore:easy_install command is deprecated setup.py egg_info --egg-base ../../build/pid_genetic_tuner build --build-base /home/aalonso/Personal/ros2_ws/build/pid_genetic_tuner/build install --record /home/aalonso/Personal/ros2_ws/build/pid_genetic_tuner/install.log --single-version-externally-managed install_data
[1.177s] DEBUG:colcon.colcon_core.event_handler.log_command:Invoked command in '/home/aalonso/Personal/ros2_ws/src/sim_pkg' returned '0': PYTHONPATH=/home/aalonso/Personal/ros2_ws/build/sim_pkg/prefix_override:/usr/lib/python3/dist-packages/colcon_core/task/python/colcon_distutils_commands:/home/aalonso/Personal/ros2_ws/install/sim_pkg/lib/python3.10/site-packages:${PYTHONPATH} /usr/bin/python3 -W ignore:setup.py install is deprecated -W ignore:easy_install command is deprecated setup.py egg_info --egg-base ../../build/sim_pkg build --build-base /home/aalonso/Personal/ros2_ws/build/sim_pkg/build install --record /home/aalonso/Personal/ros2_ws/build/sim_pkg/install.log --single-version-externally-managed install_data
[1.180s] Level 1:colcon.colcon_core.environment:checking '/home/aalonso/Personal/ros2_ws/install/sim_pkg' for CMake module files
[1.181s] Level 1:colcon.colcon_core.environment:checking '/home/aalonso/Personal/ros2_ws/install/sim_pkg' for CMake config files
[1.181s] Level 1:colcon.colcon_core.environment:checking '/home/aalonso/Personal/ros2_ws/install/sim_pkg/lib'
[1.181s] Level 1:colcon.colcon_core.environment:checking '/home/aalonso/Personal/ros2_ws/install/sim_pkg/bin'
[1.181s] Level 1:colcon.colcon_core.environment:checking '/home/aalonso/Personal/ros2_ws/install/sim_pkg/lib/pkgconfig/sim_pkg.pc'
[1.181s] Level 1:colcon.colcon_core.environment:checking '/home/aalonso/Personal/ros2_ws/install/sim_pkg/lib/python3.10/site-packages'
[1.181s] Level 1:colcon.colcon_core.shell:create_environment_hook('sim_pkg', 'pythonpath')
[1.181s] INFO:colcon.colcon_core.shell:Creating environment hook '/home/aalonso/Personal/ros2_ws/install/sim_pkg/share/sim_pkg/hook/pythonpath.ps1'
[1.182s] INFO:colcon.colcon_core.shell:Creating environment descriptor '/home/aalonso/Personal/ros2_ws/install/sim_pkg/share/sim_pkg/hook/pythonpath.dsv'
[1.182s] INFO:colcon.colcon_core.shell:Creating environment hook '/home/aalonso/Personal/ros2_ws/install/sim_pkg/share/sim_pkg/hook/pythonpath.sh'
[1.182s] Level 1:colcon.colcon_core.environment:checking '/home/aalonso/Personal/ros2_ws/install/sim_pkg/bin'
[1.182s] Level 1:colcon.colcon_core.environment:create_environment_scripts_only(sim_pkg)
[1.182s] INFO:colcon.colcon_core.shell:Creating package script '/home/aalonso/Personal/ros2_ws/install/sim_pkg/share/sim_pkg/package.ps1'
[1.183s] INFO:colcon.colcon_core.shell:Creating package descriptor '/home/aalonso/Personal/ros2_ws/install/sim_pkg/share/sim_pkg/package.dsv'
[1.183s] INFO:colcon.colcon_core.shell:Creating package script '/home/aalonso/Personal/ros2_ws/install/sim_pkg/share/sim_pkg/package.sh'
[1.184s] INFO:colcon.colcon_core.shell:Creating package script '/home/aalonso/Personal/ros2_ws/install/sim_pkg/share/sim_pkg/package.bash'
[1.184s] INFO:colcon.colcon_core.shell:Creating package script '/home/aalonso/Personal/ros2_ws/install/sim_pkg/share/sim_pkg/package.zsh'
[1.184s] Level 1:colcon.colcon_core.environment:create_file_with_runtime_dependencies(/home/aalonso/Personal/ros2_ws/install/sim_pkg/share/colcon-core/packages/sim_pkg)
[1.186s] Level 1:colcon.colcon_core.environment:checking '/home/aalonso/Personal/ros2_ws/install/pid_genetic_tuner' for CMake module files
[1.187s] DEBUG:colcon.colcon_core.event_handler.log_command:Invoked command in '/home/aalonso/Personal/ros2_ws/src/pid_genetic_tuner' returned '0': PYTHONPATH=/home/aalonso/Personal/ros2_ws/build/pid_genetic_tuner/prefix_override:/usr/lib/python3/dist-packages/colcon_core/task/python/colcon_distutils_commands:/home/aalonso/Personal/ros2_ws/install/pid_genetic_tuner/lib/python3.10/site-packages:${PYTHONPATH} /usr/bin/python3 -W ignore:setup.py install is deprecated -W ignore:easy_install command is deprecated setup.py egg_info --egg-base ../../build/pid_genetic_tuner build --build-base /home/aalonso/Personal/ros2_ws/build/pid_genetic_tuner/build install --record /home/aalonso/Personal/ros2_ws/build/pid_genetic_tuner/install.log --single-version-externally-managed install_data
[1.187s] Level 1:colcon.colcon_core.environment:checking '/home/aalonso/Personal/ros2_ws/install/pid_genetic_tuner' for CMake config files
[1.187s] Level 1:colcon.colcon_core.environment:checking '/home/aalonso/Personal/ros2_ws/install/pid_genetic_tuner/lib'
[1.187s] Level 1:colcon.colcon_core.environment:checking '/home/aalonso/Personal/ros2_ws/install/pid_genetic_tuner/bin'
[1.187s] Level 1:colcon.colcon_core.environment:checking '/home/aalonso/Personal/ros2_ws/install/pid_genetic_tuner/lib/pkgconfig/pid_genetic_tuner.pc'
[1.187s] Level 1:colcon.colcon_core.environment:checking '/home/aalonso/Personal/ros2_ws/install/pid_genetic_tuner/lib/python3.10/site-packages'
[1.187s] Level 1:colcon.colcon_core.shell:create_environment_hook('pid_genetic_tuner', 'pythonpath')
[1.187s] INFO:colcon.colcon_core.shell:Creating environment hook '/home/aalonso/Personal/ros2_ws/install/pid_genetic_tuner/share/pid_genetic_tuner/hook/pythonpath.ps1'
[1.187s] INFO:colcon.colcon_core.shell:Creating environment descriptor '/home/aalonso/Personal/ros2_ws/install/pid_genetic_tuner/share/pid_genetic_tuner/hook/pythonpath.dsv'
[1.188s] INFO:colcon.colcon_core.shell:Creating environment hook '/home/aalonso/Personal/ros2_ws/install/pid_genetic_tuner/share/pid_genetic_tuner/hook/pythonpath.sh'
[1.188s] Level 1:colcon.colcon_core.environment:checking '/home/aalonso/Personal/ros2_ws/install/pid_genetic_tuner/bin'
[1.188s] Level 1:colcon.colcon_core.environment:create_environment_scripts_only(pid_genetic_tuner)
[1.188s] INFO:colcon.colcon_core.shell:Creating package script '/home/aalonso/Personal/ros2_ws/install/pid_genetic_tuner/share/pid_genetic_tuner/package.ps1'
[1.188s] INFO:colcon.colcon_core.shell:Creating package descriptor '/home/aalonso/Personal/ros2_ws/install/pid_genetic_tuner/share/pid_genetic_tuner/package.dsv'
[1.189s] INFO:colcon.colcon_core.shell:Creating package script '/home/aalonso/Personal/ros2_ws/install/pid_genetic_tuner/share/pid_genetic_tuner/package.sh'
[1.189s] INFO:colcon.colcon_core.shell:Creating package script '/home/aalonso/Personal/ros2_ws/install/pid_genetic_tuner/share/pid_genetic_tuner/package.bash'
[1.189s] INFO:colcon.colcon_core.shell:Creating package script '/home/aalonso/Personal/ros2_ws/install/pid_genetic_tuner/share/pid_genetic_tuner/package.zsh'
[1.189s] Level 1:colcon.colcon_core.environment:create_file_with_runtime_dependencies(/home/aalonso/Personal/ros2_ws/install/pid_genetic_tuner/share/colcon-core/packages/pid_genetic_tuner)
[5.689s] DEBUG:colcon.colcon_core.event_handler.log_command:Invoked command in '/home/aalonso/Personal/ros2_ws/build/msgs_control' returned '0': CMAKE_PREFIX_PATH=${CMAKE_PREFIX_PATH}:/home/aalonso/Personal/ros2_ws/install/sim_pkg:/home/aalonso/Personal/ros2_ws/install/pid_genetic_tuner:/opt/ros/jazzy /usr/bin/cmake /home/aalonso/Personal/ros2_ws/src/msgs_control -DCMAKE_INSTALL_PREFIX=/home/aalonso/Personal/ros2_ws/install/msgs_control
[5.691s] DEBUG:colcon.colcon_core.event_handler.log_command:Invoking command in '/home/aalonso/Personal/ros2_ws/build/msgs_control': CMAKE_PREFIX_PATH=${CMAKE_PREFIX_PATH}:/home/aalonso/Personal/ros2_ws/install/sim_pkg:/home/aalonso/Personal/ros2_ws/install/pid_genetic_tuner:/opt/ros/jazzy /usr/bin/cmake --build /home/aalonso/Personal/ros2_ws/build/msgs_control -- -j16 -l16
[7.712s] DEBUG:colcon.colcon_core.event_handler.log_command:Invoked command in '/home/aalonso/Personal/ros2_ws/build/msgs_control' returned '0': CMAKE_PREFIX_PATH=${CMAKE_PREFIX_PATH}:/home/aalonso/Personal/ros2_ws/install/sim_pkg:/home/aalonso/Personal/ros2_ws/install/pid_genetic_tuner:/opt/ros/jazzy /usr/bin/cmake --build /home/aalonso/Personal/ros2_ws/build/msgs_control -- -j16 -l16
[7.718s] DEBUG:colcon.colcon_core.event_handler.log_command:Invoking command in '/home/aalonso/Personal/ros2_ws/build/msgs_control': CMAKE_PREFIX_PATH=${CMAKE_PREFIX_PATH}:/home/aalonso/Personal/ros2_ws/install/sim_pkg:/home/aalonso/Personal/ros2_ws/install/pid_genetic_tuner:/opt/ros/jazzy /usr/bin/cmake --install /home/aalonso/Personal/ros2_ws/build/msgs_control
[7.794s] Level 1:colcon.colcon_core.environment:create_environment_scripts_only(msgs_control)
[7.794s] Level 1:colcon.colcon_core.environment:checking '/home/aalonso/Personal/ros2_ws/install/msgs_control' for CMake module files
[7.795s] DEBUG:colcon.colcon_core.event_handler.log_command:Invoked command in '/home/aalonso/Personal/ros2_ws/build/msgs_control' returned '0': CMAKE_PREFIX_PATH=${CMAKE_PREFIX_PATH}:/home/aalonso/Personal/ros2_ws/install/sim_pkg:/home/aalonso/Personal/ros2_ws/install/pid_genetic_tuner:/opt/ros/jazzy /usr/bin/cmake --install /home/aalonso/Personal/ros2_ws/build/msgs_control
[7.795s] Level 1:colcon.colcon_core.environment:checking '/home/aalonso/Personal/ros2_ws/install/msgs_control' for CMake config files
[7.795s] Level 1:colcon.colcon_core.shell:create_environment_hook('msgs_control', 'cmake_prefix_path')
[7.795s] INFO:colcon.colcon_core.shell:Creating environment hook '/home/aalonso/Personal/ros2_ws/install/msgs_control/share/msgs_control/hook/cmake_prefix_path.ps1'
[7.796s] INFO:colcon.colcon_core.shell:Creating environment descriptor '/home/aalonso/Personal/ros2_ws/install/msgs_control/share/msgs_control/hook/cmake_prefix_path.dsv'
[7.796s] INFO:colcon.colcon_core.shell:Creating environment hook '/home/aalonso/Personal/ros2_ws/install/msgs_control/share/msgs_control/hook/cmake_prefix_path.sh'
[7.796s] Level 1:colcon.colcon_core.environment:checking '/home/aalonso/Personal/ros2_ws/install/msgs_control/lib'
[7.796s] Level 1:colcon.colcon_core.shell:create_environment_hook('msgs_control', 'ld_library_path_lib')
[7.796s] INFO:colcon.colcon_core.shell:Creating environment hook '/home/aalonso/Personal/ros2_ws/install/msgs_control/share/msgs_control/hook/ld_library_path_lib.ps1'
[7.796s] INFO:colcon.colcon_core.shell:Creating environment descriptor '/home/aalonso/Personal/ros2_ws/install/msgs_control/share/msgs_control/hook/ld_library_path_lib.dsv'
[7.797s] INFO:colcon.colcon_core.shell:Creating environment hook '/home/aalonso/Personal/ros2_ws/install/msgs_control/share/msgs_control/hook/ld_library_path_lib.sh'
[7.797s] Level 1:colcon.colcon_core.environment:checking '/home/aalonso/Personal/ros2_ws/install/msgs_control/bin'
[7.797s] Level 1:colcon.colcon_core.environment:checking '/home/aalonso/Personal/ros2_ws/install/msgs_control/lib/pkgconfig/msgs_control.pc'
[7.797s] Level 1:colcon.colcon_core.environment:checking '/home/aalonso/Personal/ros2_ws/install/msgs_control/lib/python3.10/site-packages'
[7.797s] Level 1:colcon.colcon_core.shell:create_environment_hook('msgs_control', 'pythonpath')
[7.797s] INFO:colcon.colcon_core.shell:Creating environment hook '/home/aalonso/Personal/ros2_ws/install/msgs_control/share/msgs_control/hook/pythonpath.ps1'
[7.797s] INFO:colcon.colcon_core.shell:Creating environment descriptor '/home/aalonso/Personal/ros2_ws/install/msgs_control/share/msgs_control/hook/pythonpath.dsv'
[7.797s] INFO:colcon.colcon_core.shell:Creating environment hook '/home/aalonso/Personal/ros2_ws/install/msgs_control/share/msgs_control/hook/pythonpath.sh'
[7.798s] Level 1:colcon.colcon_core.environment:checking '/home/aalonso/Personal/ros2_ws/install/msgs_control/bin'
[7.798s] INFO:colcon.colcon_core.shell:Creating package script '/home/aalonso/Personal/ros2_ws/install/msgs_control/share/msgs_control/package.ps1'
[7.798s] INFO:colcon.colcon_core.shell:Creating package descriptor '/home/aalonso/Personal/ros2_ws/install/msgs_control/share/msgs_control/package.dsv'
[7.798s] INFO:colcon.colcon_core.shell:Creating package script '/home/aalonso/Personal/ros2_ws/install/msgs_control/share/msgs_control/package.sh'
[7.799s] INFO:colcon.colcon_core.shell:Creating package script '/home/aalonso/Personal/ros2_ws/install/msgs_control/share/msgs_control/package.bash'
[7.799s] INFO:colcon.colcon_core.shell:Creating package script '/home/aalonso/Personal/ros2_ws/install/msgs_control/share/msgs_control/package.zsh'
[7.799s] Level 1:colcon.colcon_core.environment:create_file_with_runtime_dependencies(/home/aalonso/Personal/ros2_ws/install/msgs_control/share/colcon-core/packages/msgs_control)
[7.799s] Level 1:colcon.colcon_core.environment:create_environment_scripts_only(msgs_control)
[7.800s] Level 1:colcon.colcon_core.environment:checking '/home/aalonso/Personal/ros2_ws/install/msgs_control' for CMake module files
[7.800s] Level 1:colcon.colcon_core.environment:checking '/home/aalonso/Personal/ros2_ws/install/msgs_control' for CMake config files
[7.800s] Level 1:colcon.colcon_core.shell:create_environment_hook('msgs_control', 'cmake_prefix_path')
[7.800s] INFO:colcon.colcon_core.shell:Creating environment hook '/home/aalonso/Personal/ros2_ws/install/msgs_control/share/msgs_control/hook/cmake_prefix_path.ps1'
[7.800s] INFO:colcon.colcon_core.shell:Creating environment descriptor '/home/aalonso/Personal/ros2_ws/install/msgs_control/share/msgs_control/hook/cmake_prefix_path.dsv'
[7.800s] INFO:colcon.colcon_core.shell:Creating environment hook '/home/aalonso/Personal/ros2_ws/install/msgs_control/share/msgs_control/hook/cmake_prefix_path.sh'
[7.801s] Level 1:colcon.colcon_core.environment:checking '/home/aalonso/Personal/ros2_ws/install/msgs_control/lib'
[7.801s] Level 1:colcon.colcon_core.shell:create_environment_hook('msgs_control', 'ld_library_path_lib')
[7.801s] INFO:colcon.colcon_core.shell:Creating environment hook '/home/aalonso/Personal/ros2_ws/install/msgs_control/share/msgs_control/hook/ld_library_path_lib.ps1'
[7.801s] INFO:colcon.colcon_core.shell:Creating environment descriptor '/home/aalonso/Personal/ros2_ws/install/msgs_control/share/msgs_control/hook/ld_library_path_lib.dsv'
[7.801s] INFO:colcon.colcon_core.shell:Creating environment hook '/home/aalonso/Personal/ros2_ws/install/msgs_control/share/msgs_control/hook/ld_library_path_lib.sh'
[7.801s] Level 1:colcon.colcon_core.environment:checking '/home/aalonso/Personal/ros2_ws/install/msgs_control/bin'
[7.801s] Level 1:colcon.colcon_core.environment:checking '/home/aalonso/Personal/ros2_ws/install/msgs_control/lib/pkgconfig/msgs_control.pc'
[7.801s] Level 1:colcon.colcon_core.environment:checking '/home/aalonso/Personal/ros2_ws/install/msgs_control/lib/python3.10/site-packages'
[7.801s] Level 1:colcon.colcon_core.shell:create_environment_hook('msgs_control', 'pythonpath')
[7.802s] INFO:colcon.colcon_core.shell:Creating environment hook '/home/aalonso/Personal/ros2_ws/install/msgs_control/share/msgs_control/hook/pythonpath.ps1'
[7.802s] INFO:colcon.colcon_core.shell:Creating environment descriptor '/home/aalonso/Personal/ros2_ws/install/msgs_control/share/msgs_control/hook/pythonpath.dsv'
[7.802s] INFO:colcon.colcon_core.shell:Creating environment hook '/home/aalonso/Personal/ros2_ws/install/msgs_control/share/msgs_control/hook/pythonpath.sh'
[7.802s] Level 1:colcon.colcon_core.environment:checking '/home/aalonso/Personal/ros2_ws/install/msgs_control/bin'
[7.802s] INFO:colcon.colcon_core.shell:Creating package script '/home/aalonso/Personal/ros2_ws/install/msgs_control/share/msgs_control/package.ps1'
[7.803s] INFO:colcon.colcon_core.shell:Creating package descriptor '/home/aalonso/Personal/ros2_ws/install/msgs_control/share/msgs_control/package.dsv'
[7.803s] INFO:colcon.colcon_core.shell:Creating package script '/home/aalonso/Personal/ros2_ws/install/msgs_control/share/msgs_control/package.sh'
[7.803s] INFO:colcon.colcon_core.shell:Creating package script '/home/aalonso/Personal/ros2_ws/install/msgs_control/share/msgs_control/package.bash'
[7.803s] INFO:colcon.colcon_core.shell:Creating package script '/home/aalonso/Personal/ros2_ws/install/msgs_control/share/msgs_control/package.zsh'
[7.804s] Level 1:colcon.colcon_core.environment:create_file_with_runtime_dependencies(/home/aalonso/Personal/ros2_ws/install/msgs_control/share/colcon-core/packages/msgs_control)
[7.804s] DEBUG:colcon.colcon_parallel_executor.executor.parallel:closing loop
[7.804s] DEBUG:colcon.colcon_parallel_executor.executor.parallel:loop closed
[7.804s] DEBUG:colcon.colcon_parallel_executor.executor.parallel:run_until_complete finished with '0'
[7.804s] DEBUG:colcon.colcon_core.event_reactor:joining thread
[7.808s] INFO:colcon.colcon_core.plugin_system:Skipping extension 'colcon_notification.desktop_notification.notify2': 'notify2' not found
[7.825s] INFO:colcon.colcon_core.plugin_system:Skipping extension 'colcon_notification.desktop_notification.notify_send': Could not find 'notify-send'
[7.825s] INFO:colcon.colcon_core.plugin_system:Skipping extension 'colcon_notification.desktop_notification.terminal_notifier': Not used on non-Darwin systems
[7.825s] INFO:colcon.colcon_core.plugin_system:Skipping extension 'colcon_notification.desktop_notification.win32': Not used on non-Windows systems
[7.825s] DEBUG:colcon.colcon_core.event_reactor:joined thread
[7.825s] INFO:colcon.colcon_core.shell:Creating prefix script '/home/aalonso/Personal/ros2_ws/install/local_setup.ps1'
[7.826s] INFO:colcon.colcon_core.shell:Creating prefix util module '/home/aalonso/Personal/ros2_ws/install/_local_setup_util_ps1.py'
[7.827s] INFO:colcon.colcon_core.shell:Creating prefix chain script '/home/aalonso/Personal/ros2_ws/install/setup.ps1'
[7.827s] INFO:colcon.colcon_core.shell:Creating prefix script '/home/aalonso/Personal/ros2_ws/install/local_setup.sh'
[7.827s] INFO:colcon.colcon_core.shell:Creating prefix util module '/home/aalonso/Personal/ros2_ws/install/_local_setup_util_sh.py'
[7.828s] INFO:colcon.colcon_core.shell:Creating prefix chain script '/home/aalonso/Personal/ros2_ws/install/setup.sh'
[7.828s] INFO:colcon.colcon_core.shell:Creating prefix script '/home/aalonso/Personal/ros2_ws/install/local_setup.bash'
[7.829s] INFO:colcon.colcon_core.shell:Creating prefix chain script '/home/aalonso/Personal/ros2_ws/install/setup.bash'
[7.829s] INFO:colcon.colcon_core.shell:Creating prefix script '/home/aalonso/Personal/ros2_ws/install/local_setup.zsh'
[7.829s] INFO:colcon.colcon_core.shell:Creating prefix chain script '/home/aalonso/Personal/ros2_ws/install/setup.zsh'
