running egg_info
creating ../../build/pid_genetic_tuner/pid_genetic_tuner.egg-info
writing ../../build/pid_genetic_tuner/pid_genetic_tuner.egg-info/PKG-INFO
writing dependency_links to ../../build/pid_genetic_tuner/pid_genetic_tuner.egg-info/dependency_links.txt
writing entry points to ../../build/pid_genetic_tuner/pid_genetic_tuner.egg-info/entry_points.txt
writing requirements to ../../build/pid_genetic_tuner/pid_genetic_tuner.egg-info/requires.txt
writing top-level names to ../../build/pid_genetic_tuner/pid_genetic_tuner.egg-info/top_level.txt
writing manifest file '../../build/pid_genetic_tuner/pid_genetic_tuner.egg-info/SOURCES.txt'
reading manifest file '../../build/pid_genetic_tuner/pid_genetic_tuner.egg-info/SOURCES.txt'
writing manifest file '../../build/pid_genetic_tuner/pid_genetic_tuner.egg-info/SOURCES.txt'
running build
running build_py
creating /home/upm/Escritorio/ros/build/pid_genetic_tuner/build
creating /home/upm/Escritorio/ros/build/pid_genetic_tuner/build/lib
creating /home/upm/Escritorio/ros/build/pid_genetic_tuner/build/lib/pid_genetic_tuner
copying pid_genetic_tuner/genetic_pid_node.py -> /home/upm/Escritorio/ros/build/pid_genetic_tuner/build/lib/pid_genetic_tuner
running install
running install_lib
creating /home/upm/Escritorio/ros/install/pid_genetic_tuner/lib/python3.10/site-packages/pid_genetic_tuner
copying /home/upm/Escritorio/ros/build/pid_genetic_tuner/build/lib/pid_genetic_tuner/genetic_pid_node.py -> /home/upm/Escritorio/ros/install/pid_genetic_tuner/lib/python3.10/site-packages/pid_genetic_tuner
byte-compiling /home/upm/Escritorio/ros/install/pid_genetic_tuner/lib/python3.10/site-packages/pid_genetic_tuner/genetic_pid_node.py to genetic_pid_node.cpython-310.pyc
running install_data
creating /home/upm/Escritorio/ros/install/pid_genetic_tuner/share/ament_index
creating /home/upm/Escritorio/ros/install/pid_genetic_tuner/share/ament_index/resource_index
creating /home/upm/Escritorio/ros/install/pid_genetic_tuner/share/ament_index/resource_index/packages
copying resource/pid_genetic_tuner -> /home/upm/Escritorio/ros/install/pid_genetic_tuner/share/ament_index/resource_index/packages
copying package.xml -> /home/upm/Escritorio/ros/install/pid_genetic_tuner/share/pid_genetic_tuner
running install_egg_info
Copying ../../build/pid_genetic_tuner/pid_genetic_tuner.egg-info to /home/upm/Escritorio/ros/install/pid_genetic_tuner/lib/python3.10/site-packages/pid_genetic_tuner-0.0.1-py3.10.egg-info
running install_scripts
Installing genetic_pid_node script to /home/upm/Escritorio/ros/install/pid_genetic_tuner/lib/pid_genetic_tuner
writing list of installed files to '/home/upm/Escritorio/ros/build/pid_genetic_tuner/install.log'
