[0.632s] Invoking command in '/home/upm/Escritorio/ros/src/pid_genetic_tuner': PYTHONPATH=/home/upm/Escritorio/ros/build/pid_genetic_tuner/prefix_override:/usr/lib/python3/dist-packages/colcon_core/task/python/colcon_distutils_commands:/home/upm/Escritorio/ros/install/pid_genetic_tuner/lib/python3.10/site-packages:${PYTHONPATH} /usr/bin/python3 -W ignore:setup.py install is deprecated setup.py egg_info --egg-base ../../build/pid_genetic_tuner build --build-base /home/upm/Escritorio/ros/build/pid_genetic_tuner/build install --record /home/upm/Escritorio/ros/build/pid_genetic_tuner/install.log --single-version-externally-managed install_data
[0.861s] running egg_info
[0.861s] creating ../../build/pid_genetic_tuner/pid_genetic_tuner.egg-info
[0.861s] writing ../../build/pid_genetic_tuner/pid_genetic_tuner.egg-info/PKG-INFO
[0.861s] writing dependency_links to ../../build/pid_genetic_tuner/pid_genetic_tuner.egg-info/dependency_links.txt
[0.862s] writing entry points to ../../build/pid_genetic_tuner/pid_genetic_tuner.egg-info/entry_points.txt
[0.862s] writing requirements to ../../build/pid_genetic_tuner/pid_genetic_tuner.egg-info/requires.txt
[0.862s] writing top-level names to ../../build/pid_genetic_tuner/pid_genetic_tuner.egg-info/top_level.txt
[0.862s] writing manifest file '../../build/pid_genetic_tuner/pid_genetic_tuner.egg-info/SOURCES.txt'
[0.862s] package init file 'pid_genetic_tuner/__init__.py' not found (or not a regular file)
[0.863s] reading manifest file '../../build/pid_genetic_tuner/pid_genetic_tuner.egg-info/SOURCES.txt'
[0.864s] writing manifest file '../../build/pid_genetic_tuner/pid_genetic_tuner.egg-info/SOURCES.txt'
[0.864s] running build
[0.864s] running build_py
[0.864s] creating /home/upm/Escritorio/ros/build/pid_genetic_tuner/build
[0.864s] creating /home/upm/Escritorio/ros/build/pid_genetic_tuner/build/lib
[0.867s] creating /home/upm/Escritorio/ros/build/pid_genetic_tuner/build/lib/pid_genetic_tuner
[0.867s] copying pid_genetic_tuner/genetic_pid_node.py -> /home/upm/Escritorio/ros/build/pid_genetic_tuner/build/lib/pid_genetic_tuner
[0.867s] running install
[0.867s] running install_lib
[0.867s] creating /home/upm/Escritorio/ros/install/pid_genetic_tuner/lib/python3.10/site-packages/pid_genetic_tuner
[0.867s] copying /home/upm/Escritorio/ros/build/pid_genetic_tuner/build/lib/pid_genetic_tuner/genetic_pid_node.py -> /home/upm/Escritorio/ros/install/pid_genetic_tuner/lib/python3.10/site-packages/pid_genetic_tuner
[0.867s] byte-compiling /home/upm/Escritorio/ros/install/pid_genetic_tuner/lib/python3.10/site-packages/pid_genetic_tuner/genetic_pid_node.py to genetic_pid_node.cpython-310.pyc
[0.867s] running install_data
[0.867s] creating /home/upm/Escritorio/ros/install/pid_genetic_tuner/share/ament_index
[0.867s] creating /home/upm/Escritorio/ros/install/pid_genetic_tuner/share/ament_index/resource_index
[0.867s] creating /home/upm/Escritorio/ros/install/pid_genetic_tuner/share/ament_index/resource_index/packages
[0.867s] copying resource/pid_genetic_tuner -> /home/upm/Escritorio/ros/install/pid_genetic_tuner/share/ament_index/resource_index/packages
[0.867s] copying package.xml -> /home/upm/Escritorio/ros/install/pid_genetic_tuner/share/pid_genetic_tuner
[0.868s] running install_egg_info
[0.868s] Copying ../../build/pid_genetic_tuner/pid_genetic_tuner.egg-info to /home/upm/Escritorio/ros/install/pid_genetic_tuner/lib/python3.10/site-packages/pid_genetic_tuner-0.0.1-py3.10.egg-info
[0.869s] running install_scripts
[0.888s] Installing genetic_pid_node script to /home/upm/Escritorio/ros/install/pid_genetic_tuner/lib/pid_genetic_tuner
[0.888s] writing list of installed files to '/home/upm/Escritorio/ros/build/pid_genetic_tuner/install.log'
[0.913s] Invoked command in '/home/upm/Escritorio/ros/src/pid_genetic_tuner' returned '0': PYTHONPATH=/home/upm/Escritorio/ros/build/pid_genetic_tuner/prefix_override:/usr/lib/python3/dist-packages/colcon_core/task/python/colcon_distutils_commands:/home/upm/Escritorio/ros/install/pid_genetic_tuner/lib/python3.10/site-packages:${PYTHONPATH} /usr/bin/python3 -W ignore:setup.py install is deprecated setup.py egg_info --egg-base ../../build/pid_genetic_tuner build --build-base /home/upm/Escritorio/ros/build/pid_genetic_tuner/build install --record /home/upm/Escritorio/ros/build/pid_genetic_tuner/install.log --single-version-externally-managed install_data
