-- The C compiler identification is GNU 13.3.0
-- The CXX compiler identification is GNU 13.3.0
-- Detecting C compiler ABI info
-- Detecting C compiler ABI info - done
-- Check for working C compiler: /usr/bin/cc - skipped
-- Detecting C compile features
-- Detecting C compile features - done
-- Detecting CXX compiler ABI info
-- Detecting CXX compiler ABI info - done
-- Check for working CXX compiler: /usr/bin/c++ - skipped
-- Detecting CXX compile features
-- Detecting CXX compile features - done
-- Found ament_cmake: 2.5.3 (/opt/ros/jazzy/share/ament_cmake/cmake)
-- Found Python3: /home/aalonso/ros2_py310_env/bin/python3 (found version "3.10.12") found components: Interpreter 
-- Found ament_lint_auto: 0.17.1 (/opt/ros/jazzy/share/ament_lint_auto/cmake)
-- Found rosidl_default_generators: 1.6.0 (/opt/ros/jazzy/share/rosidl_default_generators/cmake)
-- Using all available rosidl_typesupport_c: rosidl_typesupport_fastrtps_c;rosidl_typesupport_introspection_c
-- Using all available rosidl_typesupport_cpp: rosidl_typesupport_fastrtps_cpp;rosidl_typesupport_introspection_cpp
-- Found rosidl_adapter: 4.6.5 (/opt/ros/jazzy/share/rosidl_adapter/cmake)
-- Found ament_cmake_ros: 0.12.0 (/opt/ros/jazzy/share/ament_cmake_ros/cmake)
-- Using all available rosidl_typesupport_c: rosidl_typesupport_fastrtps_c;rosidl_typesupport_introspection_c
-- Using all available rosidl_typesupport_cpp: rosidl_typesupport_fastrtps_cpp;rosidl_typesupport_introspection_cpp
-- Found python_cmake_module: 0.11.1 (/opt/ros/jazzy/share/python_cmake_module/cmake)
-- Found PythonExtra: /home/aalonso/ros2_py310_env/bin/python3  
-- Found Python3: /home/aalonso/ros2_py310_env/bin/python3 (found version "3.10.12") found components: Interpreter Development NumPy Development.Module Development.Embed 
-- Added test 'lint_cmake' to check CMake code style
-- Added test 'xmllint' to check XML markup files
-- Configuring done (2.2s)
-- Generating done (0.0s)
-- Build files have been written to: /home/aalonso/Personal/ros2_ws/src/build/msgs_control
[  2%] [34m[1mGenerating type hashes for ROS interfaces[0m
[  2%] Built target ament_cmake_python_copy_msgs_control
running egg_info
creating msgs_control.egg-info
writing msgs_control.egg-info/PKG-INFO
writing dependency_links to msgs_control.egg-info/dependency_links.txt
writing top-level names to msgs_control.egg-info/top_level.txt
writing manifest file 'msgs_control.egg-info/SOURCES.txt'
[  2%] Built target msgs_control__rosidl_generator_type_description
[  5%] [34m[1mGenerating C code for ROS interfaces[0m
[  8%] [34m[1mGenerating C++ code for ROS interfaces[0m
ERROR setuptools_scm._file_finders.git listing git files failed - pretending there aren't any
reading manifest file 'msgs_control.egg-info/SOURCES.txt'
writing manifest file 'msgs_control.egg-info/SOURCES.txt'
[  8%] Built target ament_cmake_python_build_msgs_control_egg
[  8%] Built target msgs_control__cpp
[ 11%] [32mBuilding C object CMakeFiles/msgs_control__rosidl_generator_c.dir/rosidl_generator_c/msgs_control/srv/detail/sim_pid__description.c.o[0m
[ 14%] [32mBuilding C object CMakeFiles/msgs_control__rosidl_generator_c.dir/rosidl_generator_c/msgs_control/srv/detail/sim_pid__type_support.c.o[0m
[ 17%] [32mBuilding C object CMakeFiles/msgs_control__rosidl_generator_c.dir/rosidl_generator_c/msgs_control/srv/detail/sim_pid__functions.c.o[0m
[ 20%] [32m[1mLinking C shared library libmsgs_control__rosidl_generator_c.so[0m
[ 20%] Built target msgs_control__rosidl_generator_c
[ 38%] [34m[1mGenerating C type support for eProsima Fast-RTPS[0m
[ 38%] [34m[1mGenerating C type support dispatch for ROS interfaces[0m
[ 38%] [34m[1mGenerating C++ type support dispatch for ROS interfaces[0m
[ 38%] [34m[1mGenerating C++ introspection for ROS interfaces[0m
[ 38%] [34m[1mGenerating C++ type support for eProsima Fast-RTPS[0m
[ 38%] [34m[1mGenerating C introspection for ROS interfaces[0m
[ 41%] [32mBuilding CXX object CMakeFiles/msgs_control__rosidl_typesupport_c.dir/rosidl_typesupport_c/msgs_control/srv/sim_pid__type_support.cpp.o[0m
[ 44%] [32mBuilding CXX object CMakeFiles/msgs_control__rosidl_typesupport_cpp.dir/rosidl_typesupport_cpp/msgs_control/srv/sim_pid__type_support.cpp.o[0m
[ 47%] [32m[1mLinking CXX shared library libmsgs_control__rosidl_typesupport_c.so[0m
[ 50%] [32mBuilding C object CMakeFiles/msgs_control__rosidl_typesupport_introspection_c.dir/rosidl_typesupport_introspection_c/msgs_control/srv/detail/sim_pid__type_support.c.o[0m
[ 52%] [32mBuilding CXX object CMakeFiles/msgs_control__rosidl_typesupport_introspection_cpp.dir/rosidl_typesupport_introspection_cpp/msgs_control/srv/detail/sim_pid__type_support.cpp.o[0m
[ 52%] Built target msgs_control__rosidl_typesupport_c
[ 55%] [32m[1mLinking C shared library libmsgs_control__rosidl_typesupport_introspection_c.so[0m
[ 58%] [32mBuilding CXX object CMakeFiles/msgs_control__rosidl_typesupport_fastrtps_cpp.dir/rosidl_typesupport_fastrtps_cpp/msgs_control/srv/detail/dds_fastrtps/sim_pid__type_support.cpp.o[0m
[ 61%] [32mBuilding CXX object CMakeFiles/msgs_control__rosidl_typesupport_fastrtps_c.dir/rosidl_typesupport_fastrtps_c/msgs_control/srv/detail/sim_pid__type_support_c.cpp.o[0m
[ 61%] Built target msgs_control__rosidl_typesupport_introspection_c
[ 64%] [32m[1mLinking CXX shared library libmsgs_control__rosidl_typesupport_cpp.so[0m
[ 67%] [32m[1mLinking CXX shared library libmsgs_control__rosidl_typesupport_introspection_cpp.so[0m
[ 67%] Built target msgs_control__rosidl_typesupport_cpp
[ 67%] Built target msgs_control__rosidl_typesupport_introspection_cpp
[ 70%] [32m[1mLinking CXX shared library libmsgs_control__rosidl_typesupport_fastrtps_c.so[0m
[ 73%] [32m[1mLinking CXX shared library libmsgs_control__rosidl_typesupport_fastrtps_cpp.so[0m
[ 73%] Built target msgs_control__rosidl_typesupport_fastrtps_c
[ 73%] Built target msgs_control__rosidl_typesupport_fastrtps_cpp
[ 73%] Built target msgs_control
[ 76%] [34m[1mGenerating Python code for ROS interfaces[0m
[ 76%] Built target msgs_control__py
[ 79%] [32mBuilding C object CMakeFiles/msgs_control__rosidl_generator_py.dir/rosidl_generator_py/msgs_control/srv/_sim_pid_s.c.o[0m
[ 82%] [32m[1mLinking C shared library libmsgs_control__rosidl_generator_py.so[0m
[ 82%] Built target msgs_control__rosidl_generator_py
[ 91%] [32mBuilding C object CMakeFiles/msgs_control_s__rosidl_typesupport_fastrtps_c.dir/rosidl_generator_py/msgs_control/_msgs_control_s.ep.rosidl_typesupport_fastrtps_c.c.o[0m
[ 91%] [32mBuilding C object CMakeFiles/msgs_control_s__rosidl_typesupport_introspection_c.dir/rosidl_generator_py/msgs_control/_msgs_control_s.ep.rosidl_typesupport_introspection_c.c.o[0m
[ 91%] [32mBuilding C object CMakeFiles/msgs_control_s__rosidl_typesupport_c.dir/rosidl_generator_py/msgs_control/_msgs_control_s.ep.rosidl_typesupport_c.c.o[0m
[ 97%] [32m[1mLinking C shared module rosidl_generator_py/msgs_control/msgs_control_s__rosidl_typesupport_c.so[0m
[ 97%] [32m[1mLinking C shared module rosidl_generator_py/msgs_control/msgs_control_s__rosidl_typesupport_introspection_c.so[0m
[100%] [32m[1mLinking C shared module rosidl_generator_py/msgs_control/msgs_control_s__rosidl_typesupport_fastrtps_c.so[0m
[100%] Built target msgs_control_s__rosidl_typesupport_c
[100%] Built target msgs_control_s__rosidl_typesupport_introspection_c
[100%] Built target msgs_control_s__rosidl_typesupport_fastrtps_c
-- Install configuration: ""
-- Installing: /home/aalonso/Personal/ros2_ws/src/install/msgs_control/share/ament_index/resource_index/rosidl_interfaces/msgs_control
-- Installing: /home/aalonso/Personal/ros2_ws/src/install/msgs_control/share/msgs_control/srv/SimPID.json
-- Installing: /home/aalonso/Personal/ros2_ws/src/install/msgs_control/include/msgs_control/msgs_control
-- Installing: /home/aalonso/Personal/ros2_ws/src/install/msgs_control/include/msgs_control/msgs_control/srv
-- Installing: /home/aalonso/Personal/ros2_ws/src/install/msgs_control/include/msgs_control/msgs_control/srv/sim_pid.h
-- Installing: /home/aalonso/Personal/ros2_ws/src/install/msgs_control/include/msgs_control/msgs_control/srv/detail
-- Installing: /home/aalonso/Personal/ros2_ws/src/install/msgs_control/include/msgs_control/msgs_control/srv/detail/sim_pid__type_support.h
-- Installing: /home/aalonso/Personal/ros2_ws/src/install/msgs_control/include/msgs_control/msgs_control/srv/detail/sim_pid__type_support.c
-- Installing: /home/aalonso/Personal/ros2_ws/src/install/msgs_control/include/msgs_control/msgs_control/srv/detail/sim_pid__functions.h
-- Installing: /home/aalonso/Personal/ros2_ws/src/install/msgs_control/include/msgs_control/msgs_control/srv/detail/sim_pid__functions.c
-- Installing: /home/aalonso/Personal/ros2_ws/src/install/msgs_control/include/msgs_control/msgs_control/srv/detail/sim_pid__struct.h
-- Installing: /home/aalonso/Personal/ros2_ws/src/install/msgs_control/include/msgs_control/msgs_control/srv/detail/sim_pid__description.c
-- Installing: /home/aalonso/Personal/ros2_ws/src/install/msgs_control/include/msgs_control/msgs_control/msg
-- Installing: /home/aalonso/Personal/ros2_ws/src/install/msgs_control/include/msgs_control/msgs_control/msg/rosidl_generator_c__visibility_control.h
-- Installing: /home/aalonso/Personal/ros2_ws/src/install/msgs_control/share/msgs_control/environment/library_path.sh
-- Installing: /home/aalonso/Personal/ros2_ws/src/install/msgs_control/share/msgs_control/environment/library_path.dsv
-- Installing: /home/aalonso/Personal/ros2_ws/src/install/msgs_control/lib/libmsgs_control__rosidl_generator_c.so
-- Set non-toolchain portion of runtime path of "/home/aalonso/Personal/ros2_ws/src/install/msgs_control/lib/libmsgs_control__rosidl_generator_c.so" to ""
-- Up-to-date: /home/aalonso/Personal/ros2_ws/src/install/msgs_control/include/msgs_control/msgs_control
-- Up-to-date: /home/aalonso/Personal/ros2_ws/src/install/msgs_control/include/msgs_control/msgs_control/srv
-- Up-to-date: /home/aalonso/Personal/ros2_ws/src/install/msgs_control/include/msgs_control/msgs_control/srv/detail
-- Installing: /home/aalonso/Personal/ros2_ws/src/install/msgs_control/include/msgs_control/msgs_control/srv/detail/sim_pid__rosidl_typesupport_fastrtps_c.h
-- Up-to-date: /home/aalonso/Personal/ros2_ws/src/install/msgs_control/include/msgs_control/msgs_control/msg
-- Installing: /home/aalonso/Personal/ros2_ws/src/install/msgs_control/include/msgs_control/msgs_control/msg/rosidl_typesupport_fastrtps_c__visibility_control.h
-- Installing: /home/aalonso/Personal/ros2_ws/src/install/msgs_control/lib/libmsgs_control__rosidl_typesupport_fastrtps_c.so
-- Set non-toolchain portion of runtime path of "/home/aalonso/Personal/ros2_ws/src/install/msgs_control/lib/libmsgs_control__rosidl_typesupport_fastrtps_c.so" to ""
-- Up-to-date: /home/aalonso/Personal/ros2_ws/src/install/msgs_control/include/msgs_control/msgs_control
-- Up-to-date: /home/aalonso/Personal/ros2_ws/src/install/msgs_control/include/msgs_control/msgs_control/srv
-- Up-to-date: /home/aalonso/Personal/ros2_ws/src/install/msgs_control/include/msgs_control/msgs_control/srv/detail
-- Installing: /home/aalonso/Personal/ros2_ws/src/install/msgs_control/include/msgs_control/msgs_control/srv/detail/sim_pid__rosidl_typesupport_introspection_c.h
-- Up-to-date: /home/aalonso/Personal/ros2_ws/src/install/msgs_control/include/msgs_control/msgs_control/srv/detail/sim_pid__type_support.c
-- Up-to-date: /home/aalonso/Personal/ros2_ws/src/install/msgs_control/include/msgs_control/msgs_control/msg
-- Installing: /home/aalonso/Personal/ros2_ws/src/install/msgs_control/include/msgs_control/msgs_control/msg/rosidl_typesupport_introspection_c__visibility_control.h
-- Installing: /home/aalonso/Personal/ros2_ws/src/install/msgs_control/lib/libmsgs_control__rosidl_typesupport_introspection_c.so
-- Set non-toolchain portion of runtime path of "/home/aalonso/Personal/ros2_ws/src/install/msgs_control/lib/libmsgs_control__rosidl_typesupport_introspection_c.so" to ""
-- Installing: /home/aalonso/Personal/ros2_ws/src/install/msgs_control/lib/libmsgs_control__rosidl_typesupport_c.so
-- Set non-toolchain portion of runtime path of "/home/aalonso/Personal/ros2_ws/src/install/msgs_control/lib/libmsgs_control__rosidl_typesupport_c.so" to ""
-- Up-to-date: /home/aalonso/Personal/ros2_ws/src/install/msgs_control/include/msgs_control/msgs_control
-- Up-to-date: /home/aalonso/Personal/ros2_ws/src/install/msgs_control/include/msgs_control/msgs_control/srv
-- Up-to-date: /home/aalonso/Personal/ros2_ws/src/install/msgs_control/include/msgs_control/msgs_control/srv/detail
-- Installing: /home/aalonso/Personal/ros2_ws/src/install/msgs_control/include/msgs_control/msgs_control/srv/detail/sim_pid__builder.hpp
-- Installing: /home/aalonso/Personal/ros2_ws/src/install/msgs_control/include/msgs_control/msgs_control/srv/detail/sim_pid__traits.hpp
-- Installing: /home/aalonso/Personal/ros2_ws/src/install/msgs_control/include/msgs_control/msgs_control/srv/detail/sim_pid__struct.hpp
-- Installing: /home/aalonso/Personal/ros2_ws/src/install/msgs_control/include/msgs_control/msgs_control/srv/detail/sim_pid__type_support.hpp
-- Installing: /home/aalonso/Personal/ros2_ws/src/install/msgs_control/include/msgs_control/msgs_control/srv/sim_pid.hpp
-- Up-to-date: /home/aalonso/Personal/ros2_ws/src/install/msgs_control/include/msgs_control/msgs_control/msg
-- Installing: /home/aalonso/Personal/ros2_ws/src/install/msgs_control/include/msgs_control/msgs_control/msg/rosidl_generator_cpp__visibility_control.hpp
-- Up-to-date: /home/aalonso/Personal/ros2_ws/src/install/msgs_control/include/msgs_control/msgs_control
-- Up-to-date: /home/aalonso/Personal/ros2_ws/src/install/msgs_control/include/msgs_control/msgs_control/srv
-- Up-to-date: /home/aalonso/Personal/ros2_ws/src/install/msgs_control/include/msgs_control/msgs_control/srv/detail
-- Installing: /home/aalonso/Personal/ros2_ws/src/install/msgs_control/include/msgs_control/msgs_control/srv/detail/dds_fastrtps
-- Installing: /home/aalonso/Personal/ros2_ws/src/install/msgs_control/include/msgs_control/msgs_control/srv/detail/sim_pid__rosidl_typesupport_fastrtps_cpp.hpp
-- Up-to-date: /home/aalonso/Personal/ros2_ws/src/install/msgs_control/include/msgs_control/msgs_control/msg
-- Installing: /home/aalonso/Personal/ros2_ws/src/install/msgs_control/include/msgs_control/msgs_control/msg/rosidl_typesupport_fastrtps_cpp__visibility_control.h
-- Installing: /home/aalonso/Personal/ros2_ws/src/install/msgs_control/lib/libmsgs_control__rosidl_typesupport_fastrtps_cpp.so
-- Set non-toolchain portion of runtime path of "/home/aalonso/Personal/ros2_ws/src/install/msgs_control/lib/libmsgs_control__rosidl_typesupport_fastrtps_cpp.so" to ""
-- Up-to-date: /home/aalonso/Personal/ros2_ws/src/install/msgs_control/include/msgs_control/msgs_control
-- Up-to-date: /home/aalonso/Personal/ros2_ws/src/install/msgs_control/include/msgs_control/msgs_control/srv
-- Up-to-date: /home/aalonso/Personal/ros2_ws/src/install/msgs_control/include/msgs_control/msgs_control/srv/detail
-- Installing: /home/aalonso/Personal/ros2_ws/src/install/msgs_control/include/msgs_control/msgs_control/srv/detail/sim_pid__type_support.cpp
-- Installing: /home/aalonso/Personal/ros2_ws/src/install/msgs_control/include/msgs_control/msgs_control/srv/detail/sim_pid__rosidl_typesupport_introspection_cpp.hpp
-- Installing: /home/aalonso/Personal/ros2_ws/src/install/msgs_control/lib/libmsgs_control__rosidl_typesupport_introspection_cpp.so
-- Set non-toolchain portion of runtime path of "/home/aalonso/Personal/ros2_ws/src/install/msgs_control/lib/libmsgs_control__rosidl_typesupport_introspection_cpp.so" to ""
-- Installing: /home/aalonso/Personal/ros2_ws/src/install/msgs_control/lib/libmsgs_control__rosidl_typesupport_cpp.so
-- Set non-toolchain portion of runtime path of "/home/aalonso/Personal/ros2_ws/src/install/msgs_control/lib/libmsgs_control__rosidl_typesupport_cpp.so" to ""
-- Installing: /home/aalonso/Personal/ros2_ws/src/install/msgs_control/share/msgs_control/environment/pythonpath.sh
-- Installing: /home/aalonso/Personal/ros2_ws/src/install/msgs_control/share/msgs_control/environment/pythonpath.dsv
-- Installing: /home/aalonso/Personal/ros2_ws/src/install/msgs_control/lib/python3.10/site-packages/msgs_control-0.0.0-py3.10.egg-info
-- Installing: /home/aalonso/Personal/ros2_ws/src/install/msgs_control/lib/python3.10/site-packages/msgs_control-0.0.0-py3.10.egg-info/SOURCES.txt
-- Installing: /home/aalonso/Personal/ros2_ws/src/install/msgs_control/lib/python3.10/site-packages/msgs_control-0.0.0-py3.10.egg-info/PKG-INFO
-- Installing: /home/aalonso/Personal/ros2_ws/src/install/msgs_control/lib/python3.10/site-packages/msgs_control-0.0.0-py3.10.egg-info/top_level.txt
-- Installing: /home/aalonso/Personal/ros2_ws/src/install/msgs_control/lib/python3.10/site-packages/msgs_control-0.0.0-py3.10.egg-info/dependency_links.txt
-- Installing: /home/aalonso/Personal/ros2_ws/src/install/msgs_control/lib/python3.10/site-packages/msgs_control
-- Installing: /home/aalonso/Personal/ros2_ws/src/install/msgs_control/lib/python3.10/site-packages/msgs_control/msgs_control_s__rosidl_typesupport_fastrtps_c.so
-- Installing: /home/aalonso/Personal/ros2_ws/src/install/msgs_control/lib/python3.10/site-packages/msgs_control/srv
-- Installing: /home/aalonso/Personal/ros2_ws/src/install/msgs_control/lib/python3.10/site-packages/msgs_control/srv/_sim_pid_s.c
-- Installing: /home/aalonso/Personal/ros2_ws/src/install/msgs_control/lib/python3.10/site-packages/msgs_control/srv/__init__.py
-- Installing: /home/aalonso/Personal/ros2_ws/src/install/msgs_control/lib/python3.10/site-packages/msgs_control/srv/_sim_pid.py
-- Installing: /home/aalonso/Personal/ros2_ws/src/install/msgs_control/lib/python3.10/site-packages/msgs_control/_msgs_control_s.ep.rosidl_typesupport_c.c
-- Installing: /home/aalonso/Personal/ros2_ws/src/install/msgs_control/lib/python3.10/site-packages/msgs_control/__init__.py
-- Installing: /home/aalonso/Personal/ros2_ws/src/install/msgs_control/lib/python3.10/site-packages/msgs_control/_msgs_control_s.ep.rosidl_typesupport_fastrtps_c.c
-- Installing: /home/aalonso/Personal/ros2_ws/src/install/msgs_control/lib/python3.10/site-packages/msgs_control/_msgs_control_s.ep.rosidl_typesupport_introspection_c.c
-- Installing: /home/aalonso/Personal/ros2_ws/src/install/msgs_control/lib/python3.10/site-packages/msgs_control/msgs_control_s__rosidl_typesupport_c.so
-- Installing: /home/aalonso/Personal/ros2_ws/src/install/msgs_control/lib/python3.10/site-packages/msgs_control/msgs_control_s__rosidl_typesupport_introspection_c.so
Listing '/home/aalonso/Personal/ros2_ws/src/install/msgs_control/lib/python3.10/site-packages/msgs_control'...
Compiling '/home/aalonso/Personal/ros2_ws/src/install/msgs_control/lib/python3.10/site-packages/msgs_control/__init__.py'...
Listing '/home/aalonso/Personal/ros2_ws/src/install/msgs_control/lib/python3.10/site-packages/msgs_control/srv'...
Compiling '/home/aalonso/Personal/ros2_ws/src/install/msgs_control/lib/python3.10/site-packages/msgs_control/srv/__init__.py'...
Compiling '/home/aalonso/Personal/ros2_ws/src/install/msgs_control/lib/python3.10/site-packages/msgs_control/srv/_sim_pid.py'...
-- Installing: /home/aalonso/Personal/ros2_ws/src/install/msgs_control/lib/python3.10/site-packages/msgs_control/msgs_control_s__rosidl_typesupport_fastrtps_c.so
-- Set non-toolchain portion of runtime path of "/home/aalonso/Personal/ros2_ws/src/install/msgs_control/lib/python3.10/site-packages/msgs_control/msgs_control_s__rosidl_typesupport_fastrtps_c.so" to ""
-- Installing: /home/aalonso/Personal/ros2_ws/src/install/msgs_control/lib/python3.10/site-packages/msgs_control/msgs_control_s__rosidl_typesupport_introspection_c.so
-- Set non-toolchain portion of runtime path of "/home/aalonso/Personal/ros2_ws/src/install/msgs_control/lib/python3.10/site-packages/msgs_control/msgs_control_s__rosidl_typesupport_introspection_c.so" to ""
-- Installing: /home/aalonso/Personal/ros2_ws/src/install/msgs_control/lib/python3.10/site-packages/msgs_control/msgs_control_s__rosidl_typesupport_c.so
-- Set non-toolchain portion of runtime path of "/home/aalonso/Personal/ros2_ws/src/install/msgs_control/lib/python3.10/site-packages/msgs_control/msgs_control_s__rosidl_typesupport_c.so" to ""
-- Installing: /home/aalonso/Personal/ros2_ws/src/install/msgs_control/lib/libmsgs_control__rosidl_generator_py.so
-- Set non-toolchain portion of runtime path of "/home/aalonso/Personal/ros2_ws/src/install/msgs_control/lib/libmsgs_control__rosidl_generator_py.so" to ""
-- Installing: /home/aalonso/Personal/ros2_ws/src/install/msgs_control/share/msgs_control/srv/SimPID.idl
-- Installing: /home/aalonso/Personal/ros2_ws/src/install/msgs_control/share/msgs_control/srv/SimPID.srv
-- Installing: /home/aalonso/Personal/ros2_ws/src/install/msgs_control/share/ament_index/resource_index/package_run_dependencies/msgs_control
-- Installing: /home/aalonso/Personal/ros2_ws/src/install/msgs_control/share/ament_index/resource_index/parent_prefix_path/msgs_control
-- Installing: /home/aalonso/Personal/ros2_ws/src/install/msgs_control/share/msgs_control/environment/ament_prefix_path.sh
-- Installing: /home/aalonso/Personal/ros2_ws/src/install/msgs_control/share/msgs_control/environment/ament_prefix_path.dsv
-- Installing: /home/aalonso/Personal/ros2_ws/src/install/msgs_control/share/msgs_control/environment/path.sh
-- Installing: /home/aalonso/Personal/ros2_ws/src/install/msgs_control/share/msgs_control/environment/path.dsv
-- Installing: /home/aalonso/Personal/ros2_ws/src/install/msgs_control/share/msgs_control/local_setup.bash
-- Installing: /home/aalonso/Personal/ros2_ws/src/install/msgs_control/share/msgs_control/local_setup.sh
-- Installing: /home/aalonso/Personal/ros2_ws/src/install/msgs_control/share/msgs_control/local_setup.zsh
-- Installing: /home/aalonso/Personal/ros2_ws/src/install/msgs_control/share/msgs_control/local_setup.dsv
-- Installing: /home/aalonso/Personal/ros2_ws/src/install/msgs_control/share/msgs_control/package.dsv
-- Installing: /home/aalonso/Personal/ros2_ws/src/install/msgs_control/share/ament_index/resource_index/packages/msgs_control
-- Installing: /home/aalonso/Personal/ros2_ws/src/install/msgs_control/share/msgs_control/cmake/export_msgs_control__rosidl_generator_cExport.cmake
-- Installing: /home/aalonso/Personal/ros2_ws/src/install/msgs_control/share/msgs_control/cmake/export_msgs_control__rosidl_generator_cExport-noconfig.cmake
-- Installing: /home/aalonso/Personal/ros2_ws/src/install/msgs_control/share/msgs_control/cmake/export_msgs_control__rosidl_typesupport_fastrtps_cExport.cmake
-- Installing: /home/aalonso/Personal/ros2_ws/src/install/msgs_control/share/msgs_control/cmake/export_msgs_control__rosidl_typesupport_fastrtps_cExport-noconfig.cmake
-- Installing: /home/aalonso/Personal/ros2_ws/src/install/msgs_control/share/msgs_control/cmake/msgs_control__rosidl_typesupport_introspection_cExport.cmake
-- Installing: /home/aalonso/Personal/ros2_ws/src/install/msgs_control/share/msgs_control/cmake/msgs_control__rosidl_typesupport_introspection_cExport-noconfig.cmake
-- Installing: /home/aalonso/Personal/ros2_ws/src/install/msgs_control/share/msgs_control/cmake/msgs_control__rosidl_typesupport_cExport.cmake
-- Installing: /home/aalonso/Personal/ros2_ws/src/install/msgs_control/share/msgs_control/cmake/msgs_control__rosidl_typesupport_cExport-noconfig.cmake
-- Installing: /home/aalonso/Personal/ros2_ws/src/install/msgs_control/share/msgs_control/cmake/export_msgs_control__rosidl_generator_cppExport.cmake
-- Installing: /home/aalonso/Personal/ros2_ws/src/install/msgs_control/share/msgs_control/cmake/export_msgs_control__rosidl_typesupport_fastrtps_cppExport.cmake
-- Installing: /home/aalonso/Personal/ros2_ws/src/install/msgs_control/share/msgs_control/cmake/export_msgs_control__rosidl_typesupport_fastrtps_cppExport-noconfig.cmake
-- Installing: /home/aalonso/Personal/ros2_ws/src/install/msgs_control/share/msgs_control/cmake/msgs_control__rosidl_typesupport_introspection_cppExport.cmake
-- Installing: /home/aalonso/Personal/ros2_ws/src/install/msgs_control/share/msgs_control/cmake/msgs_control__rosidl_typesupport_introspection_cppExport-noconfig.cmake
-- Installing: /home/aalonso/Personal/ros2_ws/src/install/msgs_control/share/msgs_control/cmake/msgs_control__rosidl_typesupport_cppExport.cmake
-- Installing: /home/aalonso/Personal/ros2_ws/src/install/msgs_control/share/msgs_control/cmake/msgs_control__rosidl_typesupport_cppExport-noconfig.cmake
-- Installing: /home/aalonso/Personal/ros2_ws/src/install/msgs_control/share/msgs_control/cmake/export_msgs_control__rosidl_generator_pyExport.cmake
-- Installing: /home/aalonso/Personal/ros2_ws/src/install/msgs_control/share/msgs_control/cmake/export_msgs_control__rosidl_generator_pyExport-noconfig.cmake
-- Installing: /home/aalonso/Personal/ros2_ws/src/install/msgs_control/share/msgs_control/cmake/rosidl_cmake-extras.cmake
-- Installing: /home/aalonso/Personal/ros2_ws/src/install/msgs_control/share/msgs_control/cmake/ament_cmake_export_dependencies-extras.cmake
-- Installing: /home/aalonso/Personal/ros2_ws/src/install/msgs_control/share/msgs_control/cmake/ament_cmake_export_include_directories-extras.cmake
-- Installing: /home/aalonso/Personal/ros2_ws/src/install/msgs_control/share/msgs_control/cmake/ament_cmake_export_libraries-extras.cmake
-- Installing: /home/aalonso/Personal/ros2_ws/src/install/msgs_control/share/msgs_control/cmake/ament_cmake_export_targets-extras.cmake
-- Installing: /home/aalonso/Personal/ros2_ws/src/install/msgs_control/share/msgs_control/cmake/rosidl_cmake_export_typesupport_targets-extras.cmake
-- Installing: /home/aalonso/Personal/ros2_ws/src/install/msgs_control/share/msgs_control/cmake/rosidl_cmake_export_typesupport_libraries-extras.cmake
-- Installing: /home/aalonso/Personal/ros2_ws/src/install/msgs_control/share/msgs_control/cmake/msgs_controlConfig.cmake
-- Installing: /home/aalonso/Personal/ros2_ws/src/install/msgs_control/share/msgs_control/cmake/msgs_controlConfig-version.cmake
-- Installing: /home/aalonso/Personal/ros2_ws/src/install/msgs_control/share/msgs_control/package.xml
