[0.019s] Invoking command in '/home/aalonso/Personal/ros2_ws/src/build/msgs_control': CMAKE_PREFIX_PATH=${CMAKE_PREFIX_PATH}:/home/aalonso/Personal/ros2_ws/install/sim_pkg:/home/aalonso/Personal/ros2_ws/install/pid_genetic_tuner:/home/aalonso/Personal/ros2_ws/src/install/sim_pkg:/home/aalonso/Personal/ros2_ws/src/install/pid_genetic_tuner:/opt/ros/jazzy VIRTUAL_ENV_PROMPT=(ros2_py310_env) /usr/bin/cmake /home/aalonso/Personal/ros2_ws/src/msgs_control -DCMAKE_INSTALL_PREFIX=/home/aalonso/Personal/ros2_ws/src/install/msgs_control
[0.132s] -- The C compiler identification is GNU 13.3.0
[0.339s] -- The CXX compiler identification is GNU 13.3.0
[0.575s] -- Detecting C compiler ABI info
[0.692s] -- Detecting C compiler ABI info - done
[0.697s] -- Check for working C compiler: /usr/bin/cc - skipped
[0.697s] -- Detecting C compile features
[0.697s] -- Detecting C compile features - done
[0.732s] -- Detecting CXX compiler ABI info
[0.852s] -- Detecting CXX compiler ABI info - done
[0.857s] -- Check for working CXX compiler: /usr/bin/c++ - skipped
[0.857s] -- Detecting CXX compile features
[0.857s] -- Detecting CXX compile features - done
[0.860s] -- Found ament_cmake: 2.5.3 (/opt/ros/jazzy/share/ament_cmake/cmake)
[0.922s] -- Found Python3: /home/aalonso/ros2_py310_env/bin/python3 (found version "3.10.12") found components: Interpreter 
[0.992s] -- Found ament_lint_auto: 0.17.1 (/opt/ros/jazzy/share/ament_lint_auto/cmake)
[1.053s] -- Found rosidl_default_generators: 1.6.0 (/opt/ros/jazzy/share/rosidl_default_generators/cmake)
[1.058s] -- Using all available rosidl_typesupport_c: rosidl_typesupport_fastrtps_c;rosidl_typesupport_introspection_c
[1.159s] -- Using all available rosidl_typesupport_cpp: rosidl_typesupport_fastrtps_cpp;rosidl_typesupport_introspection_cpp
[1.192s] -- Found rosidl_adapter: 4.6.5 (/opt/ros/jazzy/share/rosidl_adapter/cmake)
[1.441s] -- Found ament_cmake_ros: 0.12.0 (/opt/ros/jazzy/share/ament_cmake_ros/cmake)
[1.639s] -- Using all available rosidl_typesupport_c: rosidl_typesupport_fastrtps_c;rosidl_typesupport_introspection_c
[1.890s] -- Using all available rosidl_typesupport_cpp: rosidl_typesupport_fastrtps_cpp;rosidl_typesupport_introspection_cpp
[1.893s] -- Found python_cmake_module: 0.11.1 (/opt/ros/jazzy/share/python_cmake_module/cmake)
[1.953s] -- Found PythonExtra: /home/aalonso/ros2_py310_env/bin/python3  
[2.176s] -- Found Python3: /home/aalonso/ros2_py310_env/bin/python3 (found version "3.10.12") found components: Interpreter Development NumPy Development.Module Development.Embed 
[2.199s] -- Added test 'lint_cmake' to check CMake code style
[2.200s] -- Added test 'xmllint' to check XML markup files
[2.205s] -- Configuring done (2.2s)
[2.237s] -- Generating done (0.0s)
[2.245s] -- Build files have been written to: /home/aalonso/Personal/ros2_ws/src/build/msgs_control
[2.254s] Invoked command in '/home/aalonso/Personal/ros2_ws/src/build/msgs_control' returned '0': CMAKE_PREFIX_PATH=${CMAKE_PREFIX_PATH}:/home/aalonso/Personal/ros2_ws/install/sim_pkg:/home/aalonso/Personal/ros2_ws/install/pid_genetic_tuner:/home/aalonso/Personal/ros2_ws/src/install/sim_pkg:/home/aalonso/Personal/ros2_ws/src/install/pid_genetic_tuner:/opt/ros/jazzy VIRTUAL_ENV_PROMPT=(ros2_py310_env) /usr/bin/cmake /home/aalonso/Personal/ros2_ws/src/msgs_control -DCMAKE_INSTALL_PREFIX=/home/aalonso/Personal/ros2_ws/src/install/msgs_control
[2.255s] Invoking command in '/home/aalonso/Personal/ros2_ws/src/build/msgs_control': CMAKE_PREFIX_PATH=${CMAKE_PREFIX_PATH}:/home/aalonso/Personal/ros2_ws/install/sim_pkg:/home/aalonso/Personal/ros2_ws/install/pid_genetic_tuner:/home/aalonso/Personal/ros2_ws/src/install/sim_pkg:/home/aalonso/Personal/ros2_ws/src/install/pid_genetic_tuner:/opt/ros/jazzy VIRTUAL_ENV_PROMPT=(ros2_py310_env) /usr/bin/cmake --build /home/aalonso/Personal/ros2_ws/src/build/msgs_control -- -j16 -l16
[2.293s] [  2%] [34m[1mGenerating type hashes for ROS interfaces[0m
[2.299s] [  2%] Built target ament_cmake_python_copy_msgs_control
[2.442s] running egg_info
[2.448s] creating msgs_control.egg-info
[2.448s] writing msgs_control.egg-info/PKG-INFO
[2.448s] writing dependency_links to msgs_control.egg-info/dependency_links.txt
[2.449s] writing top-level names to msgs_control.egg-info/top_level.txt
[2.449s] writing manifest file 'msgs_control.egg-info/SOURCES.txt'
[2.462s] [  2%] Built target msgs_control__rosidl_generator_type_description
[2.467s] [  5%] [34m[1mGenerating C code for ROS interfaces[0m
[2.474s] [  8%] [34m[1mGenerating C++ code for ROS interfaces[0m
[2.486s] ERROR setuptools_scm._file_finders.git listing git files failed - pretending there aren't any
[2.563s] reading manifest file 'msgs_control.egg-info/SOURCES.txt'
[2.564s] writing manifest file 'msgs_control.egg-info/SOURCES.txt'
[2.582s] [  8%] Built target ament_cmake_python_build_msgs_control_egg
[2.706s] [  8%] Built target msgs_control__cpp
[2.740s] [ 11%] [32mBuilding C object CMakeFiles/msgs_control__rosidl_generator_c.dir/rosidl_generator_c/msgs_control/srv/detail/sim_pid__description.c.o[0m
[2.741s] [ 14%] [32mBuilding C object CMakeFiles/msgs_control__rosidl_generator_c.dir/rosidl_generator_c/msgs_control/srv/detail/sim_pid__type_support.c.o[0m
[2.741s] [ 17%] [32mBuilding C object CMakeFiles/msgs_control__rosidl_generator_c.dir/rosidl_generator_c/msgs_control/srv/detail/sim_pid__functions.c.o[0m
[2.779s] [ 20%] [32m[1mLinking C shared library libmsgs_control__rosidl_generator_c.so[0m
[2.831s] [ 20%] Built target msgs_control__rosidl_generator_c
[2.838s] [ 38%] [34m[1mGenerating C type support for eProsima Fast-RTPS[0m
[2.838s] [ 38%] [34m[1mGenerating C type support dispatch for ROS interfaces[0m
[2.838s] [ 38%] [34m[1mGenerating C++ type support dispatch for ROS interfaces[0m
[2.838s] [ 38%] [34m[1mGenerating C++ introspection for ROS interfaces[0m
[2.838s] [ 38%] [34m[1mGenerating C++ type support for eProsima Fast-RTPS[0m
[2.838s] [ 38%] [34m[1mGenerating C introspection for ROS interfaces[0m
[3.039s] [ 41%] [32mBuilding CXX object CMakeFiles/msgs_control__rosidl_typesupport_c.dir/rosidl_typesupport_c/msgs_control/srv/sim_pid__type_support.cpp.o[0m
[3.047s] [ 44%] [32mBuilding CXX object CMakeFiles/msgs_control__rosidl_typesupport_cpp.dir/rosidl_typesupport_cpp/msgs_control/srv/sim_pid__type_support.cpp.o[0m
[3.073s] [ 47%] [32m[1mLinking CXX shared library libmsgs_control__rosidl_typesupport_c.so[0m
[3.114s] [ 50%] [32mBuilding C object CMakeFiles/msgs_control__rosidl_typesupport_introspection_c.dir/rosidl_typesupport_introspection_c/msgs_control/srv/detail/sim_pid__type_support.c.o[0m
[3.119s] [ 52%] [32mBuilding CXX object CMakeFiles/msgs_control__rosidl_typesupport_introspection_cpp.dir/rosidl_typesupport_introspection_cpp/msgs_control/srv/detail/sim_pid__type_support.cpp.o[0m
[3.136s] [ 52%] Built target msgs_control__rosidl_typesupport_c
[3.140s] [ 55%] [32m[1mLinking C shared library libmsgs_control__rosidl_typesupport_introspection_c.so[0m
[3.141s] [ 58%] [32mBuilding CXX object CMakeFiles/msgs_control__rosidl_typesupport_fastrtps_cpp.dir/rosidl_typesupport_fastrtps_cpp/msgs_control/srv/detail/dds_fastrtps/sim_pid__type_support.cpp.o[0m
[3.182s] [ 61%] [32mBuilding CXX object CMakeFiles/msgs_control__rosidl_typesupport_fastrtps_c.dir/rosidl_typesupport_fastrtps_c/msgs_control/srv/detail/sim_pid__type_support_c.cpp.o[0m
[3.188s] [ 61%] Built target msgs_control__rosidl_typesupport_introspection_c
[3.256s] [ 64%] [32m[1mLinking CXX shared library libmsgs_control__rosidl_typesupport_cpp.so[0m
[3.325s] [ 67%] [32m[1mLinking CXX shared library libmsgs_control__rosidl_typesupport_introspection_cpp.so[0m
[3.328s] [ 67%] Built target msgs_control__rosidl_typesupport_cpp
[3.396s] [ 67%] Built target msgs_control__rosidl_typesupport_introspection_cpp
[3.435s] [ 70%] [32m[1mLinking CXX shared library libmsgs_control__rosidl_typesupport_fastrtps_c.so[0m
[3.455s] [ 73%] [32m[1mLinking CXX shared library libmsgs_control__rosidl_typesupport_fastrtps_cpp.so[0m
[3.496s] [ 73%] Built target msgs_control__rosidl_typesupport_fastrtps_c
[3.527s] [ 73%] Built target msgs_control__rosidl_typesupport_fastrtps_cpp
[3.539s] [ 73%] Built target msgs_control
[3.550s] [ 76%] [34m[1mGenerating Python code for ROS interfaces[0m
[3.892s] [ 76%] Built target msgs_control__py
[3.907s] [ 79%] [32mBuilding C object CMakeFiles/msgs_control__rosidl_generator_py.dir/rosidl_generator_py/msgs_control/srv/_sim_pid_s.c.o[0m
[3.975s] [ 82%] [32m[1mLinking C shared library libmsgs_control__rosidl_generator_py.so[0m
[4.031s] [ 82%] Built target msgs_control__rosidl_generator_py
[4.043s] [ 91%] [32mBuilding C object CMakeFiles/msgs_control_s__rosidl_typesupport_fastrtps_c.dir/rosidl_generator_py/msgs_control/_msgs_control_s.ep.rosidl_typesupport_fastrtps_c.c.o[0m
[4.044s] [ 91%] [32mBuilding C object CMakeFiles/msgs_control_s__rosidl_typesupport_introspection_c.dir/rosidl_generator_py/msgs_control/_msgs_control_s.ep.rosidl_typesupport_introspection_c.c.o[0m
[4.044s] [ 91%] [32mBuilding C object CMakeFiles/msgs_control_s__rosidl_typesupport_c.dir/rosidl_generator_py/msgs_control/_msgs_control_s.ep.rosidl_typesupport_c.c.o[0m
[4.095s] [ 97%] [32m[1mLinking C shared module rosidl_generator_py/msgs_control/msgs_control_s__rosidl_typesupport_c.so[0m
[4.095s] [ 97%] [32m[1mLinking C shared module rosidl_generator_py/msgs_control/msgs_control_s__rosidl_typesupport_introspection_c.so[0m
[4.097s] [100%] [32m[1mLinking C shared module rosidl_generator_py/msgs_control/msgs_control_s__rosidl_typesupport_fastrtps_c.so[0m
[4.135s] [100%] Built target msgs_control_s__rosidl_typesupport_c
[4.136s] [100%] Built target msgs_control_s__rosidl_typesupport_introspection_c
[4.144s] [100%] Built target msgs_control_s__rosidl_typesupport_fastrtps_c
[4.151s] Invoked command in '/home/aalonso/Personal/ros2_ws/src/build/msgs_control' returned '0': CMAKE_PREFIX_PATH=${CMAKE_PREFIX_PATH}:/home/aalonso/Personal/ros2_ws/install/sim_pkg:/home/aalonso/Personal/ros2_ws/install/pid_genetic_tuner:/home/aalonso/Personal/ros2_ws/src/install/sim_pkg:/home/aalonso/Personal/ros2_ws/src/install/pid_genetic_tuner:/opt/ros/jazzy VIRTUAL_ENV_PROMPT=(ros2_py310_env) /usr/bin/cmake --build /home/aalonso/Personal/ros2_ws/src/build/msgs_control -- -j16 -l16
[4.158s] Invoking command in '/home/aalonso/Personal/ros2_ws/src/build/msgs_control': CMAKE_PREFIX_PATH=${CMAKE_PREFIX_PATH}:/home/aalonso/Personal/ros2_ws/install/sim_pkg:/home/aalonso/Personal/ros2_ws/install/pid_genetic_tuner:/home/aalonso/Personal/ros2_ws/src/install/sim_pkg:/home/aalonso/Personal/ros2_ws/src/install/pid_genetic_tuner:/opt/ros/jazzy VIRTUAL_ENV_PROMPT=(ros2_py310_env) /usr/bin/cmake --install /home/aalonso/Personal/ros2_ws/src/build/msgs_control
[4.162s] -- Install configuration: ""
[4.162s] -- Installing: /home/aalonso/Personal/ros2_ws/src/install/msgs_control/share/ament_index/resource_index/rosidl_interfaces/msgs_control
[4.163s] -- Installing: /home/aalonso/Personal/ros2_ws/src/install/msgs_control/share/msgs_control/srv/SimPID.json
[4.163s] -- Installing: /home/aalonso/Personal/ros2_ws/src/install/msgs_control/include/msgs_control/msgs_control
[4.163s] -- Installing: /home/aalonso/Personal/ros2_ws/src/install/msgs_control/include/msgs_control/msgs_control/srv
[4.163s] -- Installing: /home/aalonso/Personal/ros2_ws/src/install/msgs_control/include/msgs_control/msgs_control/srv/sim_pid.h
[4.164s] -- Installing: /home/aalonso/Personal/ros2_ws/src/install/msgs_control/include/msgs_control/msgs_control/srv/detail
[4.164s] -- Installing: /home/aalonso/Personal/ros2_ws/src/install/msgs_control/include/msgs_control/msgs_control/srv/detail/sim_pid__type_support.h
[4.164s] -- Installing: /home/aalonso/Personal/ros2_ws/src/install/msgs_control/include/msgs_control/msgs_control/srv/detail/sim_pid__type_support.c
[4.164s] -- Installing: /home/aalonso/Personal/ros2_ws/src/install/msgs_control/include/msgs_control/msgs_control/srv/detail/sim_pid__functions.h
[4.164s] -- Installing: /home/aalonso/Personal/ros2_ws/src/install/msgs_control/include/msgs_control/msgs_control/srv/detail/sim_pid__functions.c
[4.164s] -- Installing: /home/aalonso/Personal/ros2_ws/src/install/msgs_control/include/msgs_control/msgs_control/srv/detail/sim_pid__struct.h
[4.164s] -- Installing: /home/aalonso/Personal/ros2_ws/src/install/msgs_control/include/msgs_control/msgs_control/srv/detail/sim_pid__description.c
[4.165s] -- Installing: /home/aalonso/Personal/ros2_ws/src/install/msgs_control/include/msgs_control/msgs_control/msg
[4.165s] -- Installing: /home/aalonso/Personal/ros2_ws/src/install/msgs_control/include/msgs_control/msgs_control/msg/rosidl_generator_c__visibility_control.h
[4.165s] -- Installing: /home/aalonso/Personal/ros2_ws/src/install/msgs_control/share/msgs_control/environment/library_path.sh
[4.165s] -- Installing: /home/aalonso/Personal/ros2_ws/src/install/msgs_control/share/msgs_control/environment/library_path.dsv
[4.165s] -- Installing: /home/aalonso/Personal/ros2_ws/src/install/msgs_control/lib/libmsgs_control__rosidl_generator_c.so
[4.165s] -- Set non-toolchain portion of runtime path of "/home/aalonso/Personal/ros2_ws/src/install/msgs_control/lib/libmsgs_control__rosidl_generator_c.so" to ""
[4.165s] -- Up-to-date: /home/aalonso/Personal/ros2_ws/src/install/msgs_control/include/msgs_control/msgs_control
[4.166s] -- Up-to-date: /home/aalonso/Personal/ros2_ws/src/install/msgs_control/include/msgs_control/msgs_control/srv
[4.166s] -- Up-to-date: /home/aalonso/Personal/ros2_ws/src/install/msgs_control/include/msgs_control/msgs_control/srv/detail
[4.166s] -- Installing: /home/aalonso/Personal/ros2_ws/src/install/msgs_control/include/msgs_control/msgs_control/srv/detail/sim_pid__rosidl_typesupport_fastrtps_c.h
[4.166s] -- Up-to-date: /home/aalonso/Personal/ros2_ws/src/install/msgs_control/include/msgs_control/msgs_control/msg
[4.166s] -- Installing: /home/aalonso/Personal/ros2_ws/src/install/msgs_control/include/msgs_control/msgs_control/msg/rosidl_typesupport_fastrtps_c__visibility_control.h
[4.166s] -- Installing: /home/aalonso/Personal/ros2_ws/src/install/msgs_control/lib/libmsgs_control__rosidl_typesupport_fastrtps_c.so
[4.166s] -- Set non-toolchain portion of runtime path of "/home/aalonso/Personal/ros2_ws/src/install/msgs_control/lib/libmsgs_control__rosidl_typesupport_fastrtps_c.so" to ""
[4.167s] -- Up-to-date: /home/aalonso/Personal/ros2_ws/src/install/msgs_control/include/msgs_control/msgs_control
[4.167s] -- Up-to-date: /home/aalonso/Personal/ros2_ws/src/install/msgs_control/include/msgs_control/msgs_control/srv
[4.167s] -- Up-to-date: /home/aalonso/Personal/ros2_ws/src/install/msgs_control/include/msgs_control/msgs_control/srv/detail
[4.167s] -- Installing: /home/aalonso/Personal/ros2_ws/src/install/msgs_control/include/msgs_control/msgs_control/srv/detail/sim_pid__rosidl_typesupport_introspection_c.h
[4.167s] -- Up-to-date: /home/aalonso/Personal/ros2_ws/src/install/msgs_control/include/msgs_control/msgs_control/srv/detail/sim_pid__type_support.c
[4.167s] -- Up-to-date: /home/aalonso/Personal/ros2_ws/src/install/msgs_control/include/msgs_control/msgs_control/msg
[4.167s] -- Installing: /home/aalonso/Personal/ros2_ws/src/install/msgs_control/include/msgs_control/msgs_control/msg/rosidl_typesupport_introspection_c__visibility_control.h
[4.167s] -- Installing: /home/aalonso/Personal/ros2_ws/src/install/msgs_control/lib/libmsgs_control__rosidl_typesupport_introspection_c.so
[4.168s] -- Set non-toolchain portion of runtime path of "/home/aalonso/Personal/ros2_ws/src/install/msgs_control/lib/libmsgs_control__rosidl_typesupport_introspection_c.so" to ""
[4.168s] -- Installing: /home/aalonso/Personal/ros2_ws/src/install/msgs_control/lib/libmsgs_control__rosidl_typesupport_c.so
[4.168s] -- Set non-toolchain portion of runtime path of "/home/aalonso/Personal/ros2_ws/src/install/msgs_control/lib/libmsgs_control__rosidl_typesupport_c.so" to ""
[4.168s] -- Up-to-date: /home/aalonso/Personal/ros2_ws/src/install/msgs_control/include/msgs_control/msgs_control
[4.168s] -- Up-to-date: /home/aalonso/Personal/ros2_ws/src/install/msgs_control/include/msgs_control/msgs_control/srv
[4.168s] -- Up-to-date: /home/aalonso/Personal/ros2_ws/src/install/msgs_control/include/msgs_control/msgs_control/srv/detail
[4.168s] -- Installing: /home/aalonso/Personal/ros2_ws/src/install/msgs_control/include/msgs_control/msgs_control/srv/detail/sim_pid__builder.hpp
[4.168s] -- Installing: /home/aalonso/Personal/ros2_ws/src/install/msgs_control/include/msgs_control/msgs_control/srv/detail/sim_pid__traits.hpp
[4.168s] -- Installing: /home/aalonso/Personal/ros2_ws/src/install/msgs_control/include/msgs_control/msgs_control/srv/detail/sim_pid__struct.hpp
[4.168s] -- Installing: /home/aalonso/Personal/ros2_ws/src/install/msgs_control/include/msgs_control/msgs_control/srv/detail/sim_pid__type_support.hpp
[4.168s] -- Installing: /home/aalonso/Personal/ros2_ws/src/install/msgs_control/include/msgs_control/msgs_control/srv/sim_pid.hpp
[4.168s] -- Up-to-date: /home/aalonso/Personal/ros2_ws/src/install/msgs_control/include/msgs_control/msgs_control/msg
[4.169s] -- Installing: /home/aalonso/Personal/ros2_ws/src/install/msgs_control/include/msgs_control/msgs_control/msg/rosidl_generator_cpp__visibility_control.hpp
[4.169s] -- Up-to-date: /home/aalonso/Personal/ros2_ws/src/install/msgs_control/include/msgs_control/msgs_control
[4.169s] -- Up-to-date: /home/aalonso/Personal/ros2_ws/src/install/msgs_control/include/msgs_control/msgs_control/srv
[4.169s] -- Up-to-date: /home/aalonso/Personal/ros2_ws/src/install/msgs_control/include/msgs_control/msgs_control/srv/detail
[4.169s] -- Installing: /home/aalonso/Personal/ros2_ws/src/install/msgs_control/include/msgs_control/msgs_control/srv/detail/dds_fastrtps
[4.169s] -- Installing: /home/aalonso/Personal/ros2_ws/src/install/msgs_control/include/msgs_control/msgs_control/srv/detail/sim_pid__rosidl_typesupport_fastrtps_cpp.hpp
[4.169s] -- Up-to-date: /home/aalonso/Personal/ros2_ws/src/install/msgs_control/include/msgs_control/msgs_control/msg
[4.169s] -- Installing: /home/aalonso/Personal/ros2_ws/src/install/msgs_control/include/msgs_control/msgs_control/msg/rosidl_typesupport_fastrtps_cpp__visibility_control.h
[4.170s] -- Installing: /home/aalonso/Personal/ros2_ws/src/install/msgs_control/lib/libmsgs_control__rosidl_typesupport_fastrtps_cpp.so
[4.170s] -- Set non-toolchain portion of runtime path of "/home/aalonso/Personal/ros2_ws/src/install/msgs_control/lib/libmsgs_control__rosidl_typesupport_fastrtps_cpp.so" to ""
[4.170s] -- Up-to-date: /home/aalonso/Personal/ros2_ws/src/install/msgs_control/include/msgs_control/msgs_control
[4.170s] -- Up-to-date: /home/aalonso/Personal/ros2_ws/src/install/msgs_control/include/msgs_control/msgs_control/srv
[4.170s] -- Up-to-date: /home/aalonso/Personal/ros2_ws/src/install/msgs_control/include/msgs_control/msgs_control/srv/detail
[4.170s] -- Installing: /home/aalonso/Personal/ros2_ws/src/install/msgs_control/include/msgs_control/msgs_control/srv/detail/sim_pid__type_support.cpp
[4.170s] -- Installing: /home/aalonso/Personal/ros2_ws/src/install/msgs_control/include/msgs_control/msgs_control/srv/detail/sim_pid__rosidl_typesupport_introspection_cpp.hpp
[4.170s] -- Installing: /home/aalonso/Personal/ros2_ws/src/install/msgs_control/lib/libmsgs_control__rosidl_typesupport_introspection_cpp.so
[4.170s] -- Set non-toolchain portion of runtime path of "/home/aalonso/Personal/ros2_ws/src/install/msgs_control/lib/libmsgs_control__rosidl_typesupport_introspection_cpp.so" to ""
[4.171s] -- Installing: /home/aalonso/Personal/ros2_ws/src/install/msgs_control/lib/libmsgs_control__rosidl_typesupport_cpp.so
[4.171s] -- Set non-toolchain portion of runtime path of "/home/aalonso/Personal/ros2_ws/src/install/msgs_control/lib/libmsgs_control__rosidl_typesupport_cpp.so" to ""
[4.171s] -- Installing: /home/aalonso/Personal/ros2_ws/src/install/msgs_control/share/msgs_control/environment/pythonpath.sh
[4.171s] -- Installing: /home/aalonso/Personal/ros2_ws/src/install/msgs_control/share/msgs_control/environment/pythonpath.dsv
[4.171s] -- Installing: /home/aalonso/Personal/ros2_ws/src/install/msgs_control/lib/python3.10/site-packages/msgs_control-0.0.0-py3.10.egg-info
[4.171s] -- Installing: /home/aalonso/Personal/ros2_ws/src/install/msgs_control/lib/python3.10/site-packages/msgs_control-0.0.0-py3.10.egg-info/SOURCES.txt
[4.171s] -- Installing: /home/aalonso/Personal/ros2_ws/src/install/msgs_control/lib/python3.10/site-packages/msgs_control-0.0.0-py3.10.egg-info/PKG-INFO
[4.171s] -- Installing: /home/aalonso/Personal/ros2_ws/src/install/msgs_control/lib/python3.10/site-packages/msgs_control-0.0.0-py3.10.egg-info/top_level.txt
[4.171s] -- Installing: /home/aalonso/Personal/ros2_ws/src/install/msgs_control/lib/python3.10/site-packages/msgs_control-0.0.0-py3.10.egg-info/dependency_links.txt
[4.171s] -- Installing: /home/aalonso/Personal/ros2_ws/src/install/msgs_control/lib/python3.10/site-packages/msgs_control
[4.171s] -- Installing: /home/aalonso/Personal/ros2_ws/src/install/msgs_control/lib/python3.10/site-packages/msgs_control/msgs_control_s__rosidl_typesupport_fastrtps_c.so
[4.171s] -- Installing: /home/aalonso/Personal/ros2_ws/src/install/msgs_control/lib/python3.10/site-packages/msgs_control/srv
[4.171s] -- Installing: /home/aalonso/Personal/ros2_ws/src/install/msgs_control/lib/python3.10/site-packages/msgs_control/srv/_sim_pid_s.c
[4.171s] -- Installing: /home/aalonso/Personal/ros2_ws/src/install/msgs_control/lib/python3.10/site-packages/msgs_control/srv/__init__.py
[4.172s] -- Installing: /home/aalonso/Personal/ros2_ws/src/install/msgs_control/lib/python3.10/site-packages/msgs_control/srv/_sim_pid.py
[4.172s] -- Installing: /home/aalonso/Personal/ros2_ws/src/install/msgs_control/lib/python3.10/site-packages/msgs_control/_msgs_control_s.ep.rosidl_typesupport_c.c
[4.172s] -- Installing: /home/aalonso/Personal/ros2_ws/src/install/msgs_control/lib/python3.10/site-packages/msgs_control/__init__.py
[4.172s] -- Installing: /home/aalonso/Personal/ros2_ws/src/install/msgs_control/lib/python3.10/site-packages/msgs_control/_msgs_control_s.ep.rosidl_typesupport_fastrtps_c.c
[4.172s] -- Installing: /home/aalonso/Personal/ros2_ws/src/install/msgs_control/lib/python3.10/site-packages/msgs_control/_msgs_control_s.ep.rosidl_typesupport_introspection_c.c
[4.172s] -- Installing: /home/aalonso/Personal/ros2_ws/src/install/msgs_control/lib/python3.10/site-packages/msgs_control/msgs_control_s__rosidl_typesupport_c.so
[4.172s] -- Installing: /home/aalonso/Personal/ros2_ws/src/install/msgs_control/lib/python3.10/site-packages/msgs_control/msgs_control_s__rosidl_typesupport_introspection_c.so
[4.196s] Listing '/home/aalonso/Personal/ros2_ws/src/install/msgs_control/lib/python3.10/site-packages/msgs_control'...
[4.196s] Compiling '/home/aalonso/Personal/ros2_ws/src/install/msgs_control/lib/python3.10/site-packages/msgs_control/__init__.py'...
[4.196s] Listing '/home/aalonso/Personal/ros2_ws/src/install/msgs_control/lib/python3.10/site-packages/msgs_control/srv'...
[4.196s] Compiling '/home/aalonso/Personal/ros2_ws/src/install/msgs_control/lib/python3.10/site-packages/msgs_control/srv/__init__.py'...
[4.196s] Compiling '/home/aalonso/Personal/ros2_ws/src/install/msgs_control/lib/python3.10/site-packages/msgs_control/srv/_sim_pid.py'...
[4.198s] -- Installing: /home/aalonso/Personal/ros2_ws/src/install/msgs_control/lib/python3.10/site-packages/msgs_control/msgs_control_s__rosidl_typesupport_fastrtps_c.so
[4.199s] -- Set non-toolchain portion of runtime path of "/home/aalonso/Personal/ros2_ws/src/install/msgs_control/lib/python3.10/site-packages/msgs_control/msgs_control_s__rosidl_typesupport_fastrtps_c.so" to ""
[4.199s] -- Installing: /home/aalonso/Personal/ros2_ws/src/install/msgs_control/lib/python3.10/site-packages/msgs_control/msgs_control_s__rosidl_typesupport_introspection_c.so
[4.199s] -- Set non-toolchain portion of runtime path of "/home/aalonso/Personal/ros2_ws/src/install/msgs_control/lib/python3.10/site-packages/msgs_control/msgs_control_s__rosidl_typesupport_introspection_c.so" to ""
[4.199s] -- Installing: /home/aalonso/Personal/ros2_ws/src/install/msgs_control/lib/python3.10/site-packages/msgs_control/msgs_control_s__rosidl_typesupport_c.so
[4.199s] -- Set non-toolchain portion of runtime path of "/home/aalonso/Personal/ros2_ws/src/install/msgs_control/lib/python3.10/site-packages/msgs_control/msgs_control_s__rosidl_typesupport_c.so" to ""
[4.199s] -- Installing: /home/aalonso/Personal/ros2_ws/src/install/msgs_control/lib/libmsgs_control__rosidl_generator_py.so
[4.200s] -- Set non-toolchain portion of runtime path of "/home/aalonso/Personal/ros2_ws/src/install/msgs_control/lib/libmsgs_control__rosidl_generator_py.so" to ""
[4.200s] -- Installing: /home/aalonso/Personal/ros2_ws/src/install/msgs_control/share/msgs_control/srv/SimPID.idl
[4.200s] -- Installing: /home/aalonso/Personal/ros2_ws/src/install/msgs_control/share/msgs_control/srv/SimPID.srv
[4.200s] -- Installing: /home/aalonso/Personal/ros2_ws/src/install/msgs_control/share/ament_index/resource_index/package_run_dependencies/msgs_control
[4.200s] -- Installing: /home/aalonso/Personal/ros2_ws/src/install/msgs_control/share/ament_index/resource_index/parent_prefix_path/msgs_control
[4.201s] -- Installing: /home/aalonso/Personal/ros2_ws/src/install/msgs_control/share/msgs_control/environment/ament_prefix_path.sh
[4.201s] -- Installing: /home/aalonso/Personal/ros2_ws/src/install/msgs_control/share/msgs_control/environment/ament_prefix_path.dsv
[4.201s] -- Installing: /home/aalonso/Personal/ros2_ws/src/install/msgs_control/share/msgs_control/environment/path.sh
[4.201s] -- Installing: /home/aalonso/Personal/ros2_ws/src/install/msgs_control/share/msgs_control/environment/path.dsv
[4.201s] -- Installing: /home/aalonso/Personal/ros2_ws/src/install/msgs_control/share/msgs_control/local_setup.bash
[4.201s] -- Installing: /home/aalonso/Personal/ros2_ws/src/install/msgs_control/share/msgs_control/local_setup.sh
[4.201s] -- Installing: /home/aalonso/Personal/ros2_ws/src/install/msgs_control/share/msgs_control/local_setup.zsh
[4.202s] -- Installing: /home/aalonso/Personal/ros2_ws/src/install/msgs_control/share/msgs_control/local_setup.dsv
[4.202s] -- Installing: /home/aalonso/Personal/ros2_ws/src/install/msgs_control/share/msgs_control/package.dsv
[4.202s] -- Installing: /home/aalonso/Personal/ros2_ws/src/install/msgs_control/share/ament_index/resource_index/packages/msgs_control
[4.202s] -- Installing: /home/aalonso/Personal/ros2_ws/src/install/msgs_control/share/msgs_control/cmake/export_msgs_control__rosidl_generator_cExport.cmake
[4.202s] -- Installing: /home/aalonso/Personal/ros2_ws/src/install/msgs_control/share/msgs_control/cmake/export_msgs_control__rosidl_generator_cExport-noconfig.cmake
[4.202s] -- Installing: /home/aalonso/Personal/ros2_ws/src/install/msgs_control/share/msgs_control/cmake/export_msgs_control__rosidl_typesupport_fastrtps_cExport.cmake
[4.202s] -- Installing: /home/aalonso/Personal/ros2_ws/src/install/msgs_control/share/msgs_control/cmake/export_msgs_control__rosidl_typesupport_fastrtps_cExport-noconfig.cmake
[4.203s] -- Installing: /home/aalonso/Personal/ros2_ws/src/install/msgs_control/share/msgs_control/cmake/msgs_control__rosidl_typesupport_introspection_cExport.cmake
[4.203s] -- Installing: /home/aalonso/Personal/ros2_ws/src/install/msgs_control/share/msgs_control/cmake/msgs_control__rosidl_typesupport_introspection_cExport-noconfig.cmake
[4.203s] -- Installing: /home/aalonso/Personal/ros2_ws/src/install/msgs_control/share/msgs_control/cmake/msgs_control__rosidl_typesupport_cExport.cmake
[4.203s] -- Installing: /home/aalonso/Personal/ros2_ws/src/install/msgs_control/share/msgs_control/cmake/msgs_control__rosidl_typesupport_cExport-noconfig.cmake
[4.203s] -- Installing: /home/aalonso/Personal/ros2_ws/src/install/msgs_control/share/msgs_control/cmake/export_msgs_control__rosidl_generator_cppExport.cmake
[4.203s] -- Installing: /home/aalonso/Personal/ros2_ws/src/install/msgs_control/share/msgs_control/cmake/export_msgs_control__rosidl_typesupport_fastrtps_cppExport.cmake
[4.203s] -- Installing: /home/aalonso/Personal/ros2_ws/src/install/msgs_control/share/msgs_control/cmake/export_msgs_control__rosidl_typesupport_fastrtps_cppExport-noconfig.cmake
[4.203s] -- Installing: /home/aalonso/Personal/ros2_ws/src/install/msgs_control/share/msgs_control/cmake/msgs_control__rosidl_typesupport_introspection_cppExport.cmake
[4.203s] -- Installing: /home/aalonso/Personal/ros2_ws/src/install/msgs_control/share/msgs_control/cmake/msgs_control__rosidl_typesupport_introspection_cppExport-noconfig.cmake
[4.204s] -- Installing: /home/aalonso/Personal/ros2_ws/src/install/msgs_control/share/msgs_control/cmake/msgs_control__rosidl_typesupport_cppExport.cmake
[4.204s] -- Installing: /home/aalonso/Personal/ros2_ws/src/install/msgs_control/share/msgs_control/cmake/msgs_control__rosidl_typesupport_cppExport-noconfig.cmake
[4.204s] -- Installing: /home/aalonso/Personal/ros2_ws/src/install/msgs_control/share/msgs_control/cmake/export_msgs_control__rosidl_generator_pyExport.cmake
[4.204s] -- Installing: /home/aalonso/Personal/ros2_ws/src/install/msgs_control/share/msgs_control/cmake/export_msgs_control__rosidl_generator_pyExport-noconfig.cmake
[4.204s] -- Installing: /home/aalonso/Personal/ros2_ws/src/install/msgs_control/share/msgs_control/cmake/rosidl_cmake-extras.cmake
[4.204s] -- Installing: /home/aalonso/Personal/ros2_ws/src/install/msgs_control/share/msgs_control/cmake/ament_cmake_export_dependencies-extras.cmake
[4.204s] -- Installing: /home/aalonso/Personal/ros2_ws/src/install/msgs_control/share/msgs_control/cmake/ament_cmake_export_include_directories-extras.cmake
[4.204s] -- Installing: /home/aalonso/Personal/ros2_ws/src/install/msgs_control/share/msgs_control/cmake/ament_cmake_export_libraries-extras.cmake
[4.204s] -- Installing: /home/aalonso/Personal/ros2_ws/src/install/msgs_control/share/msgs_control/cmake/ament_cmake_export_targets-extras.cmake
[4.205s] -- Installing: /home/aalonso/Personal/ros2_ws/src/install/msgs_control/share/msgs_control/cmake/rosidl_cmake_export_typesupport_targets-extras.cmake
[4.205s] -- Installing: /home/aalonso/Personal/ros2_ws/src/install/msgs_control/share/msgs_control/cmake/rosidl_cmake_export_typesupport_libraries-extras.cmake
[4.205s] -- Installing: /home/aalonso/Personal/ros2_ws/src/install/msgs_control/share/msgs_control/cmake/msgs_controlConfig.cmake
[4.205s] -- Installing: /home/aalonso/Personal/ros2_ws/src/install/msgs_control/share/msgs_control/cmake/msgs_controlConfig-version.cmake
[4.205s] -- Installing: /home/aalonso/Personal/ros2_ws/src/install/msgs_control/share/msgs_control/package.xml
[4.206s] Invoked command in '/home/aalonso/Personal/ros2_ws/src/build/msgs_control' returned '0': CMAKE_PREFIX_PATH=${CMAKE_PREFIX_PATH}:/home/aalonso/Personal/ros2_ws/install/sim_pkg:/home/aalonso/Personal/ros2_ws/install/pid_genetic_tuner:/home/aalonso/Personal/ros2_ws/src/install/sim_pkg:/home/aalonso/Personal/ros2_ws/src/install/pid_genetic_tuner:/opt/ros/jazzy VIRTUAL_ENV_PROMPT=(ros2_py310_env) /usr/bin/cmake --install /home/aalonso/Personal/ros2_ws/src/build/msgs_control
