[0.126s] DEBUG:colcon:Command line arguments: ['/usr/bin/colcon', 'build']
[0.126s] DEBUG:colcon:Parsed command line arguments: Namespace(log_base=None, log_level=None, verb_name='build', build_base='build', install_base='install', merge_install=False, symlink_install=False, test_result_base=None, continue_on_error=False, executor='parallel', parallel_workers=6, event_handlers=None, ignore_user_meta=False, metas=['./colcon.meta'], base_paths=['.'], packages_ignore=None, packages_ignore_regex=None, paths=None, packages_up_to=None, packages_up_to_regex=None, packages_above=None, packages_above_and_dependencies=None, packages_above_depth=None, packages_select_by_dep=None, packages_skip_by_dep=None, packages_skip_up_to=None, packages_select_build_failed=False, packages_skip_build_finished=False, packages_select_test_failures=False, packages_skip_test_passed=False, packages_select=None, packages_skip=None, packages_select_regex=None, packages_skip_regex=None, packages_start=None, packages_end=None, allow_overriding=[], cmake_args=None, cmake_target=None, cmake_target_skip_unavailable=False, cmake_clean_cache=False, cmake_clean_first=False, cmake_force_configure=False, ament_cmake_args=None, catkin_cmake_args=None, catkin_skip_building_tests=False, mixin_files=None, mixin=None, verb_parser=<colcon_mixin.mixin.mixin_argument.MixinArgumentDecorator object at 0x7ca29cf46200>, verb_extension=<colcon_core.verb.build.BuildVerb object at 0x7ca29d0b7b50>, main=<bound method BuildVerb.main of <colcon_core.verb.build.BuildVerb object at 0x7ca29d0b7b50>>, mixin_verb=('build',))
[0.335s] Level 1:colcon.colcon_core.package_discovery:discover_packages(colcon_meta) check parameters
[0.336s] WARNING:colcon.colcon_metadata.package_discovery.colcon_meta:Skipping metadata file '/home/upm/Escritorio/ros/colcon.meta' since it failed to parse: module 'collections' has no attribute 'Hashable'
[0.336s] Level 1:colcon.colcon_core.package_discovery:discover_packages(recursive) check parameters
[0.336s] Level 1:colcon.colcon_core.package_discovery:discover_packages(ignore) check parameters
[0.336s] Level 1:colcon.colcon_core.package_discovery:discover_packages(path) check parameters
[0.336s] Level 1:colcon.colcon_core.package_discovery:discover_packages(colcon_meta) discover
[0.336s] Level 1:colcon.colcon_core.package_discovery:discover_packages(recursive) discover
[0.336s] INFO:colcon.colcon_core.package_discovery:Crawling recursively for packages in '/home/upm/Escritorio/ros'
[0.336s] Level 1:colcon.colcon_core.package_identification:_identify(.) by extensions ['ignore', 'ignore_ament_install']
[0.337s] Level 1:colcon.colcon_core.package_identification:_identify(.) by extension 'ignore'
[0.337s] Level 1:colcon.colcon_core.package_identification:_identify(.) by extension 'ignore_ament_install'
[0.337s] Level 1:colcon.colcon_core.package_identification:_identify(.) by extensions ['colcon_pkg']
[0.337s] Level 1:colcon.colcon_core.package_identification:_identify(.) by extension 'colcon_pkg'
[0.337s] Level 1:colcon.colcon_core.package_identification:_identify(.) by extensions ['colcon_meta']
[0.337s] Level 1:colcon.colcon_core.package_identification:_identify(.) by extension 'colcon_meta'
[0.337s] Level 1:colcon.colcon_core.package_identification:_identify(.) by extensions ['ros']
[0.337s] Level 1:colcon.colcon_core.package_identification:_identify(.) by extension 'ros'
[0.358s] Level 1:colcon.colcon_core.package_identification:_identify(.) by extensions ['cmake', 'python']
[0.358s] Level 1:colcon.colcon_core.package_identification:_identify(.) by extension 'cmake'
[0.358s] Level 1:colcon.colcon_core.package_identification:_identify(.) by extension 'python'
[0.359s] Level 1:colcon.colcon_core.package_identification:_identify(.) by extensions ['python_setup_py']
[0.359s] Level 1:colcon.colcon_core.package_identification:_identify(.) by extension 'python_setup_py'
[0.359s] Level 1:colcon.colcon_core.package_identification:_identify(build) by extensions ['ignore', 'ignore_ament_install']
[0.359s] Level 1:colcon.colcon_core.package_identification:_identify(build) by extension 'ignore'
[0.359s] Level 1:colcon.colcon_core.package_identification:_identify(build) ignored
[0.359s] Level 1:colcon.colcon_core.package_identification:_identify(install) by extensions ['ignore', 'ignore_ament_install']
[0.359s] Level 1:colcon.colcon_core.package_identification:_identify(install) by extension 'ignore'
[0.359s] Level 1:colcon.colcon_core.package_identification:_identify(install) ignored
[0.359s] Level 1:colcon.colcon_core.package_identification:_identify(log) by extensions ['ignore', 'ignore_ament_install']
[0.359s] Level 1:colcon.colcon_core.package_identification:_identify(log) by extension 'ignore'
[0.359s] Level 1:colcon.colcon_core.package_identification:_identify(log) ignored
[0.359s] Level 1:colcon.colcon_core.package_identification:_identify(src) by extensions ['ignore', 'ignore_ament_install']
[0.359s] Level 1:colcon.colcon_core.package_identification:_identify(src) by extension 'ignore'
[0.359s] Level 1:colcon.colcon_core.package_identification:_identify(src) by extension 'ignore_ament_install'
[0.359s] Level 1:colcon.colcon_core.package_identification:_identify(src) by extensions ['colcon_pkg']
[0.360s] Level 1:colcon.colcon_core.package_identification:_identify(src) by extension 'colcon_pkg'
[0.360s] Level 1:colcon.colcon_core.package_identification:_identify(src) by extensions ['colcon_meta']
[0.360s] Level 1:colcon.colcon_core.package_identification:_identify(src) by extension 'colcon_meta'
[0.360s] Level 1:colcon.colcon_core.package_identification:_identify(src) by extensions ['ros']
[0.360s] Level 1:colcon.colcon_core.package_identification:_identify(src) by extension 'ros'
[0.360s] Level 1:colcon.colcon_core.package_identification:_identify(src) by extensions ['cmake', 'python']
[0.360s] Level 1:colcon.colcon_core.package_identification:_identify(src) by extension 'cmake'
[0.360s] Level 1:colcon.colcon_core.package_identification:_identify(src) by extension 'python'
[0.360s] Level 1:colcon.colcon_core.package_identification:_identify(src) by extensions ['python_setup_py']
[0.360s] Level 1:colcon.colcon_core.package_identification:_identify(src) by extension 'python_setup_py'
[0.360s] Level 1:colcon.colcon_core.package_identification:_identify(src/build) by extensions ['ignore', 'ignore_ament_install']
[0.360s] Level 1:colcon.colcon_core.package_identification:_identify(src/build) by extension 'ignore'
[0.360s] Level 1:colcon.colcon_core.package_identification:_identify(src/build) ignored
[0.360s] Level 1:colcon.colcon_core.package_identification:_identify(src/install) by extensions ['ignore', 'ignore_ament_install']
[0.361s] Level 1:colcon.colcon_core.package_identification:_identify(src/install) by extension 'ignore'
[0.361s] Level 1:colcon.colcon_core.package_identification:_identify(src/install) ignored
[0.361s] Level 1:colcon.colcon_core.package_identification:_identify(src/log) by extensions ['ignore', 'ignore_ament_install']
[0.361s] Level 1:colcon.colcon_core.package_identification:_identify(src/log) by extension 'ignore'
[0.361s] Level 1:colcon.colcon_core.package_identification:_identify(src/log) ignored
[0.361s] Level 1:colcon.colcon_core.package_identification:_identify(src/msgs_control) by extensions ['ignore', 'ignore_ament_install']
[0.361s] Level 1:colcon.colcon_core.package_identification:_identify(src/msgs_control) by extension 'ignore'
[0.361s] Level 1:colcon.colcon_core.package_identification:_identify(src/msgs_control) by extension 'ignore_ament_install'
[0.361s] Level 1:colcon.colcon_core.package_identification:_identify(src/msgs_control) by extensions ['colcon_pkg']
[0.361s] Level 1:colcon.colcon_core.package_identification:_identify(src/msgs_control) by extension 'colcon_pkg'
[0.361s] Level 1:colcon.colcon_core.package_identification:_identify(src/msgs_control) by extensions ['colcon_meta']
[0.361s] Level 1:colcon.colcon_core.package_identification:_identify(src/msgs_control) by extension 'colcon_meta'
[0.361s] Level 1:colcon.colcon_core.package_identification:_identify(src/msgs_control) by extensions ['ros']
[0.361s] Level 1:colcon.colcon_core.package_identification:_identify(src/msgs_control) by extension 'ros'
[0.364s] DEBUG:colcon.colcon_core.package_identification:Package 'src/msgs_control' with type 'ros.ament_cmake' and name 'msgs_control'
[0.364s] Level 1:colcon.colcon_core.package_identification:_identify(src/pid_genetic_tuner) by extensions ['ignore', 'ignore_ament_install']
[0.364s] Level 1:colcon.colcon_core.package_identification:_identify(src/pid_genetic_tuner) by extension 'ignore'
[0.364s] Level 1:colcon.colcon_core.package_identification:_identify(src/pid_genetic_tuner) by extension 'ignore_ament_install'
[0.364s] Level 1:colcon.colcon_core.package_identification:_identify(src/pid_genetic_tuner) by extensions ['colcon_pkg']
[0.364s] Level 1:colcon.colcon_core.package_identification:_identify(src/pid_genetic_tuner) by extension 'colcon_pkg'
[0.364s] Level 1:colcon.colcon_core.package_identification:_identify(src/pid_genetic_tuner) by extensions ['colcon_meta']
[0.364s] Level 1:colcon.colcon_core.package_identification:_identify(src/pid_genetic_tuner) by extension 'colcon_meta'
[0.365s] Level 1:colcon.colcon_core.package_identification:_identify(src/pid_genetic_tuner) by extensions ['ros']
[0.365s] Level 1:colcon.colcon_core.package_identification:_identify(src/pid_genetic_tuner) by extension 'ros'
[0.365s] DEBUG:colcon.colcon_core.package_identification:Package 'src/pid_genetic_tuner' with type 'ros.ament_python' and name 'pid_genetic_tuner'
[0.365s] Level 1:colcon.colcon_core.package_identification:_identify(src/sim_pkg) by extensions ['ignore', 'ignore_ament_install']
[0.365s] Level 1:colcon.colcon_core.package_identification:_identify(src/sim_pkg) by extension 'ignore'
[0.365s] Level 1:colcon.colcon_core.package_identification:_identify(src/sim_pkg) by extension 'ignore_ament_install'
[0.365s] Level 1:colcon.colcon_core.package_identification:_identify(src/sim_pkg) by extensions ['colcon_pkg']
[0.365s] Level 1:colcon.colcon_core.package_identification:_identify(src/sim_pkg) by extension 'colcon_pkg'
[0.366s] Level 1:colcon.colcon_core.package_identification:_identify(src/sim_pkg) by extensions ['colcon_meta']
[0.366s] Level 1:colcon.colcon_core.package_identification:_identify(src/sim_pkg) by extension 'colcon_meta'
[0.366s] Level 1:colcon.colcon_core.package_identification:_identify(src/sim_pkg) by extensions ['ros']
[0.366s] Level 1:colcon.colcon_core.package_identification:_identify(src/sim_pkg) by extension 'ros'
[0.366s] Level 1:colcon.colcon_core.package_identification:_identify(src/sim_pkg) by extensions ['cmake', 'python']
[0.366s] Level 1:colcon.colcon_core.package_identification:_identify(src/sim_pkg) by extension 'cmake'
[0.366s] Level 1:colcon.colcon_core.package_identification:_identify(src/sim_pkg) by extension 'python'
[0.366s] Level 1:colcon.colcon_core.package_identification:_identify(src/sim_pkg) by extensions ['python_setup_py']
[0.366s] Level 1:colcon.colcon_core.package_identification:_identify(src/sim_pkg) by extension 'python_setup_py'
[0.366s] Level 1:colcon.colcon_core.package_identification:_identify(src/sim_pkg/sim_pkg) by extensions ['ignore', 'ignore_ament_install']
[0.366s] Level 1:colcon.colcon_core.package_identification:_identify(src/sim_pkg/sim_pkg) by extension 'ignore'
[0.366s] Level 1:colcon.colcon_core.package_identification:_identify(src/sim_pkg/sim_pkg) by extension 'ignore_ament_install'
[0.366s] Level 1:colcon.colcon_core.package_identification:_identify(src/sim_pkg/sim_pkg) by extensions ['colcon_pkg']
[0.366s] Level 1:colcon.colcon_core.package_identification:_identify(src/sim_pkg/sim_pkg) by extension 'colcon_pkg'
[0.366s] Level 1:colcon.colcon_core.package_identification:_identify(src/sim_pkg/sim_pkg) by extensions ['colcon_meta']
[0.366s] Level 1:colcon.colcon_core.package_identification:_identify(src/sim_pkg/sim_pkg) by extension 'colcon_meta'
[0.366s] Level 1:colcon.colcon_core.package_identification:_identify(src/sim_pkg/sim_pkg) by extensions ['ros']
[0.366s] Level 1:colcon.colcon_core.package_identification:_identify(src/sim_pkg/sim_pkg) by extension 'ros'
[0.367s] DEBUG:colcon.colcon_core.package_identification:Package 'src/sim_pkg/sim_pkg' with type 'ros.ament_python' and name 'sim_pkg'
[0.367s] Level 1:colcon.colcon_core.package_discovery:discover_packages(recursive) using defaults
[0.367s] Level 1:colcon.colcon_core.package_discovery:discover_packages(ignore) discover
[0.367s] Level 1:colcon.colcon_core.package_discovery:discover_packages(ignore) using defaults
[0.367s] Level 1:colcon.colcon_core.package_discovery:discover_packages(path) discover
[0.367s] Level 1:colcon.colcon_core.package_discovery:discover_packages(path) using defaults
[0.390s] Level 1:colcon.colcon_core.package_discovery:discover_packages(prefix_path) check parameters
[0.390s] Level 1:colcon.colcon_core.package_discovery:discover_packages(prefix_path) discover
[0.393s] DEBUG:colcon.colcon_installed_package_information.package_discovery:Found 2 installed packages in /home/upm/Escritorio/ros/install
[0.393s] DEBUG:colcon.colcon_installed_package_information.package_discovery:Found 0 installed packages in /home/upm/ros2_ws/install
[0.394s] DEBUG:colcon.colcon_installed_package_information.package_discovery:Found 302 installed packages in /opt/ros/humble
[0.396s] Level 1:colcon.colcon_core.package_discovery:discover_packages(prefix_path) using defaults
[0.449s] Level 5:colcon.colcon_core.verb:set package 'msgs_control' build argument 'cmake_args' from command line to 'None'
[0.449s] Level 5:colcon.colcon_core.verb:set package 'msgs_control' build argument 'cmake_target' from command line to 'None'
[0.449s] Level 5:colcon.colcon_core.verb:set package 'msgs_control' build argument 'cmake_target_skip_unavailable' from command line to 'False'
[0.449s] Level 5:colcon.colcon_core.verb:set package 'msgs_control' build argument 'cmake_clean_cache' from command line to 'False'
[0.449s] Level 5:colcon.colcon_core.verb:set package 'msgs_control' build argument 'cmake_clean_first' from command line to 'False'
[0.449s] Level 5:colcon.colcon_core.verb:set package 'msgs_control' build argument 'cmake_force_configure' from command line to 'False'
[0.449s] Level 5:colcon.colcon_core.verb:set package 'msgs_control' build argument 'ament_cmake_args' from command line to 'None'
[0.449s] Level 5:colcon.colcon_core.verb:set package 'msgs_control' build argument 'catkin_cmake_args' from command line to 'None'
[0.449s] Level 5:colcon.colcon_core.verb:set package 'msgs_control' build argument 'catkin_skip_building_tests' from command line to 'False'
[0.449s] DEBUG:colcon.colcon_core.verb:Building package 'msgs_control' with the following arguments: {'ament_cmake_args': None, 'build_base': '/home/upm/Escritorio/ros/build/msgs_control', 'catkin_cmake_args': None, 'catkin_skip_building_tests': False, 'cmake_args': None, 'cmake_clean_cache': False, 'cmake_clean_first': False, 'cmake_force_configure': False, 'cmake_target': None, 'cmake_target_skip_unavailable': False, 'install_base': '/home/upm/Escritorio/ros/install/msgs_control', 'merge_install': False, 'path': '/home/upm/Escritorio/ros/src/msgs_control', 'symlink_install': False, 'test_result_base': None}
[0.449s] Level 5:colcon.colcon_core.verb:set package 'pid_genetic_tuner' build argument 'cmake_args' from command line to 'None'
[0.450s] Level 5:colcon.colcon_core.verb:set package 'pid_genetic_tuner' build argument 'cmake_target' from command line to 'None'
[0.450s] Level 5:colcon.colcon_core.verb:set package 'pid_genetic_tuner' build argument 'cmake_target_skip_unavailable' from command line to 'False'
[0.450s] Level 5:colcon.colcon_core.verb:set package 'pid_genetic_tuner' build argument 'cmake_clean_cache' from command line to 'False'
[0.450s] Level 5:colcon.colcon_core.verb:set package 'pid_genetic_tuner' build argument 'cmake_clean_first' from command line to 'False'
[0.450s] Level 5:colcon.colcon_core.verb:set package 'pid_genetic_tuner' build argument 'cmake_force_configure' from command line to 'False'
[0.450s] Level 5:colcon.colcon_core.verb:set package 'pid_genetic_tuner' build argument 'ament_cmake_args' from command line to 'None'
[0.450s] Level 5:colcon.colcon_core.verb:set package 'pid_genetic_tuner' build argument 'catkin_cmake_args' from command line to 'None'
[0.450s] Level 5:colcon.colcon_core.verb:set package 'pid_genetic_tuner' build argument 'catkin_skip_building_tests' from command line to 'False'
[0.450s] DEBUG:colcon.colcon_core.verb:Building package 'pid_genetic_tuner' with the following arguments: {'ament_cmake_args': None, 'build_base': '/home/upm/Escritorio/ros/build/pid_genetic_tuner', 'catkin_cmake_args': None, 'catkin_skip_building_tests': False, 'cmake_args': None, 'cmake_clean_cache': False, 'cmake_clean_first': False, 'cmake_force_configure': False, 'cmake_target': None, 'cmake_target_skip_unavailable': False, 'install_base': '/home/upm/Escritorio/ros/install/pid_genetic_tuner', 'merge_install': False, 'path': '/home/upm/Escritorio/ros/src/pid_genetic_tuner', 'symlink_install': False, 'test_result_base': None}
[0.450s] Level 5:colcon.colcon_core.verb:set package 'sim_pkg' build argument 'cmake_args' from command line to 'None'
[0.450s] Level 5:colcon.colcon_core.verb:set package 'sim_pkg' build argument 'cmake_target' from command line to 'None'
[0.450s] Level 5:colcon.colcon_core.verb:set package 'sim_pkg' build argument 'cmake_target_skip_unavailable' from command line to 'False'
[0.450s] Level 5:colcon.colcon_core.verb:set package 'sim_pkg' build argument 'cmake_clean_cache' from command line to 'False'
[0.450s] Level 5:colcon.colcon_core.verb:set package 'sim_pkg' build argument 'cmake_clean_first' from command line to 'False'
[0.450s] Level 5:colcon.colcon_core.verb:set package 'sim_pkg' build argument 'cmake_force_configure' from command line to 'False'
[0.450s] Level 5:colcon.colcon_core.verb:set package 'sim_pkg' build argument 'ament_cmake_args' from command line to 'None'
[0.450s] Level 5:colcon.colcon_core.verb:set package 'sim_pkg' build argument 'catkin_cmake_args' from command line to 'None'
[0.450s] Level 5:colcon.colcon_core.verb:set package 'sim_pkg' build argument 'catkin_skip_building_tests' from command line to 'False'
[0.450s] DEBUG:colcon.colcon_core.verb:Building package 'sim_pkg' with the following arguments: {'ament_cmake_args': None, 'build_base': '/home/upm/Escritorio/ros/build/sim_pkg', 'catkin_cmake_args': None, 'catkin_skip_building_tests': False, 'cmake_args': None, 'cmake_clean_cache': False, 'cmake_clean_first': False, 'cmake_force_configure': False, 'cmake_target': None, 'cmake_target_skip_unavailable': False, 'install_base': '/home/upm/Escritorio/ros/install/sim_pkg', 'merge_install': False, 'path': '/home/upm/Escritorio/ros/src/sim_pkg/sim_pkg', 'symlink_install': False, 'test_result_base': None}
[0.450s] INFO:colcon.colcon_core.executor:Executing jobs using 'parallel' executor
[0.451s] DEBUG:colcon.colcon_parallel_executor.executor.parallel:run_until_complete
[0.452s] INFO:colcon.colcon_ros.task.ament_cmake.build:Building ROS package in '/home/upm/Escritorio/ros/src/msgs_control' with build type 'ament_cmake'
[0.452s] INFO:colcon.colcon_cmake.task.cmake.build:Building CMake package in '/home/upm/Escritorio/ros/src/msgs_control'
[0.455s] INFO:colcon.colcon_core.plugin_system:Skipping extension 'colcon_core.shell.bat': Not used on non-Windows systems
[0.455s] INFO:colcon.colcon_core.shell:Skip shell extension 'powershell' for command environment: Not usable outside of PowerShell
[0.455s] DEBUG:colcon.colcon_core.shell:Skip shell extension 'dsv' for command environment
[0.459s] INFO:colcon.colcon_ros.task.ament_python.build:Building ROS package in '/home/upm/Escritorio/ros/src/pid_genetic_tuner' with build type 'ament_python'
[0.459s] Level 1:colcon.colcon_core.shell:create_environment_hook('pid_genetic_tuner', 'ament_prefix_path')
[0.459s] INFO:colcon.colcon_core.shell:Creating environment hook '/home/upm/Escritorio/ros/install/pid_genetic_tuner/share/pid_genetic_tuner/hook/ament_prefix_path.ps1'
[0.460s] INFO:colcon.colcon_core.shell:Creating environment descriptor '/home/upm/Escritorio/ros/install/pid_genetic_tuner/share/pid_genetic_tuner/hook/ament_prefix_path.dsv'
[0.460s] INFO:colcon.colcon_core.shell:Creating environment hook '/home/upm/Escritorio/ros/install/pid_genetic_tuner/share/pid_genetic_tuner/hook/ament_prefix_path.sh'
[0.461s] INFO:colcon.colcon_core.shell:Skip shell extension 'powershell' for command environment: Not usable outside of PowerShell
[0.461s] DEBUG:colcon.colcon_core.shell:Skip shell extension 'dsv' for command environment
[0.464s] INFO:colcon.colcon_ros.task.ament_python.build:Building ROS package in '/home/upm/Escritorio/ros/src/sim_pkg/sim_pkg' with build type 'ament_python'
[0.465s] Level 1:colcon.colcon_core.shell:create_environment_hook('sim_pkg', 'ament_prefix_path')
[0.465s] INFO:colcon.colcon_core.shell:Creating environment hook '/home/upm/Escritorio/ros/install/sim_pkg/share/sim_pkg/hook/ament_prefix_path.ps1'
[0.466s] INFO:colcon.colcon_core.shell:Creating environment descriptor '/home/upm/Escritorio/ros/install/sim_pkg/share/sim_pkg/hook/ament_prefix_path.dsv'
[0.466s] INFO:colcon.colcon_core.shell:Creating environment hook '/home/upm/Escritorio/ros/install/sim_pkg/share/sim_pkg/hook/ament_prefix_path.sh'
[0.467s] INFO:colcon.colcon_core.shell:Skip shell extension 'powershell' for command environment: Not usable outside of PowerShell
[0.467s] DEBUG:colcon.colcon_core.shell:Skip shell extension 'dsv' for command environment
[0.477s] DEBUG:colcon.colcon_core.event_handler.log_command:Invoking command in '/home/upm/Escritorio/ros/build/msgs_control': CMAKE_PREFIX_PATH=${CMAKE_PREFIX_PATH}:/home/upm/Escritorio/ros/install/pid_genetic_tuner:/opt/ros/humble /usr/bin/cmake --build /home/upm/Escritorio/ros/build/msgs_control -- -j6 -l6
[0.733s] INFO:colcon.colcon_core.task.python.build:Building Python package in '/home/upm/Escritorio/ros/src/pid_genetic_tuner'
[0.733s] INFO:colcon.colcon_core.shell:Skip shell extension 'powershell' for command environment: Not usable outside of PowerShell
[0.733s] DEBUG:colcon.colcon_core.shell:Skip shell extension 'dsv' for command environment
[0.986s] INFO:colcon.colcon_core.task.python.build:Building Python package in '/home/upm/Escritorio/ros/src/sim_pkg/sim_pkg'
[0.987s] INFO:colcon.colcon_core.shell:Skip shell extension 'powershell' for command environment: Not usable outside of PowerShell
[0.987s] DEBUG:colcon.colcon_core.shell:Skip shell extension 'dsv' for command environment
[0.996s] DEBUG:colcon.colcon_core.event_handler.log_command:Invoked command in '/home/upm/Escritorio/ros/build/msgs_control' returned '0': CMAKE_PREFIX_PATH=${CMAKE_PREFIX_PATH}:/home/upm/Escritorio/ros/install/pid_genetic_tuner:/opt/ros/humble /usr/bin/cmake --build /home/upm/Escritorio/ros/build/msgs_control -- -j6 -l6
[1.064s] DEBUG:colcon.colcon_core.event_handler.log_command:Invoking command in '/home/upm/Escritorio/ros/build/msgs_control': CMAKE_PREFIX_PATH=${CMAKE_PREFIX_PATH}:/home/upm/Escritorio/ros/install/pid_genetic_tuner:/opt/ros/humble /usr/bin/cmake --install /home/upm/Escritorio/ros/build/msgs_control
[1.118s] Level 1:colcon.colcon_core.environment:create_environment_scripts_only(msgs_control)
[1.119s] DEBUG:colcon.colcon_core.event_handler.log_command:Invoked command in '/home/upm/Escritorio/ros/build/msgs_control' returned '0': CMAKE_PREFIX_PATH=${CMAKE_PREFIX_PATH}:/home/upm/Escritorio/ros/install/pid_genetic_tuner:/opt/ros/humble /usr/bin/cmake --install /home/upm/Escritorio/ros/build/msgs_control
[1.122s] Level 1:colcon.colcon_core.environment:checking '/home/upm/Escritorio/ros/install/msgs_control' for CMake module files
[1.123s] Level 1:colcon.colcon_core.environment:checking '/home/upm/Escritorio/ros/install/msgs_control' for CMake config files
[1.124s] Level 1:colcon.colcon_core.shell:create_environment_hook('msgs_control', 'cmake_prefix_path')
[1.124s] INFO:colcon.colcon_core.shell:Creating environment hook '/home/upm/Escritorio/ros/install/msgs_control/share/msgs_control/hook/cmake_prefix_path.ps1'
[1.124s] INFO:colcon.colcon_core.shell:Creating environment descriptor '/home/upm/Escritorio/ros/install/msgs_control/share/msgs_control/hook/cmake_prefix_path.dsv'
[1.125s] INFO:colcon.colcon_core.shell:Creating environment hook '/home/upm/Escritorio/ros/install/msgs_control/share/msgs_control/hook/cmake_prefix_path.sh'
[1.125s] Level 1:colcon.colcon_core.environment:checking '/home/upm/Escritorio/ros/install/msgs_control/lib'
[1.126s] Level 1:colcon.colcon_core.shell:create_environment_hook('msgs_control', 'ld_library_path_lib')
[1.126s] INFO:colcon.colcon_core.shell:Creating environment hook '/home/upm/Escritorio/ros/install/msgs_control/share/msgs_control/hook/ld_library_path_lib.ps1'
[1.126s] INFO:colcon.colcon_core.shell:Creating environment descriptor '/home/upm/Escritorio/ros/install/msgs_control/share/msgs_control/hook/ld_library_path_lib.dsv'
[1.127s] INFO:colcon.colcon_core.shell:Creating environment hook '/home/upm/Escritorio/ros/install/msgs_control/share/msgs_control/hook/ld_library_path_lib.sh'
[1.127s] Level 1:colcon.colcon_core.environment:checking '/home/upm/Escritorio/ros/install/msgs_control/bin'
[1.127s] Level 1:colcon.colcon_core.environment:checking '/home/upm/Escritorio/ros/install/msgs_control/lib/pkgconfig/msgs_control.pc'
[1.127s] Level 1:colcon.colcon_core.environment:checking '/home/upm/Escritorio/ros/install/msgs_control/lib/python3.10/site-packages'
[1.127s] Level 1:colcon.colcon_core.environment:checking '/home/upm/Escritorio/ros/install/msgs_control/bin'
[1.128s] INFO:colcon.colcon_core.shell:Creating package script '/home/upm/Escritorio/ros/install/msgs_control/share/msgs_control/package.ps1'
[1.128s] INFO:colcon.colcon_core.shell:Creating package descriptor '/home/upm/Escritorio/ros/install/msgs_control/share/msgs_control/package.dsv'
[1.129s] INFO:colcon.colcon_core.shell:Creating package script '/home/upm/Escritorio/ros/install/msgs_control/share/msgs_control/package.sh'
[1.130s] INFO:colcon.colcon_core.shell:Creating package script '/home/upm/Escritorio/ros/install/msgs_control/share/msgs_control/package.bash'
[1.130s] INFO:colcon.colcon_core.shell:Creating package script '/home/upm/Escritorio/ros/install/msgs_control/share/msgs_control/package.zsh'
[1.131s] Level 1:colcon.colcon_core.environment:create_file_with_runtime_dependencies(/home/upm/Escritorio/ros/install/msgs_control/share/colcon-core/packages/msgs_control)
[1.186s] Level 1:colcon.colcon_core.environment:create_environment_scripts_only(msgs_control)
[1.186s] Level 1:colcon.colcon_core.environment:checking '/home/upm/Escritorio/ros/install/msgs_control' for CMake module files
[1.187s] Level 1:colcon.colcon_core.environment:checking '/home/upm/Escritorio/ros/install/msgs_control' for CMake config files
[1.187s] Level 1:colcon.colcon_core.shell:create_environment_hook('msgs_control', 'cmake_prefix_path')
[1.188s] INFO:colcon.colcon_core.shell:Creating environment hook '/home/upm/Escritorio/ros/install/msgs_control/share/msgs_control/hook/cmake_prefix_path.ps1'
[1.188s] INFO:colcon.colcon_core.shell:Creating environment descriptor '/home/upm/Escritorio/ros/install/msgs_control/share/msgs_control/hook/cmake_prefix_path.dsv'
[1.188s] INFO:colcon.colcon_core.shell:Creating environment hook '/home/upm/Escritorio/ros/install/msgs_control/share/msgs_control/hook/cmake_prefix_path.sh'
[1.189s] Level 1:colcon.colcon_core.environment:checking '/home/upm/Escritorio/ros/install/msgs_control/lib'
[1.189s] Level 1:colcon.colcon_core.shell:create_environment_hook('msgs_control', 'ld_library_path_lib')
[1.189s] INFO:colcon.colcon_core.shell:Creating environment hook '/home/upm/Escritorio/ros/install/msgs_control/share/msgs_control/hook/ld_library_path_lib.ps1'
[1.190s] INFO:colcon.colcon_core.shell:Creating environment descriptor '/home/upm/Escritorio/ros/install/msgs_control/share/msgs_control/hook/ld_library_path_lib.dsv'
[1.190s] INFO:colcon.colcon_core.shell:Creating environment hook '/home/upm/Escritorio/ros/install/msgs_control/share/msgs_control/hook/ld_library_path_lib.sh'
[1.190s] Level 1:colcon.colcon_core.environment:checking '/home/upm/Escritorio/ros/install/msgs_control/bin'
[1.190s] Level 1:colcon.colcon_core.environment:checking '/home/upm/Escritorio/ros/install/msgs_control/lib/pkgconfig/msgs_control.pc'
[1.191s] Level 1:colcon.colcon_core.environment:checking '/home/upm/Escritorio/ros/install/msgs_control/lib/python3.10/site-packages'
[1.191s] Level 1:colcon.colcon_core.environment:checking '/home/upm/Escritorio/ros/install/msgs_control/bin'
[1.191s] INFO:colcon.colcon_core.shell:Creating package script '/home/upm/Escritorio/ros/install/msgs_control/share/msgs_control/package.ps1'
[1.192s] INFO:colcon.colcon_core.shell:Creating package descriptor '/home/upm/Escritorio/ros/install/msgs_control/share/msgs_control/package.dsv'
[1.192s] INFO:colcon.colcon_core.shell:Creating package script '/home/upm/Escritorio/ros/install/msgs_control/share/msgs_control/package.sh'
[1.192s] INFO:colcon.colcon_core.shell:Creating package script '/home/upm/Escritorio/ros/install/msgs_control/share/msgs_control/package.bash'
[1.193s] INFO:colcon.colcon_core.shell:Creating package script '/home/upm/Escritorio/ros/install/msgs_control/share/msgs_control/package.zsh'
[1.193s] Level 1:colcon.colcon_core.environment:create_file_with_runtime_dependencies(/home/upm/Escritorio/ros/install/msgs_control/share/colcon-core/packages/msgs_control)
[1.407s] DEBUG:colcon.colcon_core.event_handler.log_command:Invoking command in '/home/upm/Escritorio/ros/src/pid_genetic_tuner': PYTHONPATH=/home/upm/Escritorio/ros/build/pid_genetic_tuner/prefix_override:/usr/lib/python3/dist-packages/colcon_core/task/python/colcon_distutils_commands:/home/upm/Escritorio/ros/install/pid_genetic_tuner/lib/python3.10/site-packages:${PYTHONPATH} /usr/bin/python3 -W ignore:setup.py install is deprecated setup.py egg_info --egg-base ../../build/pid_genetic_tuner build --build-base /home/upm/Escritorio/ros/build/pid_genetic_tuner/build install --record /home/upm/Escritorio/ros/build/pid_genetic_tuner/install.log --single-version-externally-managed install_data
[1.407s] DEBUG:colcon.colcon_core.event_handler.log_command:Invoking command in '/home/upm/Escritorio/ros/src/sim_pkg/sim_pkg': PYTHONPATH=/home/upm/Escritorio/ros/build/sim_pkg/prefix_override:/usr/lib/python3/dist-packages/colcon_core/task/python/colcon_distutils_commands:/home/upm/Escritorio/ros/install/sim_pkg/lib/python3.10/site-packages:${PYTHONPATH} /usr/bin/python3 -W ignore:setup.py install is deprecated setup.py egg_info --egg-base ../../../build/sim_pkg build --build-base /home/upm/Escritorio/ros/build/sim_pkg/build install --record /home/upm/Escritorio/ros/build/sim_pkg/install.log --single-version-externally-managed install_data
[1.692s] Level 1:colcon.colcon_core.environment:checking '/home/upm/Escritorio/ros/install/pid_genetic_tuner' for CMake module files
[1.692s] DEBUG:colcon.colcon_core.event_handler.log_command:Invoked command in '/home/upm/Escritorio/ros/src/pid_genetic_tuner' returned '0': PYTHONPATH=/home/upm/Escritorio/ros/build/pid_genetic_tuner/prefix_override:/usr/lib/python3/dist-packages/colcon_core/task/python/colcon_distutils_commands:/home/upm/Escritorio/ros/install/pid_genetic_tuner/lib/python3.10/site-packages:${PYTHONPATH} /usr/bin/python3 -W ignore:setup.py install is deprecated setup.py egg_info --egg-base ../../build/pid_genetic_tuner build --build-base /home/upm/Escritorio/ros/build/pid_genetic_tuner/build install --record /home/upm/Escritorio/ros/build/pid_genetic_tuner/install.log --single-version-externally-managed install_data
[1.692s] Level 1:colcon.colcon_core.environment:checking '/home/upm/Escritorio/ros/install/pid_genetic_tuner' for CMake config files
[1.693s] Level 1:colcon.colcon_core.environment:checking '/home/upm/Escritorio/ros/install/pid_genetic_tuner/lib'
[1.693s] Level 1:colcon.colcon_core.environment:checking '/home/upm/Escritorio/ros/install/pid_genetic_tuner/bin'
[1.693s] Level 1:colcon.colcon_core.environment:checking '/home/upm/Escritorio/ros/install/pid_genetic_tuner/lib/pkgconfig/pid_genetic_tuner.pc'
[1.694s] Level 1:colcon.colcon_core.environment:checking '/home/upm/Escritorio/ros/install/pid_genetic_tuner/lib/python3.10/site-packages'
[1.694s] Level 1:colcon.colcon_core.shell:create_environment_hook('pid_genetic_tuner', 'pythonpath')
[1.694s] INFO:colcon.colcon_core.shell:Creating environment hook '/home/upm/Escritorio/ros/install/pid_genetic_tuner/share/pid_genetic_tuner/hook/pythonpath.ps1'
[1.694s] INFO:colcon.colcon_core.shell:Creating environment descriptor '/home/upm/Escritorio/ros/install/pid_genetic_tuner/share/pid_genetic_tuner/hook/pythonpath.dsv'
[1.695s] INFO:colcon.colcon_core.shell:Creating environment hook '/home/upm/Escritorio/ros/install/pid_genetic_tuner/share/pid_genetic_tuner/hook/pythonpath.sh'
[1.696s] Level 1:colcon.colcon_core.environment:checking '/home/upm/Escritorio/ros/install/pid_genetic_tuner/bin'
[1.696s] Level 1:colcon.colcon_core.environment:create_environment_scripts_only(pid_genetic_tuner)
[1.696s] INFO:colcon.colcon_core.shell:Creating package script '/home/upm/Escritorio/ros/install/pid_genetic_tuner/share/pid_genetic_tuner/package.ps1'
[1.697s] INFO:colcon.colcon_core.shell:Creating package descriptor '/home/upm/Escritorio/ros/install/pid_genetic_tuner/share/pid_genetic_tuner/package.dsv'
[1.697s] INFO:colcon.colcon_core.shell:Creating package script '/home/upm/Escritorio/ros/install/pid_genetic_tuner/share/pid_genetic_tuner/package.sh'
[1.697s] INFO:colcon.colcon_core.shell:Creating package script '/home/upm/Escritorio/ros/install/pid_genetic_tuner/share/pid_genetic_tuner/package.bash'
[1.698s] INFO:colcon.colcon_core.shell:Creating package script '/home/upm/Escritorio/ros/install/pid_genetic_tuner/share/pid_genetic_tuner/package.zsh'
[1.698s] Level 1:colcon.colcon_core.environment:create_file_with_runtime_dependencies(/home/upm/Escritorio/ros/install/pid_genetic_tuner/share/colcon-core/packages/pid_genetic_tuner)
[1.700s] Level 1:colcon.colcon_core.environment:checking '/home/upm/Escritorio/ros/install/sim_pkg' for CMake module files
[1.700s] DEBUG:colcon.colcon_core.event_handler.log_command:Invoked command in '/home/upm/Escritorio/ros/src/sim_pkg/sim_pkg' returned '0': PYTHONPATH=/home/upm/Escritorio/ros/build/sim_pkg/prefix_override:/usr/lib/python3/dist-packages/colcon_core/task/python/colcon_distutils_commands:/home/upm/Escritorio/ros/install/sim_pkg/lib/python3.10/site-packages:${PYTHONPATH} /usr/bin/python3 -W ignore:setup.py install is deprecated setup.py egg_info --egg-base ../../../build/sim_pkg build --build-base /home/upm/Escritorio/ros/build/sim_pkg/build install --record /home/upm/Escritorio/ros/build/sim_pkg/install.log --single-version-externally-managed install_data
[1.701s] Level 1:colcon.colcon_core.environment:checking '/home/upm/Escritorio/ros/install/sim_pkg' for CMake config files
[1.701s] Level 1:colcon.colcon_core.environment:checking '/home/upm/Escritorio/ros/install/sim_pkg/lib'
[1.701s] Level 1:colcon.colcon_core.environment:checking '/home/upm/Escritorio/ros/install/sim_pkg/bin'
[1.701s] Level 1:colcon.colcon_core.environment:checking '/home/upm/Escritorio/ros/install/sim_pkg/lib/pkgconfig/sim_pkg.pc'
[1.702s] Level 1:colcon.colcon_core.environment:checking '/home/upm/Escritorio/ros/install/sim_pkg/lib/python3.10/site-packages'
[1.702s] Level 1:colcon.colcon_core.shell:create_environment_hook('sim_pkg', 'pythonpath')
[1.702s] INFO:colcon.colcon_core.shell:Creating environment hook '/home/upm/Escritorio/ros/install/sim_pkg/share/sim_pkg/hook/pythonpath.ps1'
[1.702s] INFO:colcon.colcon_core.shell:Creating environment descriptor '/home/upm/Escritorio/ros/install/sim_pkg/share/sim_pkg/hook/pythonpath.dsv'
[1.702s] INFO:colcon.colcon_core.shell:Creating environment hook '/home/upm/Escritorio/ros/install/sim_pkg/share/sim_pkg/hook/pythonpath.sh'
[1.703s] Level 1:colcon.colcon_core.environment:checking '/home/upm/Escritorio/ros/install/sim_pkg/bin'
[1.703s] Level 1:colcon.colcon_core.environment:create_environment_scripts_only(sim_pkg)
[1.703s] INFO:colcon.colcon_core.shell:Creating package script '/home/upm/Escritorio/ros/install/sim_pkg/share/sim_pkg/package.ps1'
[1.704s] INFO:colcon.colcon_core.shell:Creating package descriptor '/home/upm/Escritorio/ros/install/sim_pkg/share/sim_pkg/package.dsv'
[1.704s] INFO:colcon.colcon_core.shell:Creating package script '/home/upm/Escritorio/ros/install/sim_pkg/share/sim_pkg/package.sh'
[1.704s] INFO:colcon.colcon_core.shell:Creating package script '/home/upm/Escritorio/ros/install/sim_pkg/share/sim_pkg/package.bash'
[1.705s] INFO:colcon.colcon_core.shell:Creating package script '/home/upm/Escritorio/ros/install/sim_pkg/share/sim_pkg/package.zsh'
[1.705s] Level 1:colcon.colcon_core.environment:create_file_with_runtime_dependencies(/home/upm/Escritorio/ros/install/sim_pkg/share/colcon-core/packages/sim_pkg)
[1.705s] DEBUG:colcon.colcon_parallel_executor.executor.parallel:closing loop
[1.706s] DEBUG:colcon.colcon_parallel_executor.executor.parallel:loop closed
[1.706s] DEBUG:colcon.colcon_parallel_executor.executor.parallel:run_until_complete finished with '0'
[1.706s] DEBUG:colcon.colcon_core.event_reactor:joining thread
[1.712s] INFO:colcon.colcon_core.plugin_system:Skipping extension 'colcon_notification.desktop_notification.terminal_notifier': Not used on non-Darwin systems
[1.712s] INFO:colcon.colcon_core.plugin_system:Skipping extension 'colcon_notification.desktop_notification.win32': Not used on non-Windows systems
[1.712s] INFO:colcon.colcon_notification.desktop_notification:Sending desktop notification using 'notify2'
[1.742s] DEBUG:colcon.colcon_core.event_reactor:joined thread
[1.742s] INFO:colcon.colcon_core.shell:Creating prefix script '/home/upm/Escritorio/ros/install/local_setup.ps1'
[1.744s] INFO:colcon.colcon_core.shell:Creating prefix util module '/home/upm/Escritorio/ros/install/_local_setup_util_ps1.py'
[1.745s] INFO:colcon.colcon_core.shell:Creating prefix chain script '/home/upm/Escritorio/ros/install/setup.ps1'
[1.746s] INFO:colcon.colcon_core.shell:Creating prefix script '/home/upm/Escritorio/ros/install/local_setup.sh'
[1.747s] INFO:colcon.colcon_core.shell:Creating prefix util module '/home/upm/Escritorio/ros/install/_local_setup_util_sh.py'
[1.747s] INFO:colcon.colcon_core.shell:Creating prefix chain script '/home/upm/Escritorio/ros/install/setup.sh'
[1.749s] INFO:colcon.colcon_core.shell:Creating prefix script '/home/upm/Escritorio/ros/install/local_setup.bash'
[1.749s] INFO:colcon.colcon_core.shell:Creating prefix chain script '/home/upm/Escritorio/ros/install/setup.bash'
[1.750s] INFO:colcon.colcon_core.shell:Creating prefix script '/home/upm/Escritorio/ros/install/local_setup.zsh'
[1.751s] INFO:colcon.colcon_core.shell:Creating prefix chain script '/home/upm/Escritorio/ros/install/setup.zsh'
