[0.118s] DEBUG:colcon:Command line arguments: ['/usr/bin/colcon', 'build']
[0.118s] DEBUG:colcon:Parsed command line arguments: Namespace(log_base=None, log_level=None, verb_name='build', build_base='build', install_base='install', merge_install=False, symlink_install=False, test_result_base=None, continue_on_error=False, executor='parallel', parallel_workers=6, event_handlers=None, ignore_user_meta=False, metas=['./colcon.meta'], base_paths=['.'], packages_ignore=None, packages_ignore_regex=None, paths=None, packages_up_to=None, packages_up_to_regex=None, packages_above=None, packages_above_and_dependencies=None, packages_above_depth=None, packages_select_by_dep=None, packages_skip_by_dep=None, packages_skip_up_to=None, packages_select_build_failed=False, packages_skip_build_finished=False, packages_select_test_failures=False, packages_skip_test_passed=False, packages_select=None, packages_skip=None, packages_select_regex=None, packages_skip_regex=None, packages_start=None, packages_end=None, allow_overriding=[], cmake_args=None, cmake_target=None, cmake_target_skip_unavailable=False, cmake_clean_cache=False, cmake_clean_first=False, cmake_force_configure=False, ament_cmake_args=None, catkin_cmake_args=None, catkin_skip_building_tests=False, mixin_files=None, mixin=None, verb_parser=<colcon_mixin.mixin.mixin_argument.MixinArgumentDecorator object at 0x70a096945db0>, verb_extension=<colcon_core.verb.build.BuildVerb object at 0x70a096ab3700>, main=<bound method BuildVerb.main of <colcon_core.verb.build.BuildVerb object at 0x70a096ab3700>>, mixin_verb=('build',))
[0.306s] Level 1:colcon.colcon_core.package_discovery:discover_packages(colcon_meta) check parameters
[0.307s] WARNING:colcon.colcon_metadata.package_discovery.colcon_meta:Skipping metadata file '/home/upm/Escritorio/ros/colcon.meta' since it failed to parse: module 'collections' has no attribute 'Hashable'
[0.307s] Level 1:colcon.colcon_core.package_discovery:discover_packages(recursive) check parameters
[0.307s] Level 1:colcon.colcon_core.package_discovery:discover_packages(ignore) check parameters
[0.307s] Level 1:colcon.colcon_core.package_discovery:discover_packages(path) check parameters
[0.307s] Level 1:colcon.colcon_core.package_discovery:discover_packages(colcon_meta) discover
[0.307s] Level 1:colcon.colcon_core.package_discovery:discover_packages(recursive) discover
[0.307s] INFO:colcon.colcon_core.package_discovery:Crawling recursively for packages in '/home/upm/Escritorio/ros'
[0.307s] Level 1:colcon.colcon_core.package_identification:_identify(.) by extensions ['ignore', 'ignore_ament_install']
[0.308s] Level 1:colcon.colcon_core.package_identification:_identify(.) by extension 'ignore'
[0.308s] Level 1:colcon.colcon_core.package_identification:_identify(.) by extension 'ignore_ament_install'
[0.308s] Level 1:colcon.colcon_core.package_identification:_identify(.) by extensions ['colcon_pkg']
[0.308s] Level 1:colcon.colcon_core.package_identification:_identify(.) by extension 'colcon_pkg'
[0.308s] Level 1:colcon.colcon_core.package_identification:_identify(.) by extensions ['colcon_meta']
[0.308s] Level 1:colcon.colcon_core.package_identification:_identify(.) by extension 'colcon_meta'
[0.308s] Level 1:colcon.colcon_core.package_identification:_identify(.) by extensions ['ros']
[0.308s] Level 1:colcon.colcon_core.package_identification:_identify(.) by extension 'ros'
[0.332s] Level 1:colcon.colcon_core.package_identification:_identify(.) by extensions ['cmake', 'python']
[0.333s] Level 1:colcon.colcon_core.package_identification:_identify(.) by extension 'cmake'
[0.333s] Level 1:colcon.colcon_core.package_identification:_identify(.) by extension 'python'
[0.333s] Level 1:colcon.colcon_core.package_identification:_identify(.) by extensions ['python_setup_py']
[0.333s] Level 1:colcon.colcon_core.package_identification:_identify(.) by extension 'python_setup_py'
[0.333s] Level 1:colcon.colcon_core.package_identification:_identify(build) by extensions ['ignore', 'ignore_ament_install']
[0.333s] Level 1:colcon.colcon_core.package_identification:_identify(build) by extension 'ignore'
[0.333s] Level 1:colcon.colcon_core.package_identification:_identify(build) ignored
[0.333s] Level 1:colcon.colcon_core.package_identification:_identify(install) by extensions ['ignore', 'ignore_ament_install']
[0.333s] Level 1:colcon.colcon_core.package_identification:_identify(install) by extension 'ignore'
[0.333s] Level 1:colcon.colcon_core.package_identification:_identify(install) ignored
[0.333s] Level 1:colcon.colcon_core.package_identification:_identify(log) by extensions ['ignore', 'ignore_ament_install']
[0.333s] Level 1:colcon.colcon_core.package_identification:_identify(log) by extension 'ignore'
[0.333s] Level 1:colcon.colcon_core.package_identification:_identify(log) ignored
[0.334s] Level 1:colcon.colcon_core.package_identification:_identify(src) by extensions ['ignore', 'ignore_ament_install']
[0.334s] Level 1:colcon.colcon_core.package_identification:_identify(src) by extension 'ignore'
[0.334s] Level 1:colcon.colcon_core.package_identification:_identify(src) by extension 'ignore_ament_install'
[0.334s] Level 1:colcon.colcon_core.package_identification:_identify(src) by extensions ['colcon_pkg']
[0.334s] Level 1:colcon.colcon_core.package_identification:_identify(src) by extension 'colcon_pkg'
[0.334s] Level 1:colcon.colcon_core.package_identification:_identify(src) by extensions ['colcon_meta']
[0.334s] Level 1:colcon.colcon_core.package_identification:_identify(src) by extension 'colcon_meta'
[0.334s] Level 1:colcon.colcon_core.package_identification:_identify(src) by extensions ['ros']
[0.334s] Level 1:colcon.colcon_core.package_identification:_identify(src) by extension 'ros'
[0.334s] Level 1:colcon.colcon_core.package_identification:_identify(src) by extensions ['cmake', 'python']
[0.334s] Level 1:colcon.colcon_core.package_identification:_identify(src) by extension 'cmake'
[0.334s] Level 1:colcon.colcon_core.package_identification:_identify(src) by extension 'python'
[0.334s] Level 1:colcon.colcon_core.package_identification:_identify(src) by extensions ['python_setup_py']
[0.334s] Level 1:colcon.colcon_core.package_identification:_identify(src) by extension 'python_setup_py'
[0.334s] Level 1:colcon.colcon_core.package_identification:_identify(src/msgs_control) by extensions ['ignore', 'ignore_ament_install']
[0.334s] Level 1:colcon.colcon_core.package_identification:_identify(src/msgs_control) by extension 'ignore'
[0.334s] Level 1:colcon.colcon_core.package_identification:_identify(src/msgs_control) by extension 'ignore_ament_install'
[0.334s] Level 1:colcon.colcon_core.package_identification:_identify(src/msgs_control) by extensions ['colcon_pkg']
[0.334s] Level 1:colcon.colcon_core.package_identification:_identify(src/msgs_control) by extension 'colcon_pkg'
[0.334s] Level 1:colcon.colcon_core.package_identification:_identify(src/msgs_control) by extensions ['colcon_meta']
[0.335s] Level 1:colcon.colcon_core.package_identification:_identify(src/msgs_control) by extension 'colcon_meta'
[0.335s] Level 1:colcon.colcon_core.package_identification:_identify(src/msgs_control) by extensions ['ros']
[0.335s] Level 1:colcon.colcon_core.package_identification:_identify(src/msgs_control) by extension 'ros'
[0.337s] DEBUG:colcon.colcon_core.package_identification:Package 'src/msgs_control' with type 'ros.ament_cmake' and name 'msgs_control'
[0.337s] Level 1:colcon.colcon_core.package_identification:_identify(src/pid_genetic_tuner) by extensions ['ignore', 'ignore_ament_install']
[0.337s] Level 1:colcon.colcon_core.package_identification:_identify(src/pid_genetic_tuner) by extension 'ignore'
[0.338s] Level 1:colcon.colcon_core.package_identification:_identify(src/pid_genetic_tuner) by extension 'ignore_ament_install'
[0.338s] Level 1:colcon.colcon_core.package_identification:_identify(src/pid_genetic_tuner) by extensions ['colcon_pkg']
[0.338s] Level 1:colcon.colcon_core.package_identification:_identify(src/pid_genetic_tuner) by extension 'colcon_pkg'
[0.338s] Level 1:colcon.colcon_core.package_identification:_identify(src/pid_genetic_tuner) by extensions ['colcon_meta']
[0.338s] Level 1:colcon.colcon_core.package_identification:_identify(src/pid_genetic_tuner) by extension 'colcon_meta'
[0.338s] Level 1:colcon.colcon_core.package_identification:_identify(src/pid_genetic_tuner) by extensions ['ros']
[0.338s] Level 1:colcon.colcon_core.package_identification:_identify(src/pid_genetic_tuner) by extension 'ros'
[0.338s] DEBUG:colcon.colcon_core.package_identification:Package 'src/pid_genetic_tuner' with type 'ros.ament_python' and name 'pid_genetic_tuner'
[0.338s] Level 1:colcon.colcon_core.package_identification:_identify(src/sim_pkg) by extensions ['ignore', 'ignore_ament_install']
[0.339s] Level 1:colcon.colcon_core.package_identification:_identify(src/sim_pkg) by extension 'ignore'
[0.339s] Level 1:colcon.colcon_core.package_identification:_identify(src/sim_pkg) by extension 'ignore_ament_install'
[0.339s] Level 1:colcon.colcon_core.package_identification:_identify(src/sim_pkg) by extensions ['colcon_pkg']
[0.339s] Level 1:colcon.colcon_core.package_identification:_identify(src/sim_pkg) by extension 'colcon_pkg'
[0.339s] Level 1:colcon.colcon_core.package_identification:_identify(src/sim_pkg) by extensions ['colcon_meta']
[0.339s] Level 1:colcon.colcon_core.package_identification:_identify(src/sim_pkg) by extension 'colcon_meta'
[0.339s] Level 1:colcon.colcon_core.package_identification:_identify(src/sim_pkg) by extensions ['ros']
[0.339s] Level 1:colcon.colcon_core.package_identification:_identify(src/sim_pkg) by extension 'ros'
[0.339s] Level 1:colcon.colcon_core.package_identification:_identify(src/sim_pkg) by extensions ['cmake', 'python']
[0.339s] Level 1:colcon.colcon_core.package_identification:_identify(src/sim_pkg) by extension 'cmake'
[0.339s] Level 1:colcon.colcon_core.package_identification:_identify(src/sim_pkg) by extension 'python'
[0.339s] Level 1:colcon.colcon_core.package_identification:_identify(src/sim_pkg) by extensions ['python_setup_py']
[0.339s] Level 1:colcon.colcon_core.package_identification:_identify(src/sim_pkg) by extension 'python_setup_py'
[0.339s] Level 1:colcon.colcon_core.package_identification:_identify(src/sim_pkg/sim_pkg) by extensions ['ignore', 'ignore_ament_install']
[0.339s] Level 1:colcon.colcon_core.package_identification:_identify(src/sim_pkg/sim_pkg) by extension 'ignore'
[0.339s] Level 1:colcon.colcon_core.package_identification:_identify(src/sim_pkg/sim_pkg) by extension 'ignore_ament_install'
[0.339s] Level 1:colcon.colcon_core.package_identification:_identify(src/sim_pkg/sim_pkg) by extensions ['colcon_pkg']
[0.339s] Level 1:colcon.colcon_core.package_identification:_identify(src/sim_pkg/sim_pkg) by extension 'colcon_pkg'
[0.339s] Level 1:colcon.colcon_core.package_identification:_identify(src/sim_pkg/sim_pkg) by extensions ['colcon_meta']
[0.339s] Level 1:colcon.colcon_core.package_identification:_identify(src/sim_pkg/sim_pkg) by extension 'colcon_meta'
[0.339s] Level 1:colcon.colcon_core.package_identification:_identify(src/sim_pkg/sim_pkg) by extensions ['ros']
[0.339s] Level 1:colcon.colcon_core.package_identification:_identify(src/sim_pkg/sim_pkg) by extension 'ros'
[0.340s] DEBUG:colcon.colcon_core.package_identification:Package 'src/sim_pkg/sim_pkg' with type 'ros.ament_python' and name 'sim_pkg'
[0.340s] Level 1:colcon.colcon_core.package_discovery:discover_packages(recursive) using defaults
[0.340s] Level 1:colcon.colcon_core.package_discovery:discover_packages(ignore) discover
[0.340s] Level 1:colcon.colcon_core.package_discovery:discover_packages(ignore) using defaults
[0.340s] Level 1:colcon.colcon_core.package_discovery:discover_packages(path) discover
[0.340s] Level 1:colcon.colcon_core.package_discovery:discover_packages(path) using defaults
[0.364s] Level 1:colcon.colcon_core.package_discovery:discover_packages(prefix_path) check parameters
[0.364s] Level 1:colcon.colcon_core.package_discovery:discover_packages(prefix_path) discover
[0.366s] DEBUG:colcon.colcon_installed_package_information.package_discovery:Found 3 installed packages in /home/upm/Escritorio/ros/install
[0.366s] DEBUG:colcon.colcon_installed_package_information.package_discovery:Found 0 installed packages in /home/upm/ros2_ws/install
[0.368s] DEBUG:colcon.colcon_installed_package_information.package_discovery:Found 302 installed packages in /opt/ros/humble
[0.370s] Level 1:colcon.colcon_core.package_discovery:discover_packages(prefix_path) using defaults
[0.411s] Level 5:colcon.colcon_core.verb:set package 'msgs_control' build argument 'cmake_args' from command line to 'None'
[0.411s] Level 5:colcon.colcon_core.verb:set package 'msgs_control' build argument 'cmake_target' from command line to 'None'
[0.411s] Level 5:colcon.colcon_core.verb:set package 'msgs_control' build argument 'cmake_target_skip_unavailable' from command line to 'False'
[0.411s] Level 5:colcon.colcon_core.verb:set package 'msgs_control' build argument 'cmake_clean_cache' from command line to 'False'
[0.411s] Level 5:colcon.colcon_core.verb:set package 'msgs_control' build argument 'cmake_clean_first' from command line to 'False'
[0.411s] Level 5:colcon.colcon_core.verb:set package 'msgs_control' build argument 'cmake_force_configure' from command line to 'False'
[0.412s] Level 5:colcon.colcon_core.verb:set package 'msgs_control' build argument 'ament_cmake_args' from command line to 'None'
[0.412s] Level 5:colcon.colcon_core.verb:set package 'msgs_control' build argument 'catkin_cmake_args' from command line to 'None'
[0.412s] Level 5:colcon.colcon_core.verb:set package 'msgs_control' build argument 'catkin_skip_building_tests' from command line to 'False'
[0.412s] DEBUG:colcon.colcon_core.verb:Building package 'msgs_control' with the following arguments: {'ament_cmake_args': None, 'build_base': '/home/upm/Escritorio/ros/build/msgs_control', 'catkin_cmake_args': None, 'catkin_skip_building_tests': False, 'cmake_args': None, 'cmake_clean_cache': False, 'cmake_clean_first': False, 'cmake_force_configure': False, 'cmake_target': None, 'cmake_target_skip_unavailable': False, 'install_base': '/home/upm/Escritorio/ros/install/msgs_control', 'merge_install': False, 'path': '/home/upm/Escritorio/ros/src/msgs_control', 'symlink_install': False, 'test_result_base': None}
[0.412s] Level 5:colcon.colcon_core.verb:set package 'pid_genetic_tuner' build argument 'cmake_args' from command line to 'None'
[0.412s] Level 5:colcon.colcon_core.verb:set package 'pid_genetic_tuner' build argument 'cmake_target' from command line to 'None'
[0.412s] Level 5:colcon.colcon_core.verb:set package 'pid_genetic_tuner' build argument 'cmake_target_skip_unavailable' from command line to 'False'
[0.412s] Level 5:colcon.colcon_core.verb:set package 'pid_genetic_tuner' build argument 'cmake_clean_cache' from command line to 'False'
[0.412s] Level 5:colcon.colcon_core.verb:set package 'pid_genetic_tuner' build argument 'cmake_clean_first' from command line to 'False'
[0.412s] Level 5:colcon.colcon_core.verb:set package 'pid_genetic_tuner' build argument 'cmake_force_configure' from command line to 'False'
[0.412s] Level 5:colcon.colcon_core.verb:set package 'pid_genetic_tuner' build argument 'ament_cmake_args' from command line to 'None'
[0.412s] Level 5:colcon.colcon_core.verb:set package 'pid_genetic_tuner' build argument 'catkin_cmake_args' from command line to 'None'
[0.412s] Level 5:colcon.colcon_core.verb:set package 'pid_genetic_tuner' build argument 'catkin_skip_building_tests' from command line to 'False'
[0.412s] DEBUG:colcon.colcon_core.verb:Building package 'pid_genetic_tuner' with the following arguments: {'ament_cmake_args': None, 'build_base': '/home/upm/Escritorio/ros/build/pid_genetic_tuner', 'catkin_cmake_args': None, 'catkin_skip_building_tests': False, 'cmake_args': None, 'cmake_clean_cache': False, 'cmake_clean_first': False, 'cmake_force_configure': False, 'cmake_target': None, 'cmake_target_skip_unavailable': False, 'install_base': '/home/upm/Escritorio/ros/install/pid_genetic_tuner', 'merge_install': False, 'path': '/home/upm/Escritorio/ros/src/pid_genetic_tuner', 'symlink_install': False, 'test_result_base': None}
[0.413s] Level 5:colcon.colcon_core.verb:set package 'sim_pkg' build argument 'cmake_args' from command line to 'None'
[0.413s] Level 5:colcon.colcon_core.verb:set package 'sim_pkg' build argument 'cmake_target' from command line to 'None'
[0.413s] Level 5:colcon.colcon_core.verb:set package 'sim_pkg' build argument 'cmake_target_skip_unavailable' from command line to 'False'
[0.413s] Level 5:colcon.colcon_core.verb:set package 'sim_pkg' build argument 'cmake_clean_cache' from command line to 'False'
[0.413s] Level 5:colcon.colcon_core.verb:set package 'sim_pkg' build argument 'cmake_clean_first' from command line to 'False'
[0.413s] Level 5:colcon.colcon_core.verb:set package 'sim_pkg' build argument 'cmake_force_configure' from command line to 'False'
[0.413s] Level 5:colcon.colcon_core.verb:set package 'sim_pkg' build argument 'ament_cmake_args' from command line to 'None'
[0.413s] Level 5:colcon.colcon_core.verb:set package 'sim_pkg' build argument 'catkin_cmake_args' from command line to 'None'
[0.413s] Level 5:colcon.colcon_core.verb:set package 'sim_pkg' build argument 'catkin_skip_building_tests' from command line to 'False'
[0.413s] DEBUG:colcon.colcon_core.verb:Building package 'sim_pkg' with the following arguments: {'ament_cmake_args': None, 'build_base': '/home/upm/Escritorio/ros/build/sim_pkg', 'catkin_cmake_args': None, 'catkin_skip_building_tests': False, 'cmake_args': None, 'cmake_clean_cache': False, 'cmake_clean_first': False, 'cmake_force_configure': False, 'cmake_target': None, 'cmake_target_skip_unavailable': False, 'install_base': '/home/upm/Escritorio/ros/install/sim_pkg', 'merge_install': False, 'path': '/home/upm/Escritorio/ros/src/sim_pkg/sim_pkg', 'symlink_install': False, 'test_result_base': None}
[0.413s] INFO:colcon.colcon_core.executor:Executing jobs using 'parallel' executor
[0.414s] DEBUG:colcon.colcon_parallel_executor.executor.parallel:run_until_complete
[0.414s] INFO:colcon.colcon_ros.task.ament_cmake.build:Building ROS package in '/home/upm/Escritorio/ros/src/msgs_control' with build type 'ament_cmake'
[0.415s] INFO:colcon.colcon_cmake.task.cmake.build:Building CMake package in '/home/upm/Escritorio/ros/src/msgs_control'
[0.417s] INFO:colcon.colcon_core.plugin_system:Skipping extension 'colcon_core.shell.bat': Not used on non-Windows systems
[0.417s] INFO:colcon.colcon_core.shell:Skip shell extension 'powershell' for command environment: Not usable outside of PowerShell
[0.417s] DEBUG:colcon.colcon_core.shell:Skip shell extension 'dsv' for command environment
[0.421s] INFO:colcon.colcon_ros.task.ament_python.build:Building ROS package in '/home/upm/Escritorio/ros/src/pid_genetic_tuner' with build type 'ament_python'
[0.421s] Level 1:colcon.colcon_core.shell:create_environment_hook('pid_genetic_tuner', 'ament_prefix_path')
[0.421s] INFO:colcon.colcon_core.shell:Creating environment hook '/home/upm/Escritorio/ros/install/pid_genetic_tuner/share/pid_genetic_tuner/hook/ament_prefix_path.ps1'
[0.422s] INFO:colcon.colcon_core.shell:Creating environment descriptor '/home/upm/Escritorio/ros/install/pid_genetic_tuner/share/pid_genetic_tuner/hook/ament_prefix_path.dsv'
[0.422s] INFO:colcon.colcon_core.shell:Creating environment hook '/home/upm/Escritorio/ros/install/pid_genetic_tuner/share/pid_genetic_tuner/hook/ament_prefix_path.sh'
[0.423s] INFO:colcon.colcon_core.shell:Skip shell extension 'powershell' for command environment: Not usable outside of PowerShell
[0.423s] DEBUG:colcon.colcon_core.shell:Skip shell extension 'dsv' for command environment
[0.426s] INFO:colcon.colcon_ros.task.ament_python.build:Building ROS package in '/home/upm/Escritorio/ros/src/sim_pkg/sim_pkg' with build type 'ament_python'
[0.427s] Level 1:colcon.colcon_core.shell:create_environment_hook('sim_pkg', 'ament_prefix_path')
[0.427s] INFO:colcon.colcon_core.shell:Creating environment hook '/home/upm/Escritorio/ros/install/sim_pkg/share/sim_pkg/hook/ament_prefix_path.ps1'
[0.427s] INFO:colcon.colcon_core.shell:Creating environment descriptor '/home/upm/Escritorio/ros/install/sim_pkg/share/sim_pkg/hook/ament_prefix_path.dsv'
[0.428s] INFO:colcon.colcon_core.shell:Creating environment hook '/home/upm/Escritorio/ros/install/sim_pkg/share/sim_pkg/hook/ament_prefix_path.sh'
[0.429s] INFO:colcon.colcon_core.shell:Skip shell extension 'powershell' for command environment: Not usable outside of PowerShell
[0.429s] DEBUG:colcon.colcon_core.shell:Skip shell extension 'dsv' for command environment
[0.436s] DEBUG:colcon.colcon_core.event_handler.log_command:Invoking command in '/home/upm/Escritorio/ros/build/msgs_control': CMAKE_PREFIX_PATH=${CMAKE_PREFIX_PATH}:/home/upm/Escritorio/ros/install/sim_pkg:/home/upm/Escritorio/ros/install/pid_genetic_tuner:/opt/ros/humble /usr/bin/cmake --build /home/upm/Escritorio/ros/build/msgs_control -- -j6 -l6
[0.701s] INFO:colcon.colcon_core.task.python.build:Building Python package in '/home/upm/Escritorio/ros/src/pid_genetic_tuner'
[0.702s] INFO:colcon.colcon_core.shell:Skip shell extension 'powershell' for command environment: Not usable outside of PowerShell
[0.702s] DEBUG:colcon.colcon_core.shell:Skip shell extension 'dsv' for command environment
[0.962s] INFO:colcon.colcon_core.task.python.build:Building Python package in '/home/upm/Escritorio/ros/src/sim_pkg/sim_pkg'
[0.962s] INFO:colcon.colcon_core.shell:Skip shell extension 'powershell' for command environment: Not usable outside of PowerShell
[0.962s] DEBUG:colcon.colcon_core.shell:Skip shell extension 'dsv' for command environment
[0.970s] DEBUG:colcon.colcon_core.event_handler.log_command:Invoked command in '/home/upm/Escritorio/ros/build/msgs_control' returned '0': CMAKE_PREFIX_PATH=${CMAKE_PREFIX_PATH}:/home/upm/Escritorio/ros/install/sim_pkg:/home/upm/Escritorio/ros/install/pid_genetic_tuner:/opt/ros/humble /usr/bin/cmake --build /home/upm/Escritorio/ros/build/msgs_control -- -j6 -l6
[1.038s] DEBUG:colcon.colcon_core.event_handler.log_command:Invoking command in '/home/upm/Escritorio/ros/build/msgs_control': CMAKE_PREFIX_PATH=${CMAKE_PREFIX_PATH}:/home/upm/Escritorio/ros/install/sim_pkg:/home/upm/Escritorio/ros/install/pid_genetic_tuner:/opt/ros/humble /usr/bin/cmake --install /home/upm/Escritorio/ros/build/msgs_control
[1.091s] Level 1:colcon.colcon_core.environment:create_environment_scripts_only(msgs_control)
[1.092s] DEBUG:colcon.colcon_core.event_handler.log_command:Invoked command in '/home/upm/Escritorio/ros/build/msgs_control' returned '0': CMAKE_PREFIX_PATH=${CMAKE_PREFIX_PATH}:/home/upm/Escritorio/ros/install/sim_pkg:/home/upm/Escritorio/ros/install/pid_genetic_tuner:/opt/ros/humble /usr/bin/cmake --install /home/upm/Escritorio/ros/build/msgs_control
[1.094s] Level 1:colcon.colcon_core.environment:checking '/home/upm/Escritorio/ros/install/msgs_control' for CMake module files
[1.095s] Level 1:colcon.colcon_core.environment:checking '/home/upm/Escritorio/ros/install/msgs_control' for CMake config files
[1.095s] Level 1:colcon.colcon_core.shell:create_environment_hook('msgs_control', 'cmake_prefix_path')
[1.095s] INFO:colcon.colcon_core.shell:Creating environment hook '/home/upm/Escritorio/ros/install/msgs_control/share/msgs_control/hook/cmake_prefix_path.ps1'
[1.096s] INFO:colcon.colcon_core.shell:Creating environment descriptor '/home/upm/Escritorio/ros/install/msgs_control/share/msgs_control/hook/cmake_prefix_path.dsv'
[1.096s] INFO:colcon.colcon_core.shell:Creating environment hook '/home/upm/Escritorio/ros/install/msgs_control/share/msgs_control/hook/cmake_prefix_path.sh'
[1.097s] Level 1:colcon.colcon_core.environment:checking '/home/upm/Escritorio/ros/install/msgs_control/lib'
[1.097s] Level 1:colcon.colcon_core.shell:create_environment_hook('msgs_control', 'ld_library_path_lib')
[1.097s] INFO:colcon.colcon_core.shell:Creating environment hook '/home/upm/Escritorio/ros/install/msgs_control/share/msgs_control/hook/ld_library_path_lib.ps1'
[1.098s] INFO:colcon.colcon_core.shell:Creating environment descriptor '/home/upm/Escritorio/ros/install/msgs_control/share/msgs_control/hook/ld_library_path_lib.dsv'
[1.098s] INFO:colcon.colcon_core.shell:Creating environment hook '/home/upm/Escritorio/ros/install/msgs_control/share/msgs_control/hook/ld_library_path_lib.sh'
[1.098s] Level 1:colcon.colcon_core.environment:checking '/home/upm/Escritorio/ros/install/msgs_control/bin'
[1.098s] Level 1:colcon.colcon_core.environment:checking '/home/upm/Escritorio/ros/install/msgs_control/lib/pkgconfig/msgs_control.pc'
[1.099s] Level 1:colcon.colcon_core.environment:checking '/home/upm/Escritorio/ros/install/msgs_control/lib/python3.10/site-packages'
[1.099s] Level 1:colcon.colcon_core.environment:checking '/home/upm/Escritorio/ros/install/msgs_control/bin'
[1.099s] INFO:colcon.colcon_core.shell:Creating package script '/home/upm/Escritorio/ros/install/msgs_control/share/msgs_control/package.ps1'
[1.100s] INFO:colcon.colcon_core.shell:Creating package descriptor '/home/upm/Escritorio/ros/install/msgs_control/share/msgs_control/package.dsv'
[1.100s] INFO:colcon.colcon_core.shell:Creating package script '/home/upm/Escritorio/ros/install/msgs_control/share/msgs_control/package.sh'
[1.101s] INFO:colcon.colcon_core.shell:Creating package script '/home/upm/Escritorio/ros/install/msgs_control/share/msgs_control/package.bash'
[1.102s] INFO:colcon.colcon_core.shell:Creating package script '/home/upm/Escritorio/ros/install/msgs_control/share/msgs_control/package.zsh'
[1.102s] Level 1:colcon.colcon_core.environment:create_file_with_runtime_dependencies(/home/upm/Escritorio/ros/install/msgs_control/share/colcon-core/packages/msgs_control)
[1.157s] Level 1:colcon.colcon_core.environment:create_environment_scripts_only(msgs_control)
[1.157s] Level 1:colcon.colcon_core.environment:checking '/home/upm/Escritorio/ros/install/msgs_control' for CMake module files
[1.158s] Level 1:colcon.colcon_core.environment:checking '/home/upm/Escritorio/ros/install/msgs_control' for CMake config files
[1.158s] Level 1:colcon.colcon_core.shell:create_environment_hook('msgs_control', 'cmake_prefix_path')
[1.159s] INFO:colcon.colcon_core.shell:Creating environment hook '/home/upm/Escritorio/ros/install/msgs_control/share/msgs_control/hook/cmake_prefix_path.ps1'
[1.159s] INFO:colcon.colcon_core.shell:Creating environment descriptor '/home/upm/Escritorio/ros/install/msgs_control/share/msgs_control/hook/cmake_prefix_path.dsv'
[1.160s] INFO:colcon.colcon_core.shell:Creating environment hook '/home/upm/Escritorio/ros/install/msgs_control/share/msgs_control/hook/cmake_prefix_path.sh'
[1.160s] Level 1:colcon.colcon_core.environment:checking '/home/upm/Escritorio/ros/install/msgs_control/lib'
[1.160s] Level 1:colcon.colcon_core.shell:create_environment_hook('msgs_control', 'ld_library_path_lib')
[1.161s] INFO:colcon.colcon_core.shell:Creating environment hook '/home/upm/Escritorio/ros/install/msgs_control/share/msgs_control/hook/ld_library_path_lib.ps1'
[1.161s] INFO:colcon.colcon_core.shell:Creating environment descriptor '/home/upm/Escritorio/ros/install/msgs_control/share/msgs_control/hook/ld_library_path_lib.dsv'
[1.161s] INFO:colcon.colcon_core.shell:Creating environment hook '/home/upm/Escritorio/ros/install/msgs_control/share/msgs_control/hook/ld_library_path_lib.sh'
[1.162s] Level 1:colcon.colcon_core.environment:checking '/home/upm/Escritorio/ros/install/msgs_control/bin'
[1.162s] Level 1:colcon.colcon_core.environment:checking '/home/upm/Escritorio/ros/install/msgs_control/lib/pkgconfig/msgs_control.pc'
[1.162s] Level 1:colcon.colcon_core.environment:checking '/home/upm/Escritorio/ros/install/msgs_control/lib/python3.10/site-packages'
[1.162s] Level 1:colcon.colcon_core.environment:checking '/home/upm/Escritorio/ros/install/msgs_control/bin'
[1.163s] INFO:colcon.colcon_core.shell:Creating package script '/home/upm/Escritorio/ros/install/msgs_control/share/msgs_control/package.ps1'
[1.163s] INFO:colcon.colcon_core.shell:Creating package descriptor '/home/upm/Escritorio/ros/install/msgs_control/share/msgs_control/package.dsv'
[1.164s] INFO:colcon.colcon_core.shell:Creating package script '/home/upm/Escritorio/ros/install/msgs_control/share/msgs_control/package.sh'
[1.164s] INFO:colcon.colcon_core.shell:Creating package script '/home/upm/Escritorio/ros/install/msgs_control/share/msgs_control/package.bash'
[1.165s] INFO:colcon.colcon_core.shell:Creating package script '/home/upm/Escritorio/ros/install/msgs_control/share/msgs_control/package.zsh'
[1.165s] Level 1:colcon.colcon_core.environment:create_file_with_runtime_dependencies(/home/upm/Escritorio/ros/install/msgs_control/share/colcon-core/packages/msgs_control)
[1.342s] DEBUG:colcon.colcon_core.event_handler.log_command:Invoking command in '/home/upm/Escritorio/ros/src/pid_genetic_tuner': PYTHONPATH=/home/upm/Escritorio/ros/build/pid_genetic_tuner/prefix_override:/usr/lib/python3/dist-packages/colcon_core/task/python/colcon_distutils_commands:/home/upm/Escritorio/ros/install/pid_genetic_tuner/lib/python3.10/site-packages:${PYTHONPATH} /usr/bin/python3 -W ignore:setup.py install is deprecated setup.py egg_info --egg-base ../../build/pid_genetic_tuner build --build-base /home/upm/Escritorio/ros/build/pid_genetic_tuner/build install --record /home/upm/Escritorio/ros/build/pid_genetic_tuner/install.log --single-version-externally-managed install_data
[1.346s] DEBUG:colcon.colcon_core.event_handler.log_command:Invoking command in '/home/upm/Escritorio/ros/src/sim_pkg/sim_pkg': PYTHONPATH=/home/upm/Escritorio/ros/build/sim_pkg/prefix_override:/usr/lib/python3/dist-packages/colcon_core/task/python/colcon_distutils_commands:/home/upm/Escritorio/ros/install/sim_pkg/lib/python3.10/site-packages:${PYTHONPATH} /usr/bin/python3 -W ignore:setup.py install is deprecated setup.py egg_info --egg-base ../../../build/sim_pkg build --build-base /home/upm/Escritorio/ros/build/sim_pkg/build install --record /home/upm/Escritorio/ros/build/sim_pkg/install.log --single-version-externally-managed install_data
[1.635s] Level 1:colcon.colcon_core.environment:checking '/home/upm/Escritorio/ros/install/sim_pkg' for CMake module files
[1.635s] DEBUG:colcon.colcon_core.event_handler.log_command:Invoked command in '/home/upm/Escritorio/ros/src/sim_pkg/sim_pkg' returned '0': PYTHONPATH=/home/upm/Escritorio/ros/build/sim_pkg/prefix_override:/usr/lib/python3/dist-packages/colcon_core/task/python/colcon_distutils_commands:/home/upm/Escritorio/ros/install/sim_pkg/lib/python3.10/site-packages:${PYTHONPATH} /usr/bin/python3 -W ignore:setup.py install is deprecated setup.py egg_info --egg-base ../../../build/sim_pkg build --build-base /home/upm/Escritorio/ros/build/sim_pkg/build install --record /home/upm/Escritorio/ros/build/sim_pkg/install.log --single-version-externally-managed install_data
[1.636s] Level 1:colcon.colcon_core.environment:checking '/home/upm/Escritorio/ros/install/sim_pkg' for CMake config files
[1.636s] Level 1:colcon.colcon_core.environment:checking '/home/upm/Escritorio/ros/install/sim_pkg/lib'
[1.636s] Level 1:colcon.colcon_core.environment:checking '/home/upm/Escritorio/ros/install/sim_pkg/bin'
[1.636s] Level 1:colcon.colcon_core.environment:checking '/home/upm/Escritorio/ros/install/sim_pkg/lib/pkgconfig/sim_pkg.pc'
[1.637s] Level 1:colcon.colcon_core.environment:checking '/home/upm/Escritorio/ros/install/sim_pkg/lib/python3.10/site-packages'
[1.637s] Level 1:colcon.colcon_core.shell:create_environment_hook('sim_pkg', 'pythonpath')
[1.637s] INFO:colcon.colcon_core.shell:Creating environment hook '/home/upm/Escritorio/ros/install/sim_pkg/share/sim_pkg/hook/pythonpath.ps1'
[1.637s] INFO:colcon.colcon_core.shell:Creating environment descriptor '/home/upm/Escritorio/ros/install/sim_pkg/share/sim_pkg/hook/pythonpath.dsv'
[1.638s] INFO:colcon.colcon_core.shell:Creating environment hook '/home/upm/Escritorio/ros/install/sim_pkg/share/sim_pkg/hook/pythonpath.sh'
[1.638s] Level 1:colcon.colcon_core.environment:checking '/home/upm/Escritorio/ros/install/sim_pkg/bin'
[1.638s] Level 1:colcon.colcon_core.environment:create_environment_scripts_only(sim_pkg)
[1.639s] INFO:colcon.colcon_core.shell:Creating package script '/home/upm/Escritorio/ros/install/sim_pkg/share/sim_pkg/package.ps1'
[1.639s] INFO:colcon.colcon_core.shell:Creating package descriptor '/home/upm/Escritorio/ros/install/sim_pkg/share/sim_pkg/package.dsv'
[1.640s] INFO:colcon.colcon_core.shell:Creating package script '/home/upm/Escritorio/ros/install/sim_pkg/share/sim_pkg/package.sh'
[1.640s] INFO:colcon.colcon_core.shell:Creating package script '/home/upm/Escritorio/ros/install/sim_pkg/share/sim_pkg/package.bash'
[1.640s] INFO:colcon.colcon_core.shell:Creating package script '/home/upm/Escritorio/ros/install/sim_pkg/share/sim_pkg/package.zsh'
[1.641s] Level 1:colcon.colcon_core.environment:create_file_with_runtime_dependencies(/home/upm/Escritorio/ros/install/sim_pkg/share/colcon-core/packages/sim_pkg)
[1.642s] Level 1:colcon.colcon_core.environment:checking '/home/upm/Escritorio/ros/install/pid_genetic_tuner' for CMake module files
[1.643s] DEBUG:colcon.colcon_core.event_handler.log_command:Invoked command in '/home/upm/Escritorio/ros/src/pid_genetic_tuner' returned '0': PYTHONPATH=/home/upm/Escritorio/ros/build/pid_genetic_tuner/prefix_override:/usr/lib/python3/dist-packages/colcon_core/task/python/colcon_distutils_commands:/home/upm/Escritorio/ros/install/pid_genetic_tuner/lib/python3.10/site-packages:${PYTHONPATH} /usr/bin/python3 -W ignore:setup.py install is deprecated setup.py egg_info --egg-base ../../build/pid_genetic_tuner build --build-base /home/upm/Escritorio/ros/build/pid_genetic_tuner/build install --record /home/upm/Escritorio/ros/build/pid_genetic_tuner/install.log --single-version-externally-managed install_data
[1.643s] Level 1:colcon.colcon_core.environment:checking '/home/upm/Escritorio/ros/install/pid_genetic_tuner' for CMake config files
[1.644s] Level 1:colcon.colcon_core.environment:checking '/home/upm/Escritorio/ros/install/pid_genetic_tuner/lib'
[1.644s] Level 1:colcon.colcon_core.environment:checking '/home/upm/Escritorio/ros/install/pid_genetic_tuner/bin'
[1.644s] Level 1:colcon.colcon_core.environment:checking '/home/upm/Escritorio/ros/install/pid_genetic_tuner/lib/pkgconfig/pid_genetic_tuner.pc'
[1.644s] Level 1:colcon.colcon_core.environment:checking '/home/upm/Escritorio/ros/install/pid_genetic_tuner/lib/python3.10/site-packages'
[1.644s] Level 1:colcon.colcon_core.shell:create_environment_hook('pid_genetic_tuner', 'pythonpath')
[1.644s] INFO:colcon.colcon_core.shell:Creating environment hook '/home/upm/Escritorio/ros/install/pid_genetic_tuner/share/pid_genetic_tuner/hook/pythonpath.ps1'
[1.645s] INFO:colcon.colcon_core.shell:Creating environment descriptor '/home/upm/Escritorio/ros/install/pid_genetic_tuner/share/pid_genetic_tuner/hook/pythonpath.dsv'
[1.645s] INFO:colcon.colcon_core.shell:Creating environment hook '/home/upm/Escritorio/ros/install/pid_genetic_tuner/share/pid_genetic_tuner/hook/pythonpath.sh'
[1.645s] Level 1:colcon.colcon_core.environment:checking '/home/upm/Escritorio/ros/install/pid_genetic_tuner/bin'
[1.645s] Level 1:colcon.colcon_core.environment:create_environment_scripts_only(pid_genetic_tuner)
[1.646s] INFO:colcon.colcon_core.shell:Creating package script '/home/upm/Escritorio/ros/install/pid_genetic_tuner/share/pid_genetic_tuner/package.ps1'
[1.646s] INFO:colcon.colcon_core.shell:Creating package descriptor '/home/upm/Escritorio/ros/install/pid_genetic_tuner/share/pid_genetic_tuner/package.dsv'
[1.647s] INFO:colcon.colcon_core.shell:Creating package script '/home/upm/Escritorio/ros/install/pid_genetic_tuner/share/pid_genetic_tuner/package.sh'
[1.647s] INFO:colcon.colcon_core.shell:Creating package script '/home/upm/Escritorio/ros/install/pid_genetic_tuner/share/pid_genetic_tuner/package.bash'
[1.647s] INFO:colcon.colcon_core.shell:Creating package script '/home/upm/Escritorio/ros/install/pid_genetic_tuner/share/pid_genetic_tuner/package.zsh'
[1.648s] Level 1:colcon.colcon_core.environment:create_file_with_runtime_dependencies(/home/upm/Escritorio/ros/install/pid_genetic_tuner/share/colcon-core/packages/pid_genetic_tuner)
[1.648s] DEBUG:colcon.colcon_parallel_executor.executor.parallel:closing loop
[1.648s] DEBUG:colcon.colcon_parallel_executor.executor.parallel:loop closed
[1.649s] DEBUG:colcon.colcon_parallel_executor.executor.parallel:run_until_complete finished with '0'
[1.649s] DEBUG:colcon.colcon_core.event_reactor:joining thread
[1.655s] INFO:colcon.colcon_core.plugin_system:Skipping extension 'colcon_notification.desktop_notification.terminal_notifier': Not used on non-Darwin systems
[1.655s] INFO:colcon.colcon_core.plugin_system:Skipping extension 'colcon_notification.desktop_notification.win32': Not used on non-Windows systems
[1.655s] INFO:colcon.colcon_notification.desktop_notification:Sending desktop notification using 'notify2'
[1.663s] DEBUG:colcon.colcon_core.event_reactor:joined thread
[1.663s] INFO:colcon.colcon_core.shell:Creating prefix script '/home/upm/Escritorio/ros/install/local_setup.ps1'
[1.664s] INFO:colcon.colcon_core.shell:Creating prefix util module '/home/upm/Escritorio/ros/install/_local_setup_util_ps1.py'
[1.666s] INFO:colcon.colcon_core.shell:Creating prefix chain script '/home/upm/Escritorio/ros/install/setup.ps1'
[1.667s] INFO:colcon.colcon_core.shell:Creating prefix script '/home/upm/Escritorio/ros/install/local_setup.sh'
[1.667s] INFO:colcon.colcon_core.shell:Creating prefix util module '/home/upm/Escritorio/ros/install/_local_setup_util_sh.py'
[1.668s] INFO:colcon.colcon_core.shell:Creating prefix chain script '/home/upm/Escritorio/ros/install/setup.sh'
[1.669s] INFO:colcon.colcon_core.shell:Creating prefix script '/home/upm/Escritorio/ros/install/local_setup.bash'
[1.669s] INFO:colcon.colcon_core.shell:Creating prefix chain script '/home/upm/Escritorio/ros/install/setup.bash'
[1.670s] INFO:colcon.colcon_core.shell:Creating prefix script '/home/upm/Escritorio/ros/install/local_setup.zsh'
[1.671s] INFO:colcon.colcon_core.shell:Creating prefix chain script '/home/upm/Escritorio/ros/install/setup.zsh'
